ARM GAS  /tmp/ccHpGlKy.s 			page 1


   1              		.cpu arm1176jz-s
   2              		.eabi_attribute 20, 1
   3              		.eabi_attribute 21, 1
   4              		.eabi_attribute 23, 3
   5              		.eabi_attribute 24, 1
   6              		.eabi_attribute 25, 1
   7              		.eabi_attribute 26, 1
   8              		.eabi_attribute 30, 2
   9              		.eabi_attribute 34, 1
  10              		.eabi_attribute 18, 4
  11              		.file	"bcm2835.c"
  12              		.text
  13              	.Ltext0:
  14              		.cfi_sections	.debug_frame
  15              		.section	.text.bcm2835_gpio_fnsel,"ax",%progbits
  16              		.align	2
  17              		.global	bcm2835_gpio_fnsel
  18              		.syntax unified
  19              		.arm
  20              		.fpu softvfp
  21              		.type	bcm2835_gpio_fnsel, %function
  22              	bcm2835_gpio_fnsel:
  23              	.LFB0:
  24              		.file 1 "../../os/hal/platforms/BCM2835/bcm2835.c"
  25              		.loc 1 12 0
  26              		.cfi_startproc
  27              		@ args = 0, pretend = 0, frame = 0
  28              		@ frame_needed = 0, uses_anonymous_args = 0
  29              	.LVL0:
  30 0000 04E02DE5 		str	lr, [sp, #-4]!
  31              		.cfi_def_cfa_offset 4
  32              		.cfi_offset 14, -4
  33              		.loc 1 16 0
  34 0004 07E0A0E3 		mov	lr, #7
  35              		.loc 1 14 0
  36 0008 38209FE5 		ldr	r2, .L3
  37 000c 923082E0 		umull	r3, r2, r2, r0
  38 0010 A221A0E1 		lsr	r2, r2, #3
  39 0014 02C1A0E1 		lsl	ip, r2, #2
  40              		.loc 1 15 0
  41 0018 02328CE2 		add	r3, ip, #536870912
  42 001c 023683E2 		add	r3, r3, #2097152
  43              		.loc 1 14 0
  44 0020 02208CE0 		add	r2, ip, r2
  45 0024 820040E0 		sub	r0, r0, r2, lsl #1
  46              	.LVL1:
  47              		.loc 1 16 0
  48 0028 002093E5 		ldr	r2, [r3]
  49              		.loc 1 14 0
  50 002c 800080E0 		add	r0, r0, r0, lsl #1
  51              	.LVL2:
  52              		.loc 1 16 0
  53 0030 1E20C2E1 		bic	r2, r2, lr, lsl r0
  54 0034 002083E5 		str	r2, [r3]
  55              		.loc 1 17 0
  56 0038 002093E5 		ldr	r2, [r3]
  57 003c 111082E1 		orr	r1, r2, r1, lsl r0
ARM GAS  /tmp/ccHpGlKy.s 			page 2


  58              	.LVL3:
  59 0040 001083E5 		str	r1, [r3]
  60 0044 04F09DE4 		ldr	pc, [sp], #4
  61              	.L4:
  62              		.align	2
  63              	.L3:
  64 0048 CDCCCCCC 		.word	-858993459
  65              		.cfi_endproc
  66              	.LFE0:
  67              		.size	bcm2835_gpio_fnsel, .-bcm2835_gpio_fnsel
  68              		.section	.text.bcm2835_delay,"ax",%progbits
  69              		.align	2
  70              		.global	bcm2835_delay
  71              		.syntax unified
  72              		.arm
  73              		.fpu softvfp
  74              		.type	bcm2835_delay, %function
  75              	bcm2835_delay:
  76              	.LFB1:
  77              		.loc 1 21 0
  78              		.cfi_startproc
  79              		@ args = 0, pretend = 0, frame = 8
  80              		@ frame_needed = 0, uses_anonymous_args = 0
  81              		@ link register save eliminated.
  82              	.LVL4:
  83              		.loc 1 22 0
  84 0000 0030A0E3 		mov	r3, #0
  85              		.loc 1 21 0
  86 0004 08D04DE2 		sub	sp, sp, #8
  87              		.cfi_def_cfa_offset 8
  88              		.loc 1 22 0
  89 0008 04308DE5 		str	r3, [sp, #4]
  90              		.loc 1 23 0
  91 000c 04308DE5 		str	r3, [sp, #4]
  92 0010 04309DE5 		ldr	r3, [sp, #4]
  93 0014 030050E1 		cmp	r0, r3
  94 0018 0500009A 		bls	.L5
  95              	.L8:
  96              		.loc 1 23 0 is_stmt 0 discriminator 3
  97 001c 04309DE5 		ldr	r3, [sp, #4]
  98 0020 013083E2 		add	r3, r3, #1
  99 0024 04308DE5 		str	r3, [sp, #4]
 100 0028 04309DE5 		ldr	r3, [sp, #4]
 101 002c 000053E1 		cmp	r3, r0
 102 0030 F9FFFF3A 		bcc	.L8
 103              	.L5:
 104              		.loc 1 24 0 is_stmt 1
 105 0034 08D08DE2 		add	sp, sp, #8
 106              		.cfi_def_cfa_offset 0
 107              		@ sp needed
 108 0038 1EFF2FE1 		bx	lr
 109              		.cfi_endproc
 110              	.LFE1:
 111              		.size	bcm2835_delay, .-bcm2835_delay
 112              		.text
 113              	.Letext0:
 114              		.file 2 "/usr/include/newlib/machine/_default_types.h"
ARM GAS  /tmp/ccHpGlKy.s 			page 3


 115              		.file 3 "/usr/include/newlib/sys/_stdint.h"
 116              		.section	.debug_info,"",%progbits
 117              	.Ldebug_info0:
 118 0000 13010000 		.4byte	0x113
 119 0004 0400     		.2byte	0x4
 120 0006 00000000 		.4byte	.Ldebug_abbrev0
 121 000a 04       		.byte	0x4
 122 000b 01       		.uleb128 0x1
 123 000c 13000000 		.4byte	.LASF18
 124 0010 0C       		.byte	0xc
 125 0011 E1000000 		.4byte	.LASF19
 126 0015 8C010000 		.4byte	.LASF20
 127 0019 00000000 		.4byte	.Ldebug_ranges0+0
 128 001d 00000000 		.4byte	0
 129 0021 00000000 		.4byte	.Ldebug_line0
 130 0025 02       		.uleb128 0x2
 131 0026 04       		.byte	0x4
 132 0027 07       		.byte	0x7
 133 0028 15010000 		.4byte	.LASF0
 134 002c 03       		.uleb128 0x3
 135 002d 04       		.byte	0x4
 136 002e 05       		.byte	0x5
 137 002f 696E7400 		.ascii	"int\000"
 138 0033 02       		.uleb128 0x2
 139 0034 01       		.byte	0x1
 140 0035 06       		.byte	0x6
 141 0036 80010000 		.4byte	.LASF1
 142 003a 02       		.uleb128 0x2
 143 003b 01       		.byte	0x1
 144 003c 08       		.byte	0x8
 145 003d 9D000000 		.4byte	.LASF2
 146 0041 02       		.uleb128 0x2
 147 0042 02       		.byte	0x2
 148 0043 05       		.byte	0x5
 149 0044 5C010000 		.4byte	.LASF3
 150 0048 02       		.uleb128 0x2
 151 0049 02       		.byte	0x2
 152 004a 07       		.byte	0x7
 153 004b BD000000 		.4byte	.LASF4
 154 004f 02       		.uleb128 0x2
 155 0050 04       		.byte	0x4
 156 0051 05       		.byte	0x5
 157 0052 77010000 		.4byte	.LASF5
 158 0056 04       		.uleb128 0x4
 159 0057 0A010000 		.4byte	.LASF9
 160 005b 02       		.byte	0x2
 161 005c 41       		.byte	0x41
 162 005d 61000000 		.4byte	0x61
 163 0061 02       		.uleb128 0x2
 164 0062 04       		.byte	0x4
 165 0063 07       		.byte	0x7
 166 0064 AB000000 		.4byte	.LASF6
 167 0068 02       		.uleb128 0x2
 168 0069 08       		.byte	0x8
 169 006a 05       		.byte	0x5
 170 006b 47010000 		.4byte	.LASF7
 171 006f 02       		.uleb128 0x2
ARM GAS  /tmp/ccHpGlKy.s 			page 4


 172 0070 08       		.byte	0x8
 173 0071 07       		.byte	0x7
 174 0072 22010000 		.4byte	.LASF8
 175 0076 04       		.uleb128 0x4
 176 0077 6E010000 		.4byte	.LASF10
 177 007b 03       		.byte	0x3
 178 007c 30       		.byte	0x30
 179 007d 56000000 		.4byte	0x56
 180 0081 05       		.uleb128 0x5
 181 0082 76000000 		.4byte	0x76
 182 0086 06       		.uleb128 0x6
 183 0087 39010000 		.4byte	.LASF11
 184 008b 01       		.byte	0x1
 185 008c 14       		.byte	0x14
 186 008d 00000000 		.4byte	.LFB1
 187 0091 3C000000 		.4byte	.LFE1-.LFB1
 188 0095 01       		.uleb128 0x1
 189 0096 9C       		.byte	0x9c
 190 0097 B3000000 		.4byte	0xb3
 191 009b 07       		.uleb128 0x7
 192 009c 6E00     		.ascii	"n\000"
 193 009e 01       		.byte	0x1
 194 009f 14       		.byte	0x14
 195 00a0 76000000 		.4byte	0x76
 196 00a4 01       		.uleb128 0x1
 197 00a5 50       		.byte	0x50
 198 00a6 08       		.uleb128 0x8
 199 00a7 6900     		.ascii	"i\000"
 200 00a9 01       		.byte	0x1
 201 00aa 16       		.byte	0x16
 202 00ab 81000000 		.4byte	0x81
 203 00af 02       		.uleb128 0x2
 204 00b0 91       		.byte	0x91
 205 00b1 7C       		.sleb128 -4
 206 00b2 00       		.byte	0
 207 00b3 06       		.uleb128 0x6
 208 00b4 00000000 		.4byte	.LASF12
 209 00b8 01       		.byte	0x1
 210 00b9 0B       		.byte	0xb
 211 00ba 00000000 		.4byte	.LFB0
 212 00be 4C000000 		.4byte	.LFE0-.LFB0
 213 00c2 01       		.uleb128 0x1
 214 00c3 9C       		.byte	0x9c
 215 00c4 10010000 		.4byte	0x110
 216 00c8 09       		.uleb128 0x9
 217 00c9 D8000000 		.4byte	.LASF13
 218 00cd 01       		.byte	0x1
 219 00ce 0B       		.byte	0xb
 220 00cf 76000000 		.4byte	0x76
 221 00d3 00000000 		.4byte	.LLST0
 222 00d7 09       		.uleb128 0x9
 223 00d8 D0000000 		.4byte	.LASF14
 224 00dc 01       		.byte	0x1
 225 00dd 0B       		.byte	0xb
 226 00de 76000000 		.4byte	0x76
 227 00e2 21000000 		.4byte	.LLST1
 228 00e6 0A       		.uleb128 0xa
ARM GAS  /tmp/ccHpGlKy.s 			page 5


 229 00e7 94000000 		.4byte	.LASF15
 230 00eb 01       		.byte	0x1
 231 00ec 0D       		.byte	0xd
 232 00ed 76000000 		.4byte	0x76
 233 00f1 42000000 		.4byte	.LLST2
 234 00f5 0B       		.uleb128 0xb
 235 00f6 55010000 		.4byte	.LASF16
 236 00fa 01       		.byte	0x1
 237 00fb 0E       		.byte	0xe
 238 00fc 76000000 		.4byte	0x76
 239 0100 01       		.uleb128 0x1
 240 0101 50       		.byte	0x50
 241 0102 0B       		.uleb128 0xb
 242 0103 66010000 		.4byte	.LASF17
 243 0107 01       		.byte	0x1
 244 0108 0F       		.byte	0xf
 245 0109 10010000 		.4byte	0x110
 246 010d 01       		.uleb128 0x1
 247 010e 53       		.byte	0x53
 248 010f 00       		.byte	0
 249 0110 0C       		.uleb128 0xc
 250 0111 04       		.byte	0x4
 251 0112 81000000 		.4byte	0x81
 252 0116 00       		.byte	0
 253              		.section	.debug_abbrev,"",%progbits
 254              	.Ldebug_abbrev0:
 255 0000 01       		.uleb128 0x1
 256 0001 11       		.uleb128 0x11
 257 0002 01       		.byte	0x1
 258 0003 25       		.uleb128 0x25
 259 0004 0E       		.uleb128 0xe
 260 0005 13       		.uleb128 0x13
 261 0006 0B       		.uleb128 0xb
 262 0007 03       		.uleb128 0x3
 263 0008 0E       		.uleb128 0xe
 264 0009 1B       		.uleb128 0x1b
 265 000a 0E       		.uleb128 0xe
 266 000b 55       		.uleb128 0x55
 267 000c 17       		.uleb128 0x17
 268 000d 11       		.uleb128 0x11
 269 000e 01       		.uleb128 0x1
 270 000f 10       		.uleb128 0x10
 271 0010 17       		.uleb128 0x17
 272 0011 00       		.byte	0
 273 0012 00       		.byte	0
 274 0013 02       		.uleb128 0x2
 275 0014 24       		.uleb128 0x24
 276 0015 00       		.byte	0
 277 0016 0B       		.uleb128 0xb
 278 0017 0B       		.uleb128 0xb
 279 0018 3E       		.uleb128 0x3e
 280 0019 0B       		.uleb128 0xb
 281 001a 03       		.uleb128 0x3
 282 001b 0E       		.uleb128 0xe
 283 001c 00       		.byte	0
 284 001d 00       		.byte	0
 285 001e 03       		.uleb128 0x3
ARM GAS  /tmp/ccHpGlKy.s 			page 6


 286 001f 24       		.uleb128 0x24
 287 0020 00       		.byte	0
 288 0021 0B       		.uleb128 0xb
 289 0022 0B       		.uleb128 0xb
 290 0023 3E       		.uleb128 0x3e
 291 0024 0B       		.uleb128 0xb
 292 0025 03       		.uleb128 0x3
 293 0026 08       		.uleb128 0x8
 294 0027 00       		.byte	0
 295 0028 00       		.byte	0
 296 0029 04       		.uleb128 0x4
 297 002a 16       		.uleb128 0x16
 298 002b 00       		.byte	0
 299 002c 03       		.uleb128 0x3
 300 002d 0E       		.uleb128 0xe
 301 002e 3A       		.uleb128 0x3a
 302 002f 0B       		.uleb128 0xb
 303 0030 3B       		.uleb128 0x3b
 304 0031 0B       		.uleb128 0xb
 305 0032 49       		.uleb128 0x49
 306 0033 13       		.uleb128 0x13
 307 0034 00       		.byte	0
 308 0035 00       		.byte	0
 309 0036 05       		.uleb128 0x5
 310 0037 35       		.uleb128 0x35
 311 0038 00       		.byte	0
 312 0039 49       		.uleb128 0x49
 313 003a 13       		.uleb128 0x13
 314 003b 00       		.byte	0
 315 003c 00       		.byte	0
 316 003d 06       		.uleb128 0x6
 317 003e 2E       		.uleb128 0x2e
 318 003f 01       		.byte	0x1
 319 0040 3F       		.uleb128 0x3f
 320 0041 19       		.uleb128 0x19
 321 0042 03       		.uleb128 0x3
 322 0043 0E       		.uleb128 0xe
 323 0044 3A       		.uleb128 0x3a
 324 0045 0B       		.uleb128 0xb
 325 0046 3B       		.uleb128 0x3b
 326 0047 0B       		.uleb128 0xb
 327 0048 27       		.uleb128 0x27
 328 0049 19       		.uleb128 0x19
 329 004a 11       		.uleb128 0x11
 330 004b 01       		.uleb128 0x1
 331 004c 12       		.uleb128 0x12
 332 004d 06       		.uleb128 0x6
 333 004e 40       		.uleb128 0x40
 334 004f 18       		.uleb128 0x18
 335 0050 9742     		.uleb128 0x2117
 336 0052 19       		.uleb128 0x19
 337 0053 01       		.uleb128 0x1
 338 0054 13       		.uleb128 0x13
 339 0055 00       		.byte	0
 340 0056 00       		.byte	0
 341 0057 07       		.uleb128 0x7
 342 0058 05       		.uleb128 0x5
ARM GAS  /tmp/ccHpGlKy.s 			page 7


 343 0059 00       		.byte	0
 344 005a 03       		.uleb128 0x3
 345 005b 08       		.uleb128 0x8
 346 005c 3A       		.uleb128 0x3a
 347 005d 0B       		.uleb128 0xb
 348 005e 3B       		.uleb128 0x3b
 349 005f 0B       		.uleb128 0xb
 350 0060 49       		.uleb128 0x49
 351 0061 13       		.uleb128 0x13
 352 0062 02       		.uleb128 0x2
 353 0063 18       		.uleb128 0x18
 354 0064 00       		.byte	0
 355 0065 00       		.byte	0
 356 0066 08       		.uleb128 0x8
 357 0067 34       		.uleb128 0x34
 358 0068 00       		.byte	0
 359 0069 03       		.uleb128 0x3
 360 006a 08       		.uleb128 0x8
 361 006b 3A       		.uleb128 0x3a
 362 006c 0B       		.uleb128 0xb
 363 006d 3B       		.uleb128 0x3b
 364 006e 0B       		.uleb128 0xb
 365 006f 49       		.uleb128 0x49
 366 0070 13       		.uleb128 0x13
 367 0071 02       		.uleb128 0x2
 368 0072 18       		.uleb128 0x18
 369 0073 00       		.byte	0
 370 0074 00       		.byte	0
 371 0075 09       		.uleb128 0x9
 372 0076 05       		.uleb128 0x5
 373 0077 00       		.byte	0
 374 0078 03       		.uleb128 0x3
 375 0079 0E       		.uleb128 0xe
 376 007a 3A       		.uleb128 0x3a
 377 007b 0B       		.uleb128 0xb
 378 007c 3B       		.uleb128 0x3b
 379 007d 0B       		.uleb128 0xb
 380 007e 49       		.uleb128 0x49
 381 007f 13       		.uleb128 0x13
 382 0080 02       		.uleb128 0x2
 383 0081 17       		.uleb128 0x17
 384 0082 00       		.byte	0
 385 0083 00       		.byte	0
 386 0084 0A       		.uleb128 0xa
 387 0085 34       		.uleb128 0x34
 388 0086 00       		.byte	0
 389 0087 03       		.uleb128 0x3
 390 0088 0E       		.uleb128 0xe
 391 0089 3A       		.uleb128 0x3a
 392 008a 0B       		.uleb128 0xb
 393 008b 3B       		.uleb128 0x3b
 394 008c 0B       		.uleb128 0xb
 395 008d 49       		.uleb128 0x49
 396 008e 13       		.uleb128 0x13
 397 008f 02       		.uleb128 0x2
 398 0090 17       		.uleb128 0x17
 399 0091 00       		.byte	0
ARM GAS  /tmp/ccHpGlKy.s 			page 8


 400 0092 00       		.byte	0
 401 0093 0B       		.uleb128 0xb
 402 0094 34       		.uleb128 0x34
 403 0095 00       		.byte	0
 404 0096 03       		.uleb128 0x3
 405 0097 0E       		.uleb128 0xe
 406 0098 3A       		.uleb128 0x3a
 407 0099 0B       		.uleb128 0xb
 408 009a 3B       		.uleb128 0x3b
 409 009b 0B       		.uleb128 0xb
 410 009c 49       		.uleb128 0x49
 411 009d 13       		.uleb128 0x13
 412 009e 02       		.uleb128 0x2
 413 009f 18       		.uleb128 0x18
 414 00a0 00       		.byte	0
 415 00a1 00       		.byte	0
 416 00a2 0C       		.uleb128 0xc
 417 00a3 0F       		.uleb128 0xf
 418 00a4 00       		.byte	0
 419 00a5 0B       		.uleb128 0xb
 420 00a6 0B       		.uleb128 0xb
 421 00a7 49       		.uleb128 0x49
 422 00a8 13       		.uleb128 0x13
 423 00a9 00       		.byte	0
 424 00aa 00       		.byte	0
 425 00ab 00       		.byte	0
 426              		.section	.debug_loc,"",%progbits
 427              	.Ldebug_loc0:
 428              	.LLST0:
 429 0000 00000000 		.4byte	.LVL0
 430 0004 28000000 		.4byte	.LVL1
 431 0008 0100     		.2byte	0x1
 432 000a 50       		.byte	0x50
 433 000b 28000000 		.4byte	.LVL1
 434 000f 4C000000 		.4byte	.LFE0
 435 0013 0400     		.2byte	0x4
 436 0015 F3       		.byte	0xf3
 437 0016 01       		.uleb128 0x1
 438 0017 50       		.byte	0x50
 439 0018 9F       		.byte	0x9f
 440 0019 00000000 		.4byte	0
 441 001d 00000000 		.4byte	0
 442              	.LLST1:
 443 0021 00000000 		.4byte	.LVL0
 444 0025 40000000 		.4byte	.LVL3
 445 0029 0100     		.2byte	0x1
 446 002b 51       		.byte	0x51
 447 002c 40000000 		.4byte	.LVL3
 448 0030 4C000000 		.4byte	.LFE0
 449 0034 0400     		.2byte	0x4
 450 0036 F3       		.byte	0xf3
 451 0037 01       		.uleb128 0x1
 452 0038 51       		.byte	0x51
 453 0039 9F       		.byte	0x9f
 454 003a 00000000 		.4byte	0
 455 003e 00000000 		.4byte	0
 456              	.LLST2:
ARM GAS  /tmp/ccHpGlKy.s 			page 9


 457 0042 00000000 		.4byte	.LVL0
 458 0046 28000000 		.4byte	.LVL1
 459 004a 0B00     		.2byte	0xb
 460 004c 70       		.byte	0x70
 461 004d 00       		.sleb128 0
 462 004e F7       		.byte	0xf7
 463 004f 25       		.uleb128 0x25
 464 0050 3A       		.byte	0x3a
 465 0051 F7       		.byte	0xf7
 466 0052 25       		.uleb128 0x25
 467 0053 1B       		.byte	0x1b
 468 0054 F7       		.byte	0xf7
 469 0055 00       		.uleb128 0
 470 0056 9F       		.byte	0x9f
 471 0057 28000000 		.4byte	.LVL1
 472 005b 4C000000 		.4byte	.LFE0
 473 005f 0C00     		.2byte	0xc
 474 0061 F3       		.byte	0xf3
 475 0062 01       		.uleb128 0x1
 476 0063 50       		.byte	0x50
 477 0064 F7       		.byte	0xf7
 478 0065 25       		.uleb128 0x25
 479 0066 3A       		.byte	0x3a
 480 0067 F7       		.byte	0xf7
 481 0068 25       		.uleb128 0x25
 482 0069 1B       		.byte	0x1b
 483 006a F7       		.byte	0xf7
 484 006b 00       		.uleb128 0
 485 006c 9F       		.byte	0x9f
 486 006d 00000000 		.4byte	0
 487 0071 00000000 		.4byte	0
 488              		.section	.debug_aranges,"",%progbits
 489 0000 24000000 		.4byte	0x24
 490 0004 0200     		.2byte	0x2
 491 0006 00000000 		.4byte	.Ldebug_info0
 492 000a 04       		.byte	0x4
 493 000b 00       		.byte	0
 494 000c 0000     		.2byte	0
 495 000e 0000     		.2byte	0
 496 0010 00000000 		.4byte	.LFB0
 497 0014 4C000000 		.4byte	.LFE0-.LFB0
 498 0018 00000000 		.4byte	.LFB1
 499 001c 3C000000 		.4byte	.LFE1-.LFB1
 500 0020 00000000 		.4byte	0
 501 0024 00000000 		.4byte	0
 502              		.section	.debug_ranges,"",%progbits
 503              	.Ldebug_ranges0:
 504 0000 00000000 		.4byte	.LFB0
 505 0004 4C000000 		.4byte	.LFE0
 506 0008 00000000 		.4byte	.LFB1
 507 000c 3C000000 		.4byte	.LFE1
 508 0010 00000000 		.4byte	0
 509 0014 00000000 		.4byte	0
 510              		.section	.debug_line,"",%progbits
 511              	.Ldebug_line0:
 512 0000 CC000000 		.section	.debug_str,"MS",%progbits,1
 512      02009400 
ARM GAS  /tmp/ccHpGlKy.s 			page 10


 512      00000201 
 512      FB0E0D00 
 512      01010101 
 513              	.LASF12:
 514 0000 62636D32 		.ascii	"bcm2835_gpio_fnsel\000"
 514      3833355F 
 514      6770696F 
 514      5F666E73 
 514      656C00
 515              	.LASF18:
 516 0013 474E5520 		.ascii	"GNU C11 6.3.1 20170620 -mcpu=arm1176jz-s -mno-thumb"
 516      43313120 
 516      362E332E 
 516      31203230 
 516      31373036 
 517 0046 2D696E74 		.ascii	"-interwork -ggdb -O2 -fomit-frame-pointer -ffunctio"
 517      6572776F 
 517      726B202D 
 517      67676462 
 517      202D4F32 
 518 0079 6E2D7365 		.ascii	"n-sections -fdata-sections\000"
 518      6374696F 
 518      6E73202D 
 518      66646174 
 518      612D7365 
 519              	.LASF15:
 520 0094 6770666E 		.ascii	"gpfnbank\000"
 520      62616E6B 
 520      00
 521              	.LASF2:
 522 009d 756E7369 		.ascii	"unsigned char\000"
 522      676E6564 
 522      20636861 
 522      7200
 523              	.LASF6:
 524 00ab 6C6F6E67 		.ascii	"long unsigned int\000"
 524      20756E73 
 524      69676E65 
 524      6420696E 
 524      7400
 525              	.LASF4:
 526 00bd 73686F72 		.ascii	"short unsigned int\000"
 526      7420756E 
 526      7369676E 
 526      65642069 
 526      6E7400
 527              	.LASF14:
 528 00d0 6770696F 		.ascii	"gpio_fn\000"
 528      5F666E00 
 529              	.LASF13:
 530 00d8 6770696F 		.ascii	"gpio_pin\000"
 530      5F70696E 
 530      00
 531              	.LASF19:
 532 00e1 2E2E2F2E 		.ascii	"../../os/hal/platforms/BCM2835/bcm2835.c\000"
 532      2E2F6F73 
 532      2F68616C 
ARM GAS  /tmp/ccHpGlKy.s 			page 11


 532      2F706C61 
 532      74666F72 
 533              	.LASF9:
 534 010a 5F5F7569 		.ascii	"__uint32_t\000"
 534      6E743332 
 534      5F7400
 535              	.LASF0:
 536 0115 756E7369 		.ascii	"unsigned int\000"
 536      676E6564 
 536      20696E74 
 536      00
 537              	.LASF8:
 538 0122 6C6F6E67 		.ascii	"long long unsigned int\000"
 538      206C6F6E 
 538      6720756E 
 538      7369676E 
 538      65642069 
 539              	.LASF11:
 540 0139 62636D32 		.ascii	"bcm2835_delay\000"
 540      3833355F 
 540      64656C61 
 540      7900
 541              	.LASF7:
 542 0147 6C6F6E67 		.ascii	"long long int\000"
 542      206C6F6E 
 542      6720696E 
 542      7400
 543              	.LASF16:
 544 0155 6F666673 		.ascii	"offset\000"
 544      657400
 545              	.LASF3:
 546 015c 73686F72 		.ascii	"short int\000"
 546      7420696E 
 546      7400
 547              	.LASF17:
 548 0166 6770666E 		.ascii	"gpfnsel\000"
 548      73656C00 
 549              	.LASF10:
 550 016e 75696E74 		.ascii	"uint32_t\000"
 550      33325F74 
 550      00
 551              	.LASF5:
 552 0177 6C6F6E67 		.ascii	"long int\000"
 552      20696E74 
 552      00
 553              	.LASF1:
 554 0180 7369676E 		.ascii	"signed char\000"
 554      65642063 
 554      68617200 
 555              	.LASF20:
 556 018c 2F686F6D 		.ascii	"/home/lmr/Downloads/ChibiOS-RPi/ChibiOS-RPi/demos/P"
 556      652F6C6D 
 556      722F446F 
 556      776E6C6F 
 556      6164732F 
 557 01bf 726F6A65 		.ascii	"roject\000"
 557      637400
ARM GAS  /tmp/ccHpGlKy.s 			page 12


 558              		.ident	"GCC: (15:6.3.1+svn253039-1build1) 6.3.1 20170620"
ARM GAS  /tmp/ccHpGlKy.s 			page 13


DEFINED SYMBOLS
                            *ABS*:0000000000000000 bcm2835.c
     /tmp/ccHpGlKy.s:16     .text.bcm2835_gpio_fnsel:0000000000000000 $a
     /tmp/ccHpGlKy.s:22     .text.bcm2835_gpio_fnsel:0000000000000000 bcm2835_gpio_fnsel
     /tmp/ccHpGlKy.s:64     .text.bcm2835_gpio_fnsel:0000000000000048 $d
     /tmp/ccHpGlKy.s:69     .text.bcm2835_delay:0000000000000000 $a
     /tmp/ccHpGlKy.s:75     .text.bcm2835_delay:0000000000000000 bcm2835_delay
                     .debug_frame:0000000000000010 $d

NO UNDEFINED SYMBOLS
