ARM GAS  /tmp/ccimLHEB.s 			page 1


   1              		.cpu arm1176jz-s
   2              		.eabi_attribute 20, 1
   3              		.eabi_attribute 21, 1
   4              		.eabi_attribute 23, 3
   5              		.eabi_attribute 24, 1
   6              		.eabi_attribute 25, 1
   7              		.eabi_attribute 26, 1
   8              		.eabi_attribute 30, 2
   9              		.eabi_attribute 34, 1
  10              		.eabi_attribute 18, 4
  11              		.file	"board.c"
  12              		.text
  13              	.Ltext0:
  14              		.cfi_sections	.debug_frame
  15              		.section	.text.boardInit,"ax",%progbits
  16              		.align	2
  17              		.global	boardInit
  18              		.syntax unified
  19              		.arm
  20              		.fpu softvfp
  21              		.type	boardInit, %function
  22              	boardInit:
  23              	.LFB7:
  24              		.file 1 "../../boards/RASPBERRYPI_MODB/board.c"
  25              		.loc 1 38 0
  26              		.cfi_startproc
  27              		@ args = 0, pretend = 0, frame = 0
  28              		@ frame_needed = 0, uses_anonymous_args = 0
  29              		@ link register save eliminated.
  30 0000 1EFF2FE1 		bx	lr
  31              		.cfi_endproc
  32              	.LFE7:
  33              		.size	boardInit, .-boardInit
  34              		.global	pal_default_config
  35              		.section	.rodata.pal_default_config,"a",%progbits
  36              		.align	2
  37              		.type	pal_default_config, %object
  38              		.size	pal_default_config, 0
  39              	pal_default_config:
  40              		.text
  41              	.Letext0:
  42              		.file 2 "/usr/lib/gcc/arm-none-eabi/6.3.1/include/stddef.h"
  43              		.file 3 "/usr/include/newlib/machine/_default_types.h"
  44              		.file 4 "/usr/include/newlib/sys/_stdint.h"
  45              		.file 5 "../../os/ports/GCC/ARM/chtypes.h"
  46              		.file 6 "../../os/kernel/include/chlists.h"
  47              		.file 7 "../../os/kernel/include/chthreads.h"
  48              		.file 8 "../../os/ports/GCC/ARM/chcore.h"
  49              		.file 9 "../../os/kernel/include/chvt.h"
  50              		.file 10 "../../os/kernel/include/chschd.h"
  51              		.file 11 "../../os/kernel/include/chmtx.h"
  52              		.file 12 "../../os/kernel/include/chevents.h"
  53              		.file 13 "../../os/kernel/include/chregistry.h"
  54              		.file 14 "../../os/kernel/include/chqueues.h"
  55              		.file 15 "../../os/kernel/include/ch.h"
  56              		.file 16 "../../os/hal/platforms/BCM2835/bcm2835.h"
  57              		.file 17 "../../os/hal/platforms/BCM2835/pal_lld.h"
ARM GAS  /tmp/ccimLHEB.s 			page 2


  58              		.file 18 "../../os/hal/include/i2c.h"
  59              		.file 19 "../../os/hal/platforms/BCM2835/i2c_lld.h"
  60              		.file 20 "../../os/hal/include/serial.h"
  61              		.file 21 "../../os/hal/include/spi.h"
  62              		.file 22 "../../os/hal/platforms/BCM2835/spi_lld.h"
  63              		.file 23 "../../os/hal/platforms/BCM2835/serial_lld.h"
  64              		.section	.debug_info,"",%progbits
  65              	.Ldebug_info0:
  66 0000 3C0D0000 		.4byte	0xd3c
  67 0004 0400     		.2byte	0x4
  68 0006 00000000 		.4byte	.Ldebug_abbrev0
  69 000a 04       		.byte	0x4
  70 000b 01       		.uleb128 0x1
  71 000c C2060000 		.4byte	.LASF201
  72 0010 0C       		.byte	0xc
  73 0011 AA010000 		.4byte	.LASF202
  74 0015 88000000 		.4byte	.LASF203
  75 0019 00000000 		.4byte	.Ldebug_ranges0+0
  76 001d 00000000 		.4byte	0
  77 0021 00000000 		.4byte	.Ldebug_line0
  78 0025 02       		.uleb128 0x2
  79 0026 04       		.byte	0x4
  80 0027 05       		.byte	0x5
  81 0028 696E7400 		.ascii	"int\000"
  82 002c 03       		.uleb128 0x3
  83 002d 1D000000 		.4byte	.LASF2
  84 0031 02       		.byte	0x2
  85 0032 D8       		.byte	0xd8
  86 0033 37000000 		.4byte	0x37
  87 0037 04       		.uleb128 0x4
  88 0038 04       		.byte	0x4
  89 0039 07       		.byte	0x7
  90 003a C1020000 		.4byte	.LASF0
  91 003e 05       		.uleb128 0x5
  92 003f 37000000 		.4byte	0x37
  93 0043 04       		.uleb128 0x4
  94 0044 01       		.byte	0x1
  95 0045 06       		.byte	0x6
  96 0046 25010000 		.4byte	.LASF1
  97 004a 03       		.uleb128 0x3
  98 004b 3D000000 		.4byte	.LASF3
  99 004f 03       		.byte	0x3
 100 0050 1D       		.byte	0x1d
 101 0051 55000000 		.4byte	0x55
 102 0055 04       		.uleb128 0x4
 103 0056 01       		.byte	0x1
 104 0057 08       		.byte	0x8
 105 0058 34050000 		.4byte	.LASF4
 106 005c 04       		.uleb128 0x4
 107 005d 02       		.byte	0x2
 108 005e 05       		.byte	0x5
 109 005f 61050000 		.4byte	.LASF5
 110 0063 03       		.uleb128 0x3
 111 0064 6B060000 		.4byte	.LASF6
 112 0068 03       		.byte	0x3
 113 0069 2B       		.byte	0x2b
 114 006a 6E000000 		.4byte	0x6e
ARM GAS  /tmp/ccimLHEB.s 			page 3


 115 006e 04       		.uleb128 0x4
 116 006f 02       		.byte	0x2
 117 0070 07       		.byte	0x7
 118 0071 54030000 		.4byte	.LASF7
 119 0075 03       		.uleb128 0x3
 120 0076 9D060000 		.4byte	.LASF8
 121 007a 03       		.byte	0x3
 122 007b 3F       		.byte	0x3f
 123 007c 80000000 		.4byte	0x80
 124 0080 04       		.uleb128 0x4
 125 0081 04       		.byte	0x4
 126 0082 05       		.byte	0x5
 127 0083 91010000 		.4byte	.LASF9
 128 0087 03       		.uleb128 0x3
 129 0088 79020000 		.4byte	.LASF10
 130 008c 03       		.byte	0x3
 131 008d 41       		.byte	0x41
 132 008e 92000000 		.4byte	0x92
 133 0092 04       		.uleb128 0x4
 134 0093 04       		.byte	0x4
 135 0094 07       		.byte	0x7
 136 0095 FA020000 		.4byte	.LASF11
 137 0099 04       		.uleb128 0x4
 138 009a 08       		.byte	0x8
 139 009b 05       		.byte	0x5
 140 009c 17010000 		.4byte	.LASF12
 141 00a0 04       		.uleb128 0x4
 142 00a1 08       		.byte	0x8
 143 00a2 07       		.byte	0x7
 144 00a3 71000000 		.4byte	.LASF13
 145 00a7 03       		.uleb128 0x3
 146 00a8 DC070000 		.4byte	.LASF14
 147 00ac 04       		.byte	0x4
 148 00ad 18       		.byte	0x18
 149 00ae 4A000000 		.4byte	0x4a
 150 00b2 06       		.uleb128 0x6
 151 00b3 A7000000 		.4byte	0xa7
 152 00b7 03       		.uleb128 0x3
 153 00b8 EE010000 		.4byte	.LASF15
 154 00bc 04       		.byte	0x4
 155 00bd 24       		.byte	0x24
 156 00be 63000000 		.4byte	0x63
 157 00c2 03       		.uleb128 0x3
 158 00c3 2C050000 		.4byte	.LASF16
 159 00c7 04       		.byte	0x4
 160 00c8 2C       		.byte	0x2c
 161 00c9 75000000 		.4byte	0x75
 162 00cd 03       		.uleb128 0x3
 163 00ce 08060000 		.4byte	.LASF17
 164 00d2 04       		.byte	0x4
 165 00d3 30       		.byte	0x30
 166 00d4 87000000 		.4byte	0x87
 167 00d8 05       		.uleb128 0x5
 168 00d9 CD000000 		.4byte	0xcd
 169 00dd 03       		.uleb128 0x3
 170 00de 9D030000 		.4byte	.LASF18
 171 00e2 05       		.byte	0x5
ARM GAS  /tmp/ccimLHEB.s 			page 4


 172 00e3 2A       		.byte	0x2a
 173 00e4 A7000000 		.4byte	0xa7
 174 00e8 03       		.uleb128 0x3
 175 00e9 9A010000 		.4byte	.LASF19
 176 00ed 05       		.byte	0x5
 177 00ee 2B       		.byte	0x2b
 178 00ef A7000000 		.4byte	0xa7
 179 00f3 03       		.uleb128 0x3
 180 00f4 DC040000 		.4byte	.LASF20
 181 00f8 05       		.byte	0x5
 182 00f9 2C       		.byte	0x2c
 183 00fa A7000000 		.4byte	0xa7
 184 00fe 03       		.uleb128 0x3
 185 00ff 6C010000 		.4byte	.LASF21
 186 0103 05       		.byte	0x5
 187 0104 2D       		.byte	0x2d
 188 0105 A7000000 		.4byte	0xa7
 189 0109 03       		.uleb128 0x3
 190 010a 0B050000 		.4byte	.LASF22
 191 010e 05       		.byte	0x5
 192 010f 2E       		.byte	0x2e
 193 0110 CD000000 		.4byte	0xcd
 194 0114 03       		.uleb128 0x3
 195 0115 79030000 		.4byte	.LASF23
 196 0119 05       		.byte	0x5
 197 011a 2F       		.byte	0x2f
 198 011b C2000000 		.4byte	0xc2
 199 011f 03       		.uleb128 0x3
 200 0120 B1030000 		.4byte	.LASF24
 201 0124 05       		.byte	0x5
 202 0125 31       		.byte	0x31
 203 0126 CD000000 		.4byte	0xcd
 204 012a 03       		.uleb128 0x3
 205 012b 7A070000 		.4byte	.LASF25
 206 012f 05       		.byte	0x5
 207 0130 32       		.byte	0x32
 208 0131 CD000000 		.4byte	0xcd
 209 0135 03       		.uleb128 0x3
 210 0136 88060000 		.4byte	.LASF26
 211 013a 05       		.byte	0x5
 212 013b 33       		.byte	0x33
 213 013c CD000000 		.4byte	0xcd
 214 0140 05       		.uleb128 0x5
 215 0141 35010000 		.4byte	0x135
 216 0145 03       		.uleb128 0x3
 217 0146 C6050000 		.4byte	.LASF27
 218 014a 06       		.byte	0x6
 219 014b 23       		.byte	0x23
 220 014c 50010000 		.4byte	0x150
 221 0150 07       		.uleb128 0x7
 222 0151 C6050000 		.4byte	.LASF27
 223 0155 44       		.byte	0x44
 224 0156 07       		.byte	0x7
 225 0157 57       		.byte	0x57
 226 0158 41020000 		.4byte	0x241
 227 015c 08       		.uleb128 0x8
 228 015d A0050000 		.4byte	.LASF28
ARM GAS  /tmp/ccimLHEB.s 			page 5


 229 0161 07       		.byte	0x7
 230 0162 58       		.byte	0x58
 231 0163 62020000 		.4byte	0x262
 232 0167 00       		.byte	0
 233 0168 08       		.uleb128 0x8
 234 0169 04050000 		.4byte	.LASF29
 235 016d 07       		.byte	0x7
 236 016e 5A       		.byte	0x5a
 237 016f 62020000 		.4byte	0x262
 238 0173 04       		.byte	0x4
 239 0174 08       		.uleb128 0x8
 240 0175 EC000000 		.4byte	.LASF30
 241 0179 07       		.byte	0x7
 242 017a 5C       		.byte	0x5c
 243 017b 09010000 		.4byte	0x109
 244 017f 08       		.byte	0x8
 245 0180 08       		.uleb128 0x8
 246 0181 6C080000 		.4byte	.LASF31
 247 0185 07       		.byte	0x7
 248 0186 5D       		.byte	0x5d
 249 0187 1D030000 		.4byte	0x31d
 250 018b 0C       		.byte	0xc
 251 018c 08       		.uleb128 0x8
 252 018d 20020000 		.4byte	.LASF32
 253 0191 07       		.byte	0x7
 254 0192 5F       		.byte	0x5f
 255 0193 62020000 		.4byte	0x262
 256 0197 10       		.byte	0x10
 257 0198 08       		.uleb128 0x8
 258 0199 5F040000 		.4byte	.LASF33
 259 019d 07       		.byte	0x7
 260 019e 60       		.byte	0x60
 261 019f 62020000 		.4byte	0x262
 262 01a3 14       		.byte	0x14
 263 01a4 08       		.uleb128 0x8
 264 01a5 FF070000 		.4byte	.LASF34
 265 01a9 07       		.byte	0x7
 266 01aa 67       		.byte	0x67
 267 01ab 51050000 		.4byte	0x551
 268 01af 18       		.byte	0x18
 269 01b0 08       		.uleb128 0x8
 270 01b1 6B050000 		.4byte	.LASF35
 271 01b5 07       		.byte	0x7
 272 01b6 72       		.byte	0x72
 273 01b7 E8000000 		.4byte	0xe8
 274 01bb 1C       		.byte	0x1c
 275 01bc 08       		.uleb128 0x8
 276 01bd BE050000 		.4byte	.LASF36
 277 01c1 07       		.byte	0x7
 278 01c2 76       		.byte	0x76
 279 01c3 DD000000 		.4byte	0xdd
 280 01c7 1D       		.byte	0x1d
 281 01c8 08       		.uleb128 0x8
 282 01c9 AB070000 		.4byte	.LASF37
 283 01cd 07       		.byte	0x7
 284 01ce 7B       		.byte	0x7b
 285 01cf F3000000 		.4byte	0xf3
ARM GAS  /tmp/ccimLHEB.s 			page 6


 286 01d3 1E       		.byte	0x1e
 287 01d4 08       		.uleb128 0x8
 288 01d5 73050000 		.4byte	.LASF38
 289 01d9 07       		.byte	0x7
 290 01da 81       		.byte	0x81
 291 01db FE000000 		.4byte	0xfe
 292 01df 1F       		.byte	0x1f
 293 01e0 08       		.uleb128 0x8
 294 01e1 BB060000 		.4byte	.LASF39
 295 01e5 07       		.byte	0x7
 296 01e6 88       		.byte	0x88
 297 01e7 40010000 		.4byte	0x140
 298 01eb 20       		.byte	0x20
 299 01ec 09       		.uleb128 0x9
 300 01ed 705F7500 		.ascii	"p_u\000"
 301 01f1 07       		.byte	0x7
 302 01f2 AD       		.byte	0xad
 303 01f3 1C050000 		.4byte	0x51c
 304 01f7 24       		.byte	0x24
 305 01f8 08       		.uleb128 0x8
 306 01f9 72080000 		.4byte	.LASF40
 307 01fd 07       		.byte	0x7
 308 01fe B2       		.byte	0xb2
 309 01ff 88020000 		.4byte	0x288
 310 0203 28       		.byte	0x28
 311 0204 08       		.uleb128 0x8
 312 0205 4A070000 		.4byte	.LASF41
 313 0209 07       		.byte	0x7
 314 020a B8       		.byte	0xb8
 315 020b 68020000 		.4byte	0x268
 316 020f 2C       		.byte	0x2c
 317 0210 08       		.uleb128 0x8
 318 0211 0D000000 		.4byte	.LASF42
 319 0215 07       		.byte	0x7
 320 0216 BC       		.byte	0xbc
 321 0217 14010000 		.4byte	0x114
 322 021b 34       		.byte	0x34
 323 021c 08       		.uleb128 0x8
 324 021d F3050000 		.4byte	.LASF43
 325 0221 07       		.byte	0x7
 326 0222 C2       		.byte	0xc2
 327 0223 1F010000 		.4byte	0x11f
 328 0227 38       		.byte	0x38
 329 0228 08       		.uleb128 0x8
 330 0229 57050000 		.4byte	.LASF44
 331 022d 07       		.byte	0x7
 332 022e C9       		.byte	0xc9
 333 022f 63050000 		.4byte	0x563
 334 0233 3C       		.byte	0x3c
 335 0234 08       		.uleb128 0x8
 336 0235 92060000 		.4byte	.LASF45
 337 0239 07       		.byte	0x7
 338 023a CD       		.byte	0xcd
 339 023b 09010000 		.4byte	0x109
 340 023f 40       		.byte	0x40
 341 0240 00       		.byte	0
 342 0241 0A       		.uleb128 0xa
ARM GAS  /tmp/ccimLHEB.s 			page 7


 343 0242 08       		.byte	0x8
 344 0243 06       		.byte	0x6
 345 0244 5A       		.byte	0x5a
 346 0245 62020000 		.4byte	0x262
 347 0249 08       		.uleb128 0x8
 348 024a A0050000 		.4byte	.LASF28
 349 024e 06       		.byte	0x6
 350 024f 5B       		.byte	0x5b
 351 0250 62020000 		.4byte	0x262
 352 0254 00       		.byte	0
 353 0255 08       		.uleb128 0x8
 354 0256 04050000 		.4byte	.LASF29
 355 025a 06       		.byte	0x6
 356 025b 5D       		.byte	0x5d
 357 025c 62020000 		.4byte	0x262
 358 0260 04       		.byte	0x4
 359 0261 00       		.byte	0
 360 0262 0B       		.uleb128 0xb
 361 0263 04       		.byte	0x4
 362 0264 45010000 		.4byte	0x145
 363 0268 03       		.uleb128 0x3
 364 0269 7D040000 		.4byte	.LASF46
 365 026d 06       		.byte	0x6
 366 026e 5F       		.byte	0x5f
 367 026f 41020000 		.4byte	0x241
 368 0273 0A       		.uleb128 0xa
 369 0274 04       		.byte	0x4
 370 0275 06       		.byte	0x6
 371 0276 64       		.byte	0x64
 372 0277 88020000 		.4byte	0x288
 373 027b 08       		.uleb128 0x8
 374 027c A0050000 		.4byte	.LASF28
 375 0280 06       		.byte	0x6
 376 0281 66       		.byte	0x66
 377 0282 62020000 		.4byte	0x262
 378 0286 00       		.byte	0
 379 0287 00       		.byte	0
 380 0288 03       		.uleb128 0x3
 381 0289 A5030000 		.4byte	.LASF47
 382 028d 06       		.byte	0x6
 383 028e 69       		.byte	0x69
 384 028f 73020000 		.4byte	0x273
 385 0293 03       		.uleb128 0x3
 386 0294 DB030000 		.4byte	.LASF48
 387 0298 08       		.byte	0x8
 388 0299 9D       		.byte	0x9d
 389 029a CD000000 		.4byte	0xcd
 390 029e 03       		.uleb128 0x3
 391 029f 84020000 		.4byte	.LASF49
 392 02a3 08       		.byte	0x8
 393 02a4 A2       		.byte	0xa2
 394 02a5 A9020000 		.4byte	0x2a9
 395 02a9 0C       		.uleb128 0xc
 396 02aa 04       		.byte	0x4
 397 02ab 07       		.uleb128 0x7
 398 02ac 43070000 		.4byte	.LASF50
 399 02b0 24       		.byte	0x24
ARM GAS  /tmp/ccimLHEB.s 			page 8


 400 02b1 08       		.byte	0x8
 401 02b2 B9       		.byte	0xb9
 402 02b3 1D030000 		.4byte	0x31d
 403 02b7 09       		.uleb128 0x9
 404 02b8 723400   		.ascii	"r4\000"
 405 02bb 08       		.byte	0x8
 406 02bc BA       		.byte	0xba
 407 02bd 9E020000 		.4byte	0x29e
 408 02c1 00       		.byte	0
 409 02c2 09       		.uleb128 0x9
 410 02c3 723500   		.ascii	"r5\000"
 411 02c6 08       		.byte	0x8
 412 02c7 BB       		.byte	0xbb
 413 02c8 9E020000 		.4byte	0x29e
 414 02cc 04       		.byte	0x4
 415 02cd 09       		.uleb128 0x9
 416 02ce 723600   		.ascii	"r6\000"
 417 02d1 08       		.byte	0x8
 418 02d2 BC       		.byte	0xbc
 419 02d3 9E020000 		.4byte	0x29e
 420 02d7 08       		.byte	0x8
 421 02d8 09       		.uleb128 0x9
 422 02d9 723700   		.ascii	"r7\000"
 423 02dc 08       		.byte	0x8
 424 02dd BD       		.byte	0xbd
 425 02de 9E020000 		.4byte	0x29e
 426 02e2 0C       		.byte	0xc
 427 02e3 09       		.uleb128 0x9
 428 02e4 723800   		.ascii	"r8\000"
 429 02e7 08       		.byte	0x8
 430 02e8 BE       		.byte	0xbe
 431 02e9 9E020000 		.4byte	0x29e
 432 02ed 10       		.byte	0x10
 433 02ee 09       		.uleb128 0x9
 434 02ef 723900   		.ascii	"r9\000"
 435 02f2 08       		.byte	0x8
 436 02f3 BF       		.byte	0xbf
 437 02f4 9E020000 		.4byte	0x29e
 438 02f8 14       		.byte	0x14
 439 02f9 09       		.uleb128 0x9
 440 02fa 72313000 		.ascii	"r10\000"
 441 02fe 08       		.byte	0x8
 442 02ff C0       		.byte	0xc0
 443 0300 9E020000 		.4byte	0x29e
 444 0304 18       		.byte	0x18
 445 0305 09       		.uleb128 0x9
 446 0306 72313100 		.ascii	"r11\000"
 447 030a 08       		.byte	0x8
 448 030b C1       		.byte	0xc1
 449 030c 9E020000 		.4byte	0x29e
 450 0310 1C       		.byte	0x1c
 451 0311 09       		.uleb128 0x9
 452 0312 6C7200   		.ascii	"lr\000"
 453 0315 08       		.byte	0x8
 454 0316 C2       		.byte	0xc2
 455 0317 9E020000 		.4byte	0x29e
 456 031b 20       		.byte	0x20
ARM GAS  /tmp/ccimLHEB.s 			page 9


 457 031c 00       		.byte	0
 458 031d 07       		.uleb128 0x7
 459 031e 4C030000 		.4byte	.LASF51
 460 0322 04       		.byte	0x4
 461 0323 08       		.byte	0x8
 462 0324 CA       		.byte	0xca
 463 0325 36030000 		.4byte	0x336
 464 0329 09       		.uleb128 0x9
 465 032a 72313300 		.ascii	"r13\000"
 466 032e 08       		.byte	0x8
 467 032f CB       		.byte	0xcb
 468 0330 36030000 		.4byte	0x336
 469 0334 00       		.byte	0
 470 0335 00       		.byte	0
 471 0336 0B       		.uleb128 0xb
 472 0337 04       		.byte	0x4
 473 0338 AB020000 		.4byte	0x2ab
 474 033c 03       		.uleb128 0x3
 475 033d 1A030000 		.4byte	.LASF52
 476 0341 09       		.byte	0x9
 477 0342 4E       		.byte	0x4e
 478 0343 47030000 		.4byte	0x347
 479 0347 0B       		.uleb128 0xb
 480 0348 04       		.byte	0x4
 481 0349 4D030000 		.4byte	0x34d
 482 034d 0D       		.uleb128 0xd
 483 034e 58030000 		.4byte	0x358
 484 0352 0E       		.uleb128 0xe
 485 0353 A9020000 		.4byte	0x2a9
 486 0357 00       		.byte	0
 487 0358 03       		.uleb128 0x3
 488 0359 25060000 		.4byte	.LASF53
 489 035d 09       		.byte	0x9
 490 035e 53       		.byte	0x53
 491 035f 63030000 		.4byte	0x363
 492 0363 07       		.uleb128 0x7
 493 0364 25060000 		.4byte	.LASF53
 494 0368 14       		.byte	0x14
 495 0369 09       		.byte	0x9
 496 036a 5A       		.byte	0x5a
 497 036b AC030000 		.4byte	0x3ac
 498 036f 08       		.uleb128 0x8
 499 0370 CE020000 		.4byte	.LASF54
 500 0374 09       		.byte	0x9
 501 0375 5B       		.byte	0x5b
 502 0376 AC030000 		.4byte	0x3ac
 503 037a 00       		.byte	0
 504 037b 08       		.uleb128 0x8
 505 037c 8D020000 		.4byte	.LASF55
 506 0380 09       		.byte	0x9
 507 0381 5D       		.byte	0x5d
 508 0382 AC030000 		.4byte	0x3ac
 509 0386 04       		.byte	0x4
 510 0387 08       		.uleb128 0x8
 511 0388 05040000 		.4byte	.LASF56
 512 038c 09       		.byte	0x9
 513 038d 5F       		.byte	0x5f
ARM GAS  /tmp/ccimLHEB.s 			page 10


 514 038e 35010000 		.4byte	0x135
 515 0392 08       		.byte	0x8
 516 0393 08       		.uleb128 0x8
 517 0394 36040000 		.4byte	.LASF57
 518 0398 09       		.byte	0x9
 519 0399 60       		.byte	0x60
 520 039a 3C030000 		.4byte	0x33c
 521 039e 0C       		.byte	0xc
 522 039f 08       		.uleb128 0x8
 523 03a0 73070000 		.4byte	.LASF58
 524 03a4 09       		.byte	0x9
 525 03a5 62       		.byte	0x62
 526 03a6 A9020000 		.4byte	0x2a9
 527 03aa 10       		.byte	0x10
 528 03ab 00       		.byte	0
 529 03ac 0B       		.uleb128 0xb
 530 03ad 04       		.byte	0x4
 531 03ae 58030000 		.4byte	0x358
 532 03b2 0A       		.uleb128 0xa
 533 03b3 10       		.byte	0x10
 534 03b4 09       		.byte	0x9
 535 03b5 6C       		.byte	0x6c
 536 03b6 EB030000 		.4byte	0x3eb
 537 03ba 08       		.uleb128 0x8
 538 03bb CE020000 		.4byte	.LASF54
 539 03bf 09       		.byte	0x9
 540 03c0 6D       		.byte	0x6d
 541 03c1 AC030000 		.4byte	0x3ac
 542 03c5 00       		.byte	0
 543 03c6 08       		.uleb128 0x8
 544 03c7 8D020000 		.4byte	.LASF55
 545 03cb 09       		.byte	0x9
 546 03cc 6F       		.byte	0x6f
 547 03cd AC030000 		.4byte	0x3ac
 548 03d1 04       		.byte	0x4
 549 03d2 08       		.uleb128 0x8
 550 03d3 05040000 		.4byte	.LASF56
 551 03d7 09       		.byte	0x9
 552 03d8 71       		.byte	0x71
 553 03d9 35010000 		.4byte	0x135
 554 03dd 08       		.byte	0x8
 555 03de 08       		.uleb128 0x8
 556 03df 06080000 		.4byte	.LASF59
 557 03e3 09       		.byte	0x9
 558 03e4 72       		.byte	0x72
 559 03e5 40010000 		.4byte	0x140
 560 03e9 0C       		.byte	0xc
 561 03ea 00       		.byte	0
 562 03eb 03       		.uleb128 0x3
 563 03ec 39080000 		.4byte	.LASF60
 564 03f0 09       		.byte	0x9
 565 03f1 73       		.byte	0x73
 566 03f2 B2030000 		.4byte	0x3b2
 567 03f6 0F       		.uleb128 0xf
 568 03f7 52000000 		.4byte	.LASF68
 569 03fb 09       		.byte	0x9
 570 03fc D1       		.byte	0xd1
ARM GAS  /tmp/ccimLHEB.s 			page 11


 571 03fd EB030000 		.4byte	0x3eb
 572 0401 0A       		.uleb128 0xa
 573 0402 1C       		.byte	0x1c
 574 0403 0A       		.byte	0xa
 575 0404 57       		.byte	0x57
 576 0405 52040000 		.4byte	0x452
 577 0409 08       		.uleb128 0x8
 578 040a 1D060000 		.4byte	.LASF61
 579 040e 0A       		.byte	0xa
 580 040f 58       		.byte	0x58
 581 0410 68020000 		.4byte	0x268
 582 0414 00       		.byte	0
 583 0415 08       		.uleb128 0x8
 584 0416 89050000 		.4byte	.LASF62
 585 041a 0A       		.byte	0xa
 586 041b 59       		.byte	0x59
 587 041c 09010000 		.4byte	0x109
 588 0420 08       		.byte	0x8
 589 0421 08       		.uleb128 0x8
 590 0422 77040000 		.4byte	.LASF63
 591 0426 0A       		.byte	0xa
 592 0427 5B       		.byte	0x5b
 593 0428 1D030000 		.4byte	0x31d
 594 042c 0C       		.byte	0xc
 595 042d 08       		.uleb128 0x8
 596 042e 86030000 		.4byte	.LASF64
 597 0432 0A       		.byte	0xa
 598 0433 5E       		.byte	0x5e
 599 0434 62020000 		.4byte	0x262
 600 0438 10       		.byte	0x10
 601 0439 08       		.uleb128 0x8
 602 043a A4040000 		.4byte	.LASF65
 603 043e 0A       		.byte	0xa
 604 043f 5F       		.byte	0x5f
 605 0440 62020000 		.4byte	0x262
 606 0444 14       		.byte	0x14
 607 0445 08       		.uleb128 0x8
 608 0446 9A040000 		.4byte	.LASF66
 609 044a 0A       		.byte	0xa
 610 044b 62       		.byte	0x62
 611 044c 62020000 		.4byte	0x262
 612 0450 18       		.byte	0x18
 613 0451 00       		.byte	0
 614 0452 03       		.uleb128 0x3
 615 0453 B9070000 		.4byte	.LASF67
 616 0457 0A       		.byte	0xa
 617 0458 64       		.byte	0x64
 618 0459 01040000 		.4byte	0x401
 619 045d 0F       		.uleb128 0xf
 620 045e D6070000 		.4byte	.LASF69
 621 0462 0A       		.byte	0xa
 622 0463 68       		.byte	0x68
 623 0464 52040000 		.4byte	0x452
 624 0468 07       		.uleb128 0x7
 625 0469 C8030000 		.4byte	.LASF70
 626 046d 10       		.byte	0x10
 627 046e 0B       		.byte	0xb
ARM GAS  /tmp/ccimLHEB.s 			page 12


 628 046f 25       		.byte	0x25
 629 0470 99040000 		.4byte	0x499
 630 0474 08       		.uleb128 0x8
 631 0475 5F010000 		.4byte	.LASF71
 632 0479 0B       		.byte	0xb
 633 047a 26       		.byte	0x26
 634 047b 68020000 		.4byte	0x268
 635 047f 00       		.byte	0
 636 0480 08       		.uleb128 0x8
 637 0481 51080000 		.4byte	.LASF72
 638 0485 0B       		.byte	0xb
 639 0486 28       		.byte	0x28
 640 0487 62020000 		.4byte	0x262
 641 048b 08       		.byte	0x8
 642 048c 08       		.uleb128 0x8
 643 048d 81060000 		.4byte	.LASF73
 644 0491 0B       		.byte	0xb
 645 0492 2A       		.byte	0x2a
 646 0493 99040000 		.4byte	0x499
 647 0497 0C       		.byte	0xc
 648 0498 00       		.byte	0
 649 0499 0B       		.uleb128 0xb
 650 049a 04       		.byte	0x4
 651 049b 68040000 		.4byte	0x468
 652 049f 03       		.uleb128 0x3
 653 04a0 C8030000 		.4byte	.LASF70
 654 04a4 0B       		.byte	0xb
 655 04a5 2C       		.byte	0x2c
 656 04a6 68040000 		.4byte	0x468
 657 04aa 03       		.uleb128 0x3
 658 04ab EA070000 		.4byte	.LASF74
 659 04af 0C       		.byte	0xc
 660 04b0 25       		.byte	0x25
 661 04b1 B5040000 		.4byte	0x4b5
 662 04b5 07       		.uleb128 0x7
 663 04b6 EA070000 		.4byte	.LASF74
 664 04ba 10       		.byte	0x10
 665 04bb 0C       		.byte	0xc
 666 04bc 2A       		.byte	0x2a
 667 04bd F2040000 		.4byte	0x4f2
 668 04c1 08       		.uleb128 0x8
 669 04c2 8E030000 		.4byte	.LASF75
 670 04c6 0C       		.byte	0xc
 671 04c7 2B       		.byte	0x2b
 672 04c8 F2040000 		.4byte	0x4f2
 673 04cc 00       		.byte	0
 674 04cd 08       		.uleb128 0x8
 675 04ce 42050000 		.4byte	.LASF76
 676 04d2 0C       		.byte	0xc
 677 04d3 2E       		.byte	0x2e
 678 04d4 62020000 		.4byte	0x262
 679 04d8 04       		.byte	0x4
 680 04d9 08       		.uleb128 0x8
 681 04da AC040000 		.4byte	.LASF77
 682 04de 0C       		.byte	0xc
 683 04df 30       		.byte	0x30
 684 04e0 1F010000 		.4byte	0x11f
ARM GAS  /tmp/ccimLHEB.s 			page 13


 685 04e4 08       		.byte	0x8
 686 04e5 08       		.uleb128 0x8
 687 04e6 4E050000 		.4byte	.LASF78
 688 04ea 0C       		.byte	0xc
 689 04eb 33       		.byte	0x33
 690 04ec 2A010000 		.4byte	0x12a
 691 04f0 0C       		.byte	0xc
 692 04f1 00       		.byte	0
 693 04f2 0B       		.uleb128 0xb
 694 04f3 04       		.byte	0x4
 695 04f4 AA040000 		.4byte	0x4aa
 696 04f8 07       		.uleb128 0x7
 697 04f9 B5020000 		.4byte	.LASF79
 698 04fd 04       		.byte	0x4
 699 04fe 0C       		.byte	0xc
 700 04ff 3A       		.byte	0x3a
 701 0500 11050000 		.4byte	0x511
 702 0504 08       		.uleb128 0x8
 703 0505 11080000 		.4byte	.LASF80
 704 0509 0C       		.byte	0xc
 705 050a 3B       		.byte	0x3b
 706 050b F2040000 		.4byte	0x4f2
 707 050f 00       		.byte	0
 708 0510 00       		.byte	0
 709 0511 03       		.uleb128 0x3
 710 0512 B5020000 		.4byte	.LASF79
 711 0516 0C       		.byte	0xc
 712 0517 3E       		.byte	0x3e
 713 0518 F8040000 		.4byte	0x4f8
 714 051c 10       		.uleb128 0x10
 715 051d 04       		.byte	0x4
 716 051e 07       		.byte	0x7
 717 051f 8F       		.byte	0x8f
 718 0520 51050000 		.4byte	0x551
 719 0524 11       		.uleb128 0x11
 720 0525 24000000 		.4byte	.LASF81
 721 0529 07       		.byte	0x7
 722 052a 96       		.byte	0x96
 723 052b 14010000 		.4byte	0x114
 724 052f 11       		.uleb128 0x11
 725 0530 D0000000 		.4byte	.LASF82
 726 0534 07       		.byte	0x7
 727 0535 9D       		.byte	0x9d
 728 0536 14010000 		.4byte	0x114
 729 053a 11       		.uleb128 0x11
 730 053b F8070000 		.4byte	.LASF83
 731 053f 07       		.byte	0x7
 732 0540 A4       		.byte	0xa4
 733 0541 A9020000 		.4byte	0x2a9
 734 0545 11       		.uleb128 0x11
 735 0546 99050000 		.4byte	.LASF84
 736 054a 07       		.byte	0x7
 737 054b AB       		.byte	0xab
 738 054c 1F010000 		.4byte	0x11f
 739 0550 00       		.byte	0
 740 0551 0B       		.uleb128 0xb
 741 0552 04       		.byte	0x4
ARM GAS  /tmp/ccimLHEB.s 			page 14


 742 0553 5E050000 		.4byte	0x55e
 743 0557 04       		.uleb128 0x4
 744 0558 01       		.byte	0x1
 745 0559 08       		.byte	0x8
 746 055a 52060000 		.4byte	.LASF85
 747 055e 06       		.uleb128 0x6
 748 055f 57050000 		.4byte	0x557
 749 0563 0B       		.uleb128 0xb
 750 0564 04       		.byte	0x4
 751 0565 9F040000 		.4byte	0x49f
 752 0569 0B       		.uleb128 0xb
 753 056a 04       		.byte	0x4
 754 056b 6F050000 		.4byte	0x56f
 755 056f 12       		.uleb128 0x12
 756 0570 14010000 		.4byte	0x114
 757 0574 7E050000 		.4byte	0x57e
 758 0578 0E       		.uleb128 0xe
 759 0579 A9020000 		.4byte	0x2a9
 760 057d 00       		.byte	0
 761 057e 0A       		.uleb128 0xa
 762 057f 16       		.byte	0x16
 763 0580 0D       		.byte	0xd
 764 0581 25       		.byte	0x25
 765 0582 5F060000 		.4byte	0x65f
 766 0586 08       		.uleb128 0x8
 767 0587 23030000 		.4byte	.LASF86
 768 058b 0D       		.byte	0xd
 769 058c 26       		.byte	0x26
 770 058d 5F060000 		.4byte	0x65f
 771 0591 00       		.byte	0
 772 0592 08       		.uleb128 0x8
 773 0593 E6030000 		.4byte	.LASF87
 774 0597 0D       		.byte	0xd
 775 0598 27       		.byte	0x27
 776 0599 A7000000 		.4byte	0xa7
 777 059d 04       		.byte	0x4
 778 059e 08       		.uleb128 0x8
 779 059f 8A040000 		.4byte	.LASF88
 780 05a3 0D       		.byte	0xd
 781 05a4 28       		.byte	0x28
 782 05a5 A7000000 		.4byte	0xa7
 783 05a9 05       		.byte	0x5
 784 05aa 08       		.uleb128 0x8
 785 05ab 23080000 		.4byte	.LASF89
 786 05af 0D       		.byte	0xd
 787 05b0 29       		.byte	0x29
 788 05b1 B7000000 		.4byte	0xb7
 789 05b5 06       		.byte	0x6
 790 05b6 08       		.uleb128 0x8
 791 05b7 EF040000 		.4byte	.LASF90
 792 05bb 0D       		.byte	0xd
 793 05bc 2A       		.byte	0x2a
 794 05bd A7000000 		.4byte	0xa7
 795 05c1 08       		.byte	0x8
 796 05c2 08       		.uleb128 0x8
 797 05c3 3E040000 		.4byte	.LASF91
 798 05c7 0D       		.byte	0xd
ARM GAS  /tmp/ccimLHEB.s 			page 15


 799 05c8 2B       		.byte	0x2b
 800 05c9 A7000000 		.4byte	0xa7
 801 05cd 09       		.byte	0x9
 802 05ce 08       		.uleb128 0x8
 803 05cf C2000000 		.4byte	.LASF92
 804 05d3 0D       		.byte	0xd
 805 05d4 2C       		.byte	0x2c
 806 05d5 A7000000 		.4byte	0xa7
 807 05d9 0A       		.byte	0xa
 808 05da 08       		.uleb128 0x8
 809 05db 11060000 		.4byte	.LASF93
 810 05df 0D       		.byte	0xd
 811 05e0 2D       		.byte	0x2d
 812 05e1 A7000000 		.4byte	0xa7
 813 05e5 0B       		.byte	0xb
 814 05e6 08       		.uleb128 0x8
 815 05e7 A0070000 		.4byte	.LASF94
 816 05eb 0D       		.byte	0xd
 817 05ec 2E       		.byte	0x2e
 818 05ed A7000000 		.4byte	0xa7
 819 05f1 0C       		.byte	0xc
 820 05f2 08       		.uleb128 0x8
 821 05f3 DB050000 		.4byte	.LASF95
 822 05f7 0D       		.byte	0xd
 823 05f8 2F       		.byte	0x2f
 824 05f9 A7000000 		.4byte	0xa7
 825 05fd 0D       		.byte	0xd
 826 05fe 08       		.uleb128 0x8
 827 05ff 00000000 		.4byte	.LASF96
 828 0603 0D       		.byte	0xd
 829 0604 30       		.byte	0x30
 830 0605 A7000000 		.4byte	0xa7
 831 0609 0E       		.byte	0xe
 832 060a 08       		.uleb128 0x8
 833 060b 53040000 		.4byte	.LASF97
 834 060f 0D       		.byte	0xd
 835 0610 31       		.byte	0x31
 836 0611 A7000000 		.4byte	0xa7
 837 0615 0F       		.byte	0xf
 838 0616 08       		.uleb128 0x8
 839 0617 31010000 		.4byte	.LASF98
 840 061b 0D       		.byte	0xd
 841 061c 32       		.byte	0x32
 842 061d A7000000 		.4byte	0xa7
 843 0621 10       		.byte	0x10
 844 0622 08       		.uleb128 0x8
 845 0623 F3000000 		.4byte	.LASF99
 846 0627 0D       		.byte	0xd
 847 0628 34       		.byte	0x34
 848 0629 A7000000 		.4byte	0xa7
 849 062d 11       		.byte	0x11
 850 062e 08       		.uleb128 0x8
 851 062f 4A010000 		.4byte	.LASF100
 852 0633 0D       		.byte	0xd
 853 0634 35       		.byte	0x35
 854 0635 A7000000 		.4byte	0xa7
 855 0639 12       		.byte	0x12
ARM GAS  /tmp/ccimLHEB.s 			page 16


 856 063a 08       		.uleb128 0x8
 857 063b EE030000 		.4byte	.LASF101
 858 063f 0D       		.byte	0xd
 859 0640 36       		.byte	0x36
 860 0641 A7000000 		.4byte	0xa7
 861 0645 13       		.byte	0x13
 862 0646 08       		.uleb128 0x8
 863 0647 AF050000 		.4byte	.LASF102
 864 064b 0D       		.byte	0xd
 865 064c 37       		.byte	0x37
 866 064d A7000000 		.4byte	0xa7
 867 0651 14       		.byte	0x14
 868 0652 08       		.uleb128 0x8
 869 0653 7D050000 		.4byte	.LASF103
 870 0657 0D       		.byte	0xd
 871 0658 39       		.byte	0x39
 872 0659 A7000000 		.4byte	0xa7
 873 065d 15       		.byte	0x15
 874 065e 00       		.byte	0
 875 065f 13       		.uleb128 0x13
 876 0660 57050000 		.4byte	0x557
 877 0664 6F060000 		.4byte	0x66f
 878 0668 14       		.uleb128 0x14
 879 0669 6F060000 		.4byte	0x66f
 880 066d 03       		.byte	0x3
 881 066e 00       		.byte	0
 882 066f 04       		.uleb128 0x4
 883 0670 04       		.byte	0x4
 884 0671 07       		.byte	0x7
 885 0672 16040000 		.4byte	.LASF104
 886 0676 03       		.uleb128 0x3
 887 0677 FC010000 		.4byte	.LASF105
 888 067b 0D       		.byte	0xd
 889 067c 3A       		.byte	0x3a
 890 067d 7E050000 		.4byte	0x57e
 891 0681 06       		.uleb128 0x6
 892 0682 76060000 		.4byte	0x676
 893 0686 0F       		.uleb128 0xf
 894 0687 0C030000 		.4byte	.LASF106
 895 068b 0D       		.byte	0xd
 896 068c 77       		.byte	0x77
 897 068d 81060000 		.4byte	0x681
 898 0691 03       		.uleb128 0x3
 899 0692 CE030000 		.4byte	.LASF107
 900 0696 0E       		.byte	0xe
 901 0697 30       		.byte	0x30
 902 0698 9C060000 		.4byte	0x69c
 903 069c 07       		.uleb128 0x7
 904 069d CE030000 		.4byte	.LASF107
 905 06a1 24       		.byte	0x24
 906 06a2 0E       		.byte	0xe
 907 06a3 3E       		.byte	0x3e
 908 06a4 09070000 		.4byte	0x709
 909 06a8 08       		.uleb128 0x8
 910 06a9 0D010000 		.4byte	.LASF108
 911 06ad 0E       		.byte	0xe
 912 06ae 3F       		.byte	0x3f
ARM GAS  /tmp/ccimLHEB.s 			page 17


 913 06af 68020000 		.4byte	0x268
 914 06b3 00       		.byte	0
 915 06b4 08       		.uleb128 0x8
 916 06b5 2C040000 		.4byte	.LASF109
 917 06b9 0E       		.byte	0xe
 918 06ba 40       		.byte	0x40
 919 06bb 2C000000 		.4byte	0x2c
 920 06bf 08       		.byte	0x8
 921 06c0 08       		.uleb128 0x8
 922 06c1 E5010000 		.4byte	.LASF110
 923 06c5 0E       		.byte	0xe
 924 06c6 41       		.byte	0x41
 925 06c7 2B070000 		.4byte	0x72b
 926 06cb 0C       		.byte	0xc
 927 06cc 08       		.uleb128 0x8
 928 06cd 6B000000 		.4byte	.LASF111
 929 06d1 0E       		.byte	0xe
 930 06d2 42       		.byte	0x42
 931 06d3 2B070000 		.4byte	0x72b
 932 06d7 10       		.byte	0x10
 933 06d8 08       		.uleb128 0x8
 934 06d9 6F040000 		.4byte	.LASF112
 935 06dd 0E       		.byte	0xe
 936 06de 44       		.byte	0x44
 937 06df 2B070000 		.4byte	0x72b
 938 06e3 14       		.byte	0x14
 939 06e4 08       		.uleb128 0x8
 940 06e5 13050000 		.4byte	.LASF113
 941 06e9 0E       		.byte	0xe
 942 06ea 45       		.byte	0x45
 943 06eb 2B070000 		.4byte	0x72b
 944 06ef 18       		.byte	0x18
 945 06f0 08       		.uleb128 0x8
 946 06f1 C3070000 		.4byte	.LASF114
 947 06f5 0E       		.byte	0xe
 948 06f6 46       		.byte	0x46
 949 06f7 09070000 		.4byte	0x709
 950 06fb 1C       		.byte	0x1c
 951 06fc 08       		.uleb128 0x8
 952 06fd 40080000 		.4byte	.LASF115
 953 0701 0E       		.byte	0xe
 954 0702 47       		.byte	0x47
 955 0703 A9020000 		.4byte	0x2a9
 956 0707 20       		.byte	0x20
 957 0708 00       		.byte	0
 958 0709 03       		.uleb128 0x3
 959 070a FA040000 		.4byte	.LASF116
 960 070e 0E       		.byte	0xe
 961 070f 33       		.byte	0x33
 962 0710 14070000 		.4byte	0x714
 963 0714 0B       		.uleb128 0xb
 964 0715 04       		.byte	0x4
 965 0716 1A070000 		.4byte	0x71a
 966 071a 0D       		.uleb128 0xd
 967 071b 25070000 		.4byte	0x725
 968 071f 0E       		.uleb128 0xe
 969 0720 25070000 		.4byte	0x725
ARM GAS  /tmp/ccimLHEB.s 			page 18


 970 0724 00       		.byte	0
 971 0725 0B       		.uleb128 0xb
 972 0726 04       		.byte	0x4
 973 0727 91060000 		.4byte	0x691
 974 072b 0B       		.uleb128 0xb
 975 072c 04       		.byte	0x4
 976 072d A7000000 		.4byte	0xa7
 977 0731 03       		.uleb128 0x3
 978 0732 BD030000 		.4byte	.LASF117
 979 0736 0E       		.byte	0xe
 980 0737 7B       		.byte	0x7b
 981 0738 91060000 		.4byte	0x691
 982 073c 03       		.uleb128 0x3
 983 073d 31000000 		.4byte	.LASF118
 984 0741 0E       		.byte	0xe
 985 0742 EE       		.byte	0xee
 986 0743 91060000 		.4byte	0x691
 987 0747 12       		.uleb128 0x12
 988 0748 2C000000 		.4byte	0x2c
 989 074c 60070000 		.4byte	0x760
 990 0750 0E       		.uleb128 0xe
 991 0751 A9020000 		.4byte	0x2a9
 992 0755 0E       		.uleb128 0xe
 993 0756 60070000 		.4byte	0x760
 994 075a 0E       		.uleb128 0xe
 995 075b 2C000000 		.4byte	0x2c
 996 075f 00       		.byte	0
 997 0760 0B       		.uleb128 0xb
 998 0761 04       		.byte	0x4
 999 0762 B2000000 		.4byte	0xb2
 1000 0766 0B       		.uleb128 0xb
 1001 0767 04       		.byte	0x4
 1002 0768 47070000 		.4byte	0x747
 1003 076c 12       		.uleb128 0x12
 1004 076d 2C000000 		.4byte	0x2c
 1005 0771 85070000 		.4byte	0x785
 1006 0775 0E       		.uleb128 0xe
 1007 0776 A9020000 		.4byte	0x2a9
 1008 077a 0E       		.uleb128 0xe
 1009 077b 2B070000 		.4byte	0x72b
 1010 077f 0E       		.uleb128 0xe
 1011 0780 2C000000 		.4byte	0x2c
 1012 0784 00       		.byte	0
 1013 0785 0B       		.uleb128 0xb
 1014 0786 04       		.byte	0x4
 1015 0787 6C070000 		.4byte	0x76c
 1016 078b 12       		.uleb128 0x12
 1017 078c 14010000 		.4byte	0x114
 1018 0790 9F070000 		.4byte	0x79f
 1019 0794 0E       		.uleb128 0xe
 1020 0795 A9020000 		.4byte	0x2a9
 1021 0799 0E       		.uleb128 0xe
 1022 079a A7000000 		.4byte	0xa7
 1023 079e 00       		.byte	0
 1024 079f 0B       		.uleb128 0xb
 1025 07a0 04       		.byte	0x4
 1026 07a1 8B070000 		.4byte	0x78b
ARM GAS  /tmp/ccimLHEB.s 			page 19


 1027 07a5 13       		.uleb128 0x13
 1028 07a6 93020000 		.4byte	0x293
 1029 07aa B5070000 		.4byte	0x7b5
 1030 07ae 14       		.uleb128 0x14
 1031 07af 6F060000 		.4byte	0x66f
 1032 07b3 26       		.byte	0x26
 1033 07b4 00       		.byte	0
 1034 07b5 0F       		.uleb128 0xf
 1035 07b6 28020000 		.4byte	.LASF119
 1036 07ba 0F       		.byte	0xf
 1037 07bb 82       		.byte	0x82
 1038 07bc A5070000 		.4byte	0x7a5
 1039 07c0 07       		.uleb128 0x7
 1040 07c1 59000000 		.4byte	.LASF120
 1041 07c5 20       		.byte	0x20
 1042 07c6 10       		.byte	0x10
 1043 07c7 FD       		.byte	0xfd
 1044 07c8 33080000 		.4byte	0x833
 1045 07cc 08       		.uleb128 0x8
 1046 07cd 71020000 		.4byte	.LASF121
 1047 07d1 10       		.byte	0x10
 1048 07d2 FE       		.byte	0xfe
 1049 07d3 3E000000 		.4byte	0x3e
 1050 07d7 00       		.byte	0
 1051 07d8 08       		.uleb128 0x8
 1052 07d9 B2070000 		.4byte	.LASF122
 1053 07dd 10       		.byte	0x10
 1054 07de FF       		.byte	0xff
 1055 07df 3E000000 		.4byte	0x3e
 1056 07e3 04       		.byte	0x4
 1057 07e4 15       		.uleb128 0x15
 1058 07e5 2E080000 		.4byte	.LASF123
 1059 07e9 10       		.byte	0x10
 1060 07ea 0001     		.2byte	0x100
 1061 07ec 3E000000 		.4byte	0x3e
 1062 07f0 08       		.byte	0x8
 1063 07f1 15       		.uleb128 0x15
 1064 07f2 95020000 		.4byte	.LASF124
 1065 07f6 10       		.byte	0x10
 1066 07f7 0101     		.2byte	0x101
 1067 07f9 3E000000 		.4byte	0x3e
 1068 07fd 0C       		.byte	0xc
 1069 07fe 15       		.uleb128 0x15
 1070 07ff E3000000 		.4byte	.LASF125
 1071 0803 10       		.byte	0x10
 1072 0804 0201     		.2byte	0x102
 1073 0806 3E000000 		.4byte	0x3e
 1074 080a 10       		.byte	0x10
 1075 080b 15       		.uleb128 0x15
 1076 080c 1F040000 		.4byte	.LASF126
 1077 0810 10       		.byte	0x10
 1078 0811 0301     		.2byte	0x103
 1079 0813 3E000000 		.4byte	0x3e
 1080 0817 14       		.byte	0x14
 1081 0818 15       		.uleb128 0x15
 1082 0819 13000000 		.4byte	.LASF127
 1083 081d 10       		.byte	0x10
ARM GAS  /tmp/ccimLHEB.s 			page 20


 1084 081e 0401     		.2byte	0x104
 1085 0820 3E000000 		.4byte	0x3e
 1086 0824 18       		.byte	0x18
 1087 0825 15       		.uleb128 0x15
 1088 0826 84080000 		.4byte	.LASF128
 1089 082a 10       		.byte	0x10
 1090 082b 0501     		.2byte	0x105
 1091 082d 3E000000 		.4byte	0x3e
 1092 0831 1C       		.byte	0x1c
 1093 0832 00       		.byte	0
 1094 0833 16       		.uleb128 0x16
 1095 0834 59000000 		.4byte	.LASF120
 1096 0838 10       		.byte	0x10
 1097 0839 0801     		.2byte	0x108
 1098 083b C0070000 		.4byte	0x7c0
 1099 083f 12       		.uleb128 0x12
 1100 0840 14010000 		.4byte	0x114
 1101 0844 58080000 		.4byte	0x858
 1102 0848 0E       		.uleb128 0xe
 1103 0849 A9020000 		.4byte	0x2a9
 1104 084d 0E       		.uleb128 0xe
 1105 084e A7000000 		.4byte	0xa7
 1106 0852 0E       		.uleb128 0xe
 1107 0853 35010000 		.4byte	0x135
 1108 0857 00       		.byte	0
 1109 0858 0B       		.uleb128 0xb
 1110 0859 04       		.byte	0x4
 1111 085a 3F080000 		.4byte	0x83f
 1112 085e 12       		.uleb128 0x12
 1113 085f 14010000 		.4byte	0x114
 1114 0863 72080000 		.4byte	0x872
 1115 0867 0E       		.uleb128 0xe
 1116 0868 A9020000 		.4byte	0x2a9
 1117 086c 0E       		.uleb128 0xe
 1118 086d 35010000 		.4byte	0x135
 1119 0871 00       		.byte	0
 1120 0872 0B       		.uleb128 0xb
 1121 0873 04       		.byte	0x4
 1122 0874 5E080000 		.4byte	0x85e
 1123 0878 12       		.uleb128 0x12
 1124 0879 2C000000 		.4byte	0x2c
 1125 087d 96080000 		.4byte	0x896
 1126 0881 0E       		.uleb128 0xe
 1127 0882 A9020000 		.4byte	0x2a9
 1128 0886 0E       		.uleb128 0xe
 1129 0887 60070000 		.4byte	0x760
 1130 088b 0E       		.uleb128 0xe
 1131 088c 2C000000 		.4byte	0x2c
 1132 0890 0E       		.uleb128 0xe
 1133 0891 35010000 		.4byte	0x135
 1134 0895 00       		.byte	0
 1135 0896 0B       		.uleb128 0xb
 1136 0897 04       		.byte	0x4
 1137 0898 78080000 		.4byte	0x878
 1138 089c 12       		.uleb128 0x12
 1139 089d 2C000000 		.4byte	0x2c
 1140 08a1 BA080000 		.4byte	0x8ba
ARM GAS  /tmp/ccimLHEB.s 			page 21


 1141 08a5 0E       		.uleb128 0xe
 1142 08a6 A9020000 		.4byte	0x2a9
 1143 08aa 0E       		.uleb128 0xe
 1144 08ab 2B070000 		.4byte	0x72b
 1145 08af 0E       		.uleb128 0xe
 1146 08b0 2C000000 		.4byte	0x2c
 1147 08b4 0E       		.uleb128 0xe
 1148 08b5 35010000 		.4byte	0x135
 1149 08b9 00       		.byte	0
 1150 08ba 0B       		.uleb128 0xb
 1151 08bb 04       		.byte	0x4
 1152 08bc 9C080000 		.4byte	0x89c
 1153 08c0 0A       		.uleb128 0xa
 1154 08c1 18       		.byte	0x18
 1155 08c2 11       		.byte	0x11
 1156 08c3 2A       		.byte	0x2a
 1157 08c4 11090000 		.4byte	0x911
 1158 08c8 08       		.uleb128 0x8
 1159 08c9 E4070000 		.4byte	.LASF129
 1160 08cd 11       		.byte	0x11
 1161 08ce 2F       		.byte	0x2f
 1162 08cf CD000000 		.4byte	0xcd
 1163 08d3 00       		.byte	0
 1164 08d4 08       		.uleb128 0x8
 1165 08d5 B4040000 		.4byte	.LASF130
 1166 08d9 11       		.byte	0x11
 1167 08da 31       		.byte	0x31
 1168 08db 11090000 		.4byte	0x911
 1169 08df 04       		.byte	0x4
 1170 08e0 08       		.uleb128 0x8
 1171 08e1 73030000 		.4byte	.LASF131
 1172 08e5 11       		.byte	0x11
 1173 08e6 32       		.byte	0x32
 1174 08e7 11090000 		.4byte	0x911
 1175 08eb 08       		.byte	0x8
 1176 08ec 08       		.uleb128 0x8
 1177 08ed FA030000 		.4byte	.LASF132
 1178 08f1 11       		.byte	0x11
 1179 08f2 33       		.byte	0x33
 1180 08f3 11090000 		.4byte	0x911
 1181 08f7 0C       		.byte	0xc
 1182 08f8 08       		.uleb128 0x8
 1183 08f9 BA040000 		.4byte	.LASF133
 1184 08fd 11       		.byte	0x11
 1185 08fe 34       		.byte	0x34
 1186 08ff 11090000 		.4byte	0x911
 1187 0903 10       		.byte	0x10
 1188 0904 08       		.uleb128 0x8
 1189 0905 90050000 		.4byte	.LASF134
 1190 0909 11       		.byte	0x11
 1191 090a 35       		.byte	0x35
 1192 090b 37000000 		.4byte	0x37
 1193 090f 14       		.byte	0x14
 1194 0910 00       		.byte	0
 1195 0911 0B       		.uleb128 0xb
 1196 0912 04       		.byte	0x4
 1197 0913 D8000000 		.4byte	0xd8
ARM GAS  /tmp/ccimLHEB.s 			page 22


 1198 0917 03       		.uleb128 0x3
 1199 0918 67030000 		.4byte	.LASF135
 1200 091c 11       		.byte	0x11
 1201 091d 37       		.byte	0x37
 1202 091e C0080000 		.4byte	0x8c0
 1203 0922 17       		.uleb128 0x17
 1204 0923 00       		.byte	0
 1205 0924 11       		.byte	0x11
 1206 0925 43       		.byte	0x43
 1207 0926 03       		.uleb128 0x3
 1208 0927 47080000 		.4byte	.LASF136
 1209 092b 11       		.byte	0x11
 1210 092c 45       		.byte	0x45
 1211 092d 22090000 		.4byte	0x922
 1212 0931 06       		.uleb128 0x6
 1213 0932 26090000 		.4byte	0x926
 1214 0936 0F       		.uleb128 0xf
 1215 0937 92040000 		.4byte	.LASF137
 1216 093b 11       		.byte	0x11
 1217 093c 6D       		.byte	0x6d
 1218 093d 17090000 		.4byte	0x917
 1219 0941 0F       		.uleb128 0xf
 1220 0942 A7050000 		.4byte	.LASF138
 1221 0946 11       		.byte	0x11
 1222 0947 6E       		.byte	0x6e
 1223 0948 17090000 		.4byte	0x917
 1224 094c 0F       		.uleb128 0xf
 1225 094d 59080000 		.4byte	.LASF139
 1226 0951 11       		.byte	0x11
 1227 0952 75       		.byte	0x75
 1228 0953 31090000 		.4byte	0x931
 1229 0957 18       		.uleb128 0x18
 1230 0958 01       		.byte	0x1
 1231 0959 55000000 		.4byte	0x55
 1232 095d 12       		.byte	0x12
 1233 095e 54       		.byte	0x54
 1234 095f 88090000 		.4byte	0x988
 1235 0963 19       		.uleb128 0x19
 1236 0964 76010000 		.4byte	.LASF140
 1237 0968 00       		.byte	0
 1238 0969 19       		.uleb128 0x19
 1239 096a 0D040000 		.4byte	.LASF141
 1240 096e 01       		.byte	0x1
 1241 096f 19       		.uleb128 0x19
 1242 0970 A7060000 		.4byte	.LASF142
 1243 0974 02       		.byte	0x2
 1244 0975 19       		.uleb128 0x19
 1245 0976 06020000 		.4byte	.LASF143
 1246 097a 03       		.byte	0x3
 1247 097b 19       		.uleb128 0x19
 1248 097c 3F060000 		.4byte	.LASF144
 1249 0980 04       		.byte	0x4
 1250 0981 19       		.uleb128 0x19
 1251 0982 E8050000 		.4byte	.LASF145
 1252 0986 05       		.byte	0x5
 1253 0987 00       		.byte	0
 1254 0988 03       		.uleb128 0x3
ARM GAS  /tmp/ccimLHEB.s 			page 23


 1255 0989 E4040000 		.4byte	.LASF146
 1256 098d 12       		.byte	0x12
 1257 098e 5B       		.byte	0x5b
 1258 098f 57090000 		.4byte	0x957
 1259 0993 03       		.uleb128 0x3
 1260 0994 B1060000 		.4byte	.LASF147
 1261 0998 13       		.byte	0x13
 1262 0999 38       		.byte	0x38
 1263 099a 9E090000 		.4byte	0x99e
 1264 099e 07       		.uleb128 0x7
 1265 099f B1060000 		.4byte	.LASF147
 1266 09a3 40       		.byte	0x40
 1267 09a4 13       		.byte	0x13
 1268 09a5 62       		.byte	0x62
 1269 09a6 470A0000 		.4byte	0xa47
 1270 09aa 08       		.uleb128 0x8
 1271 09ab 8B010000 		.4byte	.LASF148
 1272 09af 13       		.byte	0x13
 1273 09b0 64       		.byte	0x64
 1274 09b1 88090000 		.4byte	0x988
 1275 09b5 00       		.byte	0
 1276 09b6 08       		.uleb128 0x8
 1277 09b7 64060000 		.4byte	.LASF149
 1278 09bb 13       		.byte	0x13
 1279 09bc 66       		.byte	0x66
 1280 09bd 820A0000 		.4byte	0xa82
 1281 09c1 04       		.byte	0x4
 1282 09c2 08       		.uleb128 0x8
 1283 09c3 EC020000 		.4byte	.LASF150
 1284 09c7 13       		.byte	0x13
 1285 09c8 68       		.byte	0x68
 1286 09c9 470A0000 		.4byte	0xa47
 1287 09cd 08       		.byte	0x8
 1288 09ce 08       		.uleb128 0x8
 1289 09cf 06010000 		.4byte	.LASF151
 1290 09d3 13       		.byte	0x13
 1291 09d4 6A       		.byte	0x6a
 1292 09d5 880A0000 		.4byte	0xa88
 1293 09d9 0C       		.byte	0xc
 1294 09da 08       		.uleb128 0x8
 1295 09db 26050000 		.4byte	.LASF152
 1296 09df 13       		.byte	0x13
 1297 09e0 6D       		.byte	0x6d
 1298 09e1 9F040000 		.4byte	0x49f
 1299 09e5 10       		.byte	0x10
 1300 09e6 08       		.uleb128 0x8
 1301 09e7 A3010000 		.4byte	.LASF153
 1302 09eb 13       		.byte	0x13
 1303 09ec 77       		.byte	0x77
 1304 09ed 62020000 		.4byte	0x262
 1305 09f1 20       		.byte	0x20
 1306 09f2 08       		.uleb128 0x8
 1307 09f3 67010000 		.4byte	.LASF154
 1308 09f7 13       		.byte	0x13
 1309 09f8 7B       		.byte	0x7b
 1310 09f9 520A0000 		.4byte	0xa52
 1311 09fd 24       		.byte	0x24
ARM GAS  /tmp/ccimLHEB.s 			page 24


 1312 09fe 08       		.uleb128 0x8
 1313 09ff D6020000 		.4byte	.LASF155
 1314 0a03 13       		.byte	0x13
 1315 0a04 7F       		.byte	0x7f
 1316 0a05 60070000 		.4byte	0x760
 1317 0a09 28       		.byte	0x28
 1318 0a0a 08       		.uleb128 0x8
 1319 0a0b 7C080000 		.4byte	.LASF156
 1320 0a0f 13       		.byte	0x13
 1321 0a10 83       		.byte	0x83
 1322 0a11 2C000000 		.4byte	0x2c
 1323 0a15 2C       		.byte	0x2c
 1324 0a16 08       		.uleb128 0x8
 1325 0a17 9A070000 		.4byte	.LASF157
 1326 0a1b 13       		.byte	0x13
 1327 0a1c 87       		.byte	0x87
 1328 0a1d 2C000000 		.4byte	0x2c
 1329 0a21 30       		.byte	0x30
 1330 0a22 08       		.uleb128 0x8
 1331 0a23 65000000 		.4byte	.LASF158
 1332 0a27 13       		.byte	0x13
 1333 0a28 8B       		.byte	0x8b
 1334 0a29 2B070000 		.4byte	0x72b
 1335 0a2d 34       		.byte	0x34
 1336 0a2e 08       		.uleb128 0x8
 1337 0a2f 67040000 		.4byte	.LASF159
 1338 0a33 13       		.byte	0x13
 1339 0a34 8F       		.byte	0x8f
 1340 0a35 2C000000 		.4byte	0x2c
 1341 0a39 38       		.byte	0x38
 1342 0a3a 08       		.uleb128 0x8
 1343 0a3b DF010000 		.4byte	.LASF160
 1344 0a3f 13       		.byte	0x13
 1345 0a40 93       		.byte	0x93
 1346 0a41 2C000000 		.4byte	0x2c
 1347 0a45 3C       		.byte	0x3c
 1348 0a46 00       		.byte	0
 1349 0a47 03       		.uleb128 0x3
 1350 0a48 1B050000 		.4byte	.LASF161
 1351 0a4c 13       		.byte	0x13
 1352 0a4d 42       		.byte	0x42
 1353 0a4e CD000000 		.4byte	0xcd
 1354 0a52 03       		.uleb128 0x3
 1355 0a53 81010000 		.4byte	.LASF162
 1356 0a57 13       		.byte	0x13
 1357 0a58 48       		.byte	0x48
 1358 0a59 B7000000 		.4byte	0xb7
 1359 0a5d 0A       		.uleb128 0xa
 1360 0a5e 04       		.byte	0x4
 1361 0a5f 13       		.byte	0x13
 1362 0a60 57       		.byte	0x57
 1363 0a61 720A0000 		.4byte	0xa72
 1364 0a65 08       		.uleb128 0x8
 1365 0a66 4A040000 		.4byte	.LASF163
 1366 0a6a 13       		.byte	0x13
 1367 0a6b 59       		.byte	0x59
 1368 0a6c CD000000 		.4byte	0xcd
ARM GAS  /tmp/ccimLHEB.s 			page 25


 1369 0a70 00       		.byte	0
 1370 0a71 00       		.byte	0
 1371 0a72 03       		.uleb128 0x3
 1372 0a73 86070000 		.4byte	.LASF164
 1373 0a77 13       		.byte	0x13
 1374 0a78 5B       		.byte	0x5b
 1375 0a79 5D0A0000 		.4byte	0xa5d
 1376 0a7d 06       		.uleb128 0x6
 1377 0a7e 720A0000 		.4byte	0xa72
 1378 0a82 0B       		.uleb128 0xb
 1379 0a83 04       		.byte	0x4
 1380 0a84 7D0A0000 		.4byte	0xa7d
 1381 0a88 0B       		.uleb128 0xb
 1382 0a89 04       		.byte	0x4
 1383 0a8a 33080000 		.4byte	0x833
 1384 0a8e 0F       		.uleb128 0xf
 1385 0a8f B0020000 		.4byte	.LASF165
 1386 0a93 13       		.byte	0x13
 1387 0a94 A6       		.byte	0xa6
 1388 0a95 93090000 		.4byte	0x993
 1389 0a99 18       		.uleb128 0x18
 1390 0a9a 01       		.byte	0x1
 1391 0a9b 55000000 		.4byte	0x55
 1392 0a9f 14       		.byte	0x14
 1393 0aa0 5D       		.byte	0x5d
 1394 0aa1 B80A0000 		.4byte	0xab8
 1395 0aa5 19       		.uleb128 0x19
 1396 0aa6 FE050000 		.4byte	.LASF166
 1397 0aaa 00       		.byte	0
 1398 0aab 19       		.uleb128 0x19
 1399 0aac 57010000 		.4byte	.LASF167
 1400 0ab0 01       		.byte	0x1
 1401 0ab1 19       		.uleb128 0x19
 1402 0ab2 55070000 		.4byte	.LASF168
 1403 0ab6 02       		.byte	0x2
 1404 0ab7 00       		.byte	0
 1405 0ab8 03       		.uleb128 0x3
 1406 0ab9 90070000 		.4byte	.LASF169
 1407 0abd 14       		.byte	0x14
 1408 0abe 61       		.byte	0x61
 1409 0abf 990A0000 		.4byte	0xa99
 1410 0ac3 03       		.uleb128 0x3
 1411 0ac4 32060000 		.4byte	.LASF170
 1412 0ac8 14       		.byte	0x14
 1413 0ac9 66       		.byte	0x66
 1414 0aca CE0A0000 		.4byte	0xace
 1415 0ace 07       		.uleb128 0x7
 1416 0acf 32060000 		.4byte	.LASF170
 1417 0ad3 74       		.byte	0x74
 1418 0ad4 14       		.byte	0x14
 1419 0ad5 80       		.byte	0x80
 1420 0ad6 2D0B0000 		.4byte	0xb2d
 1421 0ada 09       		.uleb128 0x9
 1422 0adb 766D7400 		.ascii	"vmt\000"
 1423 0adf 14       		.byte	0x14
 1424 0ae0 82       		.byte	0x82
 1425 0ae1 AA0B0000 		.4byte	0xbaa
ARM GAS  /tmp/ccimLHEB.s 			page 26


 1426 0ae5 00       		.byte	0
 1427 0ae6 08       		.uleb128 0x8
 1428 0ae7 46030000 		.4byte	.LASF171
 1429 0aeb 14       		.byte	0x14
 1430 0aec 83       		.byte	0x83
 1431 0aed 11050000 		.4byte	0x511
 1432 0af1 04       		.byte	0x4
 1433 0af2 08       		.uleb128 0x8
 1434 0af3 8B010000 		.4byte	.LASF148
 1435 0af7 14       		.byte	0x14
 1436 0af8 83       		.byte	0x83
 1437 0af9 B80A0000 		.4byte	0xab8
 1438 0afd 08       		.byte	0x8
 1439 0afe 08       		.uleb128 0x8
 1440 0aff F3020000 		.4byte	.LASF172
 1441 0b03 14       		.byte	0x14
 1442 0b04 83       		.byte	0x83
 1443 0b05 31070000 		.4byte	0x731
 1444 0b09 0C       		.byte	0xc
 1445 0b0a 08       		.uleb128 0x8
 1446 0b0b 7F030000 		.4byte	.LASF173
 1447 0b0f 14       		.byte	0x14
 1448 0b10 83       		.byte	0x83
 1449 0b11 3C070000 		.4byte	0x73c
 1450 0b15 30       		.byte	0x30
 1451 0b16 09       		.uleb128 0x9
 1452 0b17 696200   		.ascii	"ib\000"
 1453 0b1a 14       		.byte	0x14
 1454 0b1b 83       		.byte	0x83
 1455 0b1c B00B0000 		.4byte	0xbb0
 1456 0b20 54       		.byte	0x54
 1457 0b21 09       		.uleb128 0x9
 1458 0b22 6F6200   		.ascii	"ob\000"
 1459 0b25 14       		.byte	0x14
 1460 0b26 83       		.byte	0x83
 1461 0b27 B00B0000 		.4byte	0xbb0
 1462 0b2b 64       		.byte	0x64
 1463 0b2c 00       		.byte	0
 1464 0b2d 1A       		.uleb128 0x1a
 1465 0b2e 53443100 		.ascii	"SD1\000"
 1466 0b32 17       		.byte	0x17
 1467 0b33 62       		.byte	0x62
 1468 0b34 C30A0000 		.4byte	0xac3
 1469 0b38 07       		.uleb128 0x7
 1470 0b39 DC020000 		.4byte	.LASF174
 1471 0b3d 20       		.byte	0x20
 1472 0b3e 14       		.byte	0x14
 1473 0b3f 75       		.byte	0x75
 1474 0b40 A50B0000 		.4byte	0xba5
 1475 0b44 08       		.uleb128 0x8
 1476 0b45 2B000000 		.4byte	.LASF175
 1477 0b49 14       		.byte	0x14
 1478 0b4a 76       		.byte	0x76
 1479 0b4b 66070000 		.4byte	0x766
 1480 0b4f 00       		.byte	0
 1481 0b50 08       		.uleb128 0x8
 1482 0b51 4D060000 		.4byte	.LASF176
ARM GAS  /tmp/ccimLHEB.s 			page 27


 1483 0b55 14       		.byte	0x14
 1484 0b56 76       		.byte	0x76
 1485 0b57 85070000 		.4byte	0x785
 1486 0b5b 04       		.byte	0x4
 1487 0b5c 09       		.uleb128 0x9
 1488 0b5d 70757400 		.ascii	"put\000"
 1489 0b61 14       		.byte	0x14
 1490 0b62 76       		.byte	0x76
 1491 0b63 9F070000 		.4byte	0x79f
 1492 0b67 08       		.byte	0x8
 1493 0b68 09       		.uleb128 0x9
 1494 0b69 67657400 		.ascii	"get\000"
 1495 0b6d 14       		.byte	0x14
 1496 0b6e 76       		.byte	0x76
 1497 0b6f 69050000 		.4byte	0x569
 1498 0b73 0C       		.byte	0xc
 1499 0b74 08       		.uleb128 0x8
 1500 0b75 00040000 		.4byte	.LASF177
 1501 0b79 14       		.byte	0x14
 1502 0b7a 76       		.byte	0x76
 1503 0b7b 58080000 		.4byte	0x858
 1504 0b7f 10       		.byte	0x10
 1505 0b80 08       		.uleb128 0x8
 1506 0b81 15030000 		.4byte	.LASF178
 1507 0b85 14       		.byte	0x14
 1508 0b86 76       		.byte	0x76
 1509 0b87 72080000 		.4byte	0x872
 1510 0b8b 14       		.byte	0x14
 1511 0b8c 08       		.uleb128 0x8
 1512 0b8d 96030000 		.4byte	.LASF179
 1513 0b91 14       		.byte	0x14
 1514 0b92 76       		.byte	0x76
 1515 0b93 96080000 		.4byte	0x896
 1516 0b97 18       		.byte	0x18
 1517 0b98 08       		.uleb128 0x8
 1518 0b99 00010000 		.4byte	.LASF180
 1519 0b9d 14       		.byte	0x14
 1520 0b9e 76       		.byte	0x76
 1521 0b9f BA080000 		.4byte	0x8ba
 1522 0ba3 1C       		.byte	0x1c
 1523 0ba4 00       		.byte	0
 1524 0ba5 06       		.uleb128 0x6
 1525 0ba6 380B0000 		.4byte	0xb38
 1526 0baa 0B       		.uleb128 0xb
 1527 0bab 04       		.byte	0x4
 1528 0bac A50B0000 		.4byte	0xba5
 1529 0bb0 13       		.uleb128 0x13
 1530 0bb1 A7000000 		.4byte	0xa7
 1531 0bb5 C00B0000 		.4byte	0xbc0
 1532 0bb9 14       		.uleb128 0x14
 1533 0bba 6F060000 		.4byte	0x66f
 1534 0bbe 0F       		.byte	0xf
 1535 0bbf 00       		.byte	0
 1536 0bc0 18       		.uleb128 0x18
 1537 0bc1 01       		.byte	0x1
 1538 0bc2 55000000 		.4byte	0x55
 1539 0bc6 15       		.byte	0x15
ARM GAS  /tmp/ccimLHEB.s 			page 28


 1540 0bc7 4E       		.byte	0x4e
 1541 0bc8 EB0B0000 		.4byte	0xbeb
 1542 0bcc 19       		.uleb128 0x19
 1543 0bcd 68070000 		.4byte	.LASF181
 1544 0bd1 00       		.byte	0
 1545 0bd2 19       		.uleb128 0x19
 1546 0bd3 41010000 		.4byte	.LASF182
 1547 0bd7 01       		.byte	0x1
 1548 0bd8 19       		.uleb128 0x19
 1549 0bd9 5E070000 		.4byte	.LASF183
 1550 0bdd 02       		.byte	0x2
 1551 0bde 19       		.uleb128 0x19
 1552 0bdf 47000000 		.4byte	.LASF184
 1553 0be3 03       		.byte	0x3
 1554 0be4 19       		.uleb128 0x19
 1555 0be5 57060000 		.4byte	.LASF185
 1556 0be9 04       		.byte	0x4
 1557 0bea 00       		.byte	0
 1558 0beb 03       		.uleb128 0x3
 1559 0bec 76060000 		.4byte	.LASF186
 1560 0bf0 15       		.byte	0x15
 1561 0bf1 54       		.byte	0x54
 1562 0bf2 C00B0000 		.4byte	0xbc0
 1563 0bf6 03       		.uleb128 0x3
 1564 0bf7 D9000000 		.4byte	.LASF187
 1565 0bfb 16       		.byte	0x16
 1566 0bfc 35       		.byte	0x35
 1567 0bfd 010C0000 		.4byte	0xc01
 1568 0c01 07       		.uleb128 0x7
 1569 0c02 D9000000 		.4byte	.LASF187
 1570 0c06 28       		.byte	0x28
 1571 0c07 16       		.byte	0x16
 1572 0c08 7C       		.byte	0x7c
 1573 0c09 620C0000 		.4byte	0xc62
 1574 0c0d 08       		.uleb128 0x8
 1575 0c0e 8B010000 		.4byte	.LASF148
 1576 0c12 16       		.byte	0x16
 1577 0c13 80       		.byte	0x80
 1578 0c14 EB0B0000 		.4byte	0xbeb
 1579 0c18 00       		.byte	0
 1580 0c19 08       		.uleb128 0x8
 1581 0c1a 64060000 		.4byte	.LASF149
 1582 0c1e 16       		.byte	0x16
 1583 0c1f 84       		.byte	0x84
 1584 0c20 090D0000 		.4byte	0xd09
 1585 0c24 04       		.byte	0x4
 1586 0c25 08       		.uleb128 0x8
 1587 0c26 A3010000 		.4byte	.LASF153
 1588 0c2a 16       		.byte	0x16
 1589 0c2b 89       		.byte	0x89
 1590 0c2c 62020000 		.4byte	0x262
 1591 0c30 08       		.byte	0x8
 1592 0c31 08       		.uleb128 0x8
 1593 0c32 26050000 		.4byte	.LASF152
 1594 0c36 16       		.byte	0x16
 1595 0c37 90       		.byte	0x90
 1596 0c38 9F040000 		.4byte	0x49f
ARM GAS  /tmp/ccimLHEB.s 			page 29


 1597 0c3c 0C       		.byte	0xc
 1598 0c3d 08       		.uleb128 0x8
 1599 0c3e 65000000 		.4byte	.LASF158
 1600 0c42 16       		.byte	0x16
 1601 0c43 98       		.byte	0x98
 1602 0c44 A9020000 		.4byte	0x2a9
 1603 0c48 1C       		.byte	0x1c
 1604 0c49 08       		.uleb128 0x8
 1605 0c4a D6020000 		.4byte	.LASF155
 1606 0c4e 16       		.byte	0x16
 1607 0c4f 9D       		.byte	0x9d
 1608 0c50 0F0D0000 		.4byte	0xd0f
 1609 0c54 20       		.byte	0x20
 1610 0c55 08       		.uleb128 0x8
 1611 0c56 3F020000 		.4byte	.LASF188
 1612 0c5a 16       		.byte	0x16
 1613 0c5b A2       		.byte	0xa2
 1614 0c5c 2C000000 		.4byte	0x2c
 1615 0c60 24       		.byte	0x24
 1616 0c61 00       		.byte	0
 1617 0c62 03       		.uleb128 0x3
 1618 0c63 A2020000 		.4byte	.LASF189
 1619 0c67 16       		.byte	0x16
 1620 0c68 3D       		.byte	0x3d
 1621 0c69 6D0C0000 		.4byte	0xc6d
 1622 0c6d 0B       		.uleb128 0xb
 1623 0c6e 04       		.byte	0x4
 1624 0c6f 730C0000 		.4byte	0xc73
 1625 0c73 0D       		.uleb128 0xd
 1626 0c74 7E0C0000 		.4byte	0xc7e
 1627 0c78 0E       		.uleb128 0xe
 1628 0c79 7E0C0000 		.4byte	0xc7e
 1629 0c7d 00       		.byte	0
 1630 0c7e 0B       		.uleb128 0xb
 1631 0c7f 04       		.byte	0x4
 1632 0c80 F60B0000 		.4byte	0xbf6
 1633 0c84 0A       		.uleb128 0xa
 1634 0c85 10       		.byte	0x10
 1635 0c86 16       		.byte	0x16
 1636 0c87 44       		.byte	0x44
 1637 0c88 F90C0000 		.4byte	0xcf9
 1638 0c8c 08       		.uleb128 0x8
 1639 0c8d 38020000 		.4byte	.LASF190
 1640 0c91 16       		.byte	0x16
 1641 0c92 48       		.byte	0x48
 1642 0c93 620C0000 		.4byte	0xc62
 1643 0c97 00       		.byte	0
 1644 0c98 08       		.uleb128 0x8
 1645 0c99 C3040000 		.4byte	.LASF191
 1646 0c9d 16       		.byte	0x16
 1647 0c9e 4F       		.byte	0x4f
 1648 0c9f A7000000 		.4byte	0xa7
 1649 0ca3 04       		.byte	0x4
 1650 0ca4 08       		.uleb128 0x8
 1651 0ca5 D0040000 		.4byte	.LASF192
 1652 0ca9 16       		.byte	0x16
 1653 0caa 52       		.byte	0x52
ARM GAS  /tmp/ccimLHEB.s 			page 30


 1654 0cab A7000000 		.4byte	0xa7
 1655 0caf 05       		.byte	0x5
 1656 0cb0 08       		.uleb128 0x8
 1657 0cb1 31030000 		.4byte	.LASF193
 1658 0cb5 16       		.byte	0x16
 1659 0cb6 58       		.byte	0x58
 1660 0cb7 A7000000 		.4byte	0xa7
 1661 0cbb 06       		.byte	0x6
 1662 0cbc 08       		.uleb128 0x8
 1663 0cbd 45020000 		.4byte	.LASF194
 1664 0cc1 16       		.byte	0x16
 1665 0cc2 5E       		.byte	0x5e
 1666 0cc3 A7000000 		.4byte	0xa7
 1667 0cc7 07       		.byte	0x7
 1668 0cc8 08       		.uleb128 0x8
 1669 0cc9 5B020000 		.4byte	.LASF195
 1670 0ccd 16       		.byte	0x16
 1671 0cce 64       		.byte	0x64
 1672 0ccf A7000000 		.4byte	0xa7
 1673 0cd3 08       		.byte	0x8
 1674 0cd4 08       		.uleb128 0x8
 1675 0cd5 D0010000 		.4byte	.LASF196
 1676 0cd9 16       		.byte	0x16
 1677 0cda 6A       		.byte	0x6a
 1678 0cdb A7000000 		.4byte	0xa7
 1679 0cdf 09       		.byte	0x9
 1680 0ce0 08       		.uleb128 0x8
 1681 0ce1 14020000 		.4byte	.LASF197
 1682 0ce5 16       		.byte	0x16
 1683 0ce6 70       		.byte	0x70
 1684 0ce7 A7000000 		.4byte	0xa7
 1685 0ceb 0A       		.byte	0xa
 1686 0cec 08       		.uleb128 0x8
 1687 0ced CD050000 		.4byte	.LASF198
 1688 0cf1 16       		.byte	0x16
 1689 0cf2 73       		.byte	0x73
 1690 0cf3 CD000000 		.4byte	0xcd
 1691 0cf7 0C       		.byte	0xc
 1692 0cf8 00       		.byte	0
 1693 0cf9 03       		.uleb128 0x3
 1694 0cfa 19080000 		.4byte	.LASF199
 1695 0cfe 16       		.byte	0x16
 1696 0cff 75       		.byte	0x75
 1697 0d00 840C0000 		.4byte	0xc84
 1698 0d04 06       		.uleb128 0x6
 1699 0d05 F90C0000 		.4byte	0xcf9
 1700 0d09 0B       		.uleb128 0xb
 1701 0d0a 04       		.byte	0x4
 1702 0d0b 040D0000 		.4byte	0xd04
 1703 0d0f 0B       		.uleb128 0xb
 1704 0d10 04       		.byte	0x4
 1705 0d11 150D0000 		.4byte	0xd15
 1706 0d15 1B       		.uleb128 0x1b
 1707 0d16 0F       		.uleb128 0xf
 1708 0d17 F7010000 		.4byte	.LASF200
 1709 0d1b 16       		.byte	0x16
 1710 0d1c B6       		.byte	0xb6
ARM GAS  /tmp/ccimLHEB.s 			page 31


 1711 0d1d F60B0000 		.4byte	0xbf6
 1712 0d21 1C       		.uleb128 0x1c
 1713 0d22 4C090000 		.4byte	0x94c
 1714 0d26 01       		.byte	0x1
 1715 0d27 1D       		.byte	0x1d
 1716 0d28 05       		.uleb128 0x5
 1717 0d29 03       		.byte	0x3
 1718 0d2a 00000000 		.4byte	pal_default_config
 1719 0d2e 1D       		.uleb128 0x1d
 1720 0d2f CC070000 		.4byte	.LASF204
 1721 0d33 01       		.byte	0x1
 1722 0d34 26       		.byte	0x26
 1723 0d35 00000000 		.4byte	.LFB7
 1724 0d39 04000000 		.4byte	.LFE7-.LFB7
 1725 0d3d 01       		.uleb128 0x1
 1726 0d3e 9C       		.byte	0x9c
 1727 0d3f 00       		.byte	0
 1728              		.section	.debug_abbrev,"",%progbits
 1729              	.Ldebug_abbrev0:
 1730 0000 01       		.uleb128 0x1
 1731 0001 11       		.uleb128 0x11
 1732 0002 01       		.byte	0x1
 1733 0003 25       		.uleb128 0x25
 1734 0004 0E       		.uleb128 0xe
 1735 0005 13       		.uleb128 0x13
 1736 0006 0B       		.uleb128 0xb
 1737 0007 03       		.uleb128 0x3
 1738 0008 0E       		.uleb128 0xe
 1739 0009 1B       		.uleb128 0x1b
 1740 000a 0E       		.uleb128 0xe
 1741 000b 55       		.uleb128 0x55
 1742 000c 17       		.uleb128 0x17
 1743 000d 11       		.uleb128 0x11
 1744 000e 01       		.uleb128 0x1
 1745 000f 10       		.uleb128 0x10
 1746 0010 17       		.uleb128 0x17
 1747 0011 00       		.byte	0
 1748 0012 00       		.byte	0
 1749 0013 02       		.uleb128 0x2
 1750 0014 24       		.uleb128 0x24
 1751 0015 00       		.byte	0
 1752 0016 0B       		.uleb128 0xb
 1753 0017 0B       		.uleb128 0xb
 1754 0018 3E       		.uleb128 0x3e
 1755 0019 0B       		.uleb128 0xb
 1756 001a 03       		.uleb128 0x3
 1757 001b 08       		.uleb128 0x8
 1758 001c 00       		.byte	0
 1759 001d 00       		.byte	0
 1760 001e 03       		.uleb128 0x3
 1761 001f 16       		.uleb128 0x16
 1762 0020 00       		.byte	0
 1763 0021 03       		.uleb128 0x3
 1764 0022 0E       		.uleb128 0xe
 1765 0023 3A       		.uleb128 0x3a
 1766 0024 0B       		.uleb128 0xb
 1767 0025 3B       		.uleb128 0x3b
ARM GAS  /tmp/ccimLHEB.s 			page 32


 1768 0026 0B       		.uleb128 0xb
 1769 0027 49       		.uleb128 0x49
 1770 0028 13       		.uleb128 0x13
 1771 0029 00       		.byte	0
 1772 002a 00       		.byte	0
 1773 002b 04       		.uleb128 0x4
 1774 002c 24       		.uleb128 0x24
 1775 002d 00       		.byte	0
 1776 002e 0B       		.uleb128 0xb
 1777 002f 0B       		.uleb128 0xb
 1778 0030 3E       		.uleb128 0x3e
 1779 0031 0B       		.uleb128 0xb
 1780 0032 03       		.uleb128 0x3
 1781 0033 0E       		.uleb128 0xe
 1782 0034 00       		.byte	0
 1783 0035 00       		.byte	0
 1784 0036 05       		.uleb128 0x5
 1785 0037 35       		.uleb128 0x35
 1786 0038 00       		.byte	0
 1787 0039 49       		.uleb128 0x49
 1788 003a 13       		.uleb128 0x13
 1789 003b 00       		.byte	0
 1790 003c 00       		.byte	0
 1791 003d 06       		.uleb128 0x6
 1792 003e 26       		.uleb128 0x26
 1793 003f 00       		.byte	0
 1794 0040 49       		.uleb128 0x49
 1795 0041 13       		.uleb128 0x13
 1796 0042 00       		.byte	0
 1797 0043 00       		.byte	0
 1798 0044 07       		.uleb128 0x7
 1799 0045 13       		.uleb128 0x13
 1800 0046 01       		.byte	0x1
 1801 0047 03       		.uleb128 0x3
 1802 0048 0E       		.uleb128 0xe
 1803 0049 0B       		.uleb128 0xb
 1804 004a 0B       		.uleb128 0xb
 1805 004b 3A       		.uleb128 0x3a
 1806 004c 0B       		.uleb128 0xb
 1807 004d 3B       		.uleb128 0x3b
 1808 004e 0B       		.uleb128 0xb
 1809 004f 01       		.uleb128 0x1
 1810 0050 13       		.uleb128 0x13
 1811 0051 00       		.byte	0
 1812 0052 00       		.byte	0
 1813 0053 08       		.uleb128 0x8
 1814 0054 0D       		.uleb128 0xd
 1815 0055 00       		.byte	0
 1816 0056 03       		.uleb128 0x3
 1817 0057 0E       		.uleb128 0xe
 1818 0058 3A       		.uleb128 0x3a
 1819 0059 0B       		.uleb128 0xb
 1820 005a 3B       		.uleb128 0x3b
 1821 005b 0B       		.uleb128 0xb
 1822 005c 49       		.uleb128 0x49
 1823 005d 13       		.uleb128 0x13
 1824 005e 38       		.uleb128 0x38
ARM GAS  /tmp/ccimLHEB.s 			page 33


 1825 005f 0B       		.uleb128 0xb
 1826 0060 00       		.byte	0
 1827 0061 00       		.byte	0
 1828 0062 09       		.uleb128 0x9
 1829 0063 0D       		.uleb128 0xd
 1830 0064 00       		.byte	0
 1831 0065 03       		.uleb128 0x3
 1832 0066 08       		.uleb128 0x8
 1833 0067 3A       		.uleb128 0x3a
 1834 0068 0B       		.uleb128 0xb
 1835 0069 3B       		.uleb128 0x3b
 1836 006a 0B       		.uleb128 0xb
 1837 006b 49       		.uleb128 0x49
 1838 006c 13       		.uleb128 0x13
 1839 006d 38       		.uleb128 0x38
 1840 006e 0B       		.uleb128 0xb
 1841 006f 00       		.byte	0
 1842 0070 00       		.byte	0
 1843 0071 0A       		.uleb128 0xa
 1844 0072 13       		.uleb128 0x13
 1845 0073 01       		.byte	0x1
 1846 0074 0B       		.uleb128 0xb
 1847 0075 0B       		.uleb128 0xb
 1848 0076 3A       		.uleb128 0x3a
 1849 0077 0B       		.uleb128 0xb
 1850 0078 3B       		.uleb128 0x3b
 1851 0079 0B       		.uleb128 0xb
 1852 007a 01       		.uleb128 0x1
 1853 007b 13       		.uleb128 0x13
 1854 007c 00       		.byte	0
 1855 007d 00       		.byte	0
 1856 007e 0B       		.uleb128 0xb
 1857 007f 0F       		.uleb128 0xf
 1858 0080 00       		.byte	0
 1859 0081 0B       		.uleb128 0xb
 1860 0082 0B       		.uleb128 0xb
 1861 0083 49       		.uleb128 0x49
 1862 0084 13       		.uleb128 0x13
 1863 0085 00       		.byte	0
 1864 0086 00       		.byte	0
 1865 0087 0C       		.uleb128 0xc
 1866 0088 0F       		.uleb128 0xf
 1867 0089 00       		.byte	0
 1868 008a 0B       		.uleb128 0xb
 1869 008b 0B       		.uleb128 0xb
 1870 008c 00       		.byte	0
 1871 008d 00       		.byte	0
 1872 008e 0D       		.uleb128 0xd
 1873 008f 15       		.uleb128 0x15
 1874 0090 01       		.byte	0x1
 1875 0091 27       		.uleb128 0x27
 1876 0092 19       		.uleb128 0x19
 1877 0093 01       		.uleb128 0x1
 1878 0094 13       		.uleb128 0x13
 1879 0095 00       		.byte	0
 1880 0096 00       		.byte	0
 1881 0097 0E       		.uleb128 0xe
ARM GAS  /tmp/ccimLHEB.s 			page 34


 1882 0098 05       		.uleb128 0x5
 1883 0099 00       		.byte	0
 1884 009a 49       		.uleb128 0x49
 1885 009b 13       		.uleb128 0x13
 1886 009c 00       		.byte	0
 1887 009d 00       		.byte	0
 1888 009e 0F       		.uleb128 0xf
 1889 009f 34       		.uleb128 0x34
 1890 00a0 00       		.byte	0
 1891 00a1 03       		.uleb128 0x3
 1892 00a2 0E       		.uleb128 0xe
 1893 00a3 3A       		.uleb128 0x3a
 1894 00a4 0B       		.uleb128 0xb
 1895 00a5 3B       		.uleb128 0x3b
 1896 00a6 0B       		.uleb128 0xb
 1897 00a7 49       		.uleb128 0x49
 1898 00a8 13       		.uleb128 0x13
 1899 00a9 3F       		.uleb128 0x3f
 1900 00aa 19       		.uleb128 0x19
 1901 00ab 3C       		.uleb128 0x3c
 1902 00ac 19       		.uleb128 0x19
 1903 00ad 00       		.byte	0
 1904 00ae 00       		.byte	0
 1905 00af 10       		.uleb128 0x10
 1906 00b0 17       		.uleb128 0x17
 1907 00b1 01       		.byte	0x1
 1908 00b2 0B       		.uleb128 0xb
 1909 00b3 0B       		.uleb128 0xb
 1910 00b4 3A       		.uleb128 0x3a
 1911 00b5 0B       		.uleb128 0xb
 1912 00b6 3B       		.uleb128 0x3b
 1913 00b7 0B       		.uleb128 0xb
 1914 00b8 01       		.uleb128 0x1
 1915 00b9 13       		.uleb128 0x13
 1916 00ba 00       		.byte	0
 1917 00bb 00       		.byte	0
 1918 00bc 11       		.uleb128 0x11
 1919 00bd 0D       		.uleb128 0xd
 1920 00be 00       		.byte	0
 1921 00bf 03       		.uleb128 0x3
 1922 00c0 0E       		.uleb128 0xe
 1923 00c1 3A       		.uleb128 0x3a
 1924 00c2 0B       		.uleb128 0xb
 1925 00c3 3B       		.uleb128 0x3b
 1926 00c4 0B       		.uleb128 0xb
 1927 00c5 49       		.uleb128 0x49
 1928 00c6 13       		.uleb128 0x13
 1929 00c7 00       		.byte	0
 1930 00c8 00       		.byte	0
 1931 00c9 12       		.uleb128 0x12
 1932 00ca 15       		.uleb128 0x15
 1933 00cb 01       		.byte	0x1
 1934 00cc 27       		.uleb128 0x27
 1935 00cd 19       		.uleb128 0x19
 1936 00ce 49       		.uleb128 0x49
 1937 00cf 13       		.uleb128 0x13
 1938 00d0 01       		.uleb128 0x1
ARM GAS  /tmp/ccimLHEB.s 			page 35


 1939 00d1 13       		.uleb128 0x13
 1940 00d2 00       		.byte	0
 1941 00d3 00       		.byte	0
 1942 00d4 13       		.uleb128 0x13
 1943 00d5 01       		.uleb128 0x1
 1944 00d6 01       		.byte	0x1
 1945 00d7 49       		.uleb128 0x49
 1946 00d8 13       		.uleb128 0x13
 1947 00d9 01       		.uleb128 0x1
 1948 00da 13       		.uleb128 0x13
 1949 00db 00       		.byte	0
 1950 00dc 00       		.byte	0
 1951 00dd 14       		.uleb128 0x14
 1952 00de 21       		.uleb128 0x21
 1953 00df 00       		.byte	0
 1954 00e0 49       		.uleb128 0x49
 1955 00e1 13       		.uleb128 0x13
 1956 00e2 2F       		.uleb128 0x2f
 1957 00e3 0B       		.uleb128 0xb
 1958 00e4 00       		.byte	0
 1959 00e5 00       		.byte	0
 1960 00e6 15       		.uleb128 0x15
 1961 00e7 0D       		.uleb128 0xd
 1962 00e8 00       		.byte	0
 1963 00e9 03       		.uleb128 0x3
 1964 00ea 0E       		.uleb128 0xe
 1965 00eb 3A       		.uleb128 0x3a
 1966 00ec 0B       		.uleb128 0xb
 1967 00ed 3B       		.uleb128 0x3b
 1968 00ee 05       		.uleb128 0x5
 1969 00ef 49       		.uleb128 0x49
 1970 00f0 13       		.uleb128 0x13
 1971 00f1 38       		.uleb128 0x38
 1972 00f2 0B       		.uleb128 0xb
 1973 00f3 00       		.byte	0
 1974 00f4 00       		.byte	0
 1975 00f5 16       		.uleb128 0x16
 1976 00f6 16       		.uleb128 0x16
 1977 00f7 00       		.byte	0
 1978 00f8 03       		.uleb128 0x3
 1979 00f9 0E       		.uleb128 0xe
 1980 00fa 3A       		.uleb128 0x3a
 1981 00fb 0B       		.uleb128 0xb
 1982 00fc 3B       		.uleb128 0x3b
 1983 00fd 05       		.uleb128 0x5
 1984 00fe 49       		.uleb128 0x49
 1985 00ff 13       		.uleb128 0x13
 1986 0100 00       		.byte	0
 1987 0101 00       		.byte	0
 1988 0102 17       		.uleb128 0x17
 1989 0103 13       		.uleb128 0x13
 1990 0104 00       		.byte	0
 1991 0105 0B       		.uleb128 0xb
 1992 0106 0B       		.uleb128 0xb
 1993 0107 3A       		.uleb128 0x3a
 1994 0108 0B       		.uleb128 0xb
 1995 0109 3B       		.uleb128 0x3b
ARM GAS  /tmp/ccimLHEB.s 			page 36


 1996 010a 0B       		.uleb128 0xb
 1997 010b 00       		.byte	0
 1998 010c 00       		.byte	0
 1999 010d 18       		.uleb128 0x18
 2000 010e 04       		.uleb128 0x4
 2001 010f 01       		.byte	0x1
 2002 0110 0B       		.uleb128 0xb
 2003 0111 0B       		.uleb128 0xb
 2004 0112 49       		.uleb128 0x49
 2005 0113 13       		.uleb128 0x13
 2006 0114 3A       		.uleb128 0x3a
 2007 0115 0B       		.uleb128 0xb
 2008 0116 3B       		.uleb128 0x3b
 2009 0117 0B       		.uleb128 0xb
 2010 0118 01       		.uleb128 0x1
 2011 0119 13       		.uleb128 0x13
 2012 011a 00       		.byte	0
 2013 011b 00       		.byte	0
 2014 011c 19       		.uleb128 0x19
 2015 011d 28       		.uleb128 0x28
 2016 011e 00       		.byte	0
 2017 011f 03       		.uleb128 0x3
 2018 0120 0E       		.uleb128 0xe
 2019 0121 1C       		.uleb128 0x1c
 2020 0122 0B       		.uleb128 0xb
 2021 0123 00       		.byte	0
 2022 0124 00       		.byte	0
 2023 0125 1A       		.uleb128 0x1a
 2024 0126 34       		.uleb128 0x34
 2025 0127 00       		.byte	0
 2026 0128 03       		.uleb128 0x3
 2027 0129 08       		.uleb128 0x8
 2028 012a 3A       		.uleb128 0x3a
 2029 012b 0B       		.uleb128 0xb
 2030 012c 3B       		.uleb128 0x3b
 2031 012d 0B       		.uleb128 0xb
 2032 012e 49       		.uleb128 0x49
 2033 012f 13       		.uleb128 0x13
 2034 0130 3F       		.uleb128 0x3f
 2035 0131 19       		.uleb128 0x19
 2036 0132 3C       		.uleb128 0x3c
 2037 0133 19       		.uleb128 0x19
 2038 0134 00       		.byte	0
 2039 0135 00       		.byte	0
 2040 0136 1B       		.uleb128 0x1b
 2041 0137 26       		.uleb128 0x26
 2042 0138 00       		.byte	0
 2043 0139 00       		.byte	0
 2044 013a 00       		.byte	0
 2045 013b 1C       		.uleb128 0x1c
 2046 013c 34       		.uleb128 0x34
 2047 013d 00       		.byte	0
 2048 013e 47       		.uleb128 0x47
 2049 013f 13       		.uleb128 0x13
 2050 0140 3A       		.uleb128 0x3a
 2051 0141 0B       		.uleb128 0xb
 2052 0142 3B       		.uleb128 0x3b
ARM GAS  /tmp/ccimLHEB.s 			page 37


 2053 0143 0B       		.uleb128 0xb
 2054 0144 02       		.uleb128 0x2
 2055 0145 18       		.uleb128 0x18
 2056 0146 00       		.byte	0
 2057 0147 00       		.byte	0
 2058 0148 1D       		.uleb128 0x1d
 2059 0149 2E       		.uleb128 0x2e
 2060 014a 00       		.byte	0
 2061 014b 3F       		.uleb128 0x3f
 2062 014c 19       		.uleb128 0x19
 2063 014d 03       		.uleb128 0x3
 2064 014e 0E       		.uleb128 0xe
 2065 014f 3A       		.uleb128 0x3a
 2066 0150 0B       		.uleb128 0xb
 2067 0151 3B       		.uleb128 0x3b
 2068 0152 0B       		.uleb128 0xb
 2069 0153 27       		.uleb128 0x27
 2070 0154 19       		.uleb128 0x19
 2071 0155 11       		.uleb128 0x11
 2072 0156 01       		.uleb128 0x1
 2073 0157 12       		.uleb128 0x12
 2074 0158 06       		.uleb128 0x6
 2075 0159 40       		.uleb128 0x40
 2076 015a 18       		.uleb128 0x18
 2077 015b 9742     		.uleb128 0x2117
 2078 015d 19       		.uleb128 0x19
 2079 015e 00       		.byte	0
 2080 015f 00       		.byte	0
 2081 0160 00       		.byte	0
 2082              		.section	.debug_aranges,"",%progbits
 2083 0000 1C000000 		.4byte	0x1c
 2084 0004 0200     		.2byte	0x2
 2085 0006 00000000 		.4byte	.Ldebug_info0
 2086 000a 04       		.byte	0x4
 2087 000b 00       		.byte	0
 2088 000c 0000     		.2byte	0
 2089 000e 0000     		.2byte	0
 2090 0010 00000000 		.4byte	.LFB7
 2091 0014 04000000 		.4byte	.LFE7-.LFB7
 2092 0018 00000000 		.4byte	0
 2093 001c 00000000 		.4byte	0
 2094              		.section	.debug_ranges,"",%progbits
 2095              	.Ldebug_ranges0:
 2096 0000 00000000 		.4byte	.LFB7
 2097 0004 04000000 		.4byte	.LFE7
 2098 0008 00000000 		.4byte	0
 2099 000c 00000000 		.4byte	0
 2100              		.section	.debug_line,"",%progbits
 2101              	.Ldebug_line0:
 2102 0000 2A020000 		.section	.debug_str,"MS",%progbits,1
 2102      02001502 
 2102      00000201 
 2102      FB0E0D00 
 2102      01010101 
 2103              	.LASF96:
 2104 0000 63665F6F 		.ascii	"cf_off_older\000"
 2104      66665F6F 
ARM GAS  /tmp/ccimLHEB.s 			page 38


 2104      6C646572 
 2104      00
 2105              	.LASF42:
 2106 000d 705F6D73 		.ascii	"p_msg\000"
 2106      6700
 2107              	.LASF127:
 2108 0013 64617461 		.ascii	"dataDelay\000"
 2108      44656C61 
 2108      7900
 2109              	.LASF2:
 2110 001d 73697A65 		.ascii	"size_t\000"
 2110      5F7400
 2111              	.LASF81:
 2112 0024 7264796D 		.ascii	"rdymsg\000"
 2112      736700
 2113              	.LASF175:
 2114 002b 77726974 		.ascii	"write\000"
 2114      6500
 2115              	.LASF118:
 2116 0031 4F757470 		.ascii	"OutputQueue\000"
 2116      75745175 
 2116      65756500 
 2117              	.LASF3:
 2118 003d 5F5F7569 		.ascii	"__uint8_t\000"
 2118      6E74385F 
 2118      7400
 2119              	.LASF184:
 2120 0047 5350495F 		.ascii	"SPI_ACTIVE\000"
 2120      41435449 
 2120      564500
 2121              	.LASF68:
 2122 0052 76746C69 		.ascii	"vtlist\000"
 2122      737400
 2123              	.LASF120:
 2124 0059 62736364 		.ascii	"bscdevice_t\000"
 2124      65766963 
 2124      655F7400 
 2125              	.LASF158:
 2126 0065 72786275 		.ascii	"rxbuf\000"
 2126      6600
 2127              	.LASF111:
 2128 006b 715F746F 		.ascii	"q_top\000"
 2128      7000
 2129              	.LASF13:
 2130 0071 6C6F6E67 		.ascii	"long long unsigned int\000"
 2130      206C6F6E 
 2130      6720756E 
 2130      7369676E 
 2130      65642069 
 2131              	.LASF203:
 2132 0088 2F686F6D 		.ascii	"/home/lmr/Downloads/ChibiOS-RPi/ChibiOS-RPi/demos/P"
 2132      652F6C6D 
 2132      722F446F 
 2132      776E6C6F 
 2132      6164732F 
 2133 00bb 726F6A65 		.ascii	"roject\000"
 2133      637400
ARM GAS  /tmp/ccimLHEB.s 			page 39


 2134              	.LASF92:
 2135 00c2 63685F74 		.ascii	"ch_threadsize\000"
 2135      68726561 
 2135      6473697A 
 2135      6500
 2136              	.LASF82:
 2137 00d0 65786974 		.ascii	"exitcode\000"
 2137      636F6465 
 2137      00
 2138              	.LASF187:
 2139 00d9 53504944 		.ascii	"SPIDriver\000"
 2139      72697665 
 2139      7200
 2140              	.LASF125:
 2141 00e3 64617461 		.ascii	"dataFifo\000"
 2141      4669666F 
 2141      00
 2142              	.LASF30:
 2143 00ec 705F7072 		.ascii	"p_prio\000"
 2143      696F00
 2144              	.LASF99:
 2145 00f3 63665F6F 		.ascii	"cf_off_state\000"
 2145      66665F73 
 2145      74617465 
 2145      00
 2146              	.LASF180:
 2147 0100 72656164 		.ascii	"readt\000"
 2147      7400
 2148              	.LASF151:
 2149 0106 64657669 		.ascii	"device\000"
 2149      636500
 2150              	.LASF108:
 2151 010d 715F7761 		.ascii	"q_waiting\000"
 2151      6974696E 
 2151      6700
 2152              	.LASF12:
 2153 0117 6C6F6E67 		.ascii	"long long int\000"
 2153      206C6F6E 
 2153      6720696E 
 2153      7400
 2154              	.LASF1:
 2155 0125 7369676E 		.ascii	"signed char\000"
 2155      65642063 
 2155      68617200 
 2156              	.LASF98:
 2157 0131 63665F6F 		.ascii	"cf_off_stklimit\000"
 2157      66665F73 
 2157      746B6C69 
 2157      6D697400 
 2158              	.LASF182:
 2159 0141 5350495F 		.ascii	"SPI_STOP\000"
 2159      53544F50 
 2159      00
 2160              	.LASF100:
 2161 014a 63665F6F 		.ascii	"cf_off_flags\000"
 2161      66665F66 
 2161      6C616773 
ARM GAS  /tmp/ccimLHEB.s 			page 40


 2161      00
 2162              	.LASF167:
 2163 0157 53445F53 		.ascii	"SD_STOP\000"
 2163      544F5000 
 2164              	.LASF71:
 2165 015f 6D5F7175 		.ascii	"m_queue\000"
 2165      65756500 
 2166              	.LASF154:
 2167 0167 61646472 		.ascii	"addr\000"
 2167      00
 2168              	.LASF21:
 2169 016c 74736C69 		.ascii	"tslices_t\000"
 2169      6365735F 
 2169      7400
 2170              	.LASF140:
 2171 0176 4932435F 		.ascii	"I2C_UNINIT\000"
 2171      554E494E 
 2171      495400
 2172              	.LASF162:
 2173 0181 69326361 		.ascii	"i2caddr_t\000"
 2173      6464725F 
 2173      7400
 2174              	.LASF148:
 2175 018b 73746174 		.ascii	"state\000"
 2175      6500
 2176              	.LASF9:
 2177 0191 6C6F6E67 		.ascii	"long int\000"
 2177      20696E74 
 2177      00
 2178              	.LASF19:
 2179 019a 74737461 		.ascii	"tstate_t\000"
 2179      74655F74 
 2179      00
 2180              	.LASF153:
 2181 01a3 74687265 		.ascii	"thread\000"
 2181      616400
 2182              	.LASF202:
 2183 01aa 2E2E2F2E 		.ascii	"../../boards/RASPBERRYPI_MODB/board.c\000"
 2183      2E2F626F 
 2183      61726473 
 2183      2F524153 
 2183      50424552 
 2184              	.LASF196:
 2185 01d0 636C6F63 		.ascii	"clock_polarity\000"
 2185      6B5F706F 
 2185      6C617269 
 2185      747900
 2186              	.LASF160:
 2187 01df 72786964 		.ascii	"rxidx\000"
 2187      7800
 2188              	.LASF110:
 2189 01e5 715F6275 		.ascii	"q_buffer\000"
 2189      66666572 
 2189      00
 2190              	.LASF15:
 2191 01ee 75696E74 		.ascii	"uint16_t\000"
 2191      31365F74 
ARM GAS  /tmp/ccimLHEB.s 			page 41


 2191      00
 2192              	.LASF200:
 2193 01f7 53504930 		.ascii	"SPI0\000"
 2193      00
 2194              	.LASF105:
 2195 01fc 63686465 		.ascii	"chdebug_t\000"
 2195      6275675F 
 2195      7400
 2196              	.LASF143:
 2197 0206 4932435F 		.ascii	"I2C_ACTIVE_TX\000"
 2197      41435449 
 2197      56455F54 
 2197      5800
 2198              	.LASF197:
 2199 0214 636C6F63 		.ascii	"clock_phase\000"
 2199      6B5F7068 
 2199      61736500 
 2200              	.LASF32:
 2201 0220 705F6E65 		.ascii	"p_newer\000"
 2201      77657200 
 2202              	.LASF119:
 2203 0228 5F69646C 		.ascii	"_idle_thread_wa\000"
 2203      655F7468 
 2203      72656164 
 2203      5F776100 
 2204              	.LASF190:
 2205 0238 656E645F 		.ascii	"end_cb\000"
 2205      636200
 2206              	.LASF188:
 2207 023f 7478636E 		.ascii	"txcnt\000"
 2207      7400
 2208              	.LASF194:
 2209 0245 63686970 		.ascii	"chip_select_polarity0\000"
 2209      5F73656C 
 2209      6563745F 
 2209      706F6C61 
 2209      72697479 
 2210              	.LASF195:
 2211 025b 63686970 		.ascii	"chip_select_polarity1\000"
 2211      5F73656C 
 2211      6563745F 
 2211      706F6C61 
 2211      72697479 
 2212              	.LASF121:
 2213 0271 636F6E74 		.ascii	"control\000"
 2213      726F6C00 
 2214              	.LASF10:
 2215 0279 5F5F7569 		.ascii	"__uint32_t\000"
 2215      6E743332 
 2215      5F7400
 2216              	.LASF49:
 2217 0284 72656761 		.ascii	"regarm_t\000"
 2217      726D5F74 
 2217      00
 2218              	.LASF55:
 2219 028d 76745F70 		.ascii	"vt_prev\000"
 2219      72657600 
ARM GAS  /tmp/ccimLHEB.s 			page 42


 2220              	.LASF124:
 2221 0295 736C6176 		.ascii	"slaveAddress\000"
 2221      65416464 
 2221      72657373 
 2221      00
 2222              	.LASF189:
 2223 02a2 73706963 		.ascii	"spicallback_t\000"
 2223      616C6C62 
 2223      61636B5F 
 2223      7400
 2224              	.LASF165:
 2225 02b0 49324330 		.ascii	"I2C0\000"
 2225      00
 2226              	.LASF79:
 2227 02b5 4576656E 		.ascii	"EventSource\000"
 2227      74536F75 
 2227      72636500 
 2228              	.LASF0:
 2229 02c1 756E7369 		.ascii	"unsigned int\000"
 2229      676E6564 
 2229      20696E74 
 2229      00
 2230              	.LASF54:
 2231 02ce 76745F6E 		.ascii	"vt_next\000"
 2231      65787400 
 2232              	.LASF155:
 2233 02d6 74786275 		.ascii	"txbuf\000"
 2233      6600
 2234              	.LASF174:
 2235 02dc 53657269 		.ascii	"SerialDriverVMT\000"
 2235      616C4472 
 2235      69766572 
 2235      564D5400 
 2236              	.LASF150:
 2237 02ec 6572726F 		.ascii	"errors\000"
 2237      727300
 2238              	.LASF172:
 2239 02f3 69717565 		.ascii	"iqueue\000"
 2239      756500
 2240              	.LASF11:
 2241 02fa 6C6F6E67 		.ascii	"long unsigned int\000"
 2241      20756E73 
 2241      69676E65 
 2241      6420696E 
 2241      7400
 2242              	.LASF106:
 2243 030c 63685F64 		.ascii	"ch_debug\000"
 2243      65627567 
 2243      00
 2244              	.LASF178:
 2245 0315 67657474 		.ascii	"gett\000"
 2245      00
 2246              	.LASF52:
 2247 031a 76746675 		.ascii	"vtfunc_t\000"
 2247      6E635F74 
 2247      00
 2248              	.LASF86:
ARM GAS  /tmp/ccimLHEB.s 			page 43


 2249 0323 63685F69 		.ascii	"ch_identifier\000"
 2249      64656E74 
 2249      69666965 
 2249      7200
 2250              	.LASF193:
 2251 0331 63686970 		.ascii	"chip_select_polarity\000"
 2251      5F73656C 
 2251      6563745F 
 2251      706F6C61 
 2251      72697479 
 2252              	.LASF171:
 2253 0346 6576656E 		.ascii	"event\000"
 2253      7400
 2254              	.LASF51:
 2255 034c 636F6E74 		.ascii	"context\000"
 2255      65787400 
 2256              	.LASF7:
 2257 0354 73686F72 		.ascii	"short unsigned int\000"
 2257      7420756E 
 2257      7369676E 
 2257      65642069 
 2257      6E7400
 2258              	.LASF135:
 2259 0367 6770696F 		.ascii	"gpio_port_t\000"
 2259      5F706F72 
 2259      745F7400 
 2260              	.LASF131:
 2261 0373 6770636C 		.ascii	"gpclr\000"
 2261      7200
 2262              	.LASF23:
 2263 0379 6D73675F 		.ascii	"msg_t\000"
 2263      7400
 2264              	.LASF173:
 2265 037f 6F717565 		.ascii	"oqueue\000"
 2265      756500
 2266              	.LASF64:
 2267 0386 725F6E65 		.ascii	"r_newer\000"
 2267      77657200 
 2268              	.LASF75:
 2269 038e 656C5F6E 		.ascii	"el_next\000"
 2269      65787400 
 2270              	.LASF179:
 2271 0396 77726974 		.ascii	"writet\000"
 2271      657400
 2272              	.LASF18:
 2273 039d 746D6F64 		.ascii	"tmode_t\000"
 2273      655F7400 
 2274              	.LASF47:
 2275 03a5 54687265 		.ascii	"ThreadsList\000"
 2275      6164734C 
 2275      69737400 
 2276              	.LASF24:
 2277 03b1 6576656E 		.ascii	"eventmask_t\000"
 2277      746D6173 
 2277      6B5F7400 
 2278              	.LASF117:
 2279 03bd 496E7075 		.ascii	"InputQueue\000"
ARM GAS  /tmp/ccimLHEB.s 			page 44


 2279      74517565 
 2279      756500
 2280              	.LASF70:
 2281 03c8 4D757465 		.ascii	"Mutex\000"
 2281      7800
 2282              	.LASF107:
 2283 03ce 47656E65 		.ascii	"GenericQueue\000"
 2283      72696351 
 2283      75657565 
 2283      00
 2284              	.LASF48:
 2285 03db 73746B61 		.ascii	"stkalign_t\000"
 2285      6C69676E 
 2285      5F7400
 2286              	.LASF87:
 2287 03e6 63685F7A 		.ascii	"ch_zero\000"
 2287      65726F00 
 2288              	.LASF101:
 2289 03ee 63665F6F 		.ascii	"cf_off_refs\000"
 2289      66665F72 
 2289      65667300 
 2290              	.LASF132:
 2291 03fa 67706C65 		.ascii	"gplev\000"
 2291      7600
 2292              	.LASF177:
 2293 0400 70757474 		.ascii	"putt\000"
 2293      00
 2294              	.LASF56:
 2295 0405 76745F74 		.ascii	"vt_time\000"
 2295      696D6500 
 2296              	.LASF141:
 2297 040d 4932435F 		.ascii	"I2C_STOP\000"
 2297      53544F50 
 2297      00
 2298              	.LASF104:
 2299 0416 73697A65 		.ascii	"sizetype\000"
 2299      74797065 
 2299      00
 2300              	.LASF126:
 2301 041f 636C6F63 		.ascii	"clockDivider\000"
 2301      6B446976 
 2301      69646572 
 2301      00
 2302              	.LASF109:
 2303 042c 715F636F 		.ascii	"q_counter\000"
 2303      756E7465 
 2303      7200
 2304              	.LASF57:
 2305 0436 76745F66 		.ascii	"vt_func\000"
 2305      756E6300 
 2306              	.LASF91:
 2307 043e 63685F74 		.ascii	"ch_timesize\000"
 2307      696D6573 
 2307      697A6500 
 2308              	.LASF163:
 2309 044a 69635F73 		.ascii	"ic_speed\000"
 2309      70656564 
ARM GAS  /tmp/ccimLHEB.s 			page 45


 2309      00
 2310              	.LASF97:
 2311 0453 63665F6F 		.ascii	"cf_off_name\000"
 2311      66665F6E 
 2311      616D6500 
 2312              	.LASF33:
 2313 045f 705F6F6C 		.ascii	"p_older\000"
 2313      64657200 
 2314              	.LASF159:
 2315 0467 72786279 		.ascii	"rxbytes\000"
 2315      74657300 
 2316              	.LASF112:
 2317 046f 715F7772 		.ascii	"q_wrptr\000"
 2317      70747200 
 2318              	.LASF63:
 2319 0477 725F6374 		.ascii	"r_ctx\000"
 2319      7800
 2320              	.LASF46:
 2321 047d 54687265 		.ascii	"ThreadsQueue\000"
 2321      61647351 
 2321      75657565 
 2321      00
 2322              	.LASF88:
 2323 048a 63685F73 		.ascii	"ch_size\000"
 2323      697A6500 
 2324              	.LASF137:
 2325 0492 494F504F 		.ascii	"IOPORT0\000"
 2325      52543000 
 2326              	.LASF66:
 2327 049a 725F6375 		.ascii	"r_current\000"
 2327      7272656E 
 2327      7400
 2328              	.LASF65:
 2329 04a4 725F6F6C 		.ascii	"r_older\000"
 2329      64657200 
 2330              	.LASF77:
 2331 04ac 656C5F6D 		.ascii	"el_mask\000"
 2331      61736B00 
 2332              	.LASF130:
 2333 04b4 67707365 		.ascii	"gpset\000"
 2333      7400
 2334              	.LASF133:
 2335 04ba 67707075 		.ascii	"gppudclk\000"
 2335      64636C6B 
 2335      00
 2336              	.LASF191:
 2337 04c3 6C6F7373 		.ascii	"lossiEnabled\000"
 2337      69456E61 
 2337      626C6564 
 2337      00
 2338              	.LASF192:
 2339 04d0 63686970 		.ascii	"chip_select\000"
 2339      5F73656C 
 2339      65637400 
 2340              	.LASF20:
 2341 04dc 74726566 		.ascii	"trefs_t\000"
 2341      735F7400 
ARM GAS  /tmp/ccimLHEB.s 			page 46


 2342              	.LASF146:
 2343 04e4 69326373 		.ascii	"i2cstate_t\000"
 2343      74617465 
 2343      5F7400
 2344              	.LASF90:
 2345 04ef 63685F70 		.ascii	"ch_ptrsize\000"
 2345      74727369 
 2345      7A6500
 2346              	.LASF116:
 2347 04fa 716E6F74 		.ascii	"qnotify_t\000"
 2347      6966795F 
 2347      7400
 2348              	.LASF29:
 2349 0504 705F7072 		.ascii	"p_prev\000"
 2349      657600
 2350              	.LASF22:
 2351 050b 74707269 		.ascii	"tprio_t\000"
 2351      6F5F7400 
 2352              	.LASF113:
 2353 0513 715F7264 		.ascii	"q_rdptr\000"
 2353      70747200 
 2354              	.LASF161:
 2355 051b 69326366 		.ascii	"i2cflags_t\000"
 2355      6C616773 
 2355      5F7400
 2356              	.LASF152:
 2357 0526 6D757465 		.ascii	"mutex\000"
 2357      7800
 2358              	.LASF16:
 2359 052c 696E7433 		.ascii	"int32_t\000"
 2359      325F7400 
 2360              	.LASF4:
 2361 0534 756E7369 		.ascii	"unsigned char\000"
 2361      676E6564 
 2361      20636861 
 2361      7200
 2362              	.LASF76:
 2363 0542 656C5F6C 		.ascii	"el_listener\000"
 2363      69737465 
 2363      6E657200 
 2364              	.LASF78:
 2365 054e 656C5F66 		.ascii	"el_flags\000"
 2365      6C616773 
 2365      00
 2366              	.LASF44:
 2367 0557 705F6D74 		.ascii	"p_mtxlist\000"
 2367      786C6973 
 2367      7400
 2368              	.LASF5:
 2369 0561 73686F72 		.ascii	"short int\000"
 2369      7420696E 
 2369      7400
 2370              	.LASF35:
 2371 056b 705F7374 		.ascii	"p_state\000"
 2371      61746500 
 2372              	.LASF38:
 2373 0573 705F7072 		.ascii	"p_preempt\000"
ARM GAS  /tmp/ccimLHEB.s 			page 47


 2373      65656D70 
 2373      7400
 2374              	.LASF103:
 2375 057d 63665F6F 		.ascii	"cf_off_time\000"
 2375      66665F74 
 2375      696D6500 
 2376              	.LASF62:
 2377 0589 725F7072 		.ascii	"r_prio\000"
 2377      696F00
 2378              	.LASF134:
 2379 0590 70696E5F 		.ascii	"pin_base\000"
 2379      62617365 
 2379      00
 2380              	.LASF84:
 2381 0599 65776D61 		.ascii	"ewmask\000"
 2381      736B00
 2382              	.LASF28:
 2383 05a0 705F6E65 		.ascii	"p_next\000"
 2383      787400
 2384              	.LASF138:
 2385 05a7 494F504F 		.ascii	"IOPORT1\000"
 2385      52543100 
 2386              	.LASF102:
 2387 05af 63665F6F 		.ascii	"cf_off_preempt\000"
 2387      66665F70 
 2387      7265656D 
 2387      707400
 2388              	.LASF36:
 2389 05be 705F666C 		.ascii	"p_flags\000"
 2389      61677300 
 2390              	.LASF27:
 2391 05c6 54687265 		.ascii	"Thread\000"
 2391      616400
 2392              	.LASF198:
 2393 05cd 636C6F63 		.ascii	"clock_divider\000"
 2393      6B5F6469 
 2393      76696465 
 2393      7200
 2394              	.LASF95:
 2395 05db 63665F6F 		.ascii	"cf_off_newer\000"
 2395      66665F6E 
 2395      65776572 
 2395      00
 2396              	.LASF145:
 2397 05e8 4932435F 		.ascii	"I2C_LOCKED\000"
 2397      4C4F434B 
 2397      454400
 2398              	.LASF43:
 2399 05f3 705F6570 		.ascii	"p_epending\000"
 2399      656E6469 
 2399      6E6700
 2400              	.LASF166:
 2401 05fe 53445F55 		.ascii	"SD_UNINIT\000"
 2401      4E494E49 
 2401      5400
 2402              	.LASF17:
 2403 0608 75696E74 		.ascii	"uint32_t\000"
ARM GAS  /tmp/ccimLHEB.s 			page 48


 2403      33325F74 
 2403      00
 2404              	.LASF93:
 2405 0611 63665F6F 		.ascii	"cf_off_prio\000"
 2405      66665F70 
 2405      72696F00 
 2406              	.LASF61:
 2407 061d 725F7175 		.ascii	"r_queue\000"
 2407      65756500 
 2408              	.LASF53:
 2409 0625 56697274 		.ascii	"VirtualTimer\000"
 2409      75616C54 
 2409      696D6572 
 2409      00
 2410              	.LASF170:
 2411 0632 53657269 		.ascii	"SerialDriver\000"
 2411      616C4472 
 2411      69766572 
 2411      00
 2412              	.LASF144:
 2413 063f 4932435F 		.ascii	"I2C_ACTIVE_RX\000"
 2413      41435449 
 2413      56455F52 
 2413      5800
 2414              	.LASF176:
 2415 064d 72656164 		.ascii	"read\000"
 2415      00
 2416              	.LASF85:
 2417 0652 63686172 		.ascii	"char\000"
 2417      00
 2418              	.LASF185:
 2419 0657 5350495F 		.ascii	"SPI_COMPLETE\000"
 2419      434F4D50 
 2419      4C455445 
 2419      00
 2420              	.LASF149:
 2421 0664 636F6E66 		.ascii	"config\000"
 2421      696700
 2422              	.LASF6:
 2423 066b 5F5F7569 		.ascii	"__uint16_t\000"
 2423      6E743136 
 2423      5F7400
 2424              	.LASF186:
 2425 0676 73706973 		.ascii	"spistate_t\000"
 2425      74617465 
 2425      5F7400
 2426              	.LASF73:
 2427 0681 6D5F6E65 		.ascii	"m_next\000"
 2427      787400
 2428              	.LASF26:
 2429 0688 73797374 		.ascii	"systime_t\000"
 2429      696D655F 
 2429      7400
 2430              	.LASF45:
 2431 0692 705F7265 		.ascii	"p_realprio\000"
 2431      616C7072 
 2431      696F00
ARM GAS  /tmp/ccimLHEB.s 			page 49


 2432              	.LASF8:
 2433 069d 5F5F696E 		.ascii	"__int32_t\000"
 2433      7433325F 
 2433      7400
 2434              	.LASF142:
 2435 06a7 4932435F 		.ascii	"I2C_READY\000"
 2435      52454144 
 2435      5900
 2436              	.LASF147:
 2437 06b1 49324344 		.ascii	"I2CDriver\000"
 2437      72697665 
 2437      7200
 2438              	.LASF39:
 2439 06bb 705F7469 		.ascii	"p_time\000"
 2439      6D6500
 2440              	.LASF201:
 2441 06c2 474E5520 		.ascii	"GNU C11 6.3.1 20170620 -mcpu=arm1176jz-s -mno-thumb"
 2441      43313120 
 2441      362E332E 
 2441      31203230 
 2441      31373036 
 2442 06f5 2D696E74 		.ascii	"-interwork -ggdb -O2 -fomit-frame-pointer -ffunctio"
 2442      6572776F 
 2442      726B202D 
 2442      67676462 
 2442      202D4F32 
 2443 0728 6E2D7365 		.ascii	"n-sections -fdata-sections\000"
 2443      6374696F 
 2443      6E73202D 
 2443      66646174 
 2443      612D7365 
 2444              	.LASF50:
 2445 0743 696E7463 		.ascii	"intctx\000"
 2445      747800
 2446              	.LASF41:
 2447 074a 705F6D73 		.ascii	"p_msgqueue\000"
 2447      67717565 
 2447      756500
 2448              	.LASF168:
 2449 0755 53445F52 		.ascii	"SD_READY\000"
 2449      45414459 
 2449      00
 2450              	.LASF183:
 2451 075e 5350495F 		.ascii	"SPI_READY\000"
 2451      52454144 
 2451      5900
 2452              	.LASF181:
 2453 0768 5350495F 		.ascii	"SPI_UNINIT\000"
 2453      554E494E 
 2453      495400
 2454              	.LASF58:
 2455 0773 76745F70 		.ascii	"vt_par\000"
 2455      617200
 2456              	.LASF25:
 2457 077a 666C6167 		.ascii	"flagsmask_t\000"
 2457      736D6173 
 2457      6B5F7400 
ARM GAS  /tmp/ccimLHEB.s 			page 50


 2458              	.LASF164:
 2459 0786 49324343 		.ascii	"I2CConfig\000"
 2459      6F6E6669 
 2459      6700
 2460              	.LASF169:
 2461 0790 73647374 		.ascii	"sdstate_t\000"
 2461      6174655F 
 2461      7400
 2462              	.LASF157:
 2463 079a 74786964 		.ascii	"txidx\000"
 2463      7800
 2464              	.LASF94:
 2465 07a0 63665F6F 		.ascii	"cf_off_ctx\000"
 2465      66665F63 
 2465      747800
 2466              	.LASF37:
 2467 07ab 705F7265 		.ascii	"p_refs\000"
 2467      667300
 2468              	.LASF122:
 2469 07b2 73746174 		.ascii	"status\000"
 2469      757300
 2470              	.LASF67:
 2471 07b9 52656164 		.ascii	"ReadyList\000"
 2471      794C6973 
 2471      7400
 2472              	.LASF114:
 2473 07c3 715F6E6F 		.ascii	"q_notify\000"
 2473      74696679 
 2473      00
 2474              	.LASF204:
 2475 07cc 626F6172 		.ascii	"boardInit\000"
 2475      64496E69 
 2475      7400
 2476              	.LASF69:
 2477 07d6 726C6973 		.ascii	"rlist\000"
 2477      7400
 2478              	.LASF14:
 2479 07dc 75696E74 		.ascii	"uint8_t\000"
 2479      385F7400 
 2480              	.LASF129:
 2481 07e4 6C617463 		.ascii	"latch\000"
 2481      6800
 2482              	.LASF74:
 2483 07ea 4576656E 		.ascii	"EventListener\000"
 2483      744C6973 
 2483      74656E65 
 2483      7200
 2484              	.LASF83:
 2485 07f8 77746F62 		.ascii	"wtobjp\000"
 2485      6A7000
 2486              	.LASF34:
 2487 07ff 705F6E61 		.ascii	"p_name\000"
 2487      6D6500
 2488              	.LASF59:
 2489 0806 76745F73 		.ascii	"vt_systime\000"
 2489      79737469 
 2489      6D6500
ARM GAS  /tmp/ccimLHEB.s 			page 51


 2490              	.LASF80:
 2491 0811 65735F6E 		.ascii	"es_next\000"
 2491      65787400 
 2492              	.LASF199:
 2493 0819 53504943 		.ascii	"SPIConfig\000"
 2493      6F6E6669 
 2493      6700
 2494              	.LASF89:
 2495 0823 63685F76 		.ascii	"ch_version\000"
 2495      65727369 
 2495      6F6E00
 2496              	.LASF123:
 2497 082e 64617461 		.ascii	"dataLength\000"
 2497      4C656E67 
 2497      746800
 2498              	.LASF60:
 2499 0839 56544C69 		.ascii	"VTList\000"
 2499      737400
 2500              	.LASF115:
 2501 0840 715F6C69 		.ascii	"q_link\000"
 2501      6E6B00
 2502              	.LASF136:
 2503 0847 50414C43 		.ascii	"PALConfig\000"
 2503      6F6E6669 
 2503      6700
 2504              	.LASF72:
 2505 0851 6D5F6F77 		.ascii	"m_owner\000"
 2505      6E657200 
 2506              	.LASF139:
 2507 0859 70616C5F 		.ascii	"pal_default_config\000"
 2507      64656661 
 2507      756C745F 
 2507      636F6E66 
 2507      696700
 2508              	.LASF31:
 2509 086c 705F6374 		.ascii	"p_ctx\000"
 2509      7800
 2510              	.LASF40:
 2511 0872 705F7761 		.ascii	"p_waiting\000"
 2511      6974696E 
 2511      6700
 2512              	.LASF156:
 2513 087c 74786279 		.ascii	"txbytes\000"
 2513      74657300 
 2514              	.LASF128:
 2515 0884 636C6F63 		.ascii	"clockStretchTimeout\000"
 2515      6B537472 
 2515      65746368 
 2515      54696D65 
 2515      6F757400 
 2516              		.ident	"GCC: (15:6.3.1+svn253039-1build1) 6.3.1 20170620"
ARM GAS  /tmp/ccimLHEB.s 			page 52


DEFINED SYMBOLS
                            *ABS*:0000000000000000 board.c
     /tmp/ccimLHEB.s:16     .text.boardInit:0000000000000000 $a
     /tmp/ccimLHEB.s:22     .text.boardInit:0000000000000000 boardInit
     /tmp/ccimLHEB.s:39     .rodata.pal_default_config:0000000000000000 pal_default_config
                     .debug_frame:0000000000000010 $d

NO UNDEFINED SYMBOLS
