ARM GAS  /tmp/ccCpdCSz.s 			page 1


   1              		.cpu arm1176jz-s
   2              		.eabi_attribute 20, 1
   3              		.eabi_attribute 21, 1
   4              		.eabi_attribute 23, 3
   5              		.eabi_attribute 24, 1
   6              		.eabi_attribute 25, 1
   7              		.eabi_attribute 26, 1
   8              		.eabi_attribute 30, 2
   9              		.eabi_attribute 34, 1
  10              		.eabi_attribute 18, 4
  11              		.file	"can.c"
  12              		.text
  13              	.Ltext0:
  14              		.cfi_sections	.debug_frame
  15              	.Letext0:
  16              		.file 1 "/usr/lib/gcc/arm-none-eabi/6.3.1/include/stddef.h"
  17              		.file 2 "/usr/include/newlib/machine/_default_types.h"
  18              		.file 3 "/usr/include/newlib/sys/_stdint.h"
  19              		.file 4 "../../os/ports/GCC/ARM/chtypes.h"
  20              		.file 5 "../../os/kernel/include/chlists.h"
  21              		.file 6 "../../os/kernel/include/chthreads.h"
  22              		.file 7 "../../os/ports/GCC/ARM/chcore.h"
  23              		.file 8 "../../os/kernel/include/chvt.h"
  24              		.file 9 "../../os/kernel/include/chschd.h"
  25              		.file 10 "../../os/kernel/include/chmtx.h"
  26              		.file 11 "../../os/kernel/include/chevents.h"
  27              		.file 12 "../../os/kernel/include/chregistry.h"
  28              		.file 13 "../../os/kernel/include/chqueues.h"
  29              		.file 14 "../../os/kernel/include/ch.h"
  30              		.file 15 "../../os/hal/platforms/BCM2835/bcm2835.h"
  31              		.file 16 "../../os/hal/platforms/BCM2835/pal_lld.h"
  32              		.file 17 "../../os/hal/include/i2c.h"
  33              		.file 18 "../../os/hal/platforms/BCM2835/i2c_lld.h"
  34              		.file 19 "../../os/hal/include/serial.h"
  35              		.file 20 "../../os/hal/include/spi.h"
  36              		.file 21 "../../os/hal/platforms/BCM2835/spi_lld.h"
  37              		.file 22 "../../os/hal/platforms/BCM2835/serial_lld.h"
  38              		.section	.debug_info,"",%progbits
  39              	.Ldebug_info0:
  40 0000 160D0000 		.4byte	0xd16
  41 0004 0400     		.2byte	0x4
  42 0006 00000000 		.4byte	.Ldebug_abbrev0
  43 000a 04       		.byte	0x4
  44 000b 01       		.uleb128 0x1
  45 000c B3060000 		.4byte	.LASF201
  46 0010 0C       		.byte	0xc
  47 0011 BF010000 		.4byte	.LASF202
  48 0015 7E000000 		.4byte	.LASF203
  49 0019 00000000 		.4byte	.Ldebug_line0
  50 001d 02       		.uleb128 0x2
  51 001e 04       		.byte	0x4
  52 001f 05       		.byte	0x5
  53 0020 696E7400 		.ascii	"int\000"
  54 0024 03       		.uleb128 0x3
  55 0025 13000000 		.4byte	.LASF2
  56 0029 01       		.byte	0x1
  57 002a D8       		.byte	0xd8
ARM GAS  /tmp/ccCpdCSz.s 			page 2


  58 002b 2F000000 		.4byte	0x2f
  59 002f 04       		.uleb128 0x4
  60 0030 04       		.byte	0x4
  61 0031 07       		.byte	0x7
  62 0032 A9020000 		.4byte	.LASF0
  63 0036 05       		.uleb128 0x5
  64 0037 2F000000 		.4byte	0x2f
  65 003b 04       		.uleb128 0x4
  66 003c 01       		.byte	0x1
  67 003d 06       		.byte	0x6
  68 003e 1B010000 		.4byte	.LASF1
  69 0042 03       		.uleb128 0x3
  70 0043 33000000 		.4byte	.LASF3
  71 0047 02       		.byte	0x2
  72 0048 1D       		.byte	0x1d
  73 0049 4D000000 		.4byte	0x4d
  74 004d 04       		.uleb128 0x4
  75 004e 01       		.byte	0x1
  76 004f 08       		.byte	0x8
  77 0050 25050000 		.4byte	.LASF4
  78 0054 04       		.uleb128 0x4
  79 0055 02       		.byte	0x2
  80 0056 05       		.byte	0x5
  81 0057 52050000 		.4byte	.LASF5
  82 005b 03       		.uleb128 0x3
  83 005c 5C060000 		.4byte	.LASF6
  84 0060 02       		.byte	0x2
  85 0061 2B       		.byte	0x2b
  86 0062 66000000 		.4byte	0x66
  87 0066 04       		.uleb128 0x4
  88 0067 02       		.byte	0x2
  89 0068 07       		.byte	0x7
  90 0069 3C030000 		.4byte	.LASF7
  91 006d 03       		.uleb128 0x3
  92 006e 8E060000 		.4byte	.LASF8
  93 0072 02       		.byte	0x2
  94 0073 3F       		.byte	0x3f
  95 0074 78000000 		.4byte	0x78
  96 0078 04       		.uleb128 0x4
  97 0079 04       		.byte	0x4
  98 007a 05       		.byte	0x5
  99 007b 87010000 		.4byte	.LASF9
 100 007f 03       		.uleb128 0x3
 101 0080 61020000 		.4byte	.LASF10
 102 0084 02       		.byte	0x2
 103 0085 41       		.byte	0x41
 104 0086 8A000000 		.4byte	0x8a
 105 008a 04       		.uleb128 0x4
 106 008b 04       		.byte	0x4
 107 008c 07       		.byte	0x7
 108 008d E2020000 		.4byte	.LASF11
 109 0091 04       		.uleb128 0x4
 110 0092 08       		.byte	0x8
 111 0093 05       		.byte	0x5
 112 0094 0D010000 		.4byte	.LASF12
 113 0098 04       		.uleb128 0x4
 114 0099 08       		.byte	0x8
ARM GAS  /tmp/ccCpdCSz.s 			page 3


 115 009a 07       		.byte	0x7
 116 009b 67000000 		.4byte	.LASF13
 117 009f 03       		.uleb128 0x3
 118 00a0 C3070000 		.4byte	.LASF14
 119 00a4 03       		.byte	0x3
 120 00a5 18       		.byte	0x18
 121 00a6 42000000 		.4byte	0x42
 122 00aa 06       		.uleb128 0x6
 123 00ab 9F000000 		.4byte	0x9f
 124 00af 03       		.uleb128 0x3
 125 00b0 D6010000 		.4byte	.LASF15
 126 00b4 03       		.byte	0x3
 127 00b5 24       		.byte	0x24
 128 00b6 5B000000 		.4byte	0x5b
 129 00ba 03       		.uleb128 0x3
 130 00bb 1D050000 		.4byte	.LASF16
 131 00bf 03       		.byte	0x3
 132 00c0 2C       		.byte	0x2c
 133 00c1 6D000000 		.4byte	0x6d
 134 00c5 03       		.uleb128 0x3
 135 00c6 F9050000 		.4byte	.LASF17
 136 00ca 03       		.byte	0x3
 137 00cb 30       		.byte	0x30
 138 00cc 7F000000 		.4byte	0x7f
 139 00d0 05       		.uleb128 0x5
 140 00d1 C5000000 		.4byte	0xc5
 141 00d5 03       		.uleb128 0x3
 142 00d6 85030000 		.4byte	.LASF18
 143 00da 04       		.byte	0x4
 144 00db 2A       		.byte	0x2a
 145 00dc 9F000000 		.4byte	0x9f
 146 00e0 03       		.uleb128 0x3
 147 00e1 90010000 		.4byte	.LASF19
 148 00e5 04       		.byte	0x4
 149 00e6 2B       		.byte	0x2b
 150 00e7 9F000000 		.4byte	0x9f
 151 00eb 03       		.uleb128 0x3
 152 00ec CD040000 		.4byte	.LASF20
 153 00f0 04       		.byte	0x4
 154 00f1 2C       		.byte	0x2c
 155 00f2 9F000000 		.4byte	0x9f
 156 00f6 03       		.uleb128 0x3
 157 00f7 62010000 		.4byte	.LASF21
 158 00fb 04       		.byte	0x4
 159 00fc 2D       		.byte	0x2d
 160 00fd 9F000000 		.4byte	0x9f
 161 0101 03       		.uleb128 0x3
 162 0102 FC040000 		.4byte	.LASF22
 163 0106 04       		.byte	0x4
 164 0107 2E       		.byte	0x2e
 165 0108 C5000000 		.4byte	0xc5
 166 010c 03       		.uleb128 0x3
 167 010d 61030000 		.4byte	.LASF23
 168 0111 04       		.byte	0x4
 169 0112 2F       		.byte	0x2f
 170 0113 BA000000 		.4byte	0xba
 171 0117 03       		.uleb128 0x3
ARM GAS  /tmp/ccCpdCSz.s 			page 4


 172 0118 99030000 		.4byte	.LASF24
 173 011c 04       		.byte	0x4
 174 011d 31       		.byte	0x31
 175 011e C5000000 		.4byte	0xc5
 176 0122 03       		.uleb128 0x3
 177 0123 6B070000 		.4byte	.LASF25
 178 0127 04       		.byte	0x4
 179 0128 32       		.byte	0x32
 180 0129 C5000000 		.4byte	0xc5
 181 012d 03       		.uleb128 0x3
 182 012e 79060000 		.4byte	.LASF26
 183 0132 04       		.byte	0x4
 184 0133 33       		.byte	0x33
 185 0134 C5000000 		.4byte	0xc5
 186 0138 05       		.uleb128 0x5
 187 0139 2D010000 		.4byte	0x12d
 188 013d 03       		.uleb128 0x3
 189 013e B7050000 		.4byte	.LASF27
 190 0142 05       		.byte	0x5
 191 0143 23       		.byte	0x23
 192 0144 48010000 		.4byte	0x148
 193 0148 07       		.uleb128 0x7
 194 0149 B7050000 		.4byte	.LASF27
 195 014d 44       		.byte	0x44
 196 014e 06       		.byte	0x6
 197 014f 57       		.byte	0x57
 198 0150 39020000 		.4byte	0x239
 199 0154 08       		.uleb128 0x8
 200 0155 91050000 		.4byte	.LASF28
 201 0159 06       		.byte	0x6
 202 015a 58       		.byte	0x58
 203 015b 5A020000 		.4byte	0x25a
 204 015f 00       		.byte	0
 205 0160 08       		.uleb128 0x8
 206 0161 F5040000 		.4byte	.LASF29
 207 0165 06       		.byte	0x6
 208 0166 5A       		.byte	0x5a
 209 0167 5A020000 		.4byte	0x25a
 210 016b 04       		.byte	0x4
 211 016c 08       		.uleb128 0x8
 212 016d E2000000 		.4byte	.LASF30
 213 0171 06       		.byte	0x6
 214 0172 5C       		.byte	0x5c
 215 0173 01010000 		.4byte	0x101
 216 0177 08       		.byte	0x8
 217 0178 08       		.uleb128 0x8
 218 0179 53080000 		.4byte	.LASF31
 219 017d 06       		.byte	0x6
 220 017e 5D       		.byte	0x5d
 221 017f 15030000 		.4byte	0x315
 222 0183 0C       		.byte	0xc
 223 0184 08       		.uleb128 0x8
 224 0185 08020000 		.4byte	.LASF32
 225 0189 06       		.byte	0x6
 226 018a 5F       		.byte	0x5f
 227 018b 5A020000 		.4byte	0x25a
 228 018f 10       		.byte	0x10
ARM GAS  /tmp/ccCpdCSz.s 			page 5


 229 0190 08       		.uleb128 0x8
 230 0191 50040000 		.4byte	.LASF33
 231 0195 06       		.byte	0x6
 232 0196 60       		.byte	0x60
 233 0197 5A020000 		.4byte	0x25a
 234 019b 14       		.byte	0x14
 235 019c 08       		.uleb128 0x8
 236 019d E6070000 		.4byte	.LASF34
 237 01a1 06       		.byte	0x6
 238 01a2 67       		.byte	0x67
 239 01a3 49050000 		.4byte	0x549
 240 01a7 18       		.byte	0x18
 241 01a8 08       		.uleb128 0x8
 242 01a9 5C050000 		.4byte	.LASF35
 243 01ad 06       		.byte	0x6
 244 01ae 72       		.byte	0x72
 245 01af E0000000 		.4byte	0xe0
 246 01b3 1C       		.byte	0x1c
 247 01b4 08       		.uleb128 0x8
 248 01b5 AF050000 		.4byte	.LASF36
 249 01b9 06       		.byte	0x6
 250 01ba 76       		.byte	0x76
 251 01bb D5000000 		.4byte	0xd5
 252 01bf 1D       		.byte	0x1d
 253 01c0 08       		.uleb128 0x8
 254 01c1 9C070000 		.4byte	.LASF37
 255 01c5 06       		.byte	0x6
 256 01c6 7B       		.byte	0x7b
 257 01c7 EB000000 		.4byte	0xeb
 258 01cb 1E       		.byte	0x1e
 259 01cc 08       		.uleb128 0x8
 260 01cd 64050000 		.4byte	.LASF38
 261 01d1 06       		.byte	0x6
 262 01d2 81       		.byte	0x81
 263 01d3 F6000000 		.4byte	0xf6
 264 01d7 1F       		.byte	0x1f
 265 01d8 08       		.uleb128 0x8
 266 01d9 AC060000 		.4byte	.LASF39
 267 01dd 06       		.byte	0x6
 268 01de 88       		.byte	0x88
 269 01df 38010000 		.4byte	0x138
 270 01e3 20       		.byte	0x20
 271 01e4 09       		.uleb128 0x9
 272 01e5 705F7500 		.ascii	"p_u\000"
 273 01e9 06       		.byte	0x6
 274 01ea AD       		.byte	0xad
 275 01eb 14050000 		.4byte	0x514
 276 01ef 24       		.byte	0x24
 277 01f0 08       		.uleb128 0x8
 278 01f1 59080000 		.4byte	.LASF40
 279 01f5 06       		.byte	0x6
 280 01f6 B2       		.byte	0xb2
 281 01f7 80020000 		.4byte	0x280
 282 01fb 28       		.byte	0x28
 283 01fc 08       		.uleb128 0x8
 284 01fd 3B070000 		.4byte	.LASF41
 285 0201 06       		.byte	0x6
ARM GAS  /tmp/ccCpdCSz.s 			page 6


 286 0202 B8       		.byte	0xb8
 287 0203 60020000 		.4byte	0x260
 288 0207 2C       		.byte	0x2c
 289 0208 08       		.uleb128 0x8
 290 0209 0D000000 		.4byte	.LASF42
 291 020d 06       		.byte	0x6
 292 020e BC       		.byte	0xbc
 293 020f 0C010000 		.4byte	0x10c
 294 0213 34       		.byte	0x34
 295 0214 08       		.uleb128 0x8
 296 0215 E4050000 		.4byte	.LASF43
 297 0219 06       		.byte	0x6
 298 021a C2       		.byte	0xc2
 299 021b 17010000 		.4byte	0x117
 300 021f 38       		.byte	0x38
 301 0220 08       		.uleb128 0x8
 302 0221 48050000 		.4byte	.LASF44
 303 0225 06       		.byte	0x6
 304 0226 C9       		.byte	0xc9
 305 0227 5B050000 		.4byte	0x55b
 306 022b 3C       		.byte	0x3c
 307 022c 08       		.uleb128 0x8
 308 022d 83060000 		.4byte	.LASF45
 309 0231 06       		.byte	0x6
 310 0232 CD       		.byte	0xcd
 311 0233 01010000 		.4byte	0x101
 312 0237 40       		.byte	0x40
 313 0238 00       		.byte	0
 314 0239 0A       		.uleb128 0xa
 315 023a 08       		.byte	0x8
 316 023b 05       		.byte	0x5
 317 023c 5A       		.byte	0x5a
 318 023d 5A020000 		.4byte	0x25a
 319 0241 08       		.uleb128 0x8
 320 0242 91050000 		.4byte	.LASF28
 321 0246 05       		.byte	0x5
 322 0247 5B       		.byte	0x5b
 323 0248 5A020000 		.4byte	0x25a
 324 024c 00       		.byte	0
 325 024d 08       		.uleb128 0x8
 326 024e F5040000 		.4byte	.LASF29
 327 0252 05       		.byte	0x5
 328 0253 5D       		.byte	0x5d
 329 0254 5A020000 		.4byte	0x25a
 330 0258 04       		.byte	0x4
 331 0259 00       		.byte	0
 332 025a 0B       		.uleb128 0xb
 333 025b 04       		.byte	0x4
 334 025c 3D010000 		.4byte	0x13d
 335 0260 03       		.uleb128 0x3
 336 0261 6E040000 		.4byte	.LASF46
 337 0265 05       		.byte	0x5
 338 0266 5F       		.byte	0x5f
 339 0267 39020000 		.4byte	0x239
 340 026b 0A       		.uleb128 0xa
 341 026c 04       		.byte	0x4
 342 026d 05       		.byte	0x5
ARM GAS  /tmp/ccCpdCSz.s 			page 7


 343 026e 64       		.byte	0x64
 344 026f 80020000 		.4byte	0x280
 345 0273 08       		.uleb128 0x8
 346 0274 91050000 		.4byte	.LASF28
 347 0278 05       		.byte	0x5
 348 0279 66       		.byte	0x66
 349 027a 5A020000 		.4byte	0x25a
 350 027e 00       		.byte	0
 351 027f 00       		.byte	0
 352 0280 03       		.uleb128 0x3
 353 0281 8D030000 		.4byte	.LASF47
 354 0285 05       		.byte	0x5
 355 0286 69       		.byte	0x69
 356 0287 6B020000 		.4byte	0x26b
 357 028b 03       		.uleb128 0x3
 358 028c C3030000 		.4byte	.LASF48
 359 0290 07       		.byte	0x7
 360 0291 9D       		.byte	0x9d
 361 0292 C5000000 		.4byte	0xc5
 362 0296 03       		.uleb128 0x3
 363 0297 6C020000 		.4byte	.LASF49
 364 029b 07       		.byte	0x7
 365 029c A2       		.byte	0xa2
 366 029d A1020000 		.4byte	0x2a1
 367 02a1 0C       		.uleb128 0xc
 368 02a2 04       		.byte	0x4
 369 02a3 07       		.uleb128 0x7
 370 02a4 34070000 		.4byte	.LASF50
 371 02a8 24       		.byte	0x24
 372 02a9 07       		.byte	0x7
 373 02aa B9       		.byte	0xb9
 374 02ab 15030000 		.4byte	0x315
 375 02af 09       		.uleb128 0x9
 376 02b0 723400   		.ascii	"r4\000"
 377 02b3 07       		.byte	0x7
 378 02b4 BA       		.byte	0xba
 379 02b5 96020000 		.4byte	0x296
 380 02b9 00       		.byte	0
 381 02ba 09       		.uleb128 0x9
 382 02bb 723500   		.ascii	"r5\000"
 383 02be 07       		.byte	0x7
 384 02bf BB       		.byte	0xbb
 385 02c0 96020000 		.4byte	0x296
 386 02c4 04       		.byte	0x4
 387 02c5 09       		.uleb128 0x9
 388 02c6 723600   		.ascii	"r6\000"
 389 02c9 07       		.byte	0x7
 390 02ca BC       		.byte	0xbc
 391 02cb 96020000 		.4byte	0x296
 392 02cf 08       		.byte	0x8
 393 02d0 09       		.uleb128 0x9
 394 02d1 723700   		.ascii	"r7\000"
 395 02d4 07       		.byte	0x7
 396 02d5 BD       		.byte	0xbd
 397 02d6 96020000 		.4byte	0x296
 398 02da 0C       		.byte	0xc
 399 02db 09       		.uleb128 0x9
ARM GAS  /tmp/ccCpdCSz.s 			page 8


 400 02dc 723800   		.ascii	"r8\000"
 401 02df 07       		.byte	0x7
 402 02e0 BE       		.byte	0xbe
 403 02e1 96020000 		.4byte	0x296
 404 02e5 10       		.byte	0x10
 405 02e6 09       		.uleb128 0x9
 406 02e7 723900   		.ascii	"r9\000"
 407 02ea 07       		.byte	0x7
 408 02eb BF       		.byte	0xbf
 409 02ec 96020000 		.4byte	0x296
 410 02f0 14       		.byte	0x14
 411 02f1 09       		.uleb128 0x9
 412 02f2 72313000 		.ascii	"r10\000"
 413 02f6 07       		.byte	0x7
 414 02f7 C0       		.byte	0xc0
 415 02f8 96020000 		.4byte	0x296
 416 02fc 18       		.byte	0x18
 417 02fd 09       		.uleb128 0x9
 418 02fe 72313100 		.ascii	"r11\000"
 419 0302 07       		.byte	0x7
 420 0303 C1       		.byte	0xc1
 421 0304 96020000 		.4byte	0x296
 422 0308 1C       		.byte	0x1c
 423 0309 09       		.uleb128 0x9
 424 030a 6C7200   		.ascii	"lr\000"
 425 030d 07       		.byte	0x7
 426 030e C2       		.byte	0xc2
 427 030f 96020000 		.4byte	0x296
 428 0313 20       		.byte	0x20
 429 0314 00       		.byte	0
 430 0315 07       		.uleb128 0x7
 431 0316 34030000 		.4byte	.LASF51
 432 031a 04       		.byte	0x4
 433 031b 07       		.byte	0x7
 434 031c CA       		.byte	0xca
 435 031d 2E030000 		.4byte	0x32e
 436 0321 09       		.uleb128 0x9
 437 0322 72313300 		.ascii	"r13\000"
 438 0326 07       		.byte	0x7
 439 0327 CB       		.byte	0xcb
 440 0328 2E030000 		.4byte	0x32e
 441 032c 00       		.byte	0
 442 032d 00       		.byte	0
 443 032e 0B       		.uleb128 0xb
 444 032f 04       		.byte	0x4
 445 0330 A3020000 		.4byte	0x2a3
 446 0334 03       		.uleb128 0x3
 447 0335 02030000 		.4byte	.LASF52
 448 0339 08       		.byte	0x8
 449 033a 4E       		.byte	0x4e
 450 033b 3F030000 		.4byte	0x33f
 451 033f 0B       		.uleb128 0xb
 452 0340 04       		.byte	0x4
 453 0341 45030000 		.4byte	0x345
 454 0345 0D       		.uleb128 0xd
 455 0346 50030000 		.4byte	0x350
 456 034a 0E       		.uleb128 0xe
ARM GAS  /tmp/ccCpdCSz.s 			page 9


 457 034b A1020000 		.4byte	0x2a1
 458 034f 00       		.byte	0
 459 0350 03       		.uleb128 0x3
 460 0351 16060000 		.4byte	.LASF53
 461 0355 08       		.byte	0x8
 462 0356 53       		.byte	0x53
 463 0357 5B030000 		.4byte	0x35b
 464 035b 07       		.uleb128 0x7
 465 035c 16060000 		.4byte	.LASF53
 466 0360 14       		.byte	0x14
 467 0361 08       		.byte	0x8
 468 0362 5A       		.byte	0x5a
 469 0363 A4030000 		.4byte	0x3a4
 470 0367 08       		.uleb128 0x8
 471 0368 B6020000 		.4byte	.LASF54
 472 036c 08       		.byte	0x8
 473 036d 5B       		.byte	0x5b
 474 036e A4030000 		.4byte	0x3a4
 475 0372 00       		.byte	0
 476 0373 08       		.uleb128 0x8
 477 0374 75020000 		.4byte	.LASF55
 478 0378 08       		.byte	0x8
 479 0379 5D       		.byte	0x5d
 480 037a A4030000 		.4byte	0x3a4
 481 037e 04       		.byte	0x4
 482 037f 08       		.uleb128 0x8
 483 0380 F6030000 		.4byte	.LASF56
 484 0384 08       		.byte	0x8
 485 0385 5F       		.byte	0x5f
 486 0386 2D010000 		.4byte	0x12d
 487 038a 08       		.byte	0x8
 488 038b 08       		.uleb128 0x8
 489 038c 27040000 		.4byte	.LASF57
 490 0390 08       		.byte	0x8
 491 0391 60       		.byte	0x60
 492 0392 34030000 		.4byte	0x334
 493 0396 0C       		.byte	0xc
 494 0397 08       		.uleb128 0x8
 495 0398 64070000 		.4byte	.LASF58
 496 039c 08       		.byte	0x8
 497 039d 62       		.byte	0x62
 498 039e A1020000 		.4byte	0x2a1
 499 03a2 10       		.byte	0x10
 500 03a3 00       		.byte	0
 501 03a4 0B       		.uleb128 0xb
 502 03a5 04       		.byte	0x4
 503 03a6 50030000 		.4byte	0x350
 504 03aa 0A       		.uleb128 0xa
 505 03ab 10       		.byte	0x10
 506 03ac 08       		.byte	0x8
 507 03ad 6C       		.byte	0x6c
 508 03ae E3030000 		.4byte	0x3e3
 509 03b2 08       		.uleb128 0x8
 510 03b3 B6020000 		.4byte	.LASF54
 511 03b7 08       		.byte	0x8
 512 03b8 6D       		.byte	0x6d
 513 03b9 A4030000 		.4byte	0x3a4
ARM GAS  /tmp/ccCpdCSz.s 			page 10


 514 03bd 00       		.byte	0
 515 03be 08       		.uleb128 0x8
 516 03bf 75020000 		.4byte	.LASF55
 517 03c3 08       		.byte	0x8
 518 03c4 6F       		.byte	0x6f
 519 03c5 A4030000 		.4byte	0x3a4
 520 03c9 04       		.byte	0x4
 521 03ca 08       		.uleb128 0x8
 522 03cb F6030000 		.4byte	.LASF56
 523 03cf 08       		.byte	0x8
 524 03d0 71       		.byte	0x71
 525 03d1 2D010000 		.4byte	0x12d
 526 03d5 08       		.byte	0x8
 527 03d6 08       		.uleb128 0x8
 528 03d7 ED070000 		.4byte	.LASF59
 529 03db 08       		.byte	0x8
 530 03dc 72       		.byte	0x72
 531 03dd 38010000 		.4byte	0x138
 532 03e1 0C       		.byte	0xc
 533 03e2 00       		.byte	0
 534 03e3 03       		.uleb128 0x3
 535 03e4 20080000 		.4byte	.LASF60
 536 03e8 08       		.byte	0x8
 537 03e9 73       		.byte	0x73
 538 03ea AA030000 		.4byte	0x3aa
 539 03ee 0F       		.uleb128 0xf
 540 03ef 48000000 		.4byte	.LASF68
 541 03f3 08       		.byte	0x8
 542 03f4 D1       		.byte	0xd1
 543 03f5 E3030000 		.4byte	0x3e3
 544 03f9 0A       		.uleb128 0xa
 545 03fa 1C       		.byte	0x1c
 546 03fb 09       		.byte	0x9
 547 03fc 57       		.byte	0x57
 548 03fd 4A040000 		.4byte	0x44a
 549 0401 08       		.uleb128 0x8
 550 0402 0E060000 		.4byte	.LASF61
 551 0406 09       		.byte	0x9
 552 0407 58       		.byte	0x58
 553 0408 60020000 		.4byte	0x260
 554 040c 00       		.byte	0
 555 040d 08       		.uleb128 0x8
 556 040e 7A050000 		.4byte	.LASF62
 557 0412 09       		.byte	0x9
 558 0413 59       		.byte	0x59
 559 0414 01010000 		.4byte	0x101
 560 0418 08       		.byte	0x8
 561 0419 08       		.uleb128 0x8
 562 041a 68040000 		.4byte	.LASF63
 563 041e 09       		.byte	0x9
 564 041f 5B       		.byte	0x5b
 565 0420 15030000 		.4byte	0x315
 566 0424 0C       		.byte	0xc
 567 0425 08       		.uleb128 0x8
 568 0426 6E030000 		.4byte	.LASF64
 569 042a 09       		.byte	0x9
 570 042b 5E       		.byte	0x5e
ARM GAS  /tmp/ccCpdCSz.s 			page 11


 571 042c 5A020000 		.4byte	0x25a
 572 0430 10       		.byte	0x10
 573 0431 08       		.uleb128 0x8
 574 0432 95040000 		.4byte	.LASF65
 575 0436 09       		.byte	0x9
 576 0437 5F       		.byte	0x5f
 577 0438 5A020000 		.4byte	0x25a
 578 043c 14       		.byte	0x14
 579 043d 08       		.uleb128 0x8
 580 043e 8B040000 		.4byte	.LASF66
 581 0442 09       		.byte	0x9
 582 0443 62       		.byte	0x62
 583 0444 5A020000 		.4byte	0x25a
 584 0448 18       		.byte	0x18
 585 0449 00       		.byte	0
 586 044a 03       		.uleb128 0x3
 587 044b AA070000 		.4byte	.LASF67
 588 044f 09       		.byte	0x9
 589 0450 64       		.byte	0x64
 590 0451 F9030000 		.4byte	0x3f9
 591 0455 0F       		.uleb128 0xf
 592 0456 BD070000 		.4byte	.LASF69
 593 045a 09       		.byte	0x9
 594 045b 68       		.byte	0x68
 595 045c 4A040000 		.4byte	0x44a
 596 0460 07       		.uleb128 0x7
 597 0461 B0030000 		.4byte	.LASF70
 598 0465 10       		.byte	0x10
 599 0466 0A       		.byte	0xa
 600 0467 25       		.byte	0x25
 601 0468 91040000 		.4byte	0x491
 602 046c 08       		.uleb128 0x8
 603 046d 55010000 		.4byte	.LASF71
 604 0471 0A       		.byte	0xa
 605 0472 26       		.byte	0x26
 606 0473 60020000 		.4byte	0x260
 607 0477 00       		.byte	0
 608 0478 08       		.uleb128 0x8
 609 0479 38080000 		.4byte	.LASF72
 610 047d 0A       		.byte	0xa
 611 047e 28       		.byte	0x28
 612 047f 5A020000 		.4byte	0x25a
 613 0483 08       		.byte	0x8
 614 0484 08       		.uleb128 0x8
 615 0485 72060000 		.4byte	.LASF73
 616 0489 0A       		.byte	0xa
 617 048a 2A       		.byte	0x2a
 618 048b 91040000 		.4byte	0x491
 619 048f 0C       		.byte	0xc
 620 0490 00       		.byte	0
 621 0491 0B       		.uleb128 0xb
 622 0492 04       		.byte	0x4
 623 0493 60040000 		.4byte	0x460
 624 0497 03       		.uleb128 0x3
 625 0498 B0030000 		.4byte	.LASF70
 626 049c 0A       		.byte	0xa
 627 049d 2C       		.byte	0x2c
ARM GAS  /tmp/ccCpdCSz.s 			page 12


 628 049e 60040000 		.4byte	0x460
 629 04a2 03       		.uleb128 0x3
 630 04a3 D1070000 		.4byte	.LASF74
 631 04a7 0B       		.byte	0xb
 632 04a8 25       		.byte	0x25
 633 04a9 AD040000 		.4byte	0x4ad
 634 04ad 07       		.uleb128 0x7
 635 04ae D1070000 		.4byte	.LASF74
 636 04b2 10       		.byte	0x10
 637 04b3 0B       		.byte	0xb
 638 04b4 2A       		.byte	0x2a
 639 04b5 EA040000 		.4byte	0x4ea
 640 04b9 08       		.uleb128 0x8
 641 04ba 76030000 		.4byte	.LASF75
 642 04be 0B       		.byte	0xb
 643 04bf 2B       		.byte	0x2b
 644 04c0 EA040000 		.4byte	0x4ea
 645 04c4 00       		.byte	0
 646 04c5 08       		.uleb128 0x8
 647 04c6 33050000 		.4byte	.LASF76
 648 04ca 0B       		.byte	0xb
 649 04cb 2E       		.byte	0x2e
 650 04cc 5A020000 		.4byte	0x25a
 651 04d0 04       		.byte	0x4
 652 04d1 08       		.uleb128 0x8
 653 04d2 9D040000 		.4byte	.LASF77
 654 04d6 0B       		.byte	0xb
 655 04d7 30       		.byte	0x30
 656 04d8 17010000 		.4byte	0x117
 657 04dc 08       		.byte	0x8
 658 04dd 08       		.uleb128 0x8
 659 04de 3F050000 		.4byte	.LASF78
 660 04e2 0B       		.byte	0xb
 661 04e3 33       		.byte	0x33
 662 04e4 22010000 		.4byte	0x122
 663 04e8 0C       		.byte	0xc
 664 04e9 00       		.byte	0
 665 04ea 0B       		.uleb128 0xb
 666 04eb 04       		.byte	0x4
 667 04ec A2040000 		.4byte	0x4a2
 668 04f0 07       		.uleb128 0x7
 669 04f1 9D020000 		.4byte	.LASF79
 670 04f5 04       		.byte	0x4
 671 04f6 0B       		.byte	0xb
 672 04f7 3A       		.byte	0x3a
 673 04f8 09050000 		.4byte	0x509
 674 04fc 08       		.uleb128 0x8
 675 04fd F8070000 		.4byte	.LASF80
 676 0501 0B       		.byte	0xb
 677 0502 3B       		.byte	0x3b
 678 0503 EA040000 		.4byte	0x4ea
 679 0507 00       		.byte	0
 680 0508 00       		.byte	0
 681 0509 03       		.uleb128 0x3
 682 050a 9D020000 		.4byte	.LASF79
 683 050e 0B       		.byte	0xb
 684 050f 3E       		.byte	0x3e
ARM GAS  /tmp/ccCpdCSz.s 			page 13


 685 0510 F0040000 		.4byte	0x4f0
 686 0514 10       		.uleb128 0x10
 687 0515 04       		.byte	0x4
 688 0516 06       		.byte	0x6
 689 0517 8F       		.byte	0x8f
 690 0518 49050000 		.4byte	0x549
 691 051c 11       		.uleb128 0x11
 692 051d 1A000000 		.4byte	.LASF81
 693 0521 06       		.byte	0x6
 694 0522 96       		.byte	0x96
 695 0523 0C010000 		.4byte	0x10c
 696 0527 11       		.uleb128 0x11
 697 0528 C6000000 		.4byte	.LASF82
 698 052c 06       		.byte	0x6
 699 052d 9D       		.byte	0x9d
 700 052e 0C010000 		.4byte	0x10c
 701 0532 11       		.uleb128 0x11
 702 0533 DF070000 		.4byte	.LASF83
 703 0537 06       		.byte	0x6
 704 0538 A4       		.byte	0xa4
 705 0539 A1020000 		.4byte	0x2a1
 706 053d 11       		.uleb128 0x11
 707 053e 8A050000 		.4byte	.LASF84
 708 0542 06       		.byte	0x6
 709 0543 AB       		.byte	0xab
 710 0544 17010000 		.4byte	0x117
 711 0548 00       		.byte	0
 712 0549 0B       		.uleb128 0xb
 713 054a 04       		.byte	0x4
 714 054b 56050000 		.4byte	0x556
 715 054f 04       		.uleb128 0x4
 716 0550 01       		.byte	0x1
 717 0551 08       		.byte	0x8
 718 0552 43060000 		.4byte	.LASF85
 719 0556 06       		.uleb128 0x6
 720 0557 4F050000 		.4byte	0x54f
 721 055b 0B       		.uleb128 0xb
 722 055c 04       		.byte	0x4
 723 055d 97040000 		.4byte	0x497
 724 0561 0B       		.uleb128 0xb
 725 0562 04       		.byte	0x4
 726 0563 67050000 		.4byte	0x567
 727 0567 12       		.uleb128 0x12
 728 0568 0C010000 		.4byte	0x10c
 729 056c 76050000 		.4byte	0x576
 730 0570 0E       		.uleb128 0xe
 731 0571 A1020000 		.4byte	0x2a1
 732 0575 00       		.byte	0
 733 0576 0A       		.uleb128 0xa
 734 0577 16       		.byte	0x16
 735 0578 0C       		.byte	0xc
 736 0579 25       		.byte	0x25
 737 057a 57060000 		.4byte	0x657
 738 057e 08       		.uleb128 0x8
 739 057f 0B030000 		.4byte	.LASF86
 740 0583 0C       		.byte	0xc
 741 0584 26       		.byte	0x26
ARM GAS  /tmp/ccCpdCSz.s 			page 14


 742 0585 57060000 		.4byte	0x657
 743 0589 00       		.byte	0
 744 058a 08       		.uleb128 0x8
 745 058b D7030000 		.4byte	.LASF87
 746 058f 0C       		.byte	0xc
 747 0590 27       		.byte	0x27
 748 0591 9F000000 		.4byte	0x9f
 749 0595 04       		.byte	0x4
 750 0596 08       		.uleb128 0x8
 751 0597 7B040000 		.4byte	.LASF88
 752 059b 0C       		.byte	0xc
 753 059c 28       		.byte	0x28
 754 059d 9F000000 		.4byte	0x9f
 755 05a1 05       		.byte	0x5
 756 05a2 08       		.uleb128 0x8
 757 05a3 0A080000 		.4byte	.LASF89
 758 05a7 0C       		.byte	0xc
 759 05a8 29       		.byte	0x29
 760 05a9 AF000000 		.4byte	0xaf
 761 05ad 06       		.byte	0x6
 762 05ae 08       		.uleb128 0x8
 763 05af E0040000 		.4byte	.LASF90
 764 05b3 0C       		.byte	0xc
 765 05b4 2A       		.byte	0x2a
 766 05b5 9F000000 		.4byte	0x9f
 767 05b9 08       		.byte	0x8
 768 05ba 08       		.uleb128 0x8
 769 05bb 2F040000 		.4byte	.LASF91
 770 05bf 0C       		.byte	0xc
 771 05c0 2B       		.byte	0x2b
 772 05c1 9F000000 		.4byte	0x9f
 773 05c5 09       		.byte	0x9
 774 05c6 08       		.uleb128 0x8
 775 05c7 B8000000 		.4byte	.LASF92
 776 05cb 0C       		.byte	0xc
 777 05cc 2C       		.byte	0x2c
 778 05cd 9F000000 		.4byte	0x9f
 779 05d1 0A       		.byte	0xa
 780 05d2 08       		.uleb128 0x8
 781 05d3 02060000 		.4byte	.LASF93
 782 05d7 0C       		.byte	0xc
 783 05d8 2D       		.byte	0x2d
 784 05d9 9F000000 		.4byte	0x9f
 785 05dd 0B       		.byte	0xb
 786 05de 08       		.uleb128 0x8
 787 05df 91070000 		.4byte	.LASF94
 788 05e3 0C       		.byte	0xc
 789 05e4 2E       		.byte	0x2e
 790 05e5 9F000000 		.4byte	0x9f
 791 05e9 0C       		.byte	0xc
 792 05ea 08       		.uleb128 0x8
 793 05eb CC050000 		.4byte	.LASF95
 794 05ef 0C       		.byte	0xc
 795 05f0 2F       		.byte	0x2f
 796 05f1 9F000000 		.4byte	0x9f
 797 05f5 0D       		.byte	0xd
 798 05f6 08       		.uleb128 0x8
ARM GAS  /tmp/ccCpdCSz.s 			page 15


 799 05f7 00000000 		.4byte	.LASF96
 800 05fb 0C       		.byte	0xc
 801 05fc 30       		.byte	0x30
 802 05fd 9F000000 		.4byte	0x9f
 803 0601 0E       		.byte	0xe
 804 0602 08       		.uleb128 0x8
 805 0603 44040000 		.4byte	.LASF97
 806 0607 0C       		.byte	0xc
 807 0608 31       		.byte	0x31
 808 0609 9F000000 		.4byte	0x9f
 809 060d 0F       		.byte	0xf
 810 060e 08       		.uleb128 0x8
 811 060f 27010000 		.4byte	.LASF98
 812 0613 0C       		.byte	0xc
 813 0614 32       		.byte	0x32
 814 0615 9F000000 		.4byte	0x9f
 815 0619 10       		.byte	0x10
 816 061a 08       		.uleb128 0x8
 817 061b E9000000 		.4byte	.LASF99
 818 061f 0C       		.byte	0xc
 819 0620 34       		.byte	0x34
 820 0621 9F000000 		.4byte	0x9f
 821 0625 11       		.byte	0x11
 822 0626 08       		.uleb128 0x8
 823 0627 40010000 		.4byte	.LASF100
 824 062b 0C       		.byte	0xc
 825 062c 35       		.byte	0x35
 826 062d 9F000000 		.4byte	0x9f
 827 0631 12       		.byte	0x12
 828 0632 08       		.uleb128 0x8
 829 0633 DF030000 		.4byte	.LASF101
 830 0637 0C       		.byte	0xc
 831 0638 36       		.byte	0x36
 832 0639 9F000000 		.4byte	0x9f
 833 063d 13       		.byte	0x13
 834 063e 08       		.uleb128 0x8
 835 063f A0050000 		.4byte	.LASF102
 836 0643 0C       		.byte	0xc
 837 0644 37       		.byte	0x37
 838 0645 9F000000 		.4byte	0x9f
 839 0649 14       		.byte	0x14
 840 064a 08       		.uleb128 0x8
 841 064b 6E050000 		.4byte	.LASF103
 842 064f 0C       		.byte	0xc
 843 0650 39       		.byte	0x39
 844 0651 9F000000 		.4byte	0x9f
 845 0655 15       		.byte	0x15
 846 0656 00       		.byte	0
 847 0657 13       		.uleb128 0x13
 848 0658 4F050000 		.4byte	0x54f
 849 065c 67060000 		.4byte	0x667
 850 0660 14       		.uleb128 0x14
 851 0661 67060000 		.4byte	0x667
 852 0665 03       		.byte	0x3
 853 0666 00       		.byte	0
 854 0667 04       		.uleb128 0x4
 855 0668 04       		.byte	0x4
ARM GAS  /tmp/ccCpdCSz.s 			page 16


 856 0669 07       		.byte	0x7
 857 066a 07040000 		.4byte	.LASF104
 858 066e 03       		.uleb128 0x3
 859 066f E4010000 		.4byte	.LASF105
 860 0673 0C       		.byte	0xc
 861 0674 3A       		.byte	0x3a
 862 0675 76050000 		.4byte	0x576
 863 0679 06       		.uleb128 0x6
 864 067a 6E060000 		.4byte	0x66e
 865 067e 0F       		.uleb128 0xf
 866 067f F4020000 		.4byte	.LASF106
 867 0683 0C       		.byte	0xc
 868 0684 77       		.byte	0x77
 869 0685 79060000 		.4byte	0x679
 870 0689 03       		.uleb128 0x3
 871 068a B6030000 		.4byte	.LASF107
 872 068e 0D       		.byte	0xd
 873 068f 30       		.byte	0x30
 874 0690 94060000 		.4byte	0x694
 875 0694 07       		.uleb128 0x7
 876 0695 B6030000 		.4byte	.LASF107
 877 0699 24       		.byte	0x24
 878 069a 0D       		.byte	0xd
 879 069b 3E       		.byte	0x3e
 880 069c 01070000 		.4byte	0x701
 881 06a0 08       		.uleb128 0x8
 882 06a1 03010000 		.4byte	.LASF108
 883 06a5 0D       		.byte	0xd
 884 06a6 3F       		.byte	0x3f
 885 06a7 60020000 		.4byte	0x260
 886 06ab 00       		.byte	0
 887 06ac 08       		.uleb128 0x8
 888 06ad 1D040000 		.4byte	.LASF109
 889 06b1 0D       		.byte	0xd
 890 06b2 40       		.byte	0x40
 891 06b3 24000000 		.4byte	0x24
 892 06b7 08       		.byte	0x8
 893 06b8 08       		.uleb128 0x8
 894 06b9 CE030000 		.4byte	.LASF110
 895 06bd 0D       		.byte	0xd
 896 06be 41       		.byte	0x41
 897 06bf 23070000 		.4byte	0x723
 898 06c3 0C       		.byte	0xc
 899 06c4 08       		.uleb128 0x8
 900 06c5 61000000 		.4byte	.LASF111
 901 06c9 0D       		.byte	0xd
 902 06ca 42       		.byte	0x42
 903 06cb 23070000 		.4byte	0x723
 904 06cf 10       		.byte	0x10
 905 06d0 08       		.uleb128 0x8
 906 06d1 60040000 		.4byte	.LASF112
 907 06d5 0D       		.byte	0xd
 908 06d6 44       		.byte	0x44
 909 06d7 23070000 		.4byte	0x723
 910 06db 14       		.byte	0x14
 911 06dc 08       		.uleb128 0x8
 912 06dd 04050000 		.4byte	.LASF113
ARM GAS  /tmp/ccCpdCSz.s 			page 17


 913 06e1 0D       		.byte	0xd
 914 06e2 45       		.byte	0x45
 915 06e3 23070000 		.4byte	0x723
 916 06e7 18       		.byte	0x18
 917 06e8 08       		.uleb128 0x8
 918 06e9 B4070000 		.4byte	.LASF114
 919 06ed 0D       		.byte	0xd
 920 06ee 46       		.byte	0x46
 921 06ef 01070000 		.4byte	0x701
 922 06f3 1C       		.byte	0x1c
 923 06f4 08       		.uleb128 0x8
 924 06f5 27080000 		.4byte	.LASF115
 925 06f9 0D       		.byte	0xd
 926 06fa 47       		.byte	0x47
 927 06fb A1020000 		.4byte	0x2a1
 928 06ff 20       		.byte	0x20
 929 0700 00       		.byte	0
 930 0701 03       		.uleb128 0x3
 931 0702 EB040000 		.4byte	.LASF116
 932 0706 0D       		.byte	0xd
 933 0707 33       		.byte	0x33
 934 0708 0C070000 		.4byte	0x70c
 935 070c 0B       		.uleb128 0xb
 936 070d 04       		.byte	0x4
 937 070e 12070000 		.4byte	0x712
 938 0712 0D       		.uleb128 0xd
 939 0713 1D070000 		.4byte	0x71d
 940 0717 0E       		.uleb128 0xe
 941 0718 1D070000 		.4byte	0x71d
 942 071c 00       		.byte	0
 943 071d 0B       		.uleb128 0xb
 944 071e 04       		.byte	0x4
 945 071f 89060000 		.4byte	0x689
 946 0723 0B       		.uleb128 0xb
 947 0724 04       		.byte	0x4
 948 0725 9F000000 		.4byte	0x9f
 949 0729 03       		.uleb128 0x3
 950 072a A5030000 		.4byte	.LASF117
 951 072e 0D       		.byte	0xd
 952 072f 7B       		.byte	0x7b
 953 0730 89060000 		.4byte	0x689
 954 0734 03       		.uleb128 0x3
 955 0735 27000000 		.4byte	.LASF118
 956 0739 0D       		.byte	0xd
 957 073a EE       		.byte	0xee
 958 073b 89060000 		.4byte	0x689
 959 073f 12       		.uleb128 0x12
 960 0740 24000000 		.4byte	0x24
 961 0744 58070000 		.4byte	0x758
 962 0748 0E       		.uleb128 0xe
 963 0749 A1020000 		.4byte	0x2a1
 964 074d 0E       		.uleb128 0xe
 965 074e 58070000 		.4byte	0x758
 966 0752 0E       		.uleb128 0xe
 967 0753 24000000 		.4byte	0x24
 968 0757 00       		.byte	0
 969 0758 0B       		.uleb128 0xb
ARM GAS  /tmp/ccCpdCSz.s 			page 18


 970 0759 04       		.byte	0x4
 971 075a AA000000 		.4byte	0xaa
 972 075e 0B       		.uleb128 0xb
 973 075f 04       		.byte	0x4
 974 0760 3F070000 		.4byte	0x73f
 975 0764 12       		.uleb128 0x12
 976 0765 24000000 		.4byte	0x24
 977 0769 7D070000 		.4byte	0x77d
 978 076d 0E       		.uleb128 0xe
 979 076e A1020000 		.4byte	0x2a1
 980 0772 0E       		.uleb128 0xe
 981 0773 23070000 		.4byte	0x723
 982 0777 0E       		.uleb128 0xe
 983 0778 24000000 		.4byte	0x24
 984 077c 00       		.byte	0
 985 077d 0B       		.uleb128 0xb
 986 077e 04       		.byte	0x4
 987 077f 64070000 		.4byte	0x764
 988 0783 12       		.uleb128 0x12
 989 0784 0C010000 		.4byte	0x10c
 990 0788 97070000 		.4byte	0x797
 991 078c 0E       		.uleb128 0xe
 992 078d A1020000 		.4byte	0x2a1
 993 0791 0E       		.uleb128 0xe
 994 0792 9F000000 		.4byte	0x9f
 995 0796 00       		.byte	0
 996 0797 0B       		.uleb128 0xb
 997 0798 04       		.byte	0x4
 998 0799 83070000 		.4byte	0x783
 999 079d 13       		.uleb128 0x13
 1000 079e 8B020000 		.4byte	0x28b
 1001 07a2 AD070000 		.4byte	0x7ad
 1002 07a6 14       		.uleb128 0x14
 1003 07a7 67060000 		.4byte	0x667
 1004 07ab 26       		.byte	0x26
 1005 07ac 00       		.byte	0
 1006 07ad 0F       		.uleb128 0xf
 1007 07ae 10020000 		.4byte	.LASF119
 1008 07b2 0E       		.byte	0xe
 1009 07b3 82       		.byte	0x82
 1010 07b4 9D070000 		.4byte	0x79d
 1011 07b8 07       		.uleb128 0x7
 1012 07b9 4F000000 		.4byte	.LASF120
 1013 07bd 20       		.byte	0x20
 1014 07be 0F       		.byte	0xf
 1015 07bf FD       		.byte	0xfd
 1016 07c0 2B080000 		.4byte	0x82b
 1017 07c4 08       		.uleb128 0x8
 1018 07c5 59020000 		.4byte	.LASF121
 1019 07c9 0F       		.byte	0xf
 1020 07ca FE       		.byte	0xfe
 1021 07cb 36000000 		.4byte	0x36
 1022 07cf 00       		.byte	0
 1023 07d0 08       		.uleb128 0x8
 1024 07d1 A3070000 		.4byte	.LASF122
 1025 07d5 0F       		.byte	0xf
 1026 07d6 FF       		.byte	0xff
ARM GAS  /tmp/ccCpdCSz.s 			page 19


 1027 07d7 36000000 		.4byte	0x36
 1028 07db 04       		.byte	0x4
 1029 07dc 15       		.uleb128 0x15
 1030 07dd 15080000 		.4byte	.LASF123
 1031 07e1 0F       		.byte	0xf
 1032 07e2 0001     		.2byte	0x100
 1033 07e4 36000000 		.4byte	0x36
 1034 07e8 08       		.byte	0x8
 1035 07e9 15       		.uleb128 0x15
 1036 07ea 7D020000 		.4byte	.LASF124
 1037 07ee 0F       		.byte	0xf
 1038 07ef 0101     		.2byte	0x101
 1039 07f1 36000000 		.4byte	0x36
 1040 07f5 0C       		.byte	0xc
 1041 07f6 15       		.uleb128 0x15
 1042 07f7 D9000000 		.4byte	.LASF125
 1043 07fb 0F       		.byte	0xf
 1044 07fc 0201     		.2byte	0x102
 1045 07fe 36000000 		.4byte	0x36
 1046 0802 10       		.byte	0x10
 1047 0803 15       		.uleb128 0x15
 1048 0804 10040000 		.4byte	.LASF126
 1049 0808 0F       		.byte	0xf
 1050 0809 0301     		.2byte	0x103
 1051 080b 36000000 		.4byte	0x36
 1052 080f 14       		.byte	0x14
 1053 0810 15       		.uleb128 0x15
 1054 0811 A0010000 		.4byte	.LASF127
 1055 0815 0F       		.byte	0xf
 1056 0816 0401     		.2byte	0x104
 1057 0818 36000000 		.4byte	0x36
 1058 081c 18       		.byte	0x18
 1059 081d 15       		.uleb128 0x15
 1060 081e 6B080000 		.4byte	.LASF128
 1061 0822 0F       		.byte	0xf
 1062 0823 0501     		.2byte	0x105
 1063 0825 36000000 		.4byte	0x36
 1064 0829 1C       		.byte	0x1c
 1065 082a 00       		.byte	0
 1066 082b 16       		.uleb128 0x16
 1067 082c 4F000000 		.4byte	.LASF120
 1068 0830 0F       		.byte	0xf
 1069 0831 0801     		.2byte	0x108
 1070 0833 B8070000 		.4byte	0x7b8
 1071 0837 12       		.uleb128 0x12
 1072 0838 0C010000 		.4byte	0x10c
 1073 083c 50080000 		.4byte	0x850
 1074 0840 0E       		.uleb128 0xe
 1075 0841 A1020000 		.4byte	0x2a1
 1076 0845 0E       		.uleb128 0xe
 1077 0846 9F000000 		.4byte	0x9f
 1078 084a 0E       		.uleb128 0xe
 1079 084b 2D010000 		.4byte	0x12d
 1080 084f 00       		.byte	0
 1081 0850 0B       		.uleb128 0xb
 1082 0851 04       		.byte	0x4
 1083 0852 37080000 		.4byte	0x837
ARM GAS  /tmp/ccCpdCSz.s 			page 20


 1084 0856 12       		.uleb128 0x12
 1085 0857 0C010000 		.4byte	0x10c
 1086 085b 6A080000 		.4byte	0x86a
 1087 085f 0E       		.uleb128 0xe
 1088 0860 A1020000 		.4byte	0x2a1
 1089 0864 0E       		.uleb128 0xe
 1090 0865 2D010000 		.4byte	0x12d
 1091 0869 00       		.byte	0
 1092 086a 0B       		.uleb128 0xb
 1093 086b 04       		.byte	0x4
 1094 086c 56080000 		.4byte	0x856
 1095 0870 12       		.uleb128 0x12
 1096 0871 24000000 		.4byte	0x24
 1097 0875 8E080000 		.4byte	0x88e
 1098 0879 0E       		.uleb128 0xe
 1099 087a A1020000 		.4byte	0x2a1
 1100 087e 0E       		.uleb128 0xe
 1101 087f 58070000 		.4byte	0x758
 1102 0883 0E       		.uleb128 0xe
 1103 0884 24000000 		.4byte	0x24
 1104 0888 0E       		.uleb128 0xe
 1105 0889 2D010000 		.4byte	0x12d
 1106 088d 00       		.byte	0
 1107 088e 0B       		.uleb128 0xb
 1108 088f 04       		.byte	0x4
 1109 0890 70080000 		.4byte	0x870
 1110 0894 12       		.uleb128 0x12
 1111 0895 24000000 		.4byte	0x24
 1112 0899 B2080000 		.4byte	0x8b2
 1113 089d 0E       		.uleb128 0xe
 1114 089e A1020000 		.4byte	0x2a1
 1115 08a2 0E       		.uleb128 0xe
 1116 08a3 23070000 		.4byte	0x723
 1117 08a7 0E       		.uleb128 0xe
 1118 08a8 24000000 		.4byte	0x24
 1119 08ac 0E       		.uleb128 0xe
 1120 08ad 2D010000 		.4byte	0x12d
 1121 08b1 00       		.byte	0
 1122 08b2 0B       		.uleb128 0xb
 1123 08b3 04       		.byte	0x4
 1124 08b4 94080000 		.4byte	0x894
 1125 08b8 0A       		.uleb128 0xa
 1126 08b9 18       		.byte	0x18
 1127 08ba 10       		.byte	0x10
 1128 08bb 2A       		.byte	0x2a
 1129 08bc 09090000 		.4byte	0x909
 1130 08c0 08       		.uleb128 0x8
 1131 08c1 CB070000 		.4byte	.LASF129
 1132 08c5 10       		.byte	0x10
 1133 08c6 2F       		.byte	0x2f
 1134 08c7 C5000000 		.4byte	0xc5
 1135 08cb 00       		.byte	0
 1136 08cc 08       		.uleb128 0x8
 1137 08cd A5040000 		.4byte	.LASF130
 1138 08d1 10       		.byte	0x10
 1139 08d2 31       		.byte	0x31
 1140 08d3 09090000 		.4byte	0x909
ARM GAS  /tmp/ccCpdCSz.s 			page 21


 1141 08d7 04       		.byte	0x4
 1142 08d8 08       		.uleb128 0x8
 1143 08d9 5B030000 		.4byte	.LASF131
 1144 08dd 10       		.byte	0x10
 1145 08de 32       		.byte	0x32
 1146 08df 09090000 		.4byte	0x909
 1147 08e3 08       		.byte	0x8
 1148 08e4 08       		.uleb128 0x8
 1149 08e5 EB030000 		.4byte	.LASF132
 1150 08e9 10       		.byte	0x10
 1151 08ea 33       		.byte	0x33
 1152 08eb 09090000 		.4byte	0x909
 1153 08ef 0C       		.byte	0xc
 1154 08f0 08       		.uleb128 0x8
 1155 08f1 AB040000 		.4byte	.LASF133
 1156 08f5 10       		.byte	0x10
 1157 08f6 34       		.byte	0x34
 1158 08f7 09090000 		.4byte	0x909
 1159 08fb 10       		.byte	0x10
 1160 08fc 08       		.uleb128 0x8
 1161 08fd 81050000 		.4byte	.LASF134
 1162 0901 10       		.byte	0x10
 1163 0902 35       		.byte	0x35
 1164 0903 2F000000 		.4byte	0x2f
 1165 0907 14       		.byte	0x14
 1166 0908 00       		.byte	0
 1167 0909 0B       		.uleb128 0xb
 1168 090a 04       		.byte	0x4
 1169 090b D0000000 		.4byte	0xd0
 1170 090f 03       		.uleb128 0x3
 1171 0910 4F030000 		.4byte	.LASF135
 1172 0914 10       		.byte	0x10
 1173 0915 37       		.byte	0x37
 1174 0916 B8080000 		.4byte	0x8b8
 1175 091a 17       		.uleb128 0x17
 1176 091b 00       		.byte	0
 1177 091c 10       		.byte	0x10
 1178 091d 43       		.byte	0x43
 1179 091e 03       		.uleb128 0x3
 1180 091f 2E080000 		.4byte	.LASF136
 1181 0923 10       		.byte	0x10
 1182 0924 45       		.byte	0x45
 1183 0925 1A090000 		.4byte	0x91a
 1184 0929 06       		.uleb128 0x6
 1185 092a 1E090000 		.4byte	0x91e
 1186 092e 0F       		.uleb128 0xf
 1187 092f 83040000 		.4byte	.LASF137
 1188 0933 10       		.byte	0x10
 1189 0934 6D       		.byte	0x6d
 1190 0935 0F090000 		.4byte	0x90f
 1191 0939 0F       		.uleb128 0xf
 1192 093a 98050000 		.4byte	.LASF138
 1193 093e 10       		.byte	0x10
 1194 093f 6E       		.byte	0x6e
 1195 0940 0F090000 		.4byte	0x90f
 1196 0944 0F       		.uleb128 0xf
 1197 0945 40080000 		.4byte	.LASF139
ARM GAS  /tmp/ccCpdCSz.s 			page 22


 1198 0949 10       		.byte	0x10
 1199 094a 75       		.byte	0x75
 1200 094b 29090000 		.4byte	0x929
 1201 094f 18       		.uleb128 0x18
 1202 0950 01       		.byte	0x1
 1203 0951 4D000000 		.4byte	0x4d
 1204 0955 11       		.byte	0x11
 1205 0956 54       		.byte	0x54
 1206 0957 80090000 		.4byte	0x980
 1207 095b 19       		.uleb128 0x19
 1208 095c 6C010000 		.4byte	.LASF140
 1209 0960 00       		.byte	0
 1210 0961 19       		.uleb128 0x19
 1211 0962 FE030000 		.4byte	.LASF141
 1212 0966 01       		.byte	0x1
 1213 0967 19       		.uleb128 0x19
 1214 0968 98060000 		.4byte	.LASF142
 1215 096c 02       		.byte	0x2
 1216 096d 19       		.uleb128 0x19
 1217 096e EE010000 		.4byte	.LASF143
 1218 0972 03       		.byte	0x3
 1219 0973 19       		.uleb128 0x19
 1220 0974 30060000 		.4byte	.LASF144
 1221 0978 04       		.byte	0x4
 1222 0979 19       		.uleb128 0x19
 1223 097a D9050000 		.4byte	.LASF145
 1224 097e 05       		.byte	0x5
 1225 097f 00       		.byte	0
 1226 0980 03       		.uleb128 0x3
 1227 0981 D5040000 		.4byte	.LASF146
 1228 0985 11       		.byte	0x11
 1229 0986 5B       		.byte	0x5b
 1230 0987 4F090000 		.4byte	0x94f
 1231 098b 03       		.uleb128 0x3
 1232 098c A2060000 		.4byte	.LASF147
 1233 0990 12       		.byte	0x12
 1234 0991 38       		.byte	0x38
 1235 0992 96090000 		.4byte	0x996
 1236 0996 07       		.uleb128 0x7
 1237 0997 A2060000 		.4byte	.LASF147
 1238 099b 40       		.byte	0x40
 1239 099c 12       		.byte	0x12
 1240 099d 62       		.byte	0x62
 1241 099e 3F0A0000 		.4byte	0xa3f
 1242 09a2 08       		.uleb128 0x8
 1243 09a3 81010000 		.4byte	.LASF148
 1244 09a7 12       		.byte	0x12
 1245 09a8 64       		.byte	0x64
 1246 09a9 80090000 		.4byte	0x980
 1247 09ad 00       		.byte	0
 1248 09ae 08       		.uleb128 0x8
 1249 09af 55060000 		.4byte	.LASF149
 1250 09b3 12       		.byte	0x12
 1251 09b4 66       		.byte	0x66
 1252 09b5 7A0A0000 		.4byte	0xa7a
 1253 09b9 04       		.byte	0x4
 1254 09ba 08       		.uleb128 0x8
ARM GAS  /tmp/ccCpdCSz.s 			page 23


 1255 09bb D4020000 		.4byte	.LASF150
 1256 09bf 12       		.byte	0x12
 1257 09c0 68       		.byte	0x68
 1258 09c1 3F0A0000 		.4byte	0xa3f
 1259 09c5 08       		.byte	0x8
 1260 09c6 08       		.uleb128 0x8
 1261 09c7 FC000000 		.4byte	.LASF151
 1262 09cb 12       		.byte	0x12
 1263 09cc 6A       		.byte	0x6a
 1264 09cd 800A0000 		.4byte	0xa80
 1265 09d1 0C       		.byte	0xc
 1266 09d2 08       		.uleb128 0x8
 1267 09d3 17050000 		.4byte	.LASF152
 1268 09d7 12       		.byte	0x12
 1269 09d8 6D       		.byte	0x6d
 1270 09d9 97040000 		.4byte	0x497
 1271 09dd 10       		.byte	0x10
 1272 09de 08       		.uleb128 0x8
 1273 09df 99010000 		.4byte	.LASF153
 1274 09e3 12       		.byte	0x12
 1275 09e4 77       		.byte	0x77
 1276 09e5 5A020000 		.4byte	0x25a
 1277 09e9 20       		.byte	0x20
 1278 09ea 08       		.uleb128 0x8
 1279 09eb 5D010000 		.4byte	.LASF154
 1280 09ef 12       		.byte	0x12
 1281 09f0 7B       		.byte	0x7b
 1282 09f1 4A0A0000 		.4byte	0xa4a
 1283 09f5 24       		.byte	0x24
 1284 09f6 08       		.uleb128 0x8
 1285 09f7 BE020000 		.4byte	.LASF155
 1286 09fb 12       		.byte	0x12
 1287 09fc 7F       		.byte	0x7f
 1288 09fd 58070000 		.4byte	0x758
 1289 0a01 28       		.byte	0x28
 1290 0a02 08       		.uleb128 0x8
 1291 0a03 63080000 		.4byte	.LASF156
 1292 0a07 12       		.byte	0x12
 1293 0a08 83       		.byte	0x83
 1294 0a09 24000000 		.4byte	0x24
 1295 0a0d 2C       		.byte	0x2c
 1296 0a0e 08       		.uleb128 0x8
 1297 0a0f 8B070000 		.4byte	.LASF157
 1298 0a13 12       		.byte	0x12
 1299 0a14 87       		.byte	0x87
 1300 0a15 24000000 		.4byte	0x24
 1301 0a19 30       		.byte	0x30
 1302 0a1a 08       		.uleb128 0x8
 1303 0a1b 5B000000 		.4byte	.LASF158
 1304 0a1f 12       		.byte	0x12
 1305 0a20 8B       		.byte	0x8b
 1306 0a21 23070000 		.4byte	0x723
 1307 0a25 34       		.byte	0x34
 1308 0a26 08       		.uleb128 0x8
 1309 0a27 58040000 		.4byte	.LASF159
 1310 0a2b 12       		.byte	0x12
 1311 0a2c 8F       		.byte	0x8f
ARM GAS  /tmp/ccCpdCSz.s 			page 24


 1312 0a2d 24000000 		.4byte	0x24
 1313 0a31 38       		.byte	0x38
 1314 0a32 08       		.uleb128 0x8
 1315 0a33 B9010000 		.4byte	.LASF160
 1316 0a37 12       		.byte	0x12
 1317 0a38 93       		.byte	0x93
 1318 0a39 24000000 		.4byte	0x24
 1319 0a3d 3C       		.byte	0x3c
 1320 0a3e 00       		.byte	0
 1321 0a3f 03       		.uleb128 0x3
 1322 0a40 0C050000 		.4byte	.LASF161
 1323 0a44 12       		.byte	0x12
 1324 0a45 42       		.byte	0x42
 1325 0a46 C5000000 		.4byte	0xc5
 1326 0a4a 03       		.uleb128 0x3
 1327 0a4b 77010000 		.4byte	.LASF162
 1328 0a4f 12       		.byte	0x12
 1329 0a50 48       		.byte	0x48
 1330 0a51 AF000000 		.4byte	0xaf
 1331 0a55 0A       		.uleb128 0xa
 1332 0a56 04       		.byte	0x4
 1333 0a57 12       		.byte	0x12
 1334 0a58 57       		.byte	0x57
 1335 0a59 6A0A0000 		.4byte	0xa6a
 1336 0a5d 08       		.uleb128 0x8
 1337 0a5e 3B040000 		.4byte	.LASF163
 1338 0a62 12       		.byte	0x12
 1339 0a63 59       		.byte	0x59
 1340 0a64 C5000000 		.4byte	0xc5
 1341 0a68 00       		.byte	0
 1342 0a69 00       		.byte	0
 1343 0a6a 03       		.uleb128 0x3
 1344 0a6b 77070000 		.4byte	.LASF164
 1345 0a6f 12       		.byte	0x12
 1346 0a70 5B       		.byte	0x5b
 1347 0a71 550A0000 		.4byte	0xa55
 1348 0a75 06       		.uleb128 0x6
 1349 0a76 6A0A0000 		.4byte	0xa6a
 1350 0a7a 0B       		.uleb128 0xb
 1351 0a7b 04       		.byte	0x4
 1352 0a7c 750A0000 		.4byte	0xa75
 1353 0a80 0B       		.uleb128 0xb
 1354 0a81 04       		.byte	0x4
 1355 0a82 2B080000 		.4byte	0x82b
 1356 0a86 0F       		.uleb128 0xf
 1357 0a87 98020000 		.4byte	.LASF165
 1358 0a8b 12       		.byte	0x12
 1359 0a8c A6       		.byte	0xa6
 1360 0a8d 8B090000 		.4byte	0x98b
 1361 0a91 18       		.uleb128 0x18
 1362 0a92 01       		.byte	0x1
 1363 0a93 4D000000 		.4byte	0x4d
 1364 0a97 13       		.byte	0x13
 1365 0a98 5D       		.byte	0x5d
 1366 0a99 B00A0000 		.4byte	0xab0
 1367 0a9d 19       		.uleb128 0x19
 1368 0a9e EF050000 		.4byte	.LASF166
ARM GAS  /tmp/ccCpdCSz.s 			page 25


 1369 0aa2 00       		.byte	0
 1370 0aa3 19       		.uleb128 0x19
 1371 0aa4 4D010000 		.4byte	.LASF167
 1372 0aa8 01       		.byte	0x1
 1373 0aa9 19       		.uleb128 0x19
 1374 0aaa 46070000 		.4byte	.LASF168
 1375 0aae 02       		.byte	0x2
 1376 0aaf 00       		.byte	0
 1377 0ab0 03       		.uleb128 0x3
 1378 0ab1 81070000 		.4byte	.LASF169
 1379 0ab5 13       		.byte	0x13
 1380 0ab6 61       		.byte	0x61
 1381 0ab7 910A0000 		.4byte	0xa91
 1382 0abb 03       		.uleb128 0x3
 1383 0abc 23060000 		.4byte	.LASF170
 1384 0ac0 13       		.byte	0x13
 1385 0ac1 66       		.byte	0x66
 1386 0ac2 C60A0000 		.4byte	0xac6
 1387 0ac6 07       		.uleb128 0x7
 1388 0ac7 23060000 		.4byte	.LASF170
 1389 0acb 74       		.byte	0x74
 1390 0acc 13       		.byte	0x13
 1391 0acd 80       		.byte	0x80
 1392 0ace 250B0000 		.4byte	0xb25
 1393 0ad2 09       		.uleb128 0x9
 1394 0ad3 766D7400 		.ascii	"vmt\000"
 1395 0ad7 13       		.byte	0x13
 1396 0ad8 82       		.byte	0x82
 1397 0ad9 A20B0000 		.4byte	0xba2
 1398 0add 00       		.byte	0
 1399 0ade 08       		.uleb128 0x8
 1400 0adf 2E030000 		.4byte	.LASF171
 1401 0ae3 13       		.byte	0x13
 1402 0ae4 83       		.byte	0x83
 1403 0ae5 09050000 		.4byte	0x509
 1404 0ae9 04       		.byte	0x4
 1405 0aea 08       		.uleb128 0x8
 1406 0aeb 81010000 		.4byte	.LASF148
 1407 0aef 13       		.byte	0x13
 1408 0af0 83       		.byte	0x83
 1409 0af1 B00A0000 		.4byte	0xab0
 1410 0af5 08       		.byte	0x8
 1411 0af6 08       		.uleb128 0x8
 1412 0af7 DB020000 		.4byte	.LASF172
 1413 0afb 13       		.byte	0x13
 1414 0afc 83       		.byte	0x83
 1415 0afd 29070000 		.4byte	0x729
 1416 0b01 0C       		.byte	0xc
 1417 0b02 08       		.uleb128 0x8
 1418 0b03 67030000 		.4byte	.LASF173
 1419 0b07 13       		.byte	0x13
 1420 0b08 83       		.byte	0x83
 1421 0b09 34070000 		.4byte	0x734
 1422 0b0d 30       		.byte	0x30
 1423 0b0e 09       		.uleb128 0x9
 1424 0b0f 696200   		.ascii	"ib\000"
 1425 0b12 13       		.byte	0x13
ARM GAS  /tmp/ccCpdCSz.s 			page 26


 1426 0b13 83       		.byte	0x83
 1427 0b14 A80B0000 		.4byte	0xba8
 1428 0b18 54       		.byte	0x54
 1429 0b19 09       		.uleb128 0x9
 1430 0b1a 6F6200   		.ascii	"ob\000"
 1431 0b1d 13       		.byte	0x13
 1432 0b1e 83       		.byte	0x83
 1433 0b1f A80B0000 		.4byte	0xba8
 1434 0b23 64       		.byte	0x64
 1435 0b24 00       		.byte	0
 1436 0b25 1A       		.uleb128 0x1a
 1437 0b26 53443100 		.ascii	"SD1\000"
 1438 0b2a 16       		.byte	0x16
 1439 0b2b 62       		.byte	0x62
 1440 0b2c BB0A0000 		.4byte	0xabb
 1441 0b30 07       		.uleb128 0x7
 1442 0b31 C4020000 		.4byte	.LASF174
 1443 0b35 20       		.byte	0x20
 1444 0b36 13       		.byte	0x13
 1445 0b37 75       		.byte	0x75
 1446 0b38 9D0B0000 		.4byte	0xb9d
 1447 0b3c 08       		.uleb128 0x8
 1448 0b3d 21000000 		.4byte	.LASF175
 1449 0b41 13       		.byte	0x13
 1450 0b42 76       		.byte	0x76
 1451 0b43 5E070000 		.4byte	0x75e
 1452 0b47 00       		.byte	0
 1453 0b48 08       		.uleb128 0x8
 1454 0b49 3E060000 		.4byte	.LASF176
 1455 0b4d 13       		.byte	0x13
 1456 0b4e 76       		.byte	0x76
 1457 0b4f 7D070000 		.4byte	0x77d
 1458 0b53 04       		.byte	0x4
 1459 0b54 09       		.uleb128 0x9
 1460 0b55 70757400 		.ascii	"put\000"
 1461 0b59 13       		.byte	0x13
 1462 0b5a 76       		.byte	0x76
 1463 0b5b 97070000 		.4byte	0x797
 1464 0b5f 08       		.byte	0x8
 1465 0b60 09       		.uleb128 0x9
 1466 0b61 67657400 		.ascii	"get\000"
 1467 0b65 13       		.byte	0x13
 1468 0b66 76       		.byte	0x76
 1469 0b67 61050000 		.4byte	0x561
 1470 0b6b 0C       		.byte	0xc
 1471 0b6c 08       		.uleb128 0x8
 1472 0b6d F1030000 		.4byte	.LASF177
 1473 0b71 13       		.byte	0x13
 1474 0b72 76       		.byte	0x76
 1475 0b73 50080000 		.4byte	0x850
 1476 0b77 10       		.byte	0x10
 1477 0b78 08       		.uleb128 0x8
 1478 0b79 FD020000 		.4byte	.LASF178
 1479 0b7d 13       		.byte	0x13
 1480 0b7e 76       		.byte	0x76
 1481 0b7f 6A080000 		.4byte	0x86a
 1482 0b83 14       		.byte	0x14
ARM GAS  /tmp/ccCpdCSz.s 			page 27


 1483 0b84 08       		.uleb128 0x8
 1484 0b85 7E030000 		.4byte	.LASF179
 1485 0b89 13       		.byte	0x13
 1486 0b8a 76       		.byte	0x76
 1487 0b8b 8E080000 		.4byte	0x88e
 1488 0b8f 18       		.byte	0x18
 1489 0b90 08       		.uleb128 0x8
 1490 0b91 F6000000 		.4byte	.LASF180
 1491 0b95 13       		.byte	0x13
 1492 0b96 76       		.byte	0x76
 1493 0b97 B2080000 		.4byte	0x8b2
 1494 0b9b 1C       		.byte	0x1c
 1495 0b9c 00       		.byte	0
 1496 0b9d 06       		.uleb128 0x6
 1497 0b9e 300B0000 		.4byte	0xb30
 1498 0ba2 0B       		.uleb128 0xb
 1499 0ba3 04       		.byte	0x4
 1500 0ba4 9D0B0000 		.4byte	0xb9d
 1501 0ba8 13       		.uleb128 0x13
 1502 0ba9 9F000000 		.4byte	0x9f
 1503 0bad B80B0000 		.4byte	0xbb8
 1504 0bb1 14       		.uleb128 0x14
 1505 0bb2 67060000 		.4byte	0x667
 1506 0bb6 0F       		.byte	0xf
 1507 0bb7 00       		.byte	0
 1508 0bb8 18       		.uleb128 0x18
 1509 0bb9 01       		.byte	0x1
 1510 0bba 4D000000 		.4byte	0x4d
 1511 0bbe 14       		.byte	0x14
 1512 0bbf 4E       		.byte	0x4e
 1513 0bc0 E30B0000 		.4byte	0xbe3
 1514 0bc4 19       		.uleb128 0x19
 1515 0bc5 59070000 		.4byte	.LASF181
 1516 0bc9 00       		.byte	0
 1517 0bca 19       		.uleb128 0x19
 1518 0bcb 37010000 		.4byte	.LASF182
 1519 0bcf 01       		.byte	0x1
 1520 0bd0 19       		.uleb128 0x19
 1521 0bd1 4F070000 		.4byte	.LASF183
 1522 0bd5 02       		.byte	0x2
 1523 0bd6 19       		.uleb128 0x19
 1524 0bd7 3D000000 		.4byte	.LASF184
 1525 0bdb 03       		.byte	0x3
 1526 0bdc 19       		.uleb128 0x19
 1527 0bdd 48060000 		.4byte	.LASF185
 1528 0be1 04       		.byte	0x4
 1529 0be2 00       		.byte	0
 1530 0be3 03       		.uleb128 0x3
 1531 0be4 67060000 		.4byte	.LASF186
 1532 0be8 14       		.byte	0x14
 1533 0be9 54       		.byte	0x54
 1534 0bea B80B0000 		.4byte	0xbb8
 1535 0bee 03       		.uleb128 0x3
 1536 0bef CF000000 		.4byte	.LASF187
 1537 0bf3 15       		.byte	0x15
 1538 0bf4 35       		.byte	0x35
 1539 0bf5 F90B0000 		.4byte	0xbf9
ARM GAS  /tmp/ccCpdCSz.s 			page 28


 1540 0bf9 07       		.uleb128 0x7
 1541 0bfa CF000000 		.4byte	.LASF187
 1542 0bfe 28       		.byte	0x28
 1543 0bff 15       		.byte	0x15
 1544 0c00 7C       		.byte	0x7c
 1545 0c01 5A0C0000 		.4byte	0xc5a
 1546 0c05 08       		.uleb128 0x8
 1547 0c06 81010000 		.4byte	.LASF148
 1548 0c0a 15       		.byte	0x15
 1549 0c0b 80       		.byte	0x80
 1550 0c0c E30B0000 		.4byte	0xbe3
 1551 0c10 00       		.byte	0
 1552 0c11 08       		.uleb128 0x8
 1553 0c12 55060000 		.4byte	.LASF149
 1554 0c16 15       		.byte	0x15
 1555 0c17 84       		.byte	0x84
 1556 0c18 010D0000 		.4byte	0xd01
 1557 0c1c 04       		.byte	0x4
 1558 0c1d 08       		.uleb128 0x8
 1559 0c1e 99010000 		.4byte	.LASF153
 1560 0c22 15       		.byte	0x15
 1561 0c23 89       		.byte	0x89
 1562 0c24 5A020000 		.4byte	0x25a
 1563 0c28 08       		.byte	0x8
 1564 0c29 08       		.uleb128 0x8
 1565 0c2a 17050000 		.4byte	.LASF152
 1566 0c2e 15       		.byte	0x15
 1567 0c2f 90       		.byte	0x90
 1568 0c30 97040000 		.4byte	0x497
 1569 0c34 0C       		.byte	0xc
 1570 0c35 08       		.uleb128 0x8
 1571 0c36 5B000000 		.4byte	.LASF158
 1572 0c3a 15       		.byte	0x15
 1573 0c3b 98       		.byte	0x98
 1574 0c3c A1020000 		.4byte	0x2a1
 1575 0c40 1C       		.byte	0x1c
 1576 0c41 08       		.uleb128 0x8
 1577 0c42 BE020000 		.4byte	.LASF155
 1578 0c46 15       		.byte	0x15
 1579 0c47 9D       		.byte	0x9d
 1580 0c48 070D0000 		.4byte	0xd07
 1581 0c4c 20       		.byte	0x20
 1582 0c4d 08       		.uleb128 0x8
 1583 0c4e 27020000 		.4byte	.LASF188
 1584 0c52 15       		.byte	0x15
 1585 0c53 A2       		.byte	0xa2
 1586 0c54 24000000 		.4byte	0x24
 1587 0c58 24       		.byte	0x24
 1588 0c59 00       		.byte	0
 1589 0c5a 03       		.uleb128 0x3
 1590 0c5b 8A020000 		.4byte	.LASF189
 1591 0c5f 15       		.byte	0x15
 1592 0c60 3D       		.byte	0x3d
 1593 0c61 650C0000 		.4byte	0xc65
 1594 0c65 0B       		.uleb128 0xb
 1595 0c66 04       		.byte	0x4
 1596 0c67 6B0C0000 		.4byte	0xc6b
ARM GAS  /tmp/ccCpdCSz.s 			page 29


 1597 0c6b 0D       		.uleb128 0xd
 1598 0c6c 760C0000 		.4byte	0xc76
 1599 0c70 0E       		.uleb128 0xe
 1600 0c71 760C0000 		.4byte	0xc76
 1601 0c75 00       		.byte	0
 1602 0c76 0B       		.uleb128 0xb
 1603 0c77 04       		.byte	0x4
 1604 0c78 EE0B0000 		.4byte	0xbee
 1605 0c7c 0A       		.uleb128 0xa
 1606 0c7d 10       		.byte	0x10
 1607 0c7e 15       		.byte	0x15
 1608 0c7f 44       		.byte	0x44
 1609 0c80 F10C0000 		.4byte	0xcf1
 1610 0c84 08       		.uleb128 0x8
 1611 0c85 20020000 		.4byte	.LASF190
 1612 0c89 15       		.byte	0x15
 1613 0c8a 48       		.byte	0x48
 1614 0c8b 5A0C0000 		.4byte	0xc5a
 1615 0c8f 00       		.byte	0
 1616 0c90 08       		.uleb128 0x8
 1617 0c91 B4040000 		.4byte	.LASF191
 1618 0c95 15       		.byte	0x15
 1619 0c96 4F       		.byte	0x4f
 1620 0c97 9F000000 		.4byte	0x9f
 1621 0c9b 04       		.byte	0x4
 1622 0c9c 08       		.uleb128 0x8
 1623 0c9d C1040000 		.4byte	.LASF192
 1624 0ca1 15       		.byte	0x15
 1625 0ca2 52       		.byte	0x52
 1626 0ca3 9F000000 		.4byte	0x9f
 1627 0ca7 05       		.byte	0x5
 1628 0ca8 08       		.uleb128 0x8
 1629 0ca9 19030000 		.4byte	.LASF193
 1630 0cad 15       		.byte	0x15
 1631 0cae 58       		.byte	0x58
 1632 0caf 9F000000 		.4byte	0x9f
 1633 0cb3 06       		.byte	0x6
 1634 0cb4 08       		.uleb128 0x8
 1635 0cb5 2D020000 		.4byte	.LASF194
 1636 0cb9 15       		.byte	0x15
 1637 0cba 5E       		.byte	0x5e
 1638 0cbb 9F000000 		.4byte	0x9f
 1639 0cbf 07       		.byte	0x7
 1640 0cc0 08       		.uleb128 0x8
 1641 0cc1 43020000 		.4byte	.LASF195
 1642 0cc5 15       		.byte	0x15
 1643 0cc6 64       		.byte	0x64
 1644 0cc7 9F000000 		.4byte	0x9f
 1645 0ccb 08       		.byte	0x8
 1646 0ccc 08       		.uleb128 0x8
 1647 0ccd AA010000 		.4byte	.LASF196
 1648 0cd1 15       		.byte	0x15
 1649 0cd2 6A       		.byte	0x6a
 1650 0cd3 9F000000 		.4byte	0x9f
 1651 0cd7 09       		.byte	0x9
 1652 0cd8 08       		.uleb128 0x8
 1653 0cd9 FC010000 		.4byte	.LASF197
ARM GAS  /tmp/ccCpdCSz.s 			page 30


 1654 0cdd 15       		.byte	0x15
 1655 0cde 70       		.byte	0x70
 1656 0cdf 9F000000 		.4byte	0x9f
 1657 0ce3 0A       		.byte	0xa
 1658 0ce4 08       		.uleb128 0x8
 1659 0ce5 BE050000 		.4byte	.LASF198
 1660 0ce9 15       		.byte	0x15
 1661 0cea 73       		.byte	0x73
 1662 0ceb C5000000 		.4byte	0xc5
 1663 0cef 0C       		.byte	0xc
 1664 0cf0 00       		.byte	0
 1665 0cf1 03       		.uleb128 0x3
 1666 0cf2 00080000 		.4byte	.LASF199
 1667 0cf6 15       		.byte	0x15
 1668 0cf7 75       		.byte	0x75
 1669 0cf8 7C0C0000 		.4byte	0xc7c
 1670 0cfc 06       		.uleb128 0x6
 1671 0cfd F10C0000 		.4byte	0xcf1
 1672 0d01 0B       		.uleb128 0xb
 1673 0d02 04       		.byte	0x4
 1674 0d03 FC0C0000 		.4byte	0xcfc
 1675 0d07 0B       		.uleb128 0xb
 1676 0d08 04       		.byte	0x4
 1677 0d09 0D0D0000 		.4byte	0xd0d
 1678 0d0d 1B       		.uleb128 0x1b
 1679 0d0e 0F       		.uleb128 0xf
 1680 0d0f DF010000 		.4byte	.LASF200
 1681 0d13 15       		.byte	0x15
 1682 0d14 B6       		.byte	0xb6
 1683 0d15 EE0B0000 		.4byte	0xbee
 1684 0d19 00       		.byte	0
 1685              		.section	.debug_abbrev,"",%progbits
 1686              	.Ldebug_abbrev0:
 1687 0000 01       		.uleb128 0x1
 1688 0001 11       		.uleb128 0x11
 1689 0002 01       		.byte	0x1
 1690 0003 25       		.uleb128 0x25
 1691 0004 0E       		.uleb128 0xe
 1692 0005 13       		.uleb128 0x13
 1693 0006 0B       		.uleb128 0xb
 1694 0007 03       		.uleb128 0x3
 1695 0008 0E       		.uleb128 0xe
 1696 0009 1B       		.uleb128 0x1b
 1697 000a 0E       		.uleb128 0xe
 1698 000b 10       		.uleb128 0x10
 1699 000c 17       		.uleb128 0x17
 1700 000d 00       		.byte	0
 1701 000e 00       		.byte	0
 1702 000f 02       		.uleb128 0x2
 1703 0010 24       		.uleb128 0x24
 1704 0011 00       		.byte	0
 1705 0012 0B       		.uleb128 0xb
 1706 0013 0B       		.uleb128 0xb
 1707 0014 3E       		.uleb128 0x3e
 1708 0015 0B       		.uleb128 0xb
 1709 0016 03       		.uleb128 0x3
 1710 0017 08       		.uleb128 0x8
ARM GAS  /tmp/ccCpdCSz.s 			page 31


 1711 0018 00       		.byte	0
 1712 0019 00       		.byte	0
 1713 001a 03       		.uleb128 0x3
 1714 001b 16       		.uleb128 0x16
 1715 001c 00       		.byte	0
 1716 001d 03       		.uleb128 0x3
 1717 001e 0E       		.uleb128 0xe
 1718 001f 3A       		.uleb128 0x3a
 1719 0020 0B       		.uleb128 0xb
 1720 0021 3B       		.uleb128 0x3b
 1721 0022 0B       		.uleb128 0xb
 1722 0023 49       		.uleb128 0x49
 1723 0024 13       		.uleb128 0x13
 1724 0025 00       		.byte	0
 1725 0026 00       		.byte	0
 1726 0027 04       		.uleb128 0x4
 1727 0028 24       		.uleb128 0x24
 1728 0029 00       		.byte	0
 1729 002a 0B       		.uleb128 0xb
 1730 002b 0B       		.uleb128 0xb
 1731 002c 3E       		.uleb128 0x3e
 1732 002d 0B       		.uleb128 0xb
 1733 002e 03       		.uleb128 0x3
 1734 002f 0E       		.uleb128 0xe
 1735 0030 00       		.byte	0
 1736 0031 00       		.byte	0
 1737 0032 05       		.uleb128 0x5
 1738 0033 35       		.uleb128 0x35
 1739 0034 00       		.byte	0
 1740 0035 49       		.uleb128 0x49
 1741 0036 13       		.uleb128 0x13
 1742 0037 00       		.byte	0
 1743 0038 00       		.byte	0
 1744 0039 06       		.uleb128 0x6
 1745 003a 26       		.uleb128 0x26
 1746 003b 00       		.byte	0
 1747 003c 49       		.uleb128 0x49
 1748 003d 13       		.uleb128 0x13
 1749 003e 00       		.byte	0
 1750 003f 00       		.byte	0
 1751 0040 07       		.uleb128 0x7
 1752 0041 13       		.uleb128 0x13
 1753 0042 01       		.byte	0x1
 1754 0043 03       		.uleb128 0x3
 1755 0044 0E       		.uleb128 0xe
 1756 0045 0B       		.uleb128 0xb
 1757 0046 0B       		.uleb128 0xb
 1758 0047 3A       		.uleb128 0x3a
 1759 0048 0B       		.uleb128 0xb
 1760 0049 3B       		.uleb128 0x3b
 1761 004a 0B       		.uleb128 0xb
 1762 004b 01       		.uleb128 0x1
 1763 004c 13       		.uleb128 0x13
 1764 004d 00       		.byte	0
 1765 004e 00       		.byte	0
 1766 004f 08       		.uleb128 0x8
 1767 0050 0D       		.uleb128 0xd
ARM GAS  /tmp/ccCpdCSz.s 			page 32


 1768 0051 00       		.byte	0
 1769 0052 03       		.uleb128 0x3
 1770 0053 0E       		.uleb128 0xe
 1771 0054 3A       		.uleb128 0x3a
 1772 0055 0B       		.uleb128 0xb
 1773 0056 3B       		.uleb128 0x3b
 1774 0057 0B       		.uleb128 0xb
 1775 0058 49       		.uleb128 0x49
 1776 0059 13       		.uleb128 0x13
 1777 005a 38       		.uleb128 0x38
 1778 005b 0B       		.uleb128 0xb
 1779 005c 00       		.byte	0
 1780 005d 00       		.byte	0
 1781 005e 09       		.uleb128 0x9
 1782 005f 0D       		.uleb128 0xd
 1783 0060 00       		.byte	0
 1784 0061 03       		.uleb128 0x3
 1785 0062 08       		.uleb128 0x8
 1786 0063 3A       		.uleb128 0x3a
 1787 0064 0B       		.uleb128 0xb
 1788 0065 3B       		.uleb128 0x3b
 1789 0066 0B       		.uleb128 0xb
 1790 0067 49       		.uleb128 0x49
 1791 0068 13       		.uleb128 0x13
 1792 0069 38       		.uleb128 0x38
 1793 006a 0B       		.uleb128 0xb
 1794 006b 00       		.byte	0
 1795 006c 00       		.byte	0
 1796 006d 0A       		.uleb128 0xa
 1797 006e 13       		.uleb128 0x13
 1798 006f 01       		.byte	0x1
 1799 0070 0B       		.uleb128 0xb
 1800 0071 0B       		.uleb128 0xb
 1801 0072 3A       		.uleb128 0x3a
 1802 0073 0B       		.uleb128 0xb
 1803 0074 3B       		.uleb128 0x3b
 1804 0075 0B       		.uleb128 0xb
 1805 0076 01       		.uleb128 0x1
 1806 0077 13       		.uleb128 0x13
 1807 0078 00       		.byte	0
 1808 0079 00       		.byte	0
 1809 007a 0B       		.uleb128 0xb
 1810 007b 0F       		.uleb128 0xf
 1811 007c 00       		.byte	0
 1812 007d 0B       		.uleb128 0xb
 1813 007e 0B       		.uleb128 0xb
 1814 007f 49       		.uleb128 0x49
 1815 0080 13       		.uleb128 0x13
 1816 0081 00       		.byte	0
 1817 0082 00       		.byte	0
 1818 0083 0C       		.uleb128 0xc
 1819 0084 0F       		.uleb128 0xf
 1820 0085 00       		.byte	0
 1821 0086 0B       		.uleb128 0xb
 1822 0087 0B       		.uleb128 0xb
 1823 0088 00       		.byte	0
 1824 0089 00       		.byte	0
ARM GAS  /tmp/ccCpdCSz.s 			page 33


 1825 008a 0D       		.uleb128 0xd
 1826 008b 15       		.uleb128 0x15
 1827 008c 01       		.byte	0x1
 1828 008d 27       		.uleb128 0x27
 1829 008e 19       		.uleb128 0x19
 1830 008f 01       		.uleb128 0x1
 1831 0090 13       		.uleb128 0x13
 1832 0091 00       		.byte	0
 1833 0092 00       		.byte	0
 1834 0093 0E       		.uleb128 0xe
 1835 0094 05       		.uleb128 0x5
 1836 0095 00       		.byte	0
 1837 0096 49       		.uleb128 0x49
 1838 0097 13       		.uleb128 0x13
 1839 0098 00       		.byte	0
 1840 0099 00       		.byte	0
 1841 009a 0F       		.uleb128 0xf
 1842 009b 34       		.uleb128 0x34
 1843 009c 00       		.byte	0
 1844 009d 03       		.uleb128 0x3
 1845 009e 0E       		.uleb128 0xe
 1846 009f 3A       		.uleb128 0x3a
 1847 00a0 0B       		.uleb128 0xb
 1848 00a1 3B       		.uleb128 0x3b
 1849 00a2 0B       		.uleb128 0xb
 1850 00a3 49       		.uleb128 0x49
 1851 00a4 13       		.uleb128 0x13
 1852 00a5 3F       		.uleb128 0x3f
 1853 00a6 19       		.uleb128 0x19
 1854 00a7 3C       		.uleb128 0x3c
 1855 00a8 19       		.uleb128 0x19
 1856 00a9 00       		.byte	0
 1857 00aa 00       		.byte	0
 1858 00ab 10       		.uleb128 0x10
 1859 00ac 17       		.uleb128 0x17
 1860 00ad 01       		.byte	0x1
 1861 00ae 0B       		.uleb128 0xb
 1862 00af 0B       		.uleb128 0xb
 1863 00b0 3A       		.uleb128 0x3a
 1864 00b1 0B       		.uleb128 0xb
 1865 00b2 3B       		.uleb128 0x3b
 1866 00b3 0B       		.uleb128 0xb
 1867 00b4 01       		.uleb128 0x1
 1868 00b5 13       		.uleb128 0x13
 1869 00b6 00       		.byte	0
 1870 00b7 00       		.byte	0
 1871 00b8 11       		.uleb128 0x11
 1872 00b9 0D       		.uleb128 0xd
 1873 00ba 00       		.byte	0
 1874 00bb 03       		.uleb128 0x3
 1875 00bc 0E       		.uleb128 0xe
 1876 00bd 3A       		.uleb128 0x3a
 1877 00be 0B       		.uleb128 0xb
 1878 00bf 3B       		.uleb128 0x3b
 1879 00c0 0B       		.uleb128 0xb
 1880 00c1 49       		.uleb128 0x49
 1881 00c2 13       		.uleb128 0x13
ARM GAS  /tmp/ccCpdCSz.s 			page 34


 1882 00c3 00       		.byte	0
 1883 00c4 00       		.byte	0
 1884 00c5 12       		.uleb128 0x12
 1885 00c6 15       		.uleb128 0x15
 1886 00c7 01       		.byte	0x1
 1887 00c8 27       		.uleb128 0x27
 1888 00c9 19       		.uleb128 0x19
 1889 00ca 49       		.uleb128 0x49
 1890 00cb 13       		.uleb128 0x13
 1891 00cc 01       		.uleb128 0x1
 1892 00cd 13       		.uleb128 0x13
 1893 00ce 00       		.byte	0
 1894 00cf 00       		.byte	0
 1895 00d0 13       		.uleb128 0x13
 1896 00d1 01       		.uleb128 0x1
 1897 00d2 01       		.byte	0x1
 1898 00d3 49       		.uleb128 0x49
 1899 00d4 13       		.uleb128 0x13
 1900 00d5 01       		.uleb128 0x1
 1901 00d6 13       		.uleb128 0x13
 1902 00d7 00       		.byte	0
 1903 00d8 00       		.byte	0
 1904 00d9 14       		.uleb128 0x14
 1905 00da 21       		.uleb128 0x21
 1906 00db 00       		.byte	0
 1907 00dc 49       		.uleb128 0x49
 1908 00dd 13       		.uleb128 0x13
 1909 00de 2F       		.uleb128 0x2f
 1910 00df 0B       		.uleb128 0xb
 1911 00e0 00       		.byte	0
 1912 00e1 00       		.byte	0
 1913 00e2 15       		.uleb128 0x15
 1914 00e3 0D       		.uleb128 0xd
 1915 00e4 00       		.byte	0
 1916 00e5 03       		.uleb128 0x3
 1917 00e6 0E       		.uleb128 0xe
 1918 00e7 3A       		.uleb128 0x3a
 1919 00e8 0B       		.uleb128 0xb
 1920 00e9 3B       		.uleb128 0x3b
 1921 00ea 05       		.uleb128 0x5
 1922 00eb 49       		.uleb128 0x49
 1923 00ec 13       		.uleb128 0x13
 1924 00ed 38       		.uleb128 0x38
 1925 00ee 0B       		.uleb128 0xb
 1926 00ef 00       		.byte	0
 1927 00f0 00       		.byte	0
 1928 00f1 16       		.uleb128 0x16
 1929 00f2 16       		.uleb128 0x16
 1930 00f3 00       		.byte	0
 1931 00f4 03       		.uleb128 0x3
 1932 00f5 0E       		.uleb128 0xe
 1933 00f6 3A       		.uleb128 0x3a
 1934 00f7 0B       		.uleb128 0xb
 1935 00f8 3B       		.uleb128 0x3b
 1936 00f9 05       		.uleb128 0x5
 1937 00fa 49       		.uleb128 0x49
 1938 00fb 13       		.uleb128 0x13
ARM GAS  /tmp/ccCpdCSz.s 			page 35


 1939 00fc 00       		.byte	0
 1940 00fd 00       		.byte	0
 1941 00fe 17       		.uleb128 0x17
 1942 00ff 13       		.uleb128 0x13
 1943 0100 00       		.byte	0
 1944 0101 0B       		.uleb128 0xb
 1945 0102 0B       		.uleb128 0xb
 1946 0103 3A       		.uleb128 0x3a
 1947 0104 0B       		.uleb128 0xb
 1948 0105 3B       		.uleb128 0x3b
 1949 0106 0B       		.uleb128 0xb
 1950 0107 00       		.byte	0
 1951 0108 00       		.byte	0
 1952 0109 18       		.uleb128 0x18
 1953 010a 04       		.uleb128 0x4
 1954 010b 01       		.byte	0x1
 1955 010c 0B       		.uleb128 0xb
 1956 010d 0B       		.uleb128 0xb
 1957 010e 49       		.uleb128 0x49
 1958 010f 13       		.uleb128 0x13
 1959 0110 3A       		.uleb128 0x3a
 1960 0111 0B       		.uleb128 0xb
 1961 0112 3B       		.uleb128 0x3b
 1962 0113 0B       		.uleb128 0xb
 1963 0114 01       		.uleb128 0x1
 1964 0115 13       		.uleb128 0x13
 1965 0116 00       		.byte	0
 1966 0117 00       		.byte	0
 1967 0118 19       		.uleb128 0x19
 1968 0119 28       		.uleb128 0x28
 1969 011a 00       		.byte	0
 1970 011b 03       		.uleb128 0x3
 1971 011c 0E       		.uleb128 0xe
 1972 011d 1C       		.uleb128 0x1c
 1973 011e 0B       		.uleb128 0xb
 1974 011f 00       		.byte	0
 1975 0120 00       		.byte	0
 1976 0121 1A       		.uleb128 0x1a
 1977 0122 34       		.uleb128 0x34
 1978 0123 00       		.byte	0
 1979 0124 03       		.uleb128 0x3
 1980 0125 08       		.uleb128 0x8
 1981 0126 3A       		.uleb128 0x3a
 1982 0127 0B       		.uleb128 0xb
 1983 0128 3B       		.uleb128 0x3b
 1984 0129 0B       		.uleb128 0xb
 1985 012a 49       		.uleb128 0x49
 1986 012b 13       		.uleb128 0x13
 1987 012c 3F       		.uleb128 0x3f
 1988 012d 19       		.uleb128 0x19
 1989 012e 3C       		.uleb128 0x3c
 1990 012f 19       		.uleb128 0x19
 1991 0130 00       		.byte	0
 1992 0131 00       		.byte	0
 1993 0132 1B       		.uleb128 0x1b
 1994 0133 26       		.uleb128 0x26
 1995 0134 00       		.byte	0
ARM GAS  /tmp/ccCpdCSz.s 			page 36


 1996 0135 00       		.byte	0
 1997 0136 00       		.byte	0
 1998 0137 00       		.byte	0
 1999              		.section	.debug_aranges,"",%progbits
 2000 0000 14000000 		.4byte	0x14
 2001 0004 0200     		.2byte	0x2
 2002 0006 00000000 		.4byte	.Ldebug_info0
 2003 000a 04       		.byte	0x4
 2004 000b 00       		.byte	0
 2005 000c 0000     		.2byte	0
 2006 000e 0000     		.2byte	0
 2007 0010 00000000 		.4byte	0
 2008 0014 00000000 		.4byte	0
 2009              		.section	.debug_line,"",%progbits
 2010              	.Ldebug_line0:
 2011 0000 F2010000 		.section	.debug_str,"MS",%progbits,1
 2011      0200EC01 
 2011      00000201 
 2011      FB0E0D00 
 2011      01010101 
 2012              	.LASF96:
 2013 0000 63665F6F 		.ascii	"cf_off_older\000"
 2013      66665F6F 
 2013      6C646572 
 2013      00
 2014              	.LASF42:
 2015 000d 705F6D73 		.ascii	"p_msg\000"
 2015      6700
 2016              	.LASF2:
 2017 0013 73697A65 		.ascii	"size_t\000"
 2017      5F7400
 2018              	.LASF81:
 2019 001a 7264796D 		.ascii	"rdymsg\000"
 2019      736700
 2020              	.LASF175:
 2021 0021 77726974 		.ascii	"write\000"
 2021      6500
 2022              	.LASF118:
 2023 0027 4F757470 		.ascii	"OutputQueue\000"
 2023      75745175 
 2023      65756500 
 2024              	.LASF3:
 2025 0033 5F5F7569 		.ascii	"__uint8_t\000"
 2025      6E74385F 
 2025      7400
 2026              	.LASF184:
 2027 003d 5350495F 		.ascii	"SPI_ACTIVE\000"
 2027      41435449 
 2027      564500
 2028              	.LASF68:
 2029 0048 76746C69 		.ascii	"vtlist\000"
 2029      737400
 2030              	.LASF120:
 2031 004f 62736364 		.ascii	"bscdevice_t\000"
 2031      65766963 
 2031      655F7400 
 2032              	.LASF158:
ARM GAS  /tmp/ccCpdCSz.s 			page 37


 2033 005b 72786275 		.ascii	"rxbuf\000"
 2033      6600
 2034              	.LASF111:
 2035 0061 715F746F 		.ascii	"q_top\000"
 2035      7000
 2036              	.LASF13:
 2037 0067 6C6F6E67 		.ascii	"long long unsigned int\000"
 2037      206C6F6E 
 2037      6720756E 
 2037      7369676E 
 2037      65642069 
 2038              	.LASF203:
 2039 007e 2F686F6D 		.ascii	"/home/lmr/Downloads/ChibiOS-RPi/ChibiOS-RPi/demos/P"
 2039      652F6C6D 
 2039      722F446F 
 2039      776E6C6F 
 2039      6164732F 
 2040 00b1 726F6A65 		.ascii	"roject\000"
 2040      637400
 2041              	.LASF92:
 2042 00b8 63685F74 		.ascii	"ch_threadsize\000"
 2042      68726561 
 2042      6473697A 
 2042      6500
 2043              	.LASF82:
 2044 00c6 65786974 		.ascii	"exitcode\000"
 2044      636F6465 
 2044      00
 2045              	.LASF187:
 2046 00cf 53504944 		.ascii	"SPIDriver\000"
 2046      72697665 
 2046      7200
 2047              	.LASF125:
 2048 00d9 64617461 		.ascii	"dataFifo\000"
 2048      4669666F 
 2048      00
 2049              	.LASF30:
 2050 00e2 705F7072 		.ascii	"p_prio\000"
 2050      696F00
 2051              	.LASF99:
 2052 00e9 63665F6F 		.ascii	"cf_off_state\000"
 2052      66665F73 
 2052      74617465 
 2052      00
 2053              	.LASF180:
 2054 00f6 72656164 		.ascii	"readt\000"
 2054      7400
 2055              	.LASF151:
 2056 00fc 64657669 		.ascii	"device\000"
 2056      636500
 2057              	.LASF108:
 2058 0103 715F7761 		.ascii	"q_waiting\000"
 2058      6974696E 
 2058      6700
 2059              	.LASF12:
 2060 010d 6C6F6E67 		.ascii	"long long int\000"
 2060      206C6F6E 
ARM GAS  /tmp/ccCpdCSz.s 			page 38


 2060      6720696E 
 2060      7400
 2061              	.LASF1:
 2062 011b 7369676E 		.ascii	"signed char\000"
 2062      65642063 
 2062      68617200 
 2063              	.LASF98:
 2064 0127 63665F6F 		.ascii	"cf_off_stklimit\000"
 2064      66665F73 
 2064      746B6C69 
 2064      6D697400 
 2065              	.LASF182:
 2066 0137 5350495F 		.ascii	"SPI_STOP\000"
 2066      53544F50 
 2066      00
 2067              	.LASF100:
 2068 0140 63665F6F 		.ascii	"cf_off_flags\000"
 2068      66665F66 
 2068      6C616773 
 2068      00
 2069              	.LASF167:
 2070 014d 53445F53 		.ascii	"SD_STOP\000"
 2070      544F5000 
 2071              	.LASF71:
 2072 0155 6D5F7175 		.ascii	"m_queue\000"
 2072      65756500 
 2073              	.LASF154:
 2074 015d 61646472 		.ascii	"addr\000"
 2074      00
 2075              	.LASF21:
 2076 0162 74736C69 		.ascii	"tslices_t\000"
 2076      6365735F 
 2076      7400
 2077              	.LASF140:
 2078 016c 4932435F 		.ascii	"I2C_UNINIT\000"
 2078      554E494E 
 2078      495400
 2079              	.LASF162:
 2080 0177 69326361 		.ascii	"i2caddr_t\000"
 2080      6464725F 
 2080      7400
 2081              	.LASF148:
 2082 0181 73746174 		.ascii	"state\000"
 2082      6500
 2083              	.LASF9:
 2084 0187 6C6F6E67 		.ascii	"long int\000"
 2084      20696E74 
 2084      00
 2085              	.LASF19:
 2086 0190 74737461 		.ascii	"tstate_t\000"
 2086      74655F74 
 2086      00
 2087              	.LASF153:
 2088 0199 74687265 		.ascii	"thread\000"
 2088      616400
 2089              	.LASF127:
 2090 01a0 64617461 		.ascii	"dataDelay\000"
ARM GAS  /tmp/ccCpdCSz.s 			page 39


 2090      44656C61 
 2090      7900
 2091              	.LASF196:
 2092 01aa 636C6F63 		.ascii	"clock_polarity\000"
 2092      6B5F706F 
 2092      6C617269 
 2092      747900
 2093              	.LASF160:
 2094 01b9 72786964 		.ascii	"rxidx\000"
 2094      7800
 2095              	.LASF202:
 2096 01bf 2E2E2F2E 		.ascii	"../../os/hal/src/can.c\000"
 2096      2E2F6F73 
 2096      2F68616C 
 2096      2F737263 
 2096      2F63616E 
 2097              	.LASF15:
 2098 01d6 75696E74 		.ascii	"uint16_t\000"
 2098      31365F74 
 2098      00
 2099              	.LASF200:
 2100 01df 53504930 		.ascii	"SPI0\000"
 2100      00
 2101              	.LASF105:
 2102 01e4 63686465 		.ascii	"chdebug_t\000"
 2102      6275675F 
 2102      7400
 2103              	.LASF143:
 2104 01ee 4932435F 		.ascii	"I2C_ACTIVE_TX\000"
 2104      41435449 
 2104      56455F54 
 2104      5800
 2105              	.LASF197:
 2106 01fc 636C6F63 		.ascii	"clock_phase\000"
 2106      6B5F7068 
 2106      61736500 
 2107              	.LASF32:
 2108 0208 705F6E65 		.ascii	"p_newer\000"
 2108      77657200 
 2109              	.LASF119:
 2110 0210 5F69646C 		.ascii	"_idle_thread_wa\000"
 2110      655F7468 
 2110      72656164 
 2110      5F776100 
 2111              	.LASF190:
 2112 0220 656E645F 		.ascii	"end_cb\000"
 2112      636200
 2113              	.LASF188:
 2114 0227 7478636E 		.ascii	"txcnt\000"
 2114      7400
 2115              	.LASF194:
 2116 022d 63686970 		.ascii	"chip_select_polarity0\000"
 2116      5F73656C 
 2116      6563745F 
 2116      706F6C61 
 2116      72697479 
 2117              	.LASF195:
ARM GAS  /tmp/ccCpdCSz.s 			page 40


 2118 0243 63686970 		.ascii	"chip_select_polarity1\000"
 2118      5F73656C 
 2118      6563745F 
 2118      706F6C61 
 2118      72697479 
 2119              	.LASF121:
 2120 0259 636F6E74 		.ascii	"control\000"
 2120      726F6C00 
 2121              	.LASF10:
 2122 0261 5F5F7569 		.ascii	"__uint32_t\000"
 2122      6E743332 
 2122      5F7400
 2123              	.LASF49:
 2124 026c 72656761 		.ascii	"regarm_t\000"
 2124      726D5F74 
 2124      00
 2125              	.LASF55:
 2126 0275 76745F70 		.ascii	"vt_prev\000"
 2126      72657600 
 2127              	.LASF124:
 2128 027d 736C6176 		.ascii	"slaveAddress\000"
 2128      65416464 
 2128      72657373 
 2128      00
 2129              	.LASF189:
 2130 028a 73706963 		.ascii	"spicallback_t\000"
 2130      616C6C62 
 2130      61636B5F 
 2130      7400
 2131              	.LASF165:
 2132 0298 49324330 		.ascii	"I2C0\000"
 2132      00
 2133              	.LASF79:
 2134 029d 4576656E 		.ascii	"EventSource\000"
 2134      74536F75 
 2134      72636500 
 2135              	.LASF0:
 2136 02a9 756E7369 		.ascii	"unsigned int\000"
 2136      676E6564 
 2136      20696E74 
 2136      00
 2137              	.LASF54:
 2138 02b6 76745F6E 		.ascii	"vt_next\000"
 2138      65787400 
 2139              	.LASF155:
 2140 02be 74786275 		.ascii	"txbuf\000"
 2140      6600
 2141              	.LASF174:
 2142 02c4 53657269 		.ascii	"SerialDriverVMT\000"
 2142      616C4472 
 2142      69766572 
 2142      564D5400 
 2143              	.LASF150:
 2144 02d4 6572726F 		.ascii	"errors\000"
 2144      727300
 2145              	.LASF172:
 2146 02db 69717565 		.ascii	"iqueue\000"
ARM GAS  /tmp/ccCpdCSz.s 			page 41


 2146      756500
 2147              	.LASF11:
 2148 02e2 6C6F6E67 		.ascii	"long unsigned int\000"
 2148      20756E73 
 2148      69676E65 
 2148      6420696E 
 2148      7400
 2149              	.LASF106:
 2150 02f4 63685F64 		.ascii	"ch_debug\000"
 2150      65627567 
 2150      00
 2151              	.LASF178:
 2152 02fd 67657474 		.ascii	"gett\000"
 2152      00
 2153              	.LASF52:
 2154 0302 76746675 		.ascii	"vtfunc_t\000"
 2154      6E635F74 
 2154      00
 2155              	.LASF86:
 2156 030b 63685F69 		.ascii	"ch_identifier\000"
 2156      64656E74 
 2156      69666965 
 2156      7200
 2157              	.LASF193:
 2158 0319 63686970 		.ascii	"chip_select_polarity\000"
 2158      5F73656C 
 2158      6563745F 
 2158      706F6C61 
 2158      72697479 
 2159              	.LASF171:
 2160 032e 6576656E 		.ascii	"event\000"
 2160      7400
 2161              	.LASF51:
 2162 0334 636F6E74 		.ascii	"context\000"
 2162      65787400 
 2163              	.LASF7:
 2164 033c 73686F72 		.ascii	"short unsigned int\000"
 2164      7420756E 
 2164      7369676E 
 2164      65642069 
 2164      6E7400
 2165              	.LASF135:
 2166 034f 6770696F 		.ascii	"gpio_port_t\000"
 2166      5F706F72 
 2166      745F7400 
 2167              	.LASF131:
 2168 035b 6770636C 		.ascii	"gpclr\000"
 2168      7200
 2169              	.LASF23:
 2170 0361 6D73675F 		.ascii	"msg_t\000"
 2170      7400
 2171              	.LASF173:
 2172 0367 6F717565 		.ascii	"oqueue\000"
 2172      756500
 2173              	.LASF64:
 2174 036e 725F6E65 		.ascii	"r_newer\000"
 2174      77657200 
ARM GAS  /tmp/ccCpdCSz.s 			page 42


 2175              	.LASF75:
 2176 0376 656C5F6E 		.ascii	"el_next\000"
 2176      65787400 
 2177              	.LASF179:
 2178 037e 77726974 		.ascii	"writet\000"
 2178      657400
 2179              	.LASF18:
 2180 0385 746D6F64 		.ascii	"tmode_t\000"
 2180      655F7400 
 2181              	.LASF47:
 2182 038d 54687265 		.ascii	"ThreadsList\000"
 2182      6164734C 
 2182      69737400 
 2183              	.LASF24:
 2184 0399 6576656E 		.ascii	"eventmask_t\000"
 2184      746D6173 
 2184      6B5F7400 
 2185              	.LASF117:
 2186 03a5 496E7075 		.ascii	"InputQueue\000"
 2186      74517565 
 2186      756500
 2187              	.LASF70:
 2188 03b0 4D757465 		.ascii	"Mutex\000"
 2188      7800
 2189              	.LASF107:
 2190 03b6 47656E65 		.ascii	"GenericQueue\000"
 2190      72696351 
 2190      75657565 
 2190      00
 2191              	.LASF48:
 2192 03c3 73746B61 		.ascii	"stkalign_t\000"
 2192      6C69676E 
 2192      5F7400
 2193              	.LASF110:
 2194 03ce 715F6275 		.ascii	"q_buffer\000"
 2194      66666572 
 2194      00
 2195              	.LASF87:
 2196 03d7 63685F7A 		.ascii	"ch_zero\000"
 2196      65726F00 
 2197              	.LASF101:
 2198 03df 63665F6F 		.ascii	"cf_off_refs\000"
 2198      66665F72 
 2198      65667300 
 2199              	.LASF132:
 2200 03eb 67706C65 		.ascii	"gplev\000"
 2200      7600
 2201              	.LASF177:
 2202 03f1 70757474 		.ascii	"putt\000"
 2202      00
 2203              	.LASF56:
 2204 03f6 76745F74 		.ascii	"vt_time\000"
 2204      696D6500 
 2205              	.LASF141:
 2206 03fe 4932435F 		.ascii	"I2C_STOP\000"
 2206      53544F50 
 2206      00
ARM GAS  /tmp/ccCpdCSz.s 			page 43


 2207              	.LASF104:
 2208 0407 73697A65 		.ascii	"sizetype\000"
 2208      74797065 
 2208      00
 2209              	.LASF126:
 2210 0410 636C6F63 		.ascii	"clockDivider\000"
 2210      6B446976 
 2210      69646572 
 2210      00
 2211              	.LASF109:
 2212 041d 715F636F 		.ascii	"q_counter\000"
 2212      756E7465 
 2212      7200
 2213              	.LASF57:
 2214 0427 76745F66 		.ascii	"vt_func\000"
 2214      756E6300 
 2215              	.LASF91:
 2216 042f 63685F74 		.ascii	"ch_timesize\000"
 2216      696D6573 
 2216      697A6500 
 2217              	.LASF163:
 2218 043b 69635F73 		.ascii	"ic_speed\000"
 2218      70656564 
 2218      00
 2219              	.LASF97:
 2220 0444 63665F6F 		.ascii	"cf_off_name\000"
 2220      66665F6E 
 2220      616D6500 
 2221              	.LASF33:
 2222 0450 705F6F6C 		.ascii	"p_older\000"
 2222      64657200 
 2223              	.LASF159:
 2224 0458 72786279 		.ascii	"rxbytes\000"
 2224      74657300 
 2225              	.LASF112:
 2226 0460 715F7772 		.ascii	"q_wrptr\000"
 2226      70747200 
 2227              	.LASF63:
 2228 0468 725F6374 		.ascii	"r_ctx\000"
 2228      7800
 2229              	.LASF46:
 2230 046e 54687265 		.ascii	"ThreadsQueue\000"
 2230      61647351 
 2230      75657565 
 2230      00
 2231              	.LASF88:
 2232 047b 63685F73 		.ascii	"ch_size\000"
 2232      697A6500 
 2233              	.LASF137:
 2234 0483 494F504F 		.ascii	"IOPORT0\000"
 2234      52543000 
 2235              	.LASF66:
 2236 048b 725F6375 		.ascii	"r_current\000"
 2236      7272656E 
 2236      7400
 2237              	.LASF65:
 2238 0495 725F6F6C 		.ascii	"r_older\000"
ARM GAS  /tmp/ccCpdCSz.s 			page 44


 2238      64657200 
 2239              	.LASF77:
 2240 049d 656C5F6D 		.ascii	"el_mask\000"
 2240      61736B00 
 2241              	.LASF130:
 2242 04a5 67707365 		.ascii	"gpset\000"
 2242      7400
 2243              	.LASF133:
 2244 04ab 67707075 		.ascii	"gppudclk\000"
 2244      64636C6B 
 2244      00
 2245              	.LASF191:
 2246 04b4 6C6F7373 		.ascii	"lossiEnabled\000"
 2246      69456E61 
 2246      626C6564 
 2246      00
 2247              	.LASF192:
 2248 04c1 63686970 		.ascii	"chip_select\000"
 2248      5F73656C 
 2248      65637400 
 2249              	.LASF20:
 2250 04cd 74726566 		.ascii	"trefs_t\000"
 2250      735F7400 
 2251              	.LASF146:
 2252 04d5 69326373 		.ascii	"i2cstate_t\000"
 2252      74617465 
 2252      5F7400
 2253              	.LASF90:
 2254 04e0 63685F70 		.ascii	"ch_ptrsize\000"
 2254      74727369 
 2254      7A6500
 2255              	.LASF116:
 2256 04eb 716E6F74 		.ascii	"qnotify_t\000"
 2256      6966795F 
 2256      7400
 2257              	.LASF29:
 2258 04f5 705F7072 		.ascii	"p_prev\000"
 2258      657600
 2259              	.LASF22:
 2260 04fc 74707269 		.ascii	"tprio_t\000"
 2260      6F5F7400 
 2261              	.LASF113:
 2262 0504 715F7264 		.ascii	"q_rdptr\000"
 2262      70747200 
 2263              	.LASF161:
 2264 050c 69326366 		.ascii	"i2cflags_t\000"
 2264      6C616773 
 2264      5F7400
 2265              	.LASF152:
 2266 0517 6D757465 		.ascii	"mutex\000"
 2266      7800
 2267              	.LASF16:
 2268 051d 696E7433 		.ascii	"int32_t\000"
 2268      325F7400 
 2269              	.LASF4:
 2270 0525 756E7369 		.ascii	"unsigned char\000"
 2270      676E6564 
ARM GAS  /tmp/ccCpdCSz.s 			page 45


 2270      20636861 
 2270      7200
 2271              	.LASF76:
 2272 0533 656C5F6C 		.ascii	"el_listener\000"
 2272      69737465 
 2272      6E657200 
 2273              	.LASF78:
 2274 053f 656C5F66 		.ascii	"el_flags\000"
 2274      6C616773 
 2274      00
 2275              	.LASF44:
 2276 0548 705F6D74 		.ascii	"p_mtxlist\000"
 2276      786C6973 
 2276      7400
 2277              	.LASF5:
 2278 0552 73686F72 		.ascii	"short int\000"
 2278      7420696E 
 2278      7400
 2279              	.LASF35:
 2280 055c 705F7374 		.ascii	"p_state\000"
 2280      61746500 
 2281              	.LASF38:
 2282 0564 705F7072 		.ascii	"p_preempt\000"
 2282      65656D70 
 2282      7400
 2283              	.LASF103:
 2284 056e 63665F6F 		.ascii	"cf_off_time\000"
 2284      66665F74 
 2284      696D6500 
 2285              	.LASF62:
 2286 057a 725F7072 		.ascii	"r_prio\000"
 2286      696F00
 2287              	.LASF134:
 2288 0581 70696E5F 		.ascii	"pin_base\000"
 2288      62617365 
 2288      00
 2289              	.LASF84:
 2290 058a 65776D61 		.ascii	"ewmask\000"
 2290      736B00
 2291              	.LASF28:
 2292 0591 705F6E65 		.ascii	"p_next\000"
 2292      787400
 2293              	.LASF138:
 2294 0598 494F504F 		.ascii	"IOPORT1\000"
 2294      52543100 
 2295              	.LASF102:
 2296 05a0 63665F6F 		.ascii	"cf_off_preempt\000"
 2296      66665F70 
 2296      7265656D 
 2296      707400
 2297              	.LASF36:
 2298 05af 705F666C 		.ascii	"p_flags\000"
 2298      61677300 
 2299              	.LASF27:
 2300 05b7 54687265 		.ascii	"Thread\000"
 2300      616400
 2301              	.LASF198:
ARM GAS  /tmp/ccCpdCSz.s 			page 46


 2302 05be 636C6F63 		.ascii	"clock_divider\000"
 2302      6B5F6469 
 2302      76696465 
 2302      7200
 2303              	.LASF95:
 2304 05cc 63665F6F 		.ascii	"cf_off_newer\000"
 2304      66665F6E 
 2304      65776572 
 2304      00
 2305              	.LASF145:
 2306 05d9 4932435F 		.ascii	"I2C_LOCKED\000"
 2306      4C4F434B 
 2306      454400
 2307              	.LASF43:
 2308 05e4 705F6570 		.ascii	"p_epending\000"
 2308      656E6469 
 2308      6E6700
 2309              	.LASF166:
 2310 05ef 53445F55 		.ascii	"SD_UNINIT\000"
 2310      4E494E49 
 2310      5400
 2311              	.LASF17:
 2312 05f9 75696E74 		.ascii	"uint32_t\000"
 2312      33325F74 
 2312      00
 2313              	.LASF93:
 2314 0602 63665F6F 		.ascii	"cf_off_prio\000"
 2314      66665F70 
 2314      72696F00 
 2315              	.LASF61:
 2316 060e 725F7175 		.ascii	"r_queue\000"
 2316      65756500 
 2317              	.LASF53:
 2318 0616 56697274 		.ascii	"VirtualTimer\000"
 2318      75616C54 
 2318      696D6572 
 2318      00
 2319              	.LASF170:
 2320 0623 53657269 		.ascii	"SerialDriver\000"
 2320      616C4472 
 2320      69766572 
 2320      00
 2321              	.LASF144:
 2322 0630 4932435F 		.ascii	"I2C_ACTIVE_RX\000"
 2322      41435449 
 2322      56455F52 
 2322      5800
 2323              	.LASF176:
 2324 063e 72656164 		.ascii	"read\000"
 2324      00
 2325              	.LASF85:
 2326 0643 63686172 		.ascii	"char\000"
 2326      00
 2327              	.LASF185:
 2328 0648 5350495F 		.ascii	"SPI_COMPLETE\000"
 2328      434F4D50 
 2328      4C455445 
ARM GAS  /tmp/ccCpdCSz.s 			page 47


 2328      00
 2329              	.LASF149:
 2330 0655 636F6E66 		.ascii	"config\000"
 2330      696700
 2331              	.LASF6:
 2332 065c 5F5F7569 		.ascii	"__uint16_t\000"
 2332      6E743136 
 2332      5F7400
 2333              	.LASF186:
 2334 0667 73706973 		.ascii	"spistate_t\000"
 2334      74617465 
 2334      5F7400
 2335              	.LASF73:
 2336 0672 6D5F6E65 		.ascii	"m_next\000"
 2336      787400
 2337              	.LASF26:
 2338 0679 73797374 		.ascii	"systime_t\000"
 2338      696D655F 
 2338      7400
 2339              	.LASF45:
 2340 0683 705F7265 		.ascii	"p_realprio\000"
 2340      616C7072 
 2340      696F00
 2341              	.LASF8:
 2342 068e 5F5F696E 		.ascii	"__int32_t\000"
 2342      7433325F 
 2342      7400
 2343              	.LASF142:
 2344 0698 4932435F 		.ascii	"I2C_READY\000"
 2344      52454144 
 2344      5900
 2345              	.LASF147:
 2346 06a2 49324344 		.ascii	"I2CDriver\000"
 2346      72697665 
 2346      7200
 2347              	.LASF39:
 2348 06ac 705F7469 		.ascii	"p_time\000"
 2348      6D6500
 2349              	.LASF201:
 2350 06b3 474E5520 		.ascii	"GNU C11 6.3.1 20170620 -mcpu=arm1176jz-s -mno-thumb"
 2350      43313120 
 2350      362E332E 
 2350      31203230 
 2350      31373036 
 2351 06e6 2D696E74 		.ascii	"-interwork -ggdb -O2 -fomit-frame-pointer -ffunctio"
 2351      6572776F 
 2351      726B202D 
 2351      67676462 
 2351      202D4F32 
 2352 0719 6E2D7365 		.ascii	"n-sections -fdata-sections\000"
 2352      6374696F 
 2352      6E73202D 
 2352      66646174 
 2352      612D7365 
 2353              	.LASF50:
 2354 0734 696E7463 		.ascii	"intctx\000"
 2354      747800
ARM GAS  /tmp/ccCpdCSz.s 			page 48


 2355              	.LASF41:
 2356 073b 705F6D73 		.ascii	"p_msgqueue\000"
 2356      67717565 
 2356      756500
 2357              	.LASF168:
 2358 0746 53445F52 		.ascii	"SD_READY\000"
 2358      45414459 
 2358      00
 2359              	.LASF183:
 2360 074f 5350495F 		.ascii	"SPI_READY\000"
 2360      52454144 
 2360      5900
 2361              	.LASF181:
 2362 0759 5350495F 		.ascii	"SPI_UNINIT\000"
 2362      554E494E 
 2362      495400
 2363              	.LASF58:
 2364 0764 76745F70 		.ascii	"vt_par\000"
 2364      617200
 2365              	.LASF25:
 2366 076b 666C6167 		.ascii	"flagsmask_t\000"
 2366      736D6173 
 2366      6B5F7400 
 2367              	.LASF164:
 2368 0777 49324343 		.ascii	"I2CConfig\000"
 2368      6F6E6669 
 2368      6700
 2369              	.LASF169:
 2370 0781 73647374 		.ascii	"sdstate_t\000"
 2370      6174655F 
 2370      7400
 2371              	.LASF157:
 2372 078b 74786964 		.ascii	"txidx\000"
 2372      7800
 2373              	.LASF94:
 2374 0791 63665F6F 		.ascii	"cf_off_ctx\000"
 2374      66665F63 
 2374      747800
 2375              	.LASF37:
 2376 079c 705F7265 		.ascii	"p_refs\000"
 2376      667300
 2377              	.LASF122:
 2378 07a3 73746174 		.ascii	"status\000"
 2378      757300
 2379              	.LASF67:
 2380 07aa 52656164 		.ascii	"ReadyList\000"
 2380      794C6973 
 2380      7400
 2381              	.LASF114:
 2382 07b4 715F6E6F 		.ascii	"q_notify\000"
 2382      74696679 
 2382      00
 2383              	.LASF69:
 2384 07bd 726C6973 		.ascii	"rlist\000"
 2384      7400
 2385              	.LASF14:
 2386 07c3 75696E74 		.ascii	"uint8_t\000"
ARM GAS  /tmp/ccCpdCSz.s 			page 49


 2386      385F7400 
 2387              	.LASF129:
 2388 07cb 6C617463 		.ascii	"latch\000"
 2388      6800
 2389              	.LASF74:
 2390 07d1 4576656E 		.ascii	"EventListener\000"
 2390      744C6973 
 2390      74656E65 
 2390      7200
 2391              	.LASF83:
 2392 07df 77746F62 		.ascii	"wtobjp\000"
 2392      6A7000
 2393              	.LASF34:
 2394 07e6 705F6E61 		.ascii	"p_name\000"
 2394      6D6500
 2395              	.LASF59:
 2396 07ed 76745F73 		.ascii	"vt_systime\000"
 2396      79737469 
 2396      6D6500
 2397              	.LASF80:
 2398 07f8 65735F6E 		.ascii	"es_next\000"
 2398      65787400 
 2399              	.LASF199:
 2400 0800 53504943 		.ascii	"SPIConfig\000"
 2400      6F6E6669 
 2400      6700
 2401              	.LASF89:
 2402 080a 63685F76 		.ascii	"ch_version\000"
 2402      65727369 
 2402      6F6E00
 2403              	.LASF123:
 2404 0815 64617461 		.ascii	"dataLength\000"
 2404      4C656E67 
 2404      746800
 2405              	.LASF60:
 2406 0820 56544C69 		.ascii	"VTList\000"
 2406      737400
 2407              	.LASF115:
 2408 0827 715F6C69 		.ascii	"q_link\000"
 2408      6E6B00
 2409              	.LASF136:
 2410 082e 50414C43 		.ascii	"PALConfig\000"
 2410      6F6E6669 
 2410      6700
 2411              	.LASF72:
 2412 0838 6D5F6F77 		.ascii	"m_owner\000"
 2412      6E657200 
 2413              	.LASF139:
 2414 0840 70616C5F 		.ascii	"pal_default_config\000"
 2414      64656661 
 2414      756C745F 
 2414      636F6E66 
 2414      696700
 2415              	.LASF31:
 2416 0853 705F6374 		.ascii	"p_ctx\000"
 2416      7800
 2417              	.LASF40:
ARM GAS  /tmp/ccCpdCSz.s 			page 50


 2418 0859 705F7761 		.ascii	"p_waiting\000"
 2418      6974696E 
 2418      6700
 2419              	.LASF156:
 2420 0863 74786279 		.ascii	"txbytes\000"
 2420      74657300 
 2421              	.LASF128:
 2422 086b 636C6F63 		.ascii	"clockStretchTimeout\000"
 2422      6B537472 
 2422      65746368 
 2422      54696D65 
 2422      6F757400 
 2423              		.ident	"GCC: (15:6.3.1+svn253039-1build1) 6.3.1 20170620"
ARM GAS  /tmp/ccCpdCSz.s 			page 51


DEFINED SYMBOLS
                            *ABS*:0000000000000000 can.c

NO UNDEFINED SYMBOLS
