ARM GAS  /tmp/ccVW1qjP.s 			page 1


   1              		.cpu arm1176jz-s
   2              		.eabi_attribute 20, 1
   3              		.eabi_attribute 21, 1
   4              		.eabi_attribute 23, 3
   5              		.eabi_attribute 24, 1
   6              		.eabi_attribute 25, 1
   7              		.eabi_attribute 26, 1
   8              		.eabi_attribute 30, 2
   9              		.eabi_attribute 34, 1
  10              		.eabi_attribute 18, 4
  11              		.file	"chcore.c"
  12              		.text
  13              	.Ltext0:
  14              		.cfi_sections	.debug_frame
  15              		.section	.text.port_halt,"ax",%progbits
  16              		.align	2
  17              		.weak	port_halt
  18              		.syntax unified
  19              		.arm
  20              		.fpu softvfp
  21              		.type	port_halt, %function
  22              	port_halt:
  23              	.LFB7:
  24              		.file 1 "../../os/ports/GCC/ARM/chcore.c"
  25              		.loc 1 37 0
  26              		.cfi_startproc
  27              		@ args = 0, pretend = 0, frame = 0
  28              		@ frame_needed = 0, uses_anonymous_args = 0
  29              		@ link register save eliminated.
  30              		.loc 1 39 0
  31              		.syntax divided
  32              	@ 39 "../../os/ports/GCC/ARM/chcore.c" 1
  33 0000 00300FE1 		mrs     r3, CPSR                       
  34 0004 803083E3 		orr     r3, #0x80                      
  35 0008 03F021E1 		msr     CPSR_c, r3                     
  36 000c 403083E3 		orr     r3, #0x40                      
  37 0010 03F021E1 		msr     CPSR_c, r3
  38              	@ 0 "" 2
  39              		.arm
  40              		.syntax unified
  41              	.L2:
  42 0014 FEFFFFEA 		b	.L2
  43              		.cfi_endproc
  44              	.LFE7:
  45              		.size	port_halt, .-port_halt
  46              		.text
  47              	.Letext0:
  48              		.file 2 "/usr/include/newlib/machine/_default_types.h"
  49              		.file 3 "/usr/include/newlib/sys/_stdint.h"
  50              		.file 4 "../../os/ports/GCC/ARM/chtypes.h"
  51              		.file 5 "../../os/kernel/include/chlists.h"
  52              		.file 6 "../../os/kernel/include/chthreads.h"
  53              		.file 7 "../../os/ports/GCC/ARM/chcore.h"
  54              		.file 8 "../../os/kernel/include/chvt.h"
  55              		.file 9 "../../os/kernel/include/chschd.h"
  56              		.file 10 "../../os/kernel/include/chmtx.h"
  57              		.file 11 "../../os/kernel/include/chregistry.h"
ARM GAS  /tmp/ccVW1qjP.s 			page 2


  58              		.file 12 "../../os/kernel/include/ch.h"
  59              		.section	.debug_info,"",%progbits
  60              	.Ldebug_info0:
  61 0000 0E060000 		.4byte	0x60e
  62 0004 0400     		.2byte	0x4
  63 0006 00000000 		.4byte	.Ldebug_abbrev0
  64 000a 04       		.byte	0x4
  65 000b 01       		.uleb128 0x1
  66 000c AA030000 		.4byte	.LASF99
  67 0010 0C       		.byte	0xc
  68 0011 98010000 		.4byte	.LASF100
  69 0015 42000000 		.4byte	.LASF101
  70 0019 00000000 		.4byte	.Ldebug_ranges0+0
  71 001d 00000000 		.4byte	0
  72 0021 00000000 		.4byte	.Ldebug_line0
  73 0025 02       		.uleb128 0x2
  74 0026 04       		.byte	0x4
  75 0027 05       		.byte	0x5
  76 0028 696E7400 		.ascii	"int\000"
  77 002c 03       		.uleb128 0x3
  78 002d 04       		.byte	0x4
  79 002e 07       		.byte	0x7
  80 002f 49010000 		.4byte	.LASF0
  81 0033 03       		.uleb128 0x3
  82 0034 01       		.byte	0x1
  83 0035 06       		.byte	0x6
  84 0036 B5000000 		.4byte	.LASF1
  85 003a 04       		.uleb128 0x4
  86 003b 1A000000 		.4byte	.LASF4
  87 003f 02       		.byte	0x2
  88 0040 1D       		.byte	0x1d
  89 0041 45000000 		.4byte	0x45
  90 0045 03       		.uleb128 0x3
  91 0046 01       		.byte	0x1
  92 0047 08       		.byte	0x8
  93 0048 B8020000 		.4byte	.LASF2
  94 004c 03       		.uleb128 0x3
  95 004d 02       		.byte	0x2
  96 004e 05       		.byte	0x5
  97 004f D0020000 		.4byte	.LASF3
  98 0053 04       		.uleb128 0x4
  99 0054 72030000 		.4byte	.LASF5
 100 0058 02       		.byte	0x2
 101 0059 2B       		.byte	0x2b
 102 005a 5E000000 		.4byte	0x5e
 103 005e 03       		.uleb128 0x3
 104 005f 02       		.byte	0x2
 105 0060 07       		.byte	0x7
 106 0061 B8010000 		.4byte	.LASF6
 107 0065 04       		.uleb128 0x4
 108 0066 99030000 		.4byte	.LASF7
 109 006a 02       		.byte	0x2
 110 006b 3F       		.byte	0x3f
 111 006c 70000000 		.4byte	0x70
 112 0070 03       		.uleb128 0x3
 113 0071 04       		.byte	0x4
 114 0072 05       		.byte	0x5
ARM GAS  /tmp/ccVW1qjP.s 			page 3


 115 0073 F0000000 		.4byte	.LASF8
 116 0077 04       		.uleb128 0x4
 117 0078 2D010000 		.4byte	.LASF9
 118 007c 02       		.byte	0x2
 119 007d 41       		.byte	0x41
 120 007e 82000000 		.4byte	0x82
 121 0082 03       		.uleb128 0x3
 122 0083 04       		.byte	0x4
 123 0084 07       		.byte	0x7
 124 0085 5E010000 		.4byte	.LASF10
 125 0089 03       		.uleb128 0x3
 126 008a 08       		.byte	0x8
 127 008b 05       		.byte	0x5
 128 008c A7000000 		.4byte	.LASF11
 129 0090 03       		.uleb128 0x3
 130 0091 08       		.byte	0x8
 131 0092 07       		.byte	0x7
 132 0093 2B000000 		.4byte	.LASF12
 133 0097 04       		.uleb128 0x4
 134 0098 66040000 		.4byte	.LASF13
 135 009c 03       		.byte	0x3
 136 009d 18       		.byte	0x18
 137 009e 3A000000 		.4byte	0x3a
 138 00a2 04       		.uleb128 0x4
 139 00a3 02010000 		.4byte	.LASF14
 140 00a7 03       		.byte	0x3
 141 00a8 24       		.byte	0x24
 142 00a9 53000000 		.4byte	0x53
 143 00ad 04       		.uleb128 0x4
 144 00ae B0020000 		.4byte	.LASF15
 145 00b2 03       		.byte	0x3
 146 00b3 2C       		.byte	0x2c
 147 00b4 65000000 		.4byte	0x65
 148 00b8 04       		.uleb128 0x4
 149 00b9 43030000 		.4byte	.LASF16
 150 00bd 03       		.byte	0x3
 151 00be 30       		.byte	0x30
 152 00bf 77000000 		.4byte	0x77
 153 00c3 04       		.uleb128 0x4
 154 00c4 D9010000 		.4byte	.LASF17
 155 00c8 04       		.byte	0x4
 156 00c9 2A       		.byte	0x2a
 157 00ca 97000000 		.4byte	0x97
 158 00ce 04       		.uleb128 0x4
 159 00cf F9000000 		.4byte	.LASF18
 160 00d3 04       		.byte	0x4
 161 00d4 2B       		.byte	0x2b
 162 00d5 97000000 		.4byte	0x97
 163 00d9 04       		.uleb128 0x4
 164 00da 8E020000 		.4byte	.LASF19
 165 00de 04       		.byte	0x4
 166 00df 2C       		.byte	0x2c
 167 00e0 97000000 		.4byte	0x97
 168 00e4 04       		.uleb128 0x4
 169 00e5 E6000000 		.4byte	.LASF20
 170 00e9 04       		.byte	0x4
 171 00ea 2D       		.byte	0x2d
ARM GAS  /tmp/ccVW1qjP.s 			page 4


 172 00eb 97000000 		.4byte	0x97
 173 00ef 04       		.uleb128 0x4
 174 00f0 A8020000 		.4byte	.LASF21
 175 00f4 04       		.byte	0x4
 176 00f5 2E       		.byte	0x2e
 177 00f6 B8000000 		.4byte	0xb8
 178 00fa 04       		.uleb128 0x4
 179 00fb CB010000 		.4byte	.LASF22
 180 00ff 04       		.byte	0x4
 181 0100 2F       		.byte	0x2f
 182 0101 AD000000 		.4byte	0xad
 183 0105 04       		.uleb128 0x4
 184 0106 ED010000 		.4byte	.LASF23
 185 010a 04       		.byte	0x4
 186 010b 31       		.byte	0x31
 187 010c B8000000 		.4byte	0xb8
 188 0110 04       		.uleb128 0x4
 189 0111 84030000 		.4byte	.LASF24
 190 0115 04       		.byte	0x4
 191 0116 33       		.byte	0x33
 192 0117 B8000000 		.4byte	0xb8
 193 011b 05       		.uleb128 0x5
 194 011c 10010000 		.4byte	0x110
 195 0120 04       		.uleb128 0x4
 196 0121 24030000 		.4byte	.LASF25
 197 0125 05       		.byte	0x5
 198 0126 23       		.byte	0x23
 199 0127 2B010000 		.4byte	0x12b
 200 012b 06       		.uleb128 0x6
 201 012c 24030000 		.4byte	.LASF25
 202 0130 44       		.byte	0x44
 203 0131 06       		.byte	0x6
 204 0132 57       		.byte	0x57
 205 0133 1C020000 		.4byte	0x21c
 206 0137 07       		.uleb128 0x7
 207 0138 06030000 		.4byte	.LASF26
 208 013c 06       		.byte	0x6
 209 013d 58       		.byte	0x58
 210 013e 3D020000 		.4byte	0x23d
 211 0142 00       		.byte	0
 212 0143 07       		.uleb128 0x7
 213 0144 A1020000 		.4byte	.LASF27
 214 0148 06       		.byte	0x6
 215 0149 5A       		.byte	0x5a
 216 014a 3D020000 		.4byte	0x23d
 217 014e 04       		.byte	0x4
 218 014f 07       		.uleb128 0x7
 219 0150 93000000 		.4byte	.LASF28
 220 0154 06       		.byte	0x6
 221 0155 5C       		.byte	0x5c
 222 0156 EF000000 		.4byte	0xef
 223 015a 08       		.byte	0x8
 224 015b 07       		.uleb128 0x7
 225 015c A1040000 		.4byte	.LASF29
 226 0160 06       		.byte	0x6
 227 0161 5D       		.byte	0x5d
 228 0162 F8020000 		.4byte	0x2f8
ARM GAS  /tmp/ccVW1qjP.s 			page 5


 229 0166 0C       		.byte	0xc
 230 0167 07       		.uleb128 0x7
 231 0168 15010000 		.4byte	.LASF30
 232 016c 06       		.byte	0x6
 233 016d 5F       		.byte	0x5f
 234 016e 3D020000 		.4byte	0x23d
 235 0172 10       		.byte	0x10
 236 0173 07       		.uleb128 0x7
 237 0174 59020000 		.4byte	.LASF31
 238 0178 06       		.byte	0x6
 239 0179 60       		.byte	0x60
 240 017a 3D020000 		.4byte	0x23d
 241 017e 14       		.byte	0x14
 242 017f 07       		.uleb128 0x7
 243 0180 75040000 		.4byte	.LASF32
 244 0184 06       		.byte	0x6
 245 0185 67       		.byte	0x67
 246 0186 BA040000 		.4byte	0x4ba
 247 018a 18       		.byte	0x18
 248 018b 07       		.uleb128 0x7
 249 018c DA020000 		.4byte	.LASF33
 250 0190 06       		.byte	0x6
 251 0191 72       		.byte	0x72
 252 0192 CE000000 		.4byte	0xce
 253 0196 1C       		.byte	0x1c
 254 0197 07       		.uleb128 0x7
 255 0198 1C030000 		.4byte	.LASF34
 256 019c 06       		.byte	0x6
 257 019d 76       		.byte	0x76
 258 019e C3000000 		.4byte	0xc3
 259 01a2 1D       		.byte	0x1d
 260 01a3 07       		.uleb128 0x7
 261 01a4 4F040000 		.4byte	.LASF35
 262 01a8 06       		.byte	0x6
 263 01a9 7B       		.byte	0x7b
 264 01aa D9000000 		.4byte	0xd9
 265 01ae 1E       		.byte	0x1e
 266 01af 07       		.uleb128 0x7
 267 01b0 E2020000 		.4byte	.LASF36
 268 01b4 06       		.byte	0x6
 269 01b5 81       		.byte	0x81
 270 01b6 E4000000 		.4byte	0xe4
 271 01ba 1F       		.byte	0x1f
 272 01bb 07       		.uleb128 0x7
 273 01bc A3030000 		.4byte	.LASF37
 274 01c0 06       		.byte	0x6
 275 01c1 88       		.byte	0x88
 276 01c2 1B010000 		.4byte	0x11b
 277 01c6 20       		.byte	0x20
 278 01c7 08       		.uleb128 0x8
 279 01c8 705F7500 		.ascii	"p_u\000"
 280 01cc 06       		.byte	0x6
 281 01cd AD       		.byte	0xad
 282 01ce 85040000 		.4byte	0x485
 283 01d2 24       		.byte	0x24
 284 01d3 07       		.uleb128 0x7
 285 01d4 A7040000 		.4byte	.LASF38
ARM GAS  /tmp/ccVW1qjP.s 			page 6


 286 01d8 06       		.byte	0x6
 287 01d9 B2       		.byte	0xb2
 288 01da 63020000 		.4byte	0x263
 289 01de 28       		.byte	0x28
 290 01df 07       		.uleb128 0x7
 291 01e0 32040000 		.4byte	.LASF39
 292 01e4 06       		.byte	0x6
 293 01e5 B8       		.byte	0xb8
 294 01e6 43020000 		.4byte	0x243
 295 01ea 2C       		.byte	0x2c
 296 01eb 07       		.uleb128 0x7
 297 01ec 0D000000 		.4byte	.LASF40
 298 01f0 06       		.byte	0x6
 299 01f1 BC       		.byte	0xbc
 300 01f2 FA000000 		.4byte	0xfa
 301 01f6 34       		.byte	0x34
 302 01f7 07       		.uleb128 0x7
 303 01f8 38030000 		.4byte	.LASF41
 304 01fc 06       		.byte	0x6
 305 01fd C2       		.byte	0xc2
 306 01fe 05010000 		.4byte	0x105
 307 0202 38       		.byte	0x38
 308 0203 07       		.uleb128 0x7
 309 0204 C6020000 		.4byte	.LASF42
 310 0208 06       		.byte	0x6
 311 0209 C9       		.byte	0xc9
 312 020a CC040000 		.4byte	0x4cc
 313 020e 3C       		.byte	0x3c
 314 020f 07       		.uleb128 0x7
 315 0210 8E030000 		.4byte	.LASF43
 316 0214 06       		.byte	0x6
 317 0215 CD       		.byte	0xcd
 318 0216 EF000000 		.4byte	0xef
 319 021a 40       		.byte	0x40
 320 021b 00       		.byte	0
 321 021c 09       		.uleb128 0x9
 322 021d 08       		.byte	0x8
 323 021e 05       		.byte	0x5
 324 021f 5A       		.byte	0x5a
 325 0220 3D020000 		.4byte	0x23d
 326 0224 07       		.uleb128 0x7
 327 0225 06030000 		.4byte	.LASF26
 328 0229 05       		.byte	0x5
 329 022a 5B       		.byte	0x5b
 330 022b 3D020000 		.4byte	0x23d
 331 022f 00       		.byte	0
 332 0230 07       		.uleb128 0x7
 333 0231 A1020000 		.4byte	.LASF27
 334 0235 05       		.byte	0x5
 335 0236 5D       		.byte	0x5d
 336 0237 3D020000 		.4byte	0x23d
 337 023b 04       		.byte	0x4
 338 023c 00       		.byte	0
 339 023d 0A       		.uleb128 0xa
 340 023e 04       		.byte	0x4
 341 023f 20010000 		.4byte	0x120
 342 0243 04       		.uleb128 0x4
ARM GAS  /tmp/ccVW1qjP.s 			page 7


 343 0244 67020000 		.4byte	.LASF44
 344 0248 05       		.byte	0x5
 345 0249 5F       		.byte	0x5f
 346 024a 1C020000 		.4byte	0x21c
 347 024e 09       		.uleb128 0x9
 348 024f 04       		.byte	0x4
 349 0250 05       		.byte	0x5
 350 0251 64       		.byte	0x64
 351 0252 63020000 		.4byte	0x263
 352 0256 07       		.uleb128 0x7
 353 0257 06030000 		.4byte	.LASF26
 354 025b 05       		.byte	0x5
 355 025c 66       		.byte	0x66
 356 025d 3D020000 		.4byte	0x23d
 357 0261 00       		.byte	0
 358 0262 00       		.byte	0
 359 0263 04       		.uleb128 0x4
 360 0264 E1010000 		.4byte	.LASF45
 361 0268 05       		.byte	0x5
 362 0269 69       		.byte	0x69
 363 026a 4E020000 		.4byte	0x24e
 364 026e 04       		.uleb128 0x4
 365 026f FF010000 		.4byte	.LASF46
 366 0273 07       		.byte	0x7
 367 0274 9D       		.byte	0x9d
 368 0275 B8000000 		.4byte	0xb8
 369 0279 04       		.uleb128 0x4
 370 027a 38010000 		.4byte	.LASF47
 371 027e 07       		.byte	0x7
 372 027f A2       		.byte	0xa2
 373 0280 84020000 		.4byte	0x284
 374 0284 0B       		.uleb128 0xb
 375 0285 04       		.byte	0x4
 376 0286 06       		.uleb128 0x6
 377 0287 2B040000 		.4byte	.LASF48
 378 028b 24       		.byte	0x24
 379 028c 07       		.byte	0x7
 380 028d B9       		.byte	0xb9
 381 028e F8020000 		.4byte	0x2f8
 382 0292 08       		.uleb128 0x8
 383 0293 723400   		.ascii	"r4\000"
 384 0296 07       		.byte	0x7
 385 0297 BA       		.byte	0xba
 386 0298 79020000 		.4byte	0x279
 387 029c 00       		.byte	0
 388 029d 08       		.uleb128 0x8
 389 029e 723500   		.ascii	"r5\000"
 390 02a1 07       		.byte	0x7
 391 02a2 BB       		.byte	0xbb
 392 02a3 79020000 		.4byte	0x279
 393 02a7 04       		.byte	0x4
 394 02a8 08       		.uleb128 0x8
 395 02a9 723600   		.ascii	"r6\000"
 396 02ac 07       		.byte	0x7
 397 02ad BC       		.byte	0xbc
 398 02ae 79020000 		.4byte	0x279
 399 02b2 08       		.byte	0x8
ARM GAS  /tmp/ccVW1qjP.s 			page 8


 400 02b3 08       		.uleb128 0x8
 401 02b4 723700   		.ascii	"r7\000"
 402 02b7 07       		.byte	0x7
 403 02b8 BD       		.byte	0xbd
 404 02b9 79020000 		.4byte	0x279
 405 02bd 0C       		.byte	0xc
 406 02be 08       		.uleb128 0x8
 407 02bf 723800   		.ascii	"r8\000"
 408 02c2 07       		.byte	0x7
 409 02c3 BE       		.byte	0xbe
 410 02c4 79020000 		.4byte	0x279
 411 02c8 10       		.byte	0x10
 412 02c9 08       		.uleb128 0x8
 413 02ca 723900   		.ascii	"r9\000"
 414 02cd 07       		.byte	0x7
 415 02ce BF       		.byte	0xbf
 416 02cf 79020000 		.4byte	0x279
 417 02d3 14       		.byte	0x14
 418 02d4 08       		.uleb128 0x8
 419 02d5 72313000 		.ascii	"r10\000"
 420 02d9 07       		.byte	0x7
 421 02da C0       		.byte	0xc0
 422 02db 79020000 		.4byte	0x279
 423 02df 18       		.byte	0x18
 424 02e0 08       		.uleb128 0x8
 425 02e1 72313100 		.ascii	"r11\000"
 426 02e5 07       		.byte	0x7
 427 02e6 C1       		.byte	0xc1
 428 02e7 79020000 		.4byte	0x279
 429 02eb 1C       		.byte	0x1c
 430 02ec 08       		.uleb128 0x8
 431 02ed 6C7200   		.ascii	"lr\000"
 432 02f0 07       		.byte	0x7
 433 02f1 C2       		.byte	0xc2
 434 02f2 79020000 		.4byte	0x279
 435 02f6 20       		.byte	0x20
 436 02f7 00       		.byte	0
 437 02f8 06       		.uleb128 0x6
 438 02f9 90010000 		.4byte	.LASF49
 439 02fd 04       		.byte	0x4
 440 02fe 07       		.byte	0x7
 441 02ff CA       		.byte	0xca
 442 0300 11030000 		.4byte	0x311
 443 0304 08       		.uleb128 0x8
 444 0305 72313300 		.ascii	"r13\000"
 445 0309 07       		.byte	0x7
 446 030a CB       		.byte	0xcb
 447 030b 11030000 		.4byte	0x311
 448 030f 00       		.byte	0
 449 0310 00       		.byte	0
 450 0311 0A       		.uleb128 0xa
 451 0312 04       		.byte	0x4
 452 0313 86020000 		.4byte	0x286
 453 0317 04       		.uleb128 0x4
 454 0318 79010000 		.4byte	.LASF50
 455 031c 08       		.byte	0x8
 456 031d 4E       		.byte	0x4e
ARM GAS  /tmp/ccVW1qjP.s 			page 9


 457 031e 22030000 		.4byte	0x322
 458 0322 0A       		.uleb128 0xa
 459 0323 04       		.byte	0x4
 460 0324 28030000 		.4byte	0x328
 461 0328 0C       		.uleb128 0xc
 462 0329 33030000 		.4byte	0x333
 463 032d 0D       		.uleb128 0xd
 464 032e 84020000 		.4byte	0x284
 465 0332 00       		.byte	0
 466 0333 04       		.uleb128 0x4
 467 0334 60030000 		.4byte	.LASF51
 468 0338 08       		.byte	0x8
 469 0339 53       		.byte	0x53
 470 033a 3E030000 		.4byte	0x33e
 471 033e 06       		.uleb128 0x6
 472 033f 60030000 		.4byte	.LASF51
 473 0343 14       		.byte	0x14
 474 0344 08       		.byte	0x8
 475 0345 5A       		.byte	0x5a
 476 0346 87030000 		.4byte	0x387
 477 034a 07       		.uleb128 0x7
 478 034b 56010000 		.4byte	.LASF52
 479 034f 08       		.byte	0x8
 480 0350 5B       		.byte	0x5b
 481 0351 87030000 		.4byte	0x387
 482 0355 00       		.byte	0
 483 0356 07       		.uleb128 0x7
 484 0357 41010000 		.4byte	.LASF53
 485 035b 08       		.byte	0x8
 486 035c 5D       		.byte	0x5d
 487 035d 87030000 		.4byte	0x387
 488 0361 04       		.byte	0x4
 489 0362 07       		.uleb128 0x7
 490 0363 1E020000 		.4byte	.LASF54
 491 0367 08       		.byte	0x8
 492 0368 5F       		.byte	0x5f
 493 0369 10010000 		.4byte	0x110
 494 036d 08       		.byte	0x8
 495 036e 07       		.uleb128 0x7
 496 036f 39020000 		.4byte	.LASF55
 497 0373 08       		.byte	0x8
 498 0374 60       		.byte	0x60
 499 0375 17030000 		.4byte	0x317
 500 0379 0C       		.byte	0xc
 501 037a 07       		.uleb128 0x7
 502 037b 3D040000 		.4byte	.LASF56
 503 037f 08       		.byte	0x8
 504 0380 62       		.byte	0x62
 505 0381 84020000 		.4byte	0x284
 506 0385 10       		.byte	0x10
 507 0386 00       		.byte	0
 508 0387 0A       		.uleb128 0xa
 509 0388 04       		.byte	0x4
 510 0389 33030000 		.4byte	0x333
 511 038d 09       		.uleb128 0x9
 512 038e 10       		.byte	0x10
 513 038f 08       		.byte	0x8
ARM GAS  /tmp/ccVW1qjP.s 			page 10


 514 0390 6C       		.byte	0x6c
 515 0391 C6030000 		.4byte	0x3c6
 516 0395 07       		.uleb128 0x7
 517 0396 56010000 		.4byte	.LASF52
 518 039a 08       		.byte	0x8
 519 039b 6D       		.byte	0x6d
 520 039c 87030000 		.4byte	0x387
 521 03a0 00       		.byte	0
 522 03a1 07       		.uleb128 0x7
 523 03a2 41010000 		.4byte	.LASF53
 524 03a6 08       		.byte	0x8
 525 03a7 6F       		.byte	0x6f
 526 03a8 87030000 		.4byte	0x387
 527 03ac 04       		.byte	0x4
 528 03ad 07       		.uleb128 0x7
 529 03ae 1E020000 		.4byte	.LASF54
 530 03b2 08       		.byte	0x8
 531 03b3 71       		.byte	0x71
 532 03b4 10010000 		.4byte	0x110
 533 03b8 08       		.byte	0x8
 534 03b9 07       		.uleb128 0x7
 535 03ba 7C040000 		.4byte	.LASF57
 536 03be 08       		.byte	0x8
 537 03bf 72       		.byte	0x72
 538 03c0 1B010000 		.4byte	0x11b
 539 03c4 0C       		.byte	0xc
 540 03c5 00       		.byte	0
 541 03c6 04       		.uleb128 0x4
 542 03c7 92040000 		.4byte	.LASF58
 543 03cb 08       		.byte	0x8
 544 03cc 73       		.byte	0x73
 545 03cd 8D030000 		.4byte	0x38d
 546 03d1 0E       		.uleb128 0xe
 547 03d2 24000000 		.4byte	.LASF66
 548 03d6 08       		.byte	0x8
 549 03d7 D1       		.byte	0xd1
 550 03d8 C6030000 		.4byte	0x3c6
 551 03dc 09       		.uleb128 0x9
 552 03dd 1C       		.byte	0x1c
 553 03de 09       		.byte	0x9
 554 03df 57       		.byte	0x57
 555 03e0 2D040000 		.4byte	0x42d
 556 03e4 07       		.uleb128 0x7
 557 03e5 58030000 		.4byte	.LASF59
 558 03e9 09       		.byte	0x9
 559 03ea 58       		.byte	0x58
 560 03eb 43020000 		.4byte	0x243
 561 03ef 00       		.byte	0
 562 03f0 07       		.uleb128 0x7
 563 03f1 F8020000 		.4byte	.LASF60
 564 03f5 09       		.byte	0x9
 565 03f6 59       		.byte	0x59
 566 03f7 EF000000 		.4byte	0xef
 567 03fb 08       		.byte	0x8
 568 03fc 07       		.uleb128 0x7
 569 03fd 61020000 		.4byte	.LASF61
 570 0401 09       		.byte	0x9
ARM GAS  /tmp/ccVW1qjP.s 			page 11


 571 0402 5B       		.byte	0x5b
 572 0403 F8020000 		.4byte	0x2f8
 573 0407 0C       		.byte	0xc
 574 0408 07       		.uleb128 0x7
 575 0409 D1010000 		.4byte	.LASF62
 576 040d 09       		.byte	0x9
 577 040e 5E       		.byte	0x5e
 578 040f 3D020000 		.4byte	0x23d
 579 0413 10       		.byte	0x10
 580 0414 07       		.uleb128 0x7
 581 0415 86020000 		.4byte	.LASF63
 582 0419 09       		.byte	0x9
 583 041a 5F       		.byte	0x5f
 584 041b 3D020000 		.4byte	0x23d
 585 041f 14       		.byte	0x14
 586 0420 07       		.uleb128 0x7
 587 0421 7C020000 		.4byte	.LASF64
 588 0425 09       		.byte	0x9
 589 0426 62       		.byte	0x62
 590 0427 3D020000 		.4byte	0x23d
 591 042b 18       		.byte	0x18
 592 042c 00       		.byte	0
 593 042d 04       		.uleb128 0x4
 594 042e 56040000 		.4byte	.LASF65
 595 0432 09       		.byte	0x9
 596 0433 64       		.byte	0x64
 597 0434 DC030000 		.4byte	0x3dc
 598 0438 0E       		.uleb128 0xe
 599 0439 60040000 		.4byte	.LASF67
 600 043d 09       		.byte	0x9
 601 043e 68       		.byte	0x68
 602 043f 2D040000 		.4byte	0x42d
 603 0443 06       		.uleb128 0x6
 604 0444 F9010000 		.4byte	.LASF68
 605 0448 10       		.byte	0x10
 606 0449 0A       		.byte	0xa
 607 044a 25       		.byte	0x25
 608 044b 74040000 		.4byte	0x474
 609 044f 07       		.uleb128 0x7
 610 0450 DE000000 		.4byte	.LASF69
 611 0454 0A       		.byte	0xa
 612 0455 26       		.byte	0x26
 613 0456 43020000 		.4byte	0x243
 614 045a 00       		.byte	0
 615 045b 07       		.uleb128 0x7
 616 045c 99040000 		.4byte	.LASF70
 617 0460 0A       		.byte	0xa
 618 0461 28       		.byte	0x28
 619 0462 3D020000 		.4byte	0x23d
 620 0466 08       		.byte	0x8
 621 0467 07       		.uleb128 0x7
 622 0468 7D030000 		.4byte	.LASF71
 623 046c 0A       		.byte	0xa
 624 046d 2A       		.byte	0x2a
 625 046e 74040000 		.4byte	0x474
 626 0472 0C       		.byte	0xc
 627 0473 00       		.byte	0
ARM GAS  /tmp/ccVW1qjP.s 			page 12


 628 0474 0A       		.uleb128 0xa
 629 0475 04       		.byte	0x4
 630 0476 43040000 		.4byte	0x443
 631 047a 04       		.uleb128 0x4
 632 047b F9010000 		.4byte	.LASF68
 633 047f 0A       		.byte	0xa
 634 0480 2C       		.byte	0x2c
 635 0481 43040000 		.4byte	0x443
 636 0485 0F       		.uleb128 0xf
 637 0486 04       		.byte	0x4
 638 0487 06       		.byte	0x6
 639 0488 8F       		.byte	0x8f
 640 0489 BA040000 		.4byte	0x4ba
 641 048d 10       		.uleb128 0x10
 642 048e 13000000 		.4byte	.LASF72
 643 0492 06       		.byte	0x6
 644 0493 96       		.byte	0x96
 645 0494 FA000000 		.4byte	0xfa
 646 0498 10       		.uleb128 0x10
 647 0499 8A000000 		.4byte	.LASF73
 648 049d 06       		.byte	0x6
 649 049e 9D       		.byte	0x9d
 650 049f FA000000 		.4byte	0xfa
 651 04a3 10       		.uleb128 0x10
 652 04a4 6E040000 		.4byte	.LASF74
 653 04a8 06       		.byte	0x6
 654 04a9 A4       		.byte	0xa4
 655 04aa 84020000 		.4byte	0x284
 656 04ae 10       		.uleb128 0x10
 657 04af FF020000 		.4byte	.LASF75
 658 04b3 06       		.byte	0x6
 659 04b4 AB       		.byte	0xab
 660 04b5 05010000 		.4byte	0x105
 661 04b9 00       		.byte	0
 662 04ba 0A       		.uleb128 0xa
 663 04bb 04       		.byte	0x4
 664 04bc C7040000 		.4byte	0x4c7
 665 04c0 03       		.uleb128 0x3
 666 04c1 01       		.byte	0x1
 667 04c2 08       		.byte	0x8
 668 04c3 6D030000 		.4byte	.LASF76
 669 04c7 11       		.uleb128 0x11
 670 04c8 C0040000 		.4byte	0x4c0
 671 04cc 0A       		.uleb128 0xa
 672 04cd 04       		.byte	0x4
 673 04ce 7A040000 		.4byte	0x47a
 674 04d2 09       		.uleb128 0x9
 675 04d3 16       		.byte	0x16
 676 04d4 0B       		.byte	0xb
 677 04d5 25       		.byte	0x25
 678 04d6 B3050000 		.4byte	0x5b3
 679 04da 07       		.uleb128 0x7
 680 04db 82010000 		.4byte	.LASF77
 681 04df 0B       		.byte	0xb
 682 04e0 26       		.byte	0x26
 683 04e1 B3050000 		.4byte	0x5b3
 684 04e5 00       		.byte	0
ARM GAS  /tmp/ccVW1qjP.s 			page 13


 685 04e6 07       		.uleb128 0x7
 686 04e7 0A020000 		.4byte	.LASF78
 687 04eb 0B       		.byte	0xb
 688 04ec 27       		.byte	0x27
 689 04ed 97000000 		.4byte	0x97
 690 04f1 04       		.byte	0x4
 691 04f2 07       		.uleb128 0x7
 692 04f3 74020000 		.4byte	.LASF79
 693 04f7 0B       		.byte	0xb
 694 04f8 28       		.byte	0x28
 695 04f9 97000000 		.4byte	0x97
 696 04fd 05       		.byte	0x5
 697 04fe 07       		.uleb128 0x7
 698 04ff 87040000 		.4byte	.LASF80
 699 0503 0B       		.byte	0xb
 700 0504 29       		.byte	0x29
 701 0505 A2000000 		.4byte	0xa2
 702 0509 06       		.byte	0x6
 703 050a 07       		.uleb128 0x7
 704 050b 96020000 		.4byte	.LASF81
 705 050f 0B       		.byte	0xb
 706 0510 2A       		.byte	0x2a
 707 0511 97000000 		.4byte	0x97
 708 0515 08       		.byte	0x8
 709 0516 07       		.uleb128 0x7
 710 0517 41020000 		.4byte	.LASF82
 711 051b 0B       		.byte	0xb
 712 051c 2B       		.byte	0x2b
 713 051d 97000000 		.4byte	0x97
 714 0521 09       		.byte	0x9
 715 0522 07       		.uleb128 0x7
 716 0523 7C000000 		.4byte	.LASF83
 717 0527 0B       		.byte	0xb
 718 0528 2C       		.byte	0x2c
 719 0529 97000000 		.4byte	0x97
 720 052d 0A       		.byte	0xa
 721 052e 07       		.uleb128 0x7
 722 052f 4C030000 		.4byte	.LASF84
 723 0533 0B       		.byte	0xb
 724 0534 2D       		.byte	0x2d
 725 0535 97000000 		.4byte	0x97
 726 0539 0B       		.byte	0xb
 727 053a 07       		.uleb128 0x7
 728 053b 44040000 		.4byte	.LASF85
 729 053f 0B       		.byte	0xb
 730 0540 2E       		.byte	0x2e
 731 0541 97000000 		.4byte	0x97
 732 0545 0C       		.byte	0xc
 733 0546 07       		.uleb128 0x7
 734 0547 2B030000 		.4byte	.LASF86
 735 054b 0B       		.byte	0xb
 736 054c 2F       		.byte	0x2f
 737 054d 97000000 		.4byte	0x97
 738 0551 0D       		.byte	0xd
 739 0552 07       		.uleb128 0x7
 740 0553 00000000 		.4byte	.LASF87
 741 0557 0B       		.byte	0xb
ARM GAS  /tmp/ccVW1qjP.s 			page 14


 742 0558 30       		.byte	0x30
 743 0559 97000000 		.4byte	0x97
 744 055d 0E       		.byte	0xe
 745 055e 07       		.uleb128 0x7
 746 055f 4D020000 		.4byte	.LASF88
 747 0563 0B       		.byte	0xb
 748 0564 31       		.byte	0x31
 749 0565 97000000 		.4byte	0x97
 750 0569 0F       		.byte	0xf
 751 056a 07       		.uleb128 0x7
 752 056b C1000000 		.4byte	.LASF89
 753 056f 0B       		.byte	0xb
 754 0570 32       		.byte	0x32
 755 0571 97000000 		.4byte	0x97
 756 0575 10       		.byte	0x10
 757 0576 07       		.uleb128 0x7
 758 0577 9A000000 		.4byte	.LASF90
 759 057b 0B       		.byte	0xb
 760 057c 34       		.byte	0x34
 761 057d 97000000 		.4byte	0x97
 762 0581 11       		.byte	0x11
 763 0582 07       		.uleb128 0x7
 764 0583 D1000000 		.4byte	.LASF91
 765 0587 0B       		.byte	0xb
 766 0588 35       		.byte	0x35
 767 0589 97000000 		.4byte	0x97
 768 058d 12       		.byte	0x12
 769 058e 07       		.uleb128 0x7
 770 058f 12020000 		.4byte	.LASF92
 771 0593 0B       		.byte	0xb
 772 0594 36       		.byte	0x36
 773 0595 97000000 		.4byte	0x97
 774 0599 13       		.byte	0x13
 775 059a 07       		.uleb128 0x7
 776 059b 0D030000 		.4byte	.LASF93
 777 059f 0B       		.byte	0xb
 778 05a0 37       		.byte	0x37
 779 05a1 97000000 		.4byte	0x97
 780 05a5 14       		.byte	0x14
 781 05a6 07       		.uleb128 0x7
 782 05a7 EC020000 		.4byte	.LASF94
 783 05ab 0B       		.byte	0xb
 784 05ac 39       		.byte	0x39
 785 05ad 97000000 		.4byte	0x97
 786 05b1 15       		.byte	0x15
 787 05b2 00       		.byte	0
 788 05b3 12       		.uleb128 0x12
 789 05b4 C0040000 		.4byte	0x4c0
 790 05b8 C3050000 		.4byte	0x5c3
 791 05bc 13       		.uleb128 0x13
 792 05bd C3050000 		.4byte	0x5c3
 793 05c1 03       		.byte	0x3
 794 05c2 00       		.byte	0
 795 05c3 03       		.uleb128 0x3
 796 05c4 04       		.byte	0x4
 797 05c5 07       		.byte	0x7
 798 05c6 26020000 		.4byte	.LASF95
ARM GAS  /tmp/ccVW1qjP.s 			page 15


 799 05ca 04       		.uleb128 0x4
 800 05cb 0B010000 		.4byte	.LASF96
 801 05cf 0B       		.byte	0xb
 802 05d0 3A       		.byte	0x3a
 803 05d1 D2040000 		.4byte	0x4d2
 804 05d5 11       		.uleb128 0x11
 805 05d6 CA050000 		.4byte	0x5ca
 806 05da 0E       		.uleb128 0xe
 807 05db 70010000 		.4byte	.LASF97
 808 05df 0B       		.byte	0xb
 809 05e0 77       		.byte	0x77
 810 05e1 D5050000 		.4byte	0x5d5
 811 05e5 12       		.uleb128 0x12
 812 05e6 6E020000 		.4byte	0x26e
 813 05ea F5050000 		.4byte	0x5f5
 814 05ee 13       		.uleb128 0x13
 815 05ef C3050000 		.4byte	0x5c3
 816 05f3 26       		.byte	0x26
 817 05f4 00       		.byte	0
 818 05f5 0E       		.uleb128 0xe
 819 05f6 1D010000 		.4byte	.LASF98
 820 05fa 0C       		.byte	0xc
 821 05fb 82       		.byte	0x82
 822 05fc E5050000 		.4byte	0x5e5
 823 0600 14       		.uleb128 0x14
 824 0601 2F020000 		.4byte	.LASF102
 825 0605 01       		.byte	0x1
 826 0606 25       		.byte	0x25
 827 0607 00000000 		.4byte	.LFB7
 828 060b 18000000 		.4byte	.LFE7-.LFB7
 829 060f 01       		.uleb128 0x1
 830 0610 9C       		.byte	0x9c
 831 0611 00       		.byte	0
 832              		.section	.debug_abbrev,"",%progbits
 833              	.Ldebug_abbrev0:
 834 0000 01       		.uleb128 0x1
 835 0001 11       		.uleb128 0x11
 836 0002 01       		.byte	0x1
 837 0003 25       		.uleb128 0x25
 838 0004 0E       		.uleb128 0xe
 839 0005 13       		.uleb128 0x13
 840 0006 0B       		.uleb128 0xb
 841 0007 03       		.uleb128 0x3
 842 0008 0E       		.uleb128 0xe
 843 0009 1B       		.uleb128 0x1b
 844 000a 0E       		.uleb128 0xe
 845 000b 55       		.uleb128 0x55
 846 000c 17       		.uleb128 0x17
 847 000d 11       		.uleb128 0x11
 848 000e 01       		.uleb128 0x1
 849 000f 10       		.uleb128 0x10
 850 0010 17       		.uleb128 0x17
 851 0011 00       		.byte	0
 852 0012 00       		.byte	0
 853 0013 02       		.uleb128 0x2
 854 0014 24       		.uleb128 0x24
 855 0015 00       		.byte	0
ARM GAS  /tmp/ccVW1qjP.s 			page 16


 856 0016 0B       		.uleb128 0xb
 857 0017 0B       		.uleb128 0xb
 858 0018 3E       		.uleb128 0x3e
 859 0019 0B       		.uleb128 0xb
 860 001a 03       		.uleb128 0x3
 861 001b 08       		.uleb128 0x8
 862 001c 00       		.byte	0
 863 001d 00       		.byte	0
 864 001e 03       		.uleb128 0x3
 865 001f 24       		.uleb128 0x24
 866 0020 00       		.byte	0
 867 0021 0B       		.uleb128 0xb
 868 0022 0B       		.uleb128 0xb
 869 0023 3E       		.uleb128 0x3e
 870 0024 0B       		.uleb128 0xb
 871 0025 03       		.uleb128 0x3
 872 0026 0E       		.uleb128 0xe
 873 0027 00       		.byte	0
 874 0028 00       		.byte	0
 875 0029 04       		.uleb128 0x4
 876 002a 16       		.uleb128 0x16
 877 002b 00       		.byte	0
 878 002c 03       		.uleb128 0x3
 879 002d 0E       		.uleb128 0xe
 880 002e 3A       		.uleb128 0x3a
 881 002f 0B       		.uleb128 0xb
 882 0030 3B       		.uleb128 0x3b
 883 0031 0B       		.uleb128 0xb
 884 0032 49       		.uleb128 0x49
 885 0033 13       		.uleb128 0x13
 886 0034 00       		.byte	0
 887 0035 00       		.byte	0
 888 0036 05       		.uleb128 0x5
 889 0037 35       		.uleb128 0x35
 890 0038 00       		.byte	0
 891 0039 49       		.uleb128 0x49
 892 003a 13       		.uleb128 0x13
 893 003b 00       		.byte	0
 894 003c 00       		.byte	0
 895 003d 06       		.uleb128 0x6
 896 003e 13       		.uleb128 0x13
 897 003f 01       		.byte	0x1
 898 0040 03       		.uleb128 0x3
 899 0041 0E       		.uleb128 0xe
 900 0042 0B       		.uleb128 0xb
 901 0043 0B       		.uleb128 0xb
 902 0044 3A       		.uleb128 0x3a
 903 0045 0B       		.uleb128 0xb
 904 0046 3B       		.uleb128 0x3b
 905 0047 0B       		.uleb128 0xb
 906 0048 01       		.uleb128 0x1
 907 0049 13       		.uleb128 0x13
 908 004a 00       		.byte	0
 909 004b 00       		.byte	0
 910 004c 07       		.uleb128 0x7
 911 004d 0D       		.uleb128 0xd
 912 004e 00       		.byte	0
ARM GAS  /tmp/ccVW1qjP.s 			page 17


 913 004f 03       		.uleb128 0x3
 914 0050 0E       		.uleb128 0xe
 915 0051 3A       		.uleb128 0x3a
 916 0052 0B       		.uleb128 0xb
 917 0053 3B       		.uleb128 0x3b
 918 0054 0B       		.uleb128 0xb
 919 0055 49       		.uleb128 0x49
 920 0056 13       		.uleb128 0x13
 921 0057 38       		.uleb128 0x38
 922 0058 0B       		.uleb128 0xb
 923 0059 00       		.byte	0
 924 005a 00       		.byte	0
 925 005b 08       		.uleb128 0x8
 926 005c 0D       		.uleb128 0xd
 927 005d 00       		.byte	0
 928 005e 03       		.uleb128 0x3
 929 005f 08       		.uleb128 0x8
 930 0060 3A       		.uleb128 0x3a
 931 0061 0B       		.uleb128 0xb
 932 0062 3B       		.uleb128 0x3b
 933 0063 0B       		.uleb128 0xb
 934 0064 49       		.uleb128 0x49
 935 0065 13       		.uleb128 0x13
 936 0066 38       		.uleb128 0x38
 937 0067 0B       		.uleb128 0xb
 938 0068 00       		.byte	0
 939 0069 00       		.byte	0
 940 006a 09       		.uleb128 0x9
 941 006b 13       		.uleb128 0x13
 942 006c 01       		.byte	0x1
 943 006d 0B       		.uleb128 0xb
 944 006e 0B       		.uleb128 0xb
 945 006f 3A       		.uleb128 0x3a
 946 0070 0B       		.uleb128 0xb
 947 0071 3B       		.uleb128 0x3b
 948 0072 0B       		.uleb128 0xb
 949 0073 01       		.uleb128 0x1
 950 0074 13       		.uleb128 0x13
 951 0075 00       		.byte	0
 952 0076 00       		.byte	0
 953 0077 0A       		.uleb128 0xa
 954 0078 0F       		.uleb128 0xf
 955 0079 00       		.byte	0
 956 007a 0B       		.uleb128 0xb
 957 007b 0B       		.uleb128 0xb
 958 007c 49       		.uleb128 0x49
 959 007d 13       		.uleb128 0x13
 960 007e 00       		.byte	0
 961 007f 00       		.byte	0
 962 0080 0B       		.uleb128 0xb
 963 0081 0F       		.uleb128 0xf
 964 0082 00       		.byte	0
 965 0083 0B       		.uleb128 0xb
 966 0084 0B       		.uleb128 0xb
 967 0085 00       		.byte	0
 968 0086 00       		.byte	0
 969 0087 0C       		.uleb128 0xc
ARM GAS  /tmp/ccVW1qjP.s 			page 18


 970 0088 15       		.uleb128 0x15
 971 0089 01       		.byte	0x1
 972 008a 27       		.uleb128 0x27
 973 008b 19       		.uleb128 0x19
 974 008c 01       		.uleb128 0x1
 975 008d 13       		.uleb128 0x13
 976 008e 00       		.byte	0
 977 008f 00       		.byte	0
 978 0090 0D       		.uleb128 0xd
 979 0091 05       		.uleb128 0x5
 980 0092 00       		.byte	0
 981 0093 49       		.uleb128 0x49
 982 0094 13       		.uleb128 0x13
 983 0095 00       		.byte	0
 984 0096 00       		.byte	0
 985 0097 0E       		.uleb128 0xe
 986 0098 34       		.uleb128 0x34
 987 0099 00       		.byte	0
 988 009a 03       		.uleb128 0x3
 989 009b 0E       		.uleb128 0xe
 990 009c 3A       		.uleb128 0x3a
 991 009d 0B       		.uleb128 0xb
 992 009e 3B       		.uleb128 0x3b
 993 009f 0B       		.uleb128 0xb
 994 00a0 49       		.uleb128 0x49
 995 00a1 13       		.uleb128 0x13
 996 00a2 3F       		.uleb128 0x3f
 997 00a3 19       		.uleb128 0x19
 998 00a4 3C       		.uleb128 0x3c
 999 00a5 19       		.uleb128 0x19
 1000 00a6 00       		.byte	0
 1001 00a7 00       		.byte	0
 1002 00a8 0F       		.uleb128 0xf
 1003 00a9 17       		.uleb128 0x17
 1004 00aa 01       		.byte	0x1
 1005 00ab 0B       		.uleb128 0xb
 1006 00ac 0B       		.uleb128 0xb
 1007 00ad 3A       		.uleb128 0x3a
 1008 00ae 0B       		.uleb128 0xb
 1009 00af 3B       		.uleb128 0x3b
 1010 00b0 0B       		.uleb128 0xb
 1011 00b1 01       		.uleb128 0x1
 1012 00b2 13       		.uleb128 0x13
 1013 00b3 00       		.byte	0
 1014 00b4 00       		.byte	0
 1015 00b5 10       		.uleb128 0x10
 1016 00b6 0D       		.uleb128 0xd
 1017 00b7 00       		.byte	0
 1018 00b8 03       		.uleb128 0x3
 1019 00b9 0E       		.uleb128 0xe
 1020 00ba 3A       		.uleb128 0x3a
 1021 00bb 0B       		.uleb128 0xb
 1022 00bc 3B       		.uleb128 0x3b
 1023 00bd 0B       		.uleb128 0xb
 1024 00be 49       		.uleb128 0x49
 1025 00bf 13       		.uleb128 0x13
 1026 00c0 00       		.byte	0
ARM GAS  /tmp/ccVW1qjP.s 			page 19


 1027 00c1 00       		.byte	0
 1028 00c2 11       		.uleb128 0x11
 1029 00c3 26       		.uleb128 0x26
 1030 00c4 00       		.byte	0
 1031 00c5 49       		.uleb128 0x49
 1032 00c6 13       		.uleb128 0x13
 1033 00c7 00       		.byte	0
 1034 00c8 00       		.byte	0
 1035 00c9 12       		.uleb128 0x12
 1036 00ca 01       		.uleb128 0x1
 1037 00cb 01       		.byte	0x1
 1038 00cc 49       		.uleb128 0x49
 1039 00cd 13       		.uleb128 0x13
 1040 00ce 01       		.uleb128 0x1
 1041 00cf 13       		.uleb128 0x13
 1042 00d0 00       		.byte	0
 1043 00d1 00       		.byte	0
 1044 00d2 13       		.uleb128 0x13
 1045 00d3 21       		.uleb128 0x21
 1046 00d4 00       		.byte	0
 1047 00d5 49       		.uleb128 0x49
 1048 00d6 13       		.uleb128 0x13
 1049 00d7 2F       		.uleb128 0x2f
 1050 00d8 0B       		.uleb128 0xb
 1051 00d9 00       		.byte	0
 1052 00da 00       		.byte	0
 1053 00db 14       		.uleb128 0x14
 1054 00dc 2E       		.uleb128 0x2e
 1055 00dd 00       		.byte	0
 1056 00de 3F       		.uleb128 0x3f
 1057 00df 19       		.uleb128 0x19
 1058 00e0 03       		.uleb128 0x3
 1059 00e1 0E       		.uleb128 0xe
 1060 00e2 3A       		.uleb128 0x3a
 1061 00e3 0B       		.uleb128 0xb
 1062 00e4 3B       		.uleb128 0x3b
 1063 00e5 0B       		.uleb128 0xb
 1064 00e6 27       		.uleb128 0x27
 1065 00e7 19       		.uleb128 0x19
 1066 00e8 11       		.uleb128 0x11
 1067 00e9 01       		.uleb128 0x1
 1068 00ea 12       		.uleb128 0x12
 1069 00eb 06       		.uleb128 0x6
 1070 00ec 40       		.uleb128 0x40
 1071 00ed 18       		.uleb128 0x18
 1072 00ee 9742     		.uleb128 0x2117
 1073 00f0 19       		.uleb128 0x19
 1074 00f1 00       		.byte	0
 1075 00f2 00       		.byte	0
 1076 00f3 00       		.byte	0
 1077              		.section	.debug_aranges,"",%progbits
 1078 0000 1C000000 		.4byte	0x1c
 1079 0004 0200     		.2byte	0x2
 1080 0006 00000000 		.4byte	.Ldebug_info0
 1081 000a 04       		.byte	0x4
 1082 000b 00       		.byte	0
 1083 000c 0000     		.2byte	0
ARM GAS  /tmp/ccVW1qjP.s 			page 20


 1084 000e 0000     		.2byte	0
 1085 0010 00000000 		.4byte	.LFB7
 1086 0014 18000000 		.4byte	.LFE7-.LFB7
 1087 0018 00000000 		.4byte	0
 1088 001c 00000000 		.4byte	0
 1089              		.section	.debug_ranges,"",%progbits
 1090              	.Ldebug_ranges0:
 1091 0000 00000000 		.4byte	.LFB7
 1092 0004 18000000 		.4byte	.LFE7
 1093 0008 00000000 		.4byte	0
 1094 000c 00000000 		.4byte	0
 1095              		.section	.debug_line,"",%progbits
 1096              	.Ldebug_line0:
 1097 0000 27010000 		.section	.debug_str,"MS",%progbits,1
 1097      02001101 
 1097      00000201 
 1097      FB0E0D00 
 1097      01010101 
 1098              	.LASF87:
 1099 0000 63665F6F 		.ascii	"cf_off_older\000"
 1099      66665F6F 
 1099      6C646572 
 1099      00
 1100              	.LASF40:
 1101 000d 705F6D73 		.ascii	"p_msg\000"
 1101      6700
 1102              	.LASF72:
 1103 0013 7264796D 		.ascii	"rdymsg\000"
 1103      736700
 1104              	.LASF4:
 1105 001a 5F5F7569 		.ascii	"__uint8_t\000"
 1105      6E74385F 
 1105      7400
 1106              	.LASF66:
 1107 0024 76746C69 		.ascii	"vtlist\000"
 1107      737400
 1108              	.LASF12:
 1109 002b 6C6F6E67 		.ascii	"long long unsigned int\000"
 1109      206C6F6E 
 1109      6720756E 
 1109      7369676E 
 1109      65642069 
 1110              	.LASF101:
 1111 0042 2F686F6D 		.ascii	"/home/lmr/Downloads/ChibiOS-RPi/ChibiOS-RPi/demos/P"
 1111      652F6C6D 
 1111      722F446F 
 1111      776E6C6F 
 1111      6164732F 
 1112 0075 726F6A65 		.ascii	"roject\000"
 1112      637400
 1113              	.LASF83:
 1114 007c 63685F74 		.ascii	"ch_threadsize\000"
 1114      68726561 
 1114      6473697A 
 1114      6500
 1115              	.LASF73:
 1116 008a 65786974 		.ascii	"exitcode\000"
ARM GAS  /tmp/ccVW1qjP.s 			page 21


 1116      636F6465 
 1116      00
 1117              	.LASF28:
 1118 0093 705F7072 		.ascii	"p_prio\000"
 1118      696F00
 1119              	.LASF90:
 1120 009a 63665F6F 		.ascii	"cf_off_state\000"
 1120      66665F73 
 1120      74617465 
 1120      00
 1121              	.LASF11:
 1122 00a7 6C6F6E67 		.ascii	"long long int\000"
 1122      206C6F6E 
 1122      6720696E 
 1122      7400
 1123              	.LASF1:
 1124 00b5 7369676E 		.ascii	"signed char\000"
 1124      65642063 
 1124      68617200 
 1125              	.LASF89:
 1126 00c1 63665F6F 		.ascii	"cf_off_stklimit\000"
 1126      66665F73 
 1126      746B6C69 
 1126      6D697400 
 1127              	.LASF91:
 1128 00d1 63665F6F 		.ascii	"cf_off_flags\000"
 1128      66665F66 
 1128      6C616773 
 1128      00
 1129              	.LASF69:
 1130 00de 6D5F7175 		.ascii	"m_queue\000"
 1130      65756500 
 1131              	.LASF20:
 1132 00e6 74736C69 		.ascii	"tslices_t\000"
 1132      6365735F 
 1132      7400
 1133              	.LASF8:
 1134 00f0 6C6F6E67 		.ascii	"long int\000"
 1134      20696E74 
 1134      00
 1135              	.LASF18:
 1136 00f9 74737461 		.ascii	"tstate_t\000"
 1136      74655F74 
 1136      00
 1137              	.LASF14:
 1138 0102 75696E74 		.ascii	"uint16_t\000"
 1138      31365F74 
 1138      00
 1139              	.LASF96:
 1140 010b 63686465 		.ascii	"chdebug_t\000"
 1140      6275675F 
 1140      7400
 1141              	.LASF30:
 1142 0115 705F6E65 		.ascii	"p_newer\000"
 1142      77657200 
 1143              	.LASF98:
 1144 011d 5F69646C 		.ascii	"_idle_thread_wa\000"
ARM GAS  /tmp/ccVW1qjP.s 			page 22


 1144      655F7468 
 1144      72656164 
 1144      5F776100 
 1145              	.LASF9:
 1146 012d 5F5F7569 		.ascii	"__uint32_t\000"
 1146      6E743332 
 1146      5F7400
 1147              	.LASF47:
 1148 0138 72656761 		.ascii	"regarm_t\000"
 1148      726D5F74 
 1148      00
 1149              	.LASF53:
 1150 0141 76745F70 		.ascii	"vt_prev\000"
 1150      72657600 
 1151              	.LASF0:
 1152 0149 756E7369 		.ascii	"unsigned int\000"
 1152      676E6564 
 1152      20696E74 
 1152      00
 1153              	.LASF52:
 1154 0156 76745F6E 		.ascii	"vt_next\000"
 1154      65787400 
 1155              	.LASF10:
 1156 015e 6C6F6E67 		.ascii	"long unsigned int\000"
 1156      20756E73 
 1156      69676E65 
 1156      6420696E 
 1156      7400
 1157              	.LASF97:
 1158 0170 63685F64 		.ascii	"ch_debug\000"
 1158      65627567 
 1158      00
 1159              	.LASF50:
 1160 0179 76746675 		.ascii	"vtfunc_t\000"
 1160      6E635F74 
 1160      00
 1161              	.LASF77:
 1162 0182 63685F69 		.ascii	"ch_identifier\000"
 1162      64656E74 
 1162      69666965 
 1162      7200
 1163              	.LASF49:
 1164 0190 636F6E74 		.ascii	"context\000"
 1164      65787400 
 1165              	.LASF100:
 1166 0198 2E2E2F2E 		.ascii	"../../os/ports/GCC/ARM/chcore.c\000"
 1166      2E2F6F73 
 1166      2F706F72 
 1166      74732F47 
 1166      43432F41 
 1167              	.LASF6:
 1168 01b8 73686F72 		.ascii	"short unsigned int\000"
 1168      7420756E 
 1168      7369676E 
 1168      65642069 
 1168      6E7400
 1169              	.LASF22:
ARM GAS  /tmp/ccVW1qjP.s 			page 23


 1170 01cb 6D73675F 		.ascii	"msg_t\000"
 1170      7400
 1171              	.LASF62:
 1172 01d1 725F6E65 		.ascii	"r_newer\000"
 1172      77657200 
 1173              	.LASF17:
 1174 01d9 746D6F64 		.ascii	"tmode_t\000"
 1174      655F7400 
 1175              	.LASF45:
 1176 01e1 54687265 		.ascii	"ThreadsList\000"
 1176      6164734C 
 1176      69737400 
 1177              	.LASF23:
 1178 01ed 6576656E 		.ascii	"eventmask_t\000"
 1178      746D6173 
 1178      6B5F7400 
 1179              	.LASF68:
 1180 01f9 4D757465 		.ascii	"Mutex\000"
 1180      7800
 1181              	.LASF46:
 1182 01ff 73746B61 		.ascii	"stkalign_t\000"
 1182      6C69676E 
 1182      5F7400
 1183              	.LASF78:
 1184 020a 63685F7A 		.ascii	"ch_zero\000"
 1184      65726F00 
 1185              	.LASF92:
 1186 0212 63665F6F 		.ascii	"cf_off_refs\000"
 1186      66665F72 
 1186      65667300 
 1187              	.LASF54:
 1188 021e 76745F74 		.ascii	"vt_time\000"
 1188      696D6500 
 1189              	.LASF95:
 1190 0226 73697A65 		.ascii	"sizetype\000"
 1190      74797065 
 1190      00
 1191              	.LASF102:
 1192 022f 706F7274 		.ascii	"port_halt\000"
 1192      5F68616C 
 1192      7400
 1193              	.LASF55:
 1194 0239 76745F66 		.ascii	"vt_func\000"
 1194      756E6300 
 1195              	.LASF82:
 1196 0241 63685F74 		.ascii	"ch_timesize\000"
 1196      696D6573 
 1196      697A6500 
 1197              	.LASF88:
 1198 024d 63665F6F 		.ascii	"cf_off_name\000"
 1198      66665F6E 
 1198      616D6500 
 1199              	.LASF31:
 1200 0259 705F6F6C 		.ascii	"p_older\000"
 1200      64657200 
 1201              	.LASF61:
 1202 0261 725F6374 		.ascii	"r_ctx\000"
ARM GAS  /tmp/ccVW1qjP.s 			page 24


 1202      7800
 1203              	.LASF44:
 1204 0267 54687265 		.ascii	"ThreadsQueue\000"
 1204      61647351 
 1204      75657565 
 1204      00
 1205              	.LASF79:
 1206 0274 63685F73 		.ascii	"ch_size\000"
 1206      697A6500 
 1207              	.LASF64:
 1208 027c 725F6375 		.ascii	"r_current\000"
 1208      7272656E 
 1208      7400
 1209              	.LASF63:
 1210 0286 725F6F6C 		.ascii	"r_older\000"
 1210      64657200 
 1211              	.LASF19:
 1212 028e 74726566 		.ascii	"trefs_t\000"
 1212      735F7400 
 1213              	.LASF81:
 1214 0296 63685F70 		.ascii	"ch_ptrsize\000"
 1214      74727369 
 1214      7A6500
 1215              	.LASF27:
 1216 02a1 705F7072 		.ascii	"p_prev\000"
 1216      657600
 1217              	.LASF21:
 1218 02a8 74707269 		.ascii	"tprio_t\000"
 1218      6F5F7400 
 1219              	.LASF15:
 1220 02b0 696E7433 		.ascii	"int32_t\000"
 1220      325F7400 
 1221              	.LASF2:
 1222 02b8 756E7369 		.ascii	"unsigned char\000"
 1222      676E6564 
 1222      20636861 
 1222      7200
 1223              	.LASF42:
 1224 02c6 705F6D74 		.ascii	"p_mtxlist\000"
 1224      786C6973 
 1224      7400
 1225              	.LASF3:
 1226 02d0 73686F72 		.ascii	"short int\000"
 1226      7420696E 
 1226      7400
 1227              	.LASF33:
 1228 02da 705F7374 		.ascii	"p_state\000"
 1228      61746500 
 1229              	.LASF36:
 1230 02e2 705F7072 		.ascii	"p_preempt\000"
 1230      65656D70 
 1230      7400
 1231              	.LASF94:
 1232 02ec 63665F6F 		.ascii	"cf_off_time\000"
 1232      66665F74 
 1232      696D6500 
 1233              	.LASF60:
ARM GAS  /tmp/ccVW1qjP.s 			page 25


 1234 02f8 725F7072 		.ascii	"r_prio\000"
 1234      696F00
 1235              	.LASF75:
 1236 02ff 65776D61 		.ascii	"ewmask\000"
 1236      736B00
 1237              	.LASF26:
 1238 0306 705F6E65 		.ascii	"p_next\000"
 1238      787400
 1239              	.LASF93:
 1240 030d 63665F6F 		.ascii	"cf_off_preempt\000"
 1240      66665F70 
 1240      7265656D 
 1240      707400
 1241              	.LASF34:
 1242 031c 705F666C 		.ascii	"p_flags\000"
 1242      61677300 
 1243              	.LASF25:
 1244 0324 54687265 		.ascii	"Thread\000"
 1244      616400
 1245              	.LASF86:
 1246 032b 63665F6F 		.ascii	"cf_off_newer\000"
 1246      66665F6E 
 1246      65776572 
 1246      00
 1247              	.LASF41:
 1248 0338 705F6570 		.ascii	"p_epending\000"
 1248      656E6469 
 1248      6E6700
 1249              	.LASF16:
 1250 0343 75696E74 		.ascii	"uint32_t\000"
 1250      33325F74 
 1250      00
 1251              	.LASF84:
 1252 034c 63665F6F 		.ascii	"cf_off_prio\000"
 1252      66665F70 
 1252      72696F00 
 1253              	.LASF59:
 1254 0358 725F7175 		.ascii	"r_queue\000"
 1254      65756500 
 1255              	.LASF51:
 1256 0360 56697274 		.ascii	"VirtualTimer\000"
 1256      75616C54 
 1256      696D6572 
 1256      00
 1257              	.LASF76:
 1258 036d 63686172 		.ascii	"char\000"
 1258      00
 1259              	.LASF5:
 1260 0372 5F5F7569 		.ascii	"__uint16_t\000"
 1260      6E743136 
 1260      5F7400
 1261              	.LASF71:
 1262 037d 6D5F6E65 		.ascii	"m_next\000"
 1262      787400
 1263              	.LASF24:
 1264 0384 73797374 		.ascii	"systime_t\000"
 1264      696D655F 
ARM GAS  /tmp/ccVW1qjP.s 			page 26


 1264      7400
 1265              	.LASF43:
 1266 038e 705F7265 		.ascii	"p_realprio\000"
 1266      616C7072 
 1266      696F00
 1267              	.LASF7:
 1268 0399 5F5F696E 		.ascii	"__int32_t\000"
 1268      7433325F 
 1268      7400
 1269              	.LASF37:
 1270 03a3 705F7469 		.ascii	"p_time\000"
 1270      6D6500
 1271              	.LASF99:
 1272 03aa 474E5520 		.ascii	"GNU C11 6.3.1 20170620 -mcpu=arm1176jz-s -mno-thumb"
 1272      43313120 
 1272      362E332E 
 1272      31203230 
 1272      31373036 
 1273 03dd 2D696E74 		.ascii	"-interwork -ggdb -O2 -fomit-frame-pointer -ffunctio"
 1273      6572776F 
 1273      726B202D 
 1273      67676462 
 1273      202D4F32 
 1274 0410 6E2D7365 		.ascii	"n-sections -fdata-sections\000"
 1274      6374696F 
 1274      6E73202D 
 1274      66646174 
 1274      612D7365 
 1275              	.LASF48:
 1276 042b 696E7463 		.ascii	"intctx\000"
 1276      747800
 1277              	.LASF39:
 1278 0432 705F6D73 		.ascii	"p_msgqueue\000"
 1278      67717565 
 1278      756500
 1279              	.LASF56:
 1280 043d 76745F70 		.ascii	"vt_par\000"
 1280      617200
 1281              	.LASF85:
 1282 0444 63665F6F 		.ascii	"cf_off_ctx\000"
 1282      66665F63 
 1282      747800
 1283              	.LASF35:
 1284 044f 705F7265 		.ascii	"p_refs\000"
 1284      667300
 1285              	.LASF65:
 1286 0456 52656164 		.ascii	"ReadyList\000"
 1286      794C6973 
 1286      7400
 1287              	.LASF67:
 1288 0460 726C6973 		.ascii	"rlist\000"
 1288      7400
 1289              	.LASF13:
 1290 0466 75696E74 		.ascii	"uint8_t\000"
 1290      385F7400 
 1291              	.LASF74:
 1292 046e 77746F62 		.ascii	"wtobjp\000"
ARM GAS  /tmp/ccVW1qjP.s 			page 27


 1292      6A7000
 1293              	.LASF32:
 1294 0475 705F6E61 		.ascii	"p_name\000"
 1294      6D6500
 1295              	.LASF57:
 1296 047c 76745F73 		.ascii	"vt_systime\000"
 1296      79737469 
 1296      6D6500
 1297              	.LASF80:
 1298 0487 63685F76 		.ascii	"ch_version\000"
 1298      65727369 
 1298      6F6E00
 1299              	.LASF58:
 1300 0492 56544C69 		.ascii	"VTList\000"
 1300      737400
 1301              	.LASF70:
 1302 0499 6D5F6F77 		.ascii	"m_owner\000"
 1302      6E657200 
 1303              	.LASF29:
 1304 04a1 705F6374 		.ascii	"p_ctx\000"
 1304      7800
 1305              	.LASF38:
 1306 04a7 705F7761 		.ascii	"p_waiting\000"
 1306      6974696E 
 1306      6700
 1307              		.ident	"GCC: (15:6.3.1+svn253039-1build1) 6.3.1 20170620"
ARM GAS  /tmp/ccVW1qjP.s 			page 28


DEFINED SYMBOLS
                            *ABS*:0000000000000000 chcore.c
     /tmp/ccVW1qjP.s:16     .text.port_halt:0000000000000000 $a
     /tmp/ccVW1qjP.s:22     .text.port_halt:0000000000000000 port_halt
                     .debug_frame:0000000000000010 $d

NO UNDEFINED SYMBOLS
