ARM GAS  /tmp/ccoOIT7Q.s 			page 1


   1              		.cpu arm1176jz-s
   2              		.eabi_attribute 20, 1
   3              		.eabi_attribute 21, 1
   4              		.eabi_attribute 23, 3
   5              		.eabi_attribute 24, 1
   6              		.eabi_attribute 25, 1
   7              		.eabi_attribute 26, 1
   8              		.eabi_attribute 30, 2
   9              		.eabi_attribute 34, 1
  10              		.eabi_attribute 18, 4
  11              		.file	"chdebug.c"
  12              		.text
  13              	.Ltext0:
  14              		.cfi_sections	.debug_frame
  15              	.Letext0:
  16              		.file 1 "/usr/include/newlib/machine/_default_types.h"
  17              		.file 2 "/usr/include/newlib/sys/_stdint.h"
  18              		.file 3 "../../os/ports/GCC/ARM/chtypes.h"
  19              		.file 4 "../../os/kernel/include/chlists.h"
  20              		.file 5 "../../os/kernel/include/chthreads.h"
  21              		.file 6 "../../os/ports/GCC/ARM/chcore.h"
  22              		.file 7 "../../os/kernel/include/chvt.h"
  23              		.file 8 "../../os/kernel/include/chschd.h"
  24              		.file 9 "../../os/kernel/include/chmtx.h"
  25              		.file 10 "../../os/kernel/include/chregistry.h"
  26              		.file 11 "../../os/kernel/include/ch.h"
  27              		.section	.debug_info,"",%progbits
  28              	.Ldebug_info0:
  29 0000 F5050000 		.4byte	0x5f5
  30 0004 0400     		.2byte	0x4
  31 0006 00000000 		.4byte	.Ldebug_abbrev0
  32 000a 04       		.byte	0x4
  33 000b 01       		.uleb128 0x1
  34 000c 9E030000 		.4byte	.LASF99
  35 0010 0C       		.byte	0xc
  36 0011 FA020000 		.4byte	.LASF100
  37 0015 42000000 		.4byte	.LASF101
  38 0019 00000000 		.4byte	.Ldebug_line0
  39 001d 02       		.uleb128 0x2
  40 001e 04       		.byte	0x4
  41 001f 05       		.byte	0x5
  42 0020 696E7400 		.ascii	"int\000"
  43 0024 03       		.uleb128 0x3
  44 0025 04       		.byte	0x4
  45 0026 07       		.byte	0x7
  46 0027 49010000 		.4byte	.LASF0
  47 002b 03       		.uleb128 0x3
  48 002c 01       		.byte	0x1
  49 002d 06       		.byte	0x6
  50 002e B5000000 		.4byte	.LASF1
  51 0032 04       		.uleb128 0x4
  52 0033 1A000000 		.4byte	.LASF4
  53 0037 01       		.byte	0x1
  54 0038 1D       		.byte	0x1d
  55 0039 3D000000 		.4byte	0x3d
  56 003d 03       		.uleb128 0x3
  57 003e 01       		.byte	0x1
ARM GAS  /tmp/ccoOIT7Q.s 			page 2


  58 003f 08       		.byte	0x8
  59 0040 8E020000 		.4byte	.LASF2
  60 0044 03       		.uleb128 0x3
  61 0045 02       		.byte	0x2
  62 0046 05       		.byte	0x5
  63 0047 A6020000 		.4byte	.LASF3
  64 004b 04       		.uleb128 0x4
  65 004c 66030000 		.4byte	.LASF5
  66 0050 01       		.byte	0x1
  67 0051 2B       		.byte	0x2b
  68 0052 56000000 		.4byte	0x56
  69 0056 03       		.uleb128 0x3
  70 0057 02       		.byte	0x2
  71 0058 07       		.byte	0x7
  72 0059 98010000 		.4byte	.LASF6
  73 005d 04       		.uleb128 0x4
  74 005e 8D030000 		.4byte	.LASF7
  75 0062 01       		.byte	0x1
  76 0063 3F       		.byte	0x3f
  77 0064 68000000 		.4byte	0x68
  78 0068 03       		.uleb128 0x3
  79 0069 04       		.byte	0x4
  80 006a 05       		.byte	0x5
  81 006b F0000000 		.4byte	.LASF8
  82 006f 04       		.uleb128 0x4
  83 0070 2D010000 		.4byte	.LASF9
  84 0074 01       		.byte	0x1
  85 0075 41       		.byte	0x41
  86 0076 7A000000 		.4byte	0x7a
  87 007a 03       		.uleb128 0x3
  88 007b 04       		.byte	0x4
  89 007c 07       		.byte	0x7
  90 007d 5E010000 		.4byte	.LASF10
  91 0081 03       		.uleb128 0x3
  92 0082 08       		.byte	0x8
  93 0083 05       		.byte	0x5
  94 0084 A7000000 		.4byte	.LASF11
  95 0088 03       		.uleb128 0x3
  96 0089 08       		.byte	0x8
  97 008a 07       		.byte	0x7
  98 008b 2B000000 		.4byte	.LASF12
  99 008f 04       		.uleb128 0x4
 100 0090 5A040000 		.4byte	.LASF13
 101 0094 02       		.byte	0x2
 102 0095 18       		.byte	0x18
 103 0096 32000000 		.4byte	0x32
 104 009a 04       		.uleb128 0x4
 105 009b 02010000 		.4byte	.LASF14
 106 009f 02       		.byte	0x2
 107 00a0 24       		.byte	0x24
 108 00a1 4B000000 		.4byte	0x4b
 109 00a5 04       		.uleb128 0x4
 110 00a6 86020000 		.4byte	.LASF15
 111 00aa 02       		.byte	0x2
 112 00ab 2C       		.byte	0x2c
 113 00ac 5D000000 		.4byte	0x5d
 114 00b0 04       		.uleb128 0x4
ARM GAS  /tmp/ccoOIT7Q.s 			page 3


 115 00b1 37030000 		.4byte	.LASF16
 116 00b5 02       		.byte	0x2
 117 00b6 30       		.byte	0x30
 118 00b7 6F000000 		.4byte	0x6f
 119 00bb 04       		.uleb128 0x4
 120 00bc B9010000 		.4byte	.LASF17
 121 00c0 03       		.byte	0x3
 122 00c1 2A       		.byte	0x2a
 123 00c2 8F000000 		.4byte	0x8f
 124 00c6 04       		.uleb128 0x4
 125 00c7 F9000000 		.4byte	.LASF18
 126 00cb 03       		.byte	0x3
 127 00cc 2B       		.byte	0x2b
 128 00cd 8F000000 		.4byte	0x8f
 129 00d1 04       		.uleb128 0x4
 130 00d2 64020000 		.4byte	.LASF19
 131 00d6 03       		.byte	0x3
 132 00d7 2C       		.byte	0x2c
 133 00d8 8F000000 		.4byte	0x8f
 134 00dc 04       		.uleb128 0x4
 135 00dd E6000000 		.4byte	.LASF20
 136 00e1 03       		.byte	0x3
 137 00e2 2D       		.byte	0x2d
 138 00e3 8F000000 		.4byte	0x8f
 139 00e7 04       		.uleb128 0x4
 140 00e8 7E020000 		.4byte	.LASF21
 141 00ec 03       		.byte	0x3
 142 00ed 2E       		.byte	0x2e
 143 00ee B0000000 		.4byte	0xb0
 144 00f2 04       		.uleb128 0x4
 145 00f3 AB010000 		.4byte	.LASF22
 146 00f7 03       		.byte	0x3
 147 00f8 2F       		.byte	0x2f
 148 00f9 A5000000 		.4byte	0xa5
 149 00fd 04       		.uleb128 0x4
 150 00fe CD010000 		.4byte	.LASF23
 151 0102 03       		.byte	0x3
 152 0103 31       		.byte	0x31
 153 0104 B0000000 		.4byte	0xb0
 154 0108 04       		.uleb128 0x4
 155 0109 78030000 		.4byte	.LASF24
 156 010d 03       		.byte	0x3
 157 010e 33       		.byte	0x33
 158 010f B0000000 		.4byte	0xb0
 159 0113 05       		.uleb128 0x5
 160 0114 08010000 		.4byte	0x108
 161 0118 04       		.uleb128 0x4
 162 0119 18030000 		.4byte	.LASF25
 163 011d 04       		.byte	0x4
 164 011e 23       		.byte	0x23
 165 011f 23010000 		.4byte	0x123
 166 0123 06       		.uleb128 0x6
 167 0124 18030000 		.4byte	.LASF25
 168 0128 44       		.byte	0x44
 169 0129 05       		.byte	0x5
 170 012a 57       		.byte	0x57
 171 012b 14020000 		.4byte	0x214
ARM GAS  /tmp/ccoOIT7Q.s 			page 4


 172 012f 07       		.uleb128 0x7
 173 0130 DC020000 		.4byte	.LASF26
 174 0134 05       		.byte	0x5
 175 0135 58       		.byte	0x58
 176 0136 35020000 		.4byte	0x235
 177 013a 00       		.byte	0
 178 013b 07       		.uleb128 0x7
 179 013c 77020000 		.4byte	.LASF27
 180 0140 05       		.byte	0x5
 181 0141 5A       		.byte	0x5a
 182 0142 35020000 		.4byte	0x235
 183 0146 04       		.byte	0x4
 184 0147 07       		.uleb128 0x7
 185 0148 93000000 		.4byte	.LASF28
 186 014c 05       		.byte	0x5
 187 014d 5C       		.byte	0x5c
 188 014e E7000000 		.4byte	0xe7
 189 0152 08       		.byte	0x8
 190 0153 07       		.uleb128 0x7
 191 0154 95040000 		.4byte	.LASF29
 192 0158 05       		.byte	0x5
 193 0159 5D       		.byte	0x5d
 194 015a F0020000 		.4byte	0x2f0
 195 015e 0C       		.byte	0xc
 196 015f 07       		.uleb128 0x7
 197 0160 15010000 		.4byte	.LASF30
 198 0164 05       		.byte	0x5
 199 0165 5F       		.byte	0x5f
 200 0166 35020000 		.4byte	0x235
 201 016a 10       		.byte	0x10
 202 016b 07       		.uleb128 0x7
 203 016c 2F020000 		.4byte	.LASF31
 204 0170 05       		.byte	0x5
 205 0171 60       		.byte	0x60
 206 0172 35020000 		.4byte	0x235
 207 0176 14       		.byte	0x14
 208 0177 07       		.uleb128 0x7
 209 0178 69040000 		.4byte	.LASF32
 210 017c 05       		.byte	0x5
 211 017d 67       		.byte	0x67
 212 017e B2040000 		.4byte	0x4b2
 213 0182 18       		.byte	0x18
 214 0183 07       		.uleb128 0x7
 215 0184 B0020000 		.4byte	.LASF33
 216 0188 05       		.byte	0x5
 217 0189 72       		.byte	0x72
 218 018a C6000000 		.4byte	0xc6
 219 018e 1C       		.byte	0x1c
 220 018f 07       		.uleb128 0x7
 221 0190 F2020000 		.4byte	.LASF34
 222 0194 05       		.byte	0x5
 223 0195 76       		.byte	0x76
 224 0196 BB000000 		.4byte	0xbb
 225 019a 1D       		.byte	0x1d
 226 019b 07       		.uleb128 0x7
 227 019c 43040000 		.4byte	.LASF35
 228 01a0 05       		.byte	0x5
ARM GAS  /tmp/ccoOIT7Q.s 			page 5


 229 01a1 7B       		.byte	0x7b
 230 01a2 D1000000 		.4byte	0xd1
 231 01a6 1E       		.byte	0x1e
 232 01a7 07       		.uleb128 0x7
 233 01a8 B8020000 		.4byte	.LASF36
 234 01ac 05       		.byte	0x5
 235 01ad 81       		.byte	0x81
 236 01ae DC000000 		.4byte	0xdc
 237 01b2 1F       		.byte	0x1f
 238 01b3 07       		.uleb128 0x7
 239 01b4 97030000 		.4byte	.LASF37
 240 01b8 05       		.byte	0x5
 241 01b9 88       		.byte	0x88
 242 01ba 13010000 		.4byte	0x113
 243 01be 20       		.byte	0x20
 244 01bf 08       		.uleb128 0x8
 245 01c0 705F7500 		.ascii	"p_u\000"
 246 01c4 05       		.byte	0x5
 247 01c5 AD       		.byte	0xad
 248 01c6 7D040000 		.4byte	0x47d
 249 01ca 24       		.byte	0x24
 250 01cb 07       		.uleb128 0x7
 251 01cc 9B040000 		.4byte	.LASF38
 252 01d0 05       		.byte	0x5
 253 01d1 B2       		.byte	0xb2
 254 01d2 5B020000 		.4byte	0x25b
 255 01d6 28       		.byte	0x28
 256 01d7 07       		.uleb128 0x7
 257 01d8 26040000 		.4byte	.LASF39
 258 01dc 05       		.byte	0x5
 259 01dd B8       		.byte	0xb8
 260 01de 3B020000 		.4byte	0x23b
 261 01e2 2C       		.byte	0x2c
 262 01e3 07       		.uleb128 0x7
 263 01e4 0D000000 		.4byte	.LASF40
 264 01e8 05       		.byte	0x5
 265 01e9 BC       		.byte	0xbc
 266 01ea F2000000 		.4byte	0xf2
 267 01ee 34       		.byte	0x34
 268 01ef 07       		.uleb128 0x7
 269 01f0 2C030000 		.4byte	.LASF41
 270 01f4 05       		.byte	0x5
 271 01f5 C2       		.byte	0xc2
 272 01f6 FD000000 		.4byte	0xfd
 273 01fa 38       		.byte	0x38
 274 01fb 07       		.uleb128 0x7
 275 01fc 9C020000 		.4byte	.LASF42
 276 0200 05       		.byte	0x5
 277 0201 C9       		.byte	0xc9
 278 0202 C4040000 		.4byte	0x4c4
 279 0206 3C       		.byte	0x3c
 280 0207 07       		.uleb128 0x7
 281 0208 82030000 		.4byte	.LASF43
 282 020c 05       		.byte	0x5
 283 020d CD       		.byte	0xcd
 284 020e E7000000 		.4byte	0xe7
 285 0212 40       		.byte	0x40
ARM GAS  /tmp/ccoOIT7Q.s 			page 6


 286 0213 00       		.byte	0
 287 0214 09       		.uleb128 0x9
 288 0215 08       		.byte	0x8
 289 0216 04       		.byte	0x4
 290 0217 5A       		.byte	0x5a
 291 0218 35020000 		.4byte	0x235
 292 021c 07       		.uleb128 0x7
 293 021d DC020000 		.4byte	.LASF26
 294 0221 04       		.byte	0x4
 295 0222 5B       		.byte	0x5b
 296 0223 35020000 		.4byte	0x235
 297 0227 00       		.byte	0
 298 0228 07       		.uleb128 0x7
 299 0229 77020000 		.4byte	.LASF27
 300 022d 04       		.byte	0x4
 301 022e 5D       		.byte	0x5d
 302 022f 35020000 		.4byte	0x235
 303 0233 04       		.byte	0x4
 304 0234 00       		.byte	0
 305 0235 0A       		.uleb128 0xa
 306 0236 04       		.byte	0x4
 307 0237 18010000 		.4byte	0x118
 308 023b 04       		.uleb128 0x4
 309 023c 3D020000 		.4byte	.LASF44
 310 0240 04       		.byte	0x4
 311 0241 5F       		.byte	0x5f
 312 0242 14020000 		.4byte	0x214
 313 0246 09       		.uleb128 0x9
 314 0247 04       		.byte	0x4
 315 0248 04       		.byte	0x4
 316 0249 64       		.byte	0x64
 317 024a 5B020000 		.4byte	0x25b
 318 024e 07       		.uleb128 0x7
 319 024f DC020000 		.4byte	.LASF26
 320 0253 04       		.byte	0x4
 321 0254 66       		.byte	0x66
 322 0255 35020000 		.4byte	0x235
 323 0259 00       		.byte	0
 324 025a 00       		.byte	0
 325 025b 04       		.uleb128 0x4
 326 025c C1010000 		.4byte	.LASF45
 327 0260 04       		.byte	0x4
 328 0261 69       		.byte	0x69
 329 0262 46020000 		.4byte	0x246
 330 0266 04       		.uleb128 0x4
 331 0267 DF010000 		.4byte	.LASF46
 332 026b 06       		.byte	0x6
 333 026c 9D       		.byte	0x9d
 334 026d B0000000 		.4byte	0xb0
 335 0271 04       		.uleb128 0x4
 336 0272 38010000 		.4byte	.LASF47
 337 0276 06       		.byte	0x6
 338 0277 A2       		.byte	0xa2
 339 0278 7C020000 		.4byte	0x27c
 340 027c 0B       		.uleb128 0xb
 341 027d 04       		.byte	0x4
 342 027e 06       		.uleb128 0x6
ARM GAS  /tmp/ccoOIT7Q.s 			page 7


 343 027f 1F040000 		.4byte	.LASF48
 344 0283 24       		.byte	0x24
 345 0284 06       		.byte	0x6
 346 0285 B9       		.byte	0xb9
 347 0286 F0020000 		.4byte	0x2f0
 348 028a 08       		.uleb128 0x8
 349 028b 723400   		.ascii	"r4\000"
 350 028e 06       		.byte	0x6
 351 028f BA       		.byte	0xba
 352 0290 71020000 		.4byte	0x271
 353 0294 00       		.byte	0
 354 0295 08       		.uleb128 0x8
 355 0296 723500   		.ascii	"r5\000"
 356 0299 06       		.byte	0x6
 357 029a BB       		.byte	0xbb
 358 029b 71020000 		.4byte	0x271
 359 029f 04       		.byte	0x4
 360 02a0 08       		.uleb128 0x8
 361 02a1 723600   		.ascii	"r6\000"
 362 02a4 06       		.byte	0x6
 363 02a5 BC       		.byte	0xbc
 364 02a6 71020000 		.4byte	0x271
 365 02aa 08       		.byte	0x8
 366 02ab 08       		.uleb128 0x8
 367 02ac 723700   		.ascii	"r7\000"
 368 02af 06       		.byte	0x6
 369 02b0 BD       		.byte	0xbd
 370 02b1 71020000 		.4byte	0x271
 371 02b5 0C       		.byte	0xc
 372 02b6 08       		.uleb128 0x8
 373 02b7 723800   		.ascii	"r8\000"
 374 02ba 06       		.byte	0x6
 375 02bb BE       		.byte	0xbe
 376 02bc 71020000 		.4byte	0x271
 377 02c0 10       		.byte	0x10
 378 02c1 08       		.uleb128 0x8
 379 02c2 723900   		.ascii	"r9\000"
 380 02c5 06       		.byte	0x6
 381 02c6 BF       		.byte	0xbf
 382 02c7 71020000 		.4byte	0x271
 383 02cb 14       		.byte	0x14
 384 02cc 08       		.uleb128 0x8
 385 02cd 72313000 		.ascii	"r10\000"
 386 02d1 06       		.byte	0x6
 387 02d2 C0       		.byte	0xc0
 388 02d3 71020000 		.4byte	0x271
 389 02d7 18       		.byte	0x18
 390 02d8 08       		.uleb128 0x8
 391 02d9 72313100 		.ascii	"r11\000"
 392 02dd 06       		.byte	0x6
 393 02de C1       		.byte	0xc1
 394 02df 71020000 		.4byte	0x271
 395 02e3 1C       		.byte	0x1c
 396 02e4 08       		.uleb128 0x8
 397 02e5 6C7200   		.ascii	"lr\000"
 398 02e8 06       		.byte	0x6
 399 02e9 C2       		.byte	0xc2
ARM GAS  /tmp/ccoOIT7Q.s 			page 8


 400 02ea 71020000 		.4byte	0x271
 401 02ee 20       		.byte	0x20
 402 02ef 00       		.byte	0
 403 02f0 06       		.uleb128 0x6
 404 02f1 90010000 		.4byte	.LASF49
 405 02f5 04       		.byte	0x4
 406 02f6 06       		.byte	0x6
 407 02f7 CA       		.byte	0xca
 408 02f8 09030000 		.4byte	0x309
 409 02fc 08       		.uleb128 0x8
 410 02fd 72313300 		.ascii	"r13\000"
 411 0301 06       		.byte	0x6
 412 0302 CB       		.byte	0xcb
 413 0303 09030000 		.4byte	0x309
 414 0307 00       		.byte	0
 415 0308 00       		.byte	0
 416 0309 0A       		.uleb128 0xa
 417 030a 04       		.byte	0x4
 418 030b 7E020000 		.4byte	0x27e
 419 030f 04       		.uleb128 0x4
 420 0310 79010000 		.4byte	.LASF50
 421 0314 07       		.byte	0x7
 422 0315 4E       		.byte	0x4e
 423 0316 1A030000 		.4byte	0x31a
 424 031a 0A       		.uleb128 0xa
 425 031b 04       		.byte	0x4
 426 031c 20030000 		.4byte	0x320
 427 0320 0C       		.uleb128 0xc
 428 0321 2B030000 		.4byte	0x32b
 429 0325 0D       		.uleb128 0xd
 430 0326 7C020000 		.4byte	0x27c
 431 032a 00       		.byte	0
 432 032b 04       		.uleb128 0x4
 433 032c 54030000 		.4byte	.LASF51
 434 0330 07       		.byte	0x7
 435 0331 53       		.byte	0x53
 436 0332 36030000 		.4byte	0x336
 437 0336 06       		.uleb128 0x6
 438 0337 54030000 		.4byte	.LASF51
 439 033b 14       		.byte	0x14
 440 033c 07       		.byte	0x7
 441 033d 5A       		.byte	0x5a
 442 033e 7F030000 		.4byte	0x37f
 443 0342 07       		.uleb128 0x7
 444 0343 56010000 		.4byte	.LASF52
 445 0347 07       		.byte	0x7
 446 0348 5B       		.byte	0x5b
 447 0349 7F030000 		.4byte	0x37f
 448 034d 00       		.byte	0
 449 034e 07       		.uleb128 0x7
 450 034f 41010000 		.4byte	.LASF53
 451 0353 07       		.byte	0x7
 452 0354 5D       		.byte	0x5d
 453 0355 7F030000 		.4byte	0x37f
 454 0359 04       		.byte	0x4
 455 035a 07       		.uleb128 0x7
 456 035b FE010000 		.4byte	.LASF54
ARM GAS  /tmp/ccoOIT7Q.s 			page 9


 457 035f 07       		.byte	0x7
 458 0360 5F       		.byte	0x5f
 459 0361 08010000 		.4byte	0x108
 460 0365 08       		.byte	0x8
 461 0366 07       		.uleb128 0x7
 462 0367 0F020000 		.4byte	.LASF55
 463 036b 07       		.byte	0x7
 464 036c 60       		.byte	0x60
 465 036d 0F030000 		.4byte	0x30f
 466 0371 0C       		.byte	0xc
 467 0372 07       		.uleb128 0x7
 468 0373 31040000 		.4byte	.LASF56
 469 0377 07       		.byte	0x7
 470 0378 62       		.byte	0x62
 471 0379 7C020000 		.4byte	0x27c
 472 037d 10       		.byte	0x10
 473 037e 00       		.byte	0
 474 037f 0A       		.uleb128 0xa
 475 0380 04       		.byte	0x4
 476 0381 2B030000 		.4byte	0x32b
 477 0385 09       		.uleb128 0x9
 478 0386 10       		.byte	0x10
 479 0387 07       		.byte	0x7
 480 0388 6C       		.byte	0x6c
 481 0389 BE030000 		.4byte	0x3be
 482 038d 07       		.uleb128 0x7
 483 038e 56010000 		.4byte	.LASF52
 484 0392 07       		.byte	0x7
 485 0393 6D       		.byte	0x6d
 486 0394 7F030000 		.4byte	0x37f
 487 0398 00       		.byte	0
 488 0399 07       		.uleb128 0x7
 489 039a 41010000 		.4byte	.LASF53
 490 039e 07       		.byte	0x7
 491 039f 6F       		.byte	0x6f
 492 03a0 7F030000 		.4byte	0x37f
 493 03a4 04       		.byte	0x4
 494 03a5 07       		.uleb128 0x7
 495 03a6 FE010000 		.4byte	.LASF54
 496 03aa 07       		.byte	0x7
 497 03ab 71       		.byte	0x71
 498 03ac 08010000 		.4byte	0x108
 499 03b0 08       		.byte	0x8
 500 03b1 07       		.uleb128 0x7
 501 03b2 70040000 		.4byte	.LASF57
 502 03b6 07       		.byte	0x7
 503 03b7 72       		.byte	0x72
 504 03b8 13010000 		.4byte	0x113
 505 03bc 0C       		.byte	0xc
 506 03bd 00       		.byte	0
 507 03be 04       		.uleb128 0x4
 508 03bf 86040000 		.4byte	.LASF58
 509 03c3 07       		.byte	0x7
 510 03c4 73       		.byte	0x73
 511 03c5 85030000 		.4byte	0x385
 512 03c9 0E       		.uleb128 0xe
 513 03ca 24000000 		.4byte	.LASF66
ARM GAS  /tmp/ccoOIT7Q.s 			page 10


 514 03ce 07       		.byte	0x7
 515 03cf D1       		.byte	0xd1
 516 03d0 BE030000 		.4byte	0x3be
 517 03d4 09       		.uleb128 0x9
 518 03d5 1C       		.byte	0x1c
 519 03d6 08       		.byte	0x8
 520 03d7 57       		.byte	0x57
 521 03d8 25040000 		.4byte	0x425
 522 03dc 07       		.uleb128 0x7
 523 03dd 4C030000 		.4byte	.LASF59
 524 03e1 08       		.byte	0x8
 525 03e2 58       		.byte	0x58
 526 03e3 3B020000 		.4byte	0x23b
 527 03e7 00       		.byte	0
 528 03e8 07       		.uleb128 0x7
 529 03e9 CE020000 		.4byte	.LASF60
 530 03ed 08       		.byte	0x8
 531 03ee 59       		.byte	0x59
 532 03ef E7000000 		.4byte	0xe7
 533 03f3 08       		.byte	0x8
 534 03f4 07       		.uleb128 0x7
 535 03f5 37020000 		.4byte	.LASF61
 536 03f9 08       		.byte	0x8
 537 03fa 5B       		.byte	0x5b
 538 03fb F0020000 		.4byte	0x2f0
 539 03ff 0C       		.byte	0xc
 540 0400 07       		.uleb128 0x7
 541 0401 B1010000 		.4byte	.LASF62
 542 0405 08       		.byte	0x8
 543 0406 5E       		.byte	0x5e
 544 0407 35020000 		.4byte	0x235
 545 040b 10       		.byte	0x10
 546 040c 07       		.uleb128 0x7
 547 040d 5C020000 		.4byte	.LASF63
 548 0411 08       		.byte	0x8
 549 0412 5F       		.byte	0x5f
 550 0413 35020000 		.4byte	0x235
 551 0417 14       		.byte	0x14
 552 0418 07       		.uleb128 0x7
 553 0419 52020000 		.4byte	.LASF64
 554 041d 08       		.byte	0x8
 555 041e 62       		.byte	0x62
 556 041f 35020000 		.4byte	0x235
 557 0423 18       		.byte	0x18
 558 0424 00       		.byte	0
 559 0425 04       		.uleb128 0x4
 560 0426 4A040000 		.4byte	.LASF65
 561 042a 08       		.byte	0x8
 562 042b 64       		.byte	0x64
 563 042c D4030000 		.4byte	0x3d4
 564 0430 0E       		.uleb128 0xe
 565 0431 54040000 		.4byte	.LASF67
 566 0435 08       		.byte	0x8
 567 0436 68       		.byte	0x68
 568 0437 25040000 		.4byte	0x425
 569 043b 06       		.uleb128 0x6
 570 043c D9010000 		.4byte	.LASF68
ARM GAS  /tmp/ccoOIT7Q.s 			page 11


 571 0440 10       		.byte	0x10
 572 0441 09       		.byte	0x9
 573 0442 25       		.byte	0x25
 574 0443 6C040000 		.4byte	0x46c
 575 0447 07       		.uleb128 0x7
 576 0448 DE000000 		.4byte	.LASF69
 577 044c 09       		.byte	0x9
 578 044d 26       		.byte	0x26
 579 044e 3B020000 		.4byte	0x23b
 580 0452 00       		.byte	0
 581 0453 07       		.uleb128 0x7
 582 0454 8D040000 		.4byte	.LASF70
 583 0458 09       		.byte	0x9
 584 0459 28       		.byte	0x28
 585 045a 35020000 		.4byte	0x235
 586 045e 08       		.byte	0x8
 587 045f 07       		.uleb128 0x7
 588 0460 71030000 		.4byte	.LASF71
 589 0464 09       		.byte	0x9
 590 0465 2A       		.byte	0x2a
 591 0466 6C040000 		.4byte	0x46c
 592 046a 0C       		.byte	0xc
 593 046b 00       		.byte	0
 594 046c 0A       		.uleb128 0xa
 595 046d 04       		.byte	0x4
 596 046e 3B040000 		.4byte	0x43b
 597 0472 04       		.uleb128 0x4
 598 0473 D9010000 		.4byte	.LASF68
 599 0477 09       		.byte	0x9
 600 0478 2C       		.byte	0x2c
 601 0479 3B040000 		.4byte	0x43b
 602 047d 0F       		.uleb128 0xf
 603 047e 04       		.byte	0x4
 604 047f 05       		.byte	0x5
 605 0480 8F       		.byte	0x8f
 606 0481 B2040000 		.4byte	0x4b2
 607 0485 10       		.uleb128 0x10
 608 0486 13000000 		.4byte	.LASF72
 609 048a 05       		.byte	0x5
 610 048b 96       		.byte	0x96
 611 048c F2000000 		.4byte	0xf2
 612 0490 10       		.uleb128 0x10
 613 0491 8A000000 		.4byte	.LASF73
 614 0495 05       		.byte	0x5
 615 0496 9D       		.byte	0x9d
 616 0497 F2000000 		.4byte	0xf2
 617 049b 10       		.uleb128 0x10
 618 049c 62040000 		.4byte	.LASF74
 619 04a0 05       		.byte	0x5
 620 04a1 A4       		.byte	0xa4
 621 04a2 7C020000 		.4byte	0x27c
 622 04a6 10       		.uleb128 0x10
 623 04a7 D5020000 		.4byte	.LASF75
 624 04ab 05       		.byte	0x5
 625 04ac AB       		.byte	0xab
 626 04ad FD000000 		.4byte	0xfd
 627 04b1 00       		.byte	0
ARM GAS  /tmp/ccoOIT7Q.s 			page 12


 628 04b2 0A       		.uleb128 0xa
 629 04b3 04       		.byte	0x4
 630 04b4 BF040000 		.4byte	0x4bf
 631 04b8 03       		.uleb128 0x3
 632 04b9 01       		.byte	0x1
 633 04ba 08       		.byte	0x8
 634 04bb 61030000 		.4byte	.LASF76
 635 04bf 11       		.uleb128 0x11
 636 04c0 B8040000 		.4byte	0x4b8
 637 04c4 0A       		.uleb128 0xa
 638 04c5 04       		.byte	0x4
 639 04c6 72040000 		.4byte	0x472
 640 04ca 09       		.uleb128 0x9
 641 04cb 16       		.byte	0x16
 642 04cc 0A       		.byte	0xa
 643 04cd 25       		.byte	0x25
 644 04ce AB050000 		.4byte	0x5ab
 645 04d2 07       		.uleb128 0x7
 646 04d3 82010000 		.4byte	.LASF77
 647 04d7 0A       		.byte	0xa
 648 04d8 26       		.byte	0x26
 649 04d9 AB050000 		.4byte	0x5ab
 650 04dd 00       		.byte	0
 651 04de 07       		.uleb128 0x7
 652 04df EA010000 		.4byte	.LASF78
 653 04e3 0A       		.byte	0xa
 654 04e4 27       		.byte	0x27
 655 04e5 8F000000 		.4byte	0x8f
 656 04e9 04       		.byte	0x4
 657 04ea 07       		.uleb128 0x7
 658 04eb 4A020000 		.4byte	.LASF79
 659 04ef 0A       		.byte	0xa
 660 04f0 28       		.byte	0x28
 661 04f1 8F000000 		.4byte	0x8f
 662 04f5 05       		.byte	0x5
 663 04f6 07       		.uleb128 0x7
 664 04f7 7B040000 		.4byte	.LASF80
 665 04fb 0A       		.byte	0xa
 666 04fc 29       		.byte	0x29
 667 04fd 9A000000 		.4byte	0x9a
 668 0501 06       		.byte	0x6
 669 0502 07       		.uleb128 0x7
 670 0503 6C020000 		.4byte	.LASF81
 671 0507 0A       		.byte	0xa
 672 0508 2A       		.byte	0x2a
 673 0509 8F000000 		.4byte	0x8f
 674 050d 08       		.byte	0x8
 675 050e 07       		.uleb128 0x7
 676 050f 17020000 		.4byte	.LASF82
 677 0513 0A       		.byte	0xa
 678 0514 2B       		.byte	0x2b
 679 0515 8F000000 		.4byte	0x8f
 680 0519 09       		.byte	0x9
 681 051a 07       		.uleb128 0x7
 682 051b 7C000000 		.4byte	.LASF83
 683 051f 0A       		.byte	0xa
 684 0520 2C       		.byte	0x2c
ARM GAS  /tmp/ccoOIT7Q.s 			page 13


 685 0521 8F000000 		.4byte	0x8f
 686 0525 0A       		.byte	0xa
 687 0526 07       		.uleb128 0x7
 688 0527 40030000 		.4byte	.LASF84
 689 052b 0A       		.byte	0xa
 690 052c 2D       		.byte	0x2d
 691 052d 8F000000 		.4byte	0x8f
 692 0531 0B       		.byte	0xb
 693 0532 07       		.uleb128 0x7
 694 0533 38040000 		.4byte	.LASF85
 695 0537 0A       		.byte	0xa
 696 0538 2E       		.byte	0x2e
 697 0539 8F000000 		.4byte	0x8f
 698 053d 0C       		.byte	0xc
 699 053e 07       		.uleb128 0x7
 700 053f 1F030000 		.4byte	.LASF86
 701 0543 0A       		.byte	0xa
 702 0544 2F       		.byte	0x2f
 703 0545 8F000000 		.4byte	0x8f
 704 0549 0D       		.byte	0xd
 705 054a 07       		.uleb128 0x7
 706 054b 00000000 		.4byte	.LASF87
 707 054f 0A       		.byte	0xa
 708 0550 30       		.byte	0x30
 709 0551 8F000000 		.4byte	0x8f
 710 0555 0E       		.byte	0xe
 711 0556 07       		.uleb128 0x7
 712 0557 23020000 		.4byte	.LASF88
 713 055b 0A       		.byte	0xa
 714 055c 31       		.byte	0x31
 715 055d 8F000000 		.4byte	0x8f
 716 0561 0F       		.byte	0xf
 717 0562 07       		.uleb128 0x7
 718 0563 C1000000 		.4byte	.LASF89
 719 0567 0A       		.byte	0xa
 720 0568 32       		.byte	0x32
 721 0569 8F000000 		.4byte	0x8f
 722 056d 10       		.byte	0x10
 723 056e 07       		.uleb128 0x7
 724 056f 9A000000 		.4byte	.LASF90
 725 0573 0A       		.byte	0xa
 726 0574 34       		.byte	0x34
 727 0575 8F000000 		.4byte	0x8f
 728 0579 11       		.byte	0x11
 729 057a 07       		.uleb128 0x7
 730 057b D1000000 		.4byte	.LASF91
 731 057f 0A       		.byte	0xa
 732 0580 35       		.byte	0x35
 733 0581 8F000000 		.4byte	0x8f
 734 0585 12       		.byte	0x12
 735 0586 07       		.uleb128 0x7
 736 0587 F2010000 		.4byte	.LASF92
 737 058b 0A       		.byte	0xa
 738 058c 36       		.byte	0x36
 739 058d 8F000000 		.4byte	0x8f
 740 0591 13       		.byte	0x13
 741 0592 07       		.uleb128 0x7
ARM GAS  /tmp/ccoOIT7Q.s 			page 14


 742 0593 E3020000 		.4byte	.LASF93
 743 0597 0A       		.byte	0xa
 744 0598 37       		.byte	0x37
 745 0599 8F000000 		.4byte	0x8f
 746 059d 14       		.byte	0x14
 747 059e 07       		.uleb128 0x7
 748 059f C2020000 		.4byte	.LASF94
 749 05a3 0A       		.byte	0xa
 750 05a4 39       		.byte	0x39
 751 05a5 8F000000 		.4byte	0x8f
 752 05a9 15       		.byte	0x15
 753 05aa 00       		.byte	0
 754 05ab 12       		.uleb128 0x12
 755 05ac B8040000 		.4byte	0x4b8
 756 05b0 BB050000 		.4byte	0x5bb
 757 05b4 13       		.uleb128 0x13
 758 05b5 BB050000 		.4byte	0x5bb
 759 05b9 03       		.byte	0x3
 760 05ba 00       		.byte	0
 761 05bb 03       		.uleb128 0x3
 762 05bc 04       		.byte	0x4
 763 05bd 07       		.byte	0x7
 764 05be 06020000 		.4byte	.LASF95
 765 05c2 04       		.uleb128 0x4
 766 05c3 0B010000 		.4byte	.LASF96
 767 05c7 0A       		.byte	0xa
 768 05c8 3A       		.byte	0x3a
 769 05c9 CA040000 		.4byte	0x4ca
 770 05cd 11       		.uleb128 0x11
 771 05ce C2050000 		.4byte	0x5c2
 772 05d2 0E       		.uleb128 0xe
 773 05d3 70010000 		.4byte	.LASF97
 774 05d7 0A       		.byte	0xa
 775 05d8 77       		.byte	0x77
 776 05d9 CD050000 		.4byte	0x5cd
 777 05dd 12       		.uleb128 0x12
 778 05de 66020000 		.4byte	0x266
 779 05e2 ED050000 		.4byte	0x5ed
 780 05e6 13       		.uleb128 0x13
 781 05e7 BB050000 		.4byte	0x5bb
 782 05eb 26       		.byte	0x26
 783 05ec 00       		.byte	0
 784 05ed 0E       		.uleb128 0xe
 785 05ee 1D010000 		.4byte	.LASF98
 786 05f2 0B       		.byte	0xb
 787 05f3 82       		.byte	0x82
 788 05f4 DD050000 		.4byte	0x5dd
 789 05f8 00       		.byte	0
 790              		.section	.debug_abbrev,"",%progbits
 791              	.Ldebug_abbrev0:
 792 0000 01       		.uleb128 0x1
 793 0001 11       		.uleb128 0x11
 794 0002 01       		.byte	0x1
 795 0003 25       		.uleb128 0x25
 796 0004 0E       		.uleb128 0xe
 797 0005 13       		.uleb128 0x13
 798 0006 0B       		.uleb128 0xb
ARM GAS  /tmp/ccoOIT7Q.s 			page 15


 799 0007 03       		.uleb128 0x3
 800 0008 0E       		.uleb128 0xe
 801 0009 1B       		.uleb128 0x1b
 802 000a 0E       		.uleb128 0xe
 803 000b 10       		.uleb128 0x10
 804 000c 17       		.uleb128 0x17
 805 000d 00       		.byte	0
 806 000e 00       		.byte	0
 807 000f 02       		.uleb128 0x2
 808 0010 24       		.uleb128 0x24
 809 0011 00       		.byte	0
 810 0012 0B       		.uleb128 0xb
 811 0013 0B       		.uleb128 0xb
 812 0014 3E       		.uleb128 0x3e
 813 0015 0B       		.uleb128 0xb
 814 0016 03       		.uleb128 0x3
 815 0017 08       		.uleb128 0x8
 816 0018 00       		.byte	0
 817 0019 00       		.byte	0
 818 001a 03       		.uleb128 0x3
 819 001b 24       		.uleb128 0x24
 820 001c 00       		.byte	0
 821 001d 0B       		.uleb128 0xb
 822 001e 0B       		.uleb128 0xb
 823 001f 3E       		.uleb128 0x3e
 824 0020 0B       		.uleb128 0xb
 825 0021 03       		.uleb128 0x3
 826 0022 0E       		.uleb128 0xe
 827 0023 00       		.byte	0
 828 0024 00       		.byte	0
 829 0025 04       		.uleb128 0x4
 830 0026 16       		.uleb128 0x16
 831 0027 00       		.byte	0
 832 0028 03       		.uleb128 0x3
 833 0029 0E       		.uleb128 0xe
 834 002a 3A       		.uleb128 0x3a
 835 002b 0B       		.uleb128 0xb
 836 002c 3B       		.uleb128 0x3b
 837 002d 0B       		.uleb128 0xb
 838 002e 49       		.uleb128 0x49
 839 002f 13       		.uleb128 0x13
 840 0030 00       		.byte	0
 841 0031 00       		.byte	0
 842 0032 05       		.uleb128 0x5
 843 0033 35       		.uleb128 0x35
 844 0034 00       		.byte	0
 845 0035 49       		.uleb128 0x49
 846 0036 13       		.uleb128 0x13
 847 0037 00       		.byte	0
 848 0038 00       		.byte	0
 849 0039 06       		.uleb128 0x6
 850 003a 13       		.uleb128 0x13
 851 003b 01       		.byte	0x1
 852 003c 03       		.uleb128 0x3
 853 003d 0E       		.uleb128 0xe
 854 003e 0B       		.uleb128 0xb
 855 003f 0B       		.uleb128 0xb
ARM GAS  /tmp/ccoOIT7Q.s 			page 16


 856 0040 3A       		.uleb128 0x3a
 857 0041 0B       		.uleb128 0xb
 858 0042 3B       		.uleb128 0x3b
 859 0043 0B       		.uleb128 0xb
 860 0044 01       		.uleb128 0x1
 861 0045 13       		.uleb128 0x13
 862 0046 00       		.byte	0
 863 0047 00       		.byte	0
 864 0048 07       		.uleb128 0x7
 865 0049 0D       		.uleb128 0xd
 866 004a 00       		.byte	0
 867 004b 03       		.uleb128 0x3
 868 004c 0E       		.uleb128 0xe
 869 004d 3A       		.uleb128 0x3a
 870 004e 0B       		.uleb128 0xb
 871 004f 3B       		.uleb128 0x3b
 872 0050 0B       		.uleb128 0xb
 873 0051 49       		.uleb128 0x49
 874 0052 13       		.uleb128 0x13
 875 0053 38       		.uleb128 0x38
 876 0054 0B       		.uleb128 0xb
 877 0055 00       		.byte	0
 878 0056 00       		.byte	0
 879 0057 08       		.uleb128 0x8
 880 0058 0D       		.uleb128 0xd
 881 0059 00       		.byte	0
 882 005a 03       		.uleb128 0x3
 883 005b 08       		.uleb128 0x8
 884 005c 3A       		.uleb128 0x3a
 885 005d 0B       		.uleb128 0xb
 886 005e 3B       		.uleb128 0x3b
 887 005f 0B       		.uleb128 0xb
 888 0060 49       		.uleb128 0x49
 889 0061 13       		.uleb128 0x13
 890 0062 38       		.uleb128 0x38
 891 0063 0B       		.uleb128 0xb
 892 0064 00       		.byte	0
 893 0065 00       		.byte	0
 894 0066 09       		.uleb128 0x9
 895 0067 13       		.uleb128 0x13
 896 0068 01       		.byte	0x1
 897 0069 0B       		.uleb128 0xb
 898 006a 0B       		.uleb128 0xb
 899 006b 3A       		.uleb128 0x3a
 900 006c 0B       		.uleb128 0xb
 901 006d 3B       		.uleb128 0x3b
 902 006e 0B       		.uleb128 0xb
 903 006f 01       		.uleb128 0x1
 904 0070 13       		.uleb128 0x13
 905 0071 00       		.byte	0
 906 0072 00       		.byte	0
 907 0073 0A       		.uleb128 0xa
 908 0074 0F       		.uleb128 0xf
 909 0075 00       		.byte	0
 910 0076 0B       		.uleb128 0xb
 911 0077 0B       		.uleb128 0xb
 912 0078 49       		.uleb128 0x49
ARM GAS  /tmp/ccoOIT7Q.s 			page 17


 913 0079 13       		.uleb128 0x13
 914 007a 00       		.byte	0
 915 007b 00       		.byte	0
 916 007c 0B       		.uleb128 0xb
 917 007d 0F       		.uleb128 0xf
 918 007e 00       		.byte	0
 919 007f 0B       		.uleb128 0xb
 920 0080 0B       		.uleb128 0xb
 921 0081 00       		.byte	0
 922 0082 00       		.byte	0
 923 0083 0C       		.uleb128 0xc
 924 0084 15       		.uleb128 0x15
 925 0085 01       		.byte	0x1
 926 0086 27       		.uleb128 0x27
 927 0087 19       		.uleb128 0x19
 928 0088 01       		.uleb128 0x1
 929 0089 13       		.uleb128 0x13
 930 008a 00       		.byte	0
 931 008b 00       		.byte	0
 932 008c 0D       		.uleb128 0xd
 933 008d 05       		.uleb128 0x5
 934 008e 00       		.byte	0
 935 008f 49       		.uleb128 0x49
 936 0090 13       		.uleb128 0x13
 937 0091 00       		.byte	0
 938 0092 00       		.byte	0
 939 0093 0E       		.uleb128 0xe
 940 0094 34       		.uleb128 0x34
 941 0095 00       		.byte	0
 942 0096 03       		.uleb128 0x3
 943 0097 0E       		.uleb128 0xe
 944 0098 3A       		.uleb128 0x3a
 945 0099 0B       		.uleb128 0xb
 946 009a 3B       		.uleb128 0x3b
 947 009b 0B       		.uleb128 0xb
 948 009c 49       		.uleb128 0x49
 949 009d 13       		.uleb128 0x13
 950 009e 3F       		.uleb128 0x3f
 951 009f 19       		.uleb128 0x19
 952 00a0 3C       		.uleb128 0x3c
 953 00a1 19       		.uleb128 0x19
 954 00a2 00       		.byte	0
 955 00a3 00       		.byte	0
 956 00a4 0F       		.uleb128 0xf
 957 00a5 17       		.uleb128 0x17
 958 00a6 01       		.byte	0x1
 959 00a7 0B       		.uleb128 0xb
 960 00a8 0B       		.uleb128 0xb
 961 00a9 3A       		.uleb128 0x3a
 962 00aa 0B       		.uleb128 0xb
 963 00ab 3B       		.uleb128 0x3b
 964 00ac 0B       		.uleb128 0xb
 965 00ad 01       		.uleb128 0x1
 966 00ae 13       		.uleb128 0x13
 967 00af 00       		.byte	0
 968 00b0 00       		.byte	0
 969 00b1 10       		.uleb128 0x10
ARM GAS  /tmp/ccoOIT7Q.s 			page 18


 970 00b2 0D       		.uleb128 0xd
 971 00b3 00       		.byte	0
 972 00b4 03       		.uleb128 0x3
 973 00b5 0E       		.uleb128 0xe
 974 00b6 3A       		.uleb128 0x3a
 975 00b7 0B       		.uleb128 0xb
 976 00b8 3B       		.uleb128 0x3b
 977 00b9 0B       		.uleb128 0xb
 978 00ba 49       		.uleb128 0x49
 979 00bb 13       		.uleb128 0x13
 980 00bc 00       		.byte	0
 981 00bd 00       		.byte	0
 982 00be 11       		.uleb128 0x11
 983 00bf 26       		.uleb128 0x26
 984 00c0 00       		.byte	0
 985 00c1 49       		.uleb128 0x49
 986 00c2 13       		.uleb128 0x13
 987 00c3 00       		.byte	0
 988 00c4 00       		.byte	0
 989 00c5 12       		.uleb128 0x12
 990 00c6 01       		.uleb128 0x1
 991 00c7 01       		.byte	0x1
 992 00c8 49       		.uleb128 0x49
 993 00c9 13       		.uleb128 0x13
 994 00ca 01       		.uleb128 0x1
 995 00cb 13       		.uleb128 0x13
 996 00cc 00       		.byte	0
 997 00cd 00       		.byte	0
 998 00ce 13       		.uleb128 0x13
 999 00cf 21       		.uleb128 0x21
 1000 00d0 00       		.byte	0
 1001 00d1 49       		.uleb128 0x49
 1002 00d2 13       		.uleb128 0x13
 1003 00d3 2F       		.uleb128 0x2f
 1004 00d4 0B       		.uleb128 0xb
 1005 00d5 00       		.byte	0
 1006 00d6 00       		.byte	0
 1007 00d7 00       		.byte	0
 1008              		.section	.debug_aranges,"",%progbits
 1009 0000 14000000 		.4byte	0x14
 1010 0004 0200     		.2byte	0x2
 1011 0006 00000000 		.4byte	.Ldebug_info0
 1012 000a 04       		.byte	0x4
 1013 000b 00       		.byte	0
 1014 000c 0000     		.2byte	0
 1015 000e 0000     		.2byte	0
 1016 0010 00000000 		.4byte	0
 1017 0014 00000000 		.4byte	0
 1018              		.section	.debug_line,"",%progbits
 1019              	.Ldebug_line0:
 1020 0000 0B010000 		.section	.debug_str,"MS",%progbits,1
 1020      02000501 
 1020      00000201 
 1020      FB0E0D00 
 1020      01010101 
 1021              	.LASF87:
 1022 0000 63665F6F 		.ascii	"cf_off_older\000"
ARM GAS  /tmp/ccoOIT7Q.s 			page 19


 1022      66665F6F 
 1022      6C646572 
 1022      00
 1023              	.LASF40:
 1024 000d 705F6D73 		.ascii	"p_msg\000"
 1024      6700
 1025              	.LASF72:
 1026 0013 7264796D 		.ascii	"rdymsg\000"
 1026      736700
 1027              	.LASF4:
 1028 001a 5F5F7569 		.ascii	"__uint8_t\000"
 1028      6E74385F 
 1028      7400
 1029              	.LASF66:
 1030 0024 76746C69 		.ascii	"vtlist\000"
 1030      737400
 1031              	.LASF12:
 1032 002b 6C6F6E67 		.ascii	"long long unsigned int\000"
 1032      206C6F6E 
 1032      6720756E 
 1032      7369676E 
 1032      65642069 
 1033              	.LASF101:
 1034 0042 2F686F6D 		.ascii	"/home/lmr/Downloads/ChibiOS-RPi/ChibiOS-RPi/demos/P"
 1034      652F6C6D 
 1034      722F446F 
 1034      776E6C6F 
 1034      6164732F 
 1035 0075 726F6A65 		.ascii	"roject\000"
 1035      637400
 1036              	.LASF83:
 1037 007c 63685F74 		.ascii	"ch_threadsize\000"
 1037      68726561 
 1037      6473697A 
 1037      6500
 1038              	.LASF73:
 1039 008a 65786974 		.ascii	"exitcode\000"
 1039      636F6465 
 1039      00
 1040              	.LASF28:
 1041 0093 705F7072 		.ascii	"p_prio\000"
 1041      696F00
 1042              	.LASF90:
 1043 009a 63665F6F 		.ascii	"cf_off_state\000"
 1043      66665F73 
 1043      74617465 
 1043      00
 1044              	.LASF11:
 1045 00a7 6C6F6E67 		.ascii	"long long int\000"
 1045      206C6F6E 
 1045      6720696E 
 1045      7400
 1046              	.LASF1:
 1047 00b5 7369676E 		.ascii	"signed char\000"
 1047      65642063 
 1047      68617200 
 1048              	.LASF89:
ARM GAS  /tmp/ccoOIT7Q.s 			page 20


 1049 00c1 63665F6F 		.ascii	"cf_off_stklimit\000"
 1049      66665F73 
 1049      746B6C69 
 1049      6D697400 
 1050              	.LASF91:
 1051 00d1 63665F6F 		.ascii	"cf_off_flags\000"
 1051      66665F66 
 1051      6C616773 
 1051      00
 1052              	.LASF69:
 1053 00de 6D5F7175 		.ascii	"m_queue\000"
 1053      65756500 
 1054              	.LASF20:
 1055 00e6 74736C69 		.ascii	"tslices_t\000"
 1055      6365735F 
 1055      7400
 1056              	.LASF8:
 1057 00f0 6C6F6E67 		.ascii	"long int\000"
 1057      20696E74 
 1057      00
 1058              	.LASF18:
 1059 00f9 74737461 		.ascii	"tstate_t\000"
 1059      74655F74 
 1059      00
 1060              	.LASF14:
 1061 0102 75696E74 		.ascii	"uint16_t\000"
 1061      31365F74 
 1061      00
 1062              	.LASF96:
 1063 010b 63686465 		.ascii	"chdebug_t\000"
 1063      6275675F 
 1063      7400
 1064              	.LASF30:
 1065 0115 705F6E65 		.ascii	"p_newer\000"
 1065      77657200 
 1066              	.LASF98:
 1067 011d 5F69646C 		.ascii	"_idle_thread_wa\000"
 1067      655F7468 
 1067      72656164 
 1067      5F776100 
 1068              	.LASF9:
 1069 012d 5F5F7569 		.ascii	"__uint32_t\000"
 1069      6E743332 
 1069      5F7400
 1070              	.LASF47:
 1071 0138 72656761 		.ascii	"regarm_t\000"
 1071      726D5F74 
 1071      00
 1072              	.LASF53:
 1073 0141 76745F70 		.ascii	"vt_prev\000"
 1073      72657600 
 1074              	.LASF0:
 1075 0149 756E7369 		.ascii	"unsigned int\000"
 1075      676E6564 
 1075      20696E74 
 1075      00
 1076              	.LASF52:
ARM GAS  /tmp/ccoOIT7Q.s 			page 21


 1077 0156 76745F6E 		.ascii	"vt_next\000"
 1077      65787400 
 1078              	.LASF10:
 1079 015e 6C6F6E67 		.ascii	"long unsigned int\000"
 1079      20756E73 
 1079      69676E65 
 1079      6420696E 
 1079      7400
 1080              	.LASF97:
 1081 0170 63685F64 		.ascii	"ch_debug\000"
 1081      65627567 
 1081      00
 1082              	.LASF50:
 1083 0179 76746675 		.ascii	"vtfunc_t\000"
 1083      6E635F74 
 1083      00
 1084              	.LASF77:
 1085 0182 63685F69 		.ascii	"ch_identifier\000"
 1085      64656E74 
 1085      69666965 
 1085      7200
 1086              	.LASF49:
 1087 0190 636F6E74 		.ascii	"context\000"
 1087      65787400 
 1088              	.LASF6:
 1089 0198 73686F72 		.ascii	"short unsigned int\000"
 1089      7420756E 
 1089      7369676E 
 1089      65642069 
 1089      6E7400
 1090              	.LASF22:
 1091 01ab 6D73675F 		.ascii	"msg_t\000"
 1091      7400
 1092              	.LASF62:
 1093 01b1 725F6E65 		.ascii	"r_newer\000"
 1093      77657200 
 1094              	.LASF17:
 1095 01b9 746D6F64 		.ascii	"tmode_t\000"
 1095      655F7400 
 1096              	.LASF45:
 1097 01c1 54687265 		.ascii	"ThreadsList\000"
 1097      6164734C 
 1097      69737400 
 1098              	.LASF23:
 1099 01cd 6576656E 		.ascii	"eventmask_t\000"
 1099      746D6173 
 1099      6B5F7400 
 1100              	.LASF68:
 1101 01d9 4D757465 		.ascii	"Mutex\000"
 1101      7800
 1102              	.LASF46:
 1103 01df 73746B61 		.ascii	"stkalign_t\000"
 1103      6C69676E 
 1103      5F7400
 1104              	.LASF78:
 1105 01ea 63685F7A 		.ascii	"ch_zero\000"
 1105      65726F00 
ARM GAS  /tmp/ccoOIT7Q.s 			page 22


 1106              	.LASF92:
 1107 01f2 63665F6F 		.ascii	"cf_off_refs\000"
 1107      66665F72 
 1107      65667300 
 1108              	.LASF54:
 1109 01fe 76745F74 		.ascii	"vt_time\000"
 1109      696D6500 
 1110              	.LASF95:
 1111 0206 73697A65 		.ascii	"sizetype\000"
 1111      74797065 
 1111      00
 1112              	.LASF55:
 1113 020f 76745F66 		.ascii	"vt_func\000"
 1113      756E6300 
 1114              	.LASF82:
 1115 0217 63685F74 		.ascii	"ch_timesize\000"
 1115      696D6573 
 1115      697A6500 
 1116              	.LASF88:
 1117 0223 63665F6F 		.ascii	"cf_off_name\000"
 1117      66665F6E 
 1117      616D6500 
 1118              	.LASF31:
 1119 022f 705F6F6C 		.ascii	"p_older\000"
 1119      64657200 
 1120              	.LASF61:
 1121 0237 725F6374 		.ascii	"r_ctx\000"
 1121      7800
 1122              	.LASF44:
 1123 023d 54687265 		.ascii	"ThreadsQueue\000"
 1123      61647351 
 1123      75657565 
 1123      00
 1124              	.LASF79:
 1125 024a 63685F73 		.ascii	"ch_size\000"
 1125      697A6500 
 1126              	.LASF64:
 1127 0252 725F6375 		.ascii	"r_current\000"
 1127      7272656E 
 1127      7400
 1128              	.LASF63:
 1129 025c 725F6F6C 		.ascii	"r_older\000"
 1129      64657200 
 1130              	.LASF19:
 1131 0264 74726566 		.ascii	"trefs_t\000"
 1131      735F7400 
 1132              	.LASF81:
 1133 026c 63685F70 		.ascii	"ch_ptrsize\000"
 1133      74727369 
 1133      7A6500
 1134              	.LASF27:
 1135 0277 705F7072 		.ascii	"p_prev\000"
 1135      657600
 1136              	.LASF21:
 1137 027e 74707269 		.ascii	"tprio_t\000"
 1137      6F5F7400 
 1138              	.LASF15:
ARM GAS  /tmp/ccoOIT7Q.s 			page 23


 1139 0286 696E7433 		.ascii	"int32_t\000"
 1139      325F7400 
 1140              	.LASF2:
 1141 028e 756E7369 		.ascii	"unsigned char\000"
 1141      676E6564 
 1141      20636861 
 1141      7200
 1142              	.LASF42:
 1143 029c 705F6D74 		.ascii	"p_mtxlist\000"
 1143      786C6973 
 1143      7400
 1144              	.LASF3:
 1145 02a6 73686F72 		.ascii	"short int\000"
 1145      7420696E 
 1145      7400
 1146              	.LASF33:
 1147 02b0 705F7374 		.ascii	"p_state\000"
 1147      61746500 
 1148              	.LASF36:
 1149 02b8 705F7072 		.ascii	"p_preempt\000"
 1149      65656D70 
 1149      7400
 1150              	.LASF94:
 1151 02c2 63665F6F 		.ascii	"cf_off_time\000"
 1151      66665F74 
 1151      696D6500 
 1152              	.LASF60:
 1153 02ce 725F7072 		.ascii	"r_prio\000"
 1153      696F00
 1154              	.LASF75:
 1155 02d5 65776D61 		.ascii	"ewmask\000"
 1155      736B00
 1156              	.LASF26:
 1157 02dc 705F6E65 		.ascii	"p_next\000"
 1157      787400
 1158              	.LASF93:
 1159 02e3 63665F6F 		.ascii	"cf_off_preempt\000"
 1159      66665F70 
 1159      7265656D 
 1159      707400
 1160              	.LASF34:
 1161 02f2 705F666C 		.ascii	"p_flags\000"
 1161      61677300 
 1162              	.LASF100:
 1163 02fa 2E2E2F2E 		.ascii	"../../os/kernel/src/chdebug.c\000"
 1163      2E2F6F73 
 1163      2F6B6572 
 1163      6E656C2F 
 1163      7372632F 
 1164              	.LASF25:
 1165 0318 54687265 		.ascii	"Thread\000"
 1165      616400
 1166              	.LASF86:
 1167 031f 63665F6F 		.ascii	"cf_off_newer\000"
 1167      66665F6E 
 1167      65776572 
 1167      00
ARM GAS  /tmp/ccoOIT7Q.s 			page 24


 1168              	.LASF41:
 1169 032c 705F6570 		.ascii	"p_epending\000"
 1169      656E6469 
 1169      6E6700
 1170              	.LASF16:
 1171 0337 75696E74 		.ascii	"uint32_t\000"
 1171      33325F74 
 1171      00
 1172              	.LASF84:
 1173 0340 63665F6F 		.ascii	"cf_off_prio\000"
 1173      66665F70 
 1173      72696F00 
 1174              	.LASF59:
 1175 034c 725F7175 		.ascii	"r_queue\000"
 1175      65756500 
 1176              	.LASF51:
 1177 0354 56697274 		.ascii	"VirtualTimer\000"
 1177      75616C54 
 1177      696D6572 
 1177      00
 1178              	.LASF76:
 1179 0361 63686172 		.ascii	"char\000"
 1179      00
 1180              	.LASF5:
 1181 0366 5F5F7569 		.ascii	"__uint16_t\000"
 1181      6E743136 
 1181      5F7400
 1182              	.LASF71:
 1183 0371 6D5F6E65 		.ascii	"m_next\000"
 1183      787400
 1184              	.LASF24:
 1185 0378 73797374 		.ascii	"systime_t\000"
 1185      696D655F 
 1185      7400
 1186              	.LASF43:
 1187 0382 705F7265 		.ascii	"p_realprio\000"
 1187      616C7072 
 1187      696F00
 1188              	.LASF7:
 1189 038d 5F5F696E 		.ascii	"__int32_t\000"
 1189      7433325F 
 1189      7400
 1190              	.LASF37:
 1191 0397 705F7469 		.ascii	"p_time\000"
 1191      6D6500
 1192              	.LASF99:
 1193 039e 474E5520 		.ascii	"GNU C11 6.3.1 20170620 -mcpu=arm1176jz-s -mno-thumb"
 1193      43313120 
 1193      362E332E 
 1193      31203230 
 1193      31373036 
 1194 03d1 2D696E74 		.ascii	"-interwork -ggdb -O2 -fomit-frame-pointer -ffunctio"
 1194      6572776F 
 1194      726B202D 
 1194      67676462 
 1194      202D4F32 
 1195 0404 6E2D7365 		.ascii	"n-sections -fdata-sections\000"
ARM GAS  /tmp/ccoOIT7Q.s 			page 25


 1195      6374696F 
 1195      6E73202D 
 1195      66646174 
 1195      612D7365 
 1196              	.LASF48:
 1197 041f 696E7463 		.ascii	"intctx\000"
 1197      747800
 1198              	.LASF39:
 1199 0426 705F6D73 		.ascii	"p_msgqueue\000"
 1199      67717565 
 1199      756500
 1200              	.LASF56:
 1201 0431 76745F70 		.ascii	"vt_par\000"
 1201      617200
 1202              	.LASF85:
 1203 0438 63665F6F 		.ascii	"cf_off_ctx\000"
 1203      66665F63 
 1203      747800
 1204              	.LASF35:
 1205 0443 705F7265 		.ascii	"p_refs\000"
 1205      667300
 1206              	.LASF65:
 1207 044a 52656164 		.ascii	"ReadyList\000"
 1207      794C6973 
 1207      7400
 1208              	.LASF67:
 1209 0454 726C6973 		.ascii	"rlist\000"
 1209      7400
 1210              	.LASF13:
 1211 045a 75696E74 		.ascii	"uint8_t\000"
 1211      385F7400 
 1212              	.LASF74:
 1213 0462 77746F62 		.ascii	"wtobjp\000"
 1213      6A7000
 1214              	.LASF32:
 1215 0469 705F6E61 		.ascii	"p_name\000"
 1215      6D6500
 1216              	.LASF57:
 1217 0470 76745F73 		.ascii	"vt_systime\000"
 1217      79737469 
 1217      6D6500
 1218              	.LASF80:
 1219 047b 63685F76 		.ascii	"ch_version\000"
 1219      65727369 
 1219      6F6E00
 1220              	.LASF58:
 1221 0486 56544C69 		.ascii	"VTList\000"
 1221      737400
 1222              	.LASF70:
 1223 048d 6D5F6F77 		.ascii	"m_owner\000"
 1223      6E657200 
 1224              	.LASF29:
 1225 0495 705F6374 		.ascii	"p_ctx\000"
 1225      7800
 1226              	.LASF38:
 1227 049b 705F7761 		.ascii	"p_waiting\000"
 1227      6974696E 
ARM GAS  /tmp/ccoOIT7Q.s 			page 26


 1227      6700
 1228              		.ident	"GCC: (15:6.3.1+svn253039-1build1) 6.3.1 20170620"
ARM GAS  /tmp/ccoOIT7Q.s 			page 27


DEFINED SYMBOLS
                            *ABS*:0000000000000000 chdebug.c

NO UNDEFINED SYMBOLS
