ARM GAS  /tmp/cc319cjy.s 			page 1


   1              		.cpu arm1176jz-s
   2              		.eabi_attribute 20, 1
   3              		.eabi_attribute 21, 1
   4              		.eabi_attribute 23, 3
   5              		.eabi_attribute 24, 1
   6              		.eabi_attribute 25, 1
   7              		.eabi_attribute 26, 1
   8              		.eabi_attribute 30, 2
   9              		.eabi_attribute 34, 1
  10              		.eabi_attribute 18, 4
  11              		.file	"chmemcore.c"
  12              		.text
  13              	.Ltext0:
  14              		.cfi_sections	.debug_frame
  15              		.section	.text._core_init,"ax",%progbits
  16              		.align	2
  17              		.global	_core_init
  18              		.syntax unified
  19              		.arm
  20              		.fpu softvfp
  21              		.type	_core_init, %function
  22              	_core_init:
  23              	.LFB7:
  24              		.file 1 "../../os/kernel/src/chmemcore.c"
  25              		.loc 1 59 0
  26              		.cfi_startproc
  27              		@ args = 0, pretend = 0, frame = 0
  28              		@ frame_needed = 0, uses_anonymous_args = 0
  29              		@ link register save eliminated.
  30              		.loc 1 63 0
  31 0000 1C209FE5 		ldr	r2, .L2
  32              		.loc 1 64 0
  33 0004 1C309FE5 		ldr	r3, .L2+4
  34              		.loc 1 63 0
  35 0008 1C009FE5 		ldr	r0, .L2+8
  36              		.loc 1 64 0
  37 000c 1C109FE5 		ldr	r1, .L2+12
  38              		.loc 1 63 0
  39 0010 0320C2E3 		bic	r2, r2, #3
  40              		.loc 1 64 0
  41 0014 0330C3E3 		bic	r3, r3, #3
  42              		.loc 1 63 0
  43 0018 002080E5 		str	r2, [r0]
  44              		.loc 1 64 0
  45 001c 003081E5 		str	r3, [r1]
  46 0020 1EFF2FE1 		bx	lr
  47              	.L3:
  48              		.align	2
  49              	.L2:
  50 0024 03000000 		.word	__heap_base__+3
  51 0028 00000000 		.word	__heap_end__
  52 002c 00000000 		.word	.LANCHOR0
  53 0030 00000000 		.word	.LANCHOR1
  54              		.cfi_endproc
  55              	.LFE7:
  56              		.size	_core_init, .-_core_init
  57              		.section	.text.chCoreAlloc,"ax",%progbits
ARM GAS  /tmp/cc319cjy.s 			page 2


  58              		.align	2
  59              		.global	chCoreAlloc
  60              		.syntax unified
  61              		.arm
  62              		.fpu softvfp
  63              		.type	chCoreAlloc, %function
  64              	chCoreAlloc:
  65              	.LFB8:
  66              		.loc 1 84 0
  67              		.cfi_startproc
  68              		@ args = 0, pretend = 0, frame = 0
  69              		@ frame_needed = 0, uses_anonymous_args = 0
  70              		@ link register save eliminated.
  71              	.LVL0:
  72              		.loc 1 87 0
  73              		.syntax divided
  74              	@ 87 "../../os/kernel/src/chmemcore.c" 1
  75 0000 9FF021E3 		msr     CPSR_c, #0x9F
  76              	@ 0 "" 2
  77              	.LVL1:
  78              		.arm
  79              		.syntax unified
  80              	.LBB4:
  81              	.LBB5:
  82              		.loc 1 111 0
  83 0004 30C09FE5 		ldr	ip, .L8
  84 0008 30309FE5 		ldr	r3, .L8+4
  85 000c 00209CE5 		ldr	r2, [ip]
  86 0010 001093E5 		ldr	r1, [r3]
  87              		.loc 1 110 0
  88 0014 033080E2 		add	r3, r0, #3
  89 0018 0330C3E3 		bic	r3, r3, #3
  90              	.LVL2:
  91              		.loc 1 111 0
  92 001c 021041E0 		sub	r1, r1, r2
  93 0020 010053E1 		cmp	r3, r1
  94              	.LVL3:
  95              		.loc 1 114 0
  96 0024 03308290 		addls	r3, r2, r3
  97              	.LVL4:
  98 0028 00308C95 		strls	r3, [ip]
  99              		.loc 1 115 0
 100 002c 0200A091 		movls	r0, r2
 101              	.LVL5:
 102              		.loc 1 112 0
 103 0030 0000A083 		movhi	r0, #0
 104              	.LVL6:
 105              	.LBE5:
 106              	.LBE4:
 107              		.loc 1 89 0
 108              		.syntax divided
 109              	@ 89 "../../os/kernel/src/chmemcore.c" 1
 110 0034 1FF021E3 		msr     CPSR_c, #0x1F
 111              	@ 0 "" 2
 112              		.loc 1 91 0
 113              		.arm
 114              		.syntax unified
ARM GAS  /tmp/cc319cjy.s 			page 3


 115 0038 1EFF2FE1 		bx	lr
 116              	.L9:
 117              		.align	2
 118              	.L8:
 119 003c 00000000 		.word	.LANCHOR0
 120 0040 00000000 		.word	.LANCHOR1
 121              		.cfi_endproc
 122              	.LFE8:
 123              		.size	chCoreAlloc, .-chCoreAlloc
 124              		.section	.text.chCoreAllocI,"ax",%progbits
 125              		.align	2
 126              		.global	chCoreAllocI
 127              		.syntax unified
 128              		.arm
 129              		.fpu softvfp
 130              		.type	chCoreAllocI, %function
 131              	chCoreAllocI:
 132              	.LFB9:
 133              		.loc 1 105 0
 134              		.cfi_startproc
 135              		@ args = 0, pretend = 0, frame = 0
 136              		@ frame_needed = 0, uses_anonymous_args = 0
 137              		@ link register save eliminated.
 138              	.LVL7:
 139              		.loc 1 111 0
 140 0000 2CC09FE5 		ldr	ip, .L13
 141 0004 2C309FE5 		ldr	r3, .L13+4
 142 0008 00209CE5 		ldr	r2, [ip]
 143 000c 001093E5 		ldr	r1, [r3]
 144              		.loc 1 110 0
 145 0010 033080E2 		add	r3, r0, #3
 146 0014 0330C3E3 		bic	r3, r3, #3
 147              	.LVL8:
 148              		.loc 1 111 0
 149 0018 021041E0 		sub	r1, r1, r2
 150 001c 010053E1 		cmp	r3, r1
 151              	.LVL9:
 152              		.loc 1 114 0
 153 0020 03308290 		addls	r3, r2, r3
 154              	.LVL10:
 155              		.loc 1 115 0
 156 0024 0200A091 		movls	r0, r2
 157              	.LVL11:
 158              		.loc 1 114 0
 159 0028 00308C95 		strls	r3, [ip]
 160              		.loc 1 112 0
 161 002c 0000A083 		movhi	r0, #0
 162              		.loc 1 116 0
 163 0030 1EFF2FE1 		bx	lr
 164              	.L14:
 165              		.align	2
 166              	.L13:
 167 0034 00000000 		.word	.LANCHOR0
 168 0038 00000000 		.word	.LANCHOR1
 169              		.cfi_endproc
 170              	.LFE9:
 171              		.size	chCoreAllocI, .-chCoreAllocI
ARM GAS  /tmp/cc319cjy.s 			page 4


 172              		.section	.text.chCoreStatus,"ax",%progbits
 173              		.align	2
 174              		.global	chCoreStatus
 175              		.syntax unified
 176              		.arm
 177              		.fpu softvfp
 178              		.type	chCoreStatus, %function
 179              	chCoreStatus:
 180              	.LFB10:
 181              		.loc 1 125 0
 182              		.cfi_startproc
 183              		@ args = 0, pretend = 0, frame = 0
 184              		@ frame_needed = 0, uses_anonymous_args = 0
 185              		@ link register save eliminated.
 186              		.loc 1 127 0
 187 0000 10209FE5 		ldr	r2, .L16
 188 0004 10309FE5 		ldr	r3, .L16+4
 189 0008 000092E5 		ldr	r0, [r2]
 190 000c 003093E5 		ldr	r3, [r3]
 191              		.loc 1 128 0
 192 0010 030040E0 		sub	r0, r0, r3
 193 0014 1EFF2FE1 		bx	lr
 194              	.L17:
 195              		.align	2
 196              	.L16:
 197 0018 00000000 		.word	.LANCHOR1
 198 001c 00000000 		.word	.LANCHOR0
 199              		.cfi_endproc
 200              	.LFE10:
 201              		.size	chCoreStatus, .-chCoreStatus
 202              		.section	.bss.endmem,"aw",%nobits
 203              		.align	2
 204              		.set	.LANCHOR1,. + 0
 205              		.type	endmem, %object
 206              		.size	endmem, 4
 207              	endmem:
 208 0000 00000000 		.space	4
 209              		.section	.bss.nextmem,"aw",%nobits
 210              		.align	2
 211              		.set	.LANCHOR0,. + 0
 212              		.type	nextmem, %object
 213              		.size	nextmem, 4
 214              	nextmem:
 215 0000 00000000 		.space	4
 216              		.text
 217              	.Letext0:
 218              		.file 2 "/usr/lib/gcc/arm-none-eabi/6.3.1/include/stddef.h"
 219              		.file 3 "/usr/include/newlib/machine/_default_types.h"
 220              		.file 4 "/usr/include/newlib/sys/_stdint.h"
 221              		.file 5 "../../os/ports/GCC/ARM/chtypes.h"
 222              		.file 6 "../../os/kernel/include/chlists.h"
 223              		.file 7 "../../os/kernel/include/chthreads.h"
 224              		.file 8 "../../os/ports/GCC/ARM/chcore.h"
 225              		.file 9 "../../os/kernel/include/chvt.h"
 226              		.file 10 "../../os/kernel/include/chschd.h"
 227              		.file 11 "../../os/kernel/include/chmtx.h"
 228              		.file 12 "../../os/kernel/include/chregistry.h"
ARM GAS  /tmp/cc319cjy.s 			page 5


 229              		.file 13 "../../os/kernel/include/ch.h"
 230              		.section	.debug_info,"",%progbits
 231              	.Ldebug_info0:
 232 0000 1D070000 		.4byte	0x71d
 233 0004 0400     		.2byte	0x4
 234 0006 00000000 		.4byte	.Ldebug_abbrev0
 235 000a 04       		.byte	0x4
 236 000b 01       		.uleb128 0x1
 237 000c F2030000 		.4byte	.LASF104
 238 0010 0C       		.byte	0xc
 239 0011 0B020000 		.4byte	.LASF105
 240 0015 55000000 		.4byte	.LASF106
 241 0019 00000000 		.4byte	.Ldebug_ranges0+0
 242 001d 00000000 		.4byte	0
 243 0021 00000000 		.4byte	.Ldebug_line0
 244 0025 02       		.uleb128 0x2
 245 0026 04       		.byte	0x4
 246 0027 05       		.byte	0x5
 247 0028 696E7400 		.ascii	"int\000"
 248 002c 03       		.uleb128 0x3
 249 002d 13000000 		.4byte	.LASF2
 250 0031 02       		.byte	0x2
 251 0032 D8       		.byte	0xd8
 252 0033 37000000 		.4byte	0x37
 253 0037 04       		.uleb128 0x4
 254 0038 04       		.byte	0x4
 255 0039 07       		.byte	0x7
 256 003a 76010000 		.4byte	.LASF0
 257 003e 04       		.uleb128 0x4
 258 003f 01       		.byte	0x1
 259 0040 06       		.byte	0x6
 260 0041 D5000000 		.4byte	.LASF1
 261 0045 03       		.uleb128 0x3
 262 0046 2D000000 		.4byte	.LASF3
 263 004a 03       		.byte	0x3
 264 004b 1D       		.byte	0x1d
 265 004c 50000000 		.4byte	0x50
 266 0050 04       		.uleb128 0x4
 267 0051 01       		.byte	0x1
 268 0052 08       		.byte	0x8
 269 0053 E0020000 		.4byte	.LASF4
 270 0057 04       		.uleb128 0x4
 271 0058 02       		.byte	0x2
 272 0059 05       		.byte	0x5
 273 005a 03030000 		.4byte	.LASF5
 274 005e 03       		.uleb128 0x3
 275 005f B2030000 		.4byte	.LASF6
 276 0063 03       		.byte	0x3
 277 0064 2B       		.byte	0x2b
 278 0065 69000000 		.4byte	0x69
 279 0069 04       		.uleb128 0x4
 280 006a 02       		.byte	0x2
 281 006b 07       		.byte	0x7
 282 006c CA010000 		.4byte	.LASF7
 283 0070 03       		.uleb128 0x3
 284 0071 E1030000 		.4byte	.LASF8
 285 0075 03       		.byte	0x3
ARM GAS  /tmp/cc319cjy.s 			page 6


 286 0076 3F       		.byte	0x3f
 287 0077 7B000000 		.4byte	0x7b
 288 007b 04       		.uleb128 0x4
 289 007c 04       		.byte	0x4
 290 007d 05       		.byte	0x5
 291 007e 10010000 		.4byte	.LASF9
 292 0082 03       		.uleb128 0x3
 293 0083 5A010000 		.4byte	.LASF10
 294 0087 03       		.byte	0x3
 295 0088 41       		.byte	0x41
 296 0089 8D000000 		.4byte	0x8d
 297 008d 04       		.uleb128 0x4
 298 008e 04       		.byte	0x4
 299 008f 07       		.byte	0x7
 300 0090 8B010000 		.4byte	.LASF11
 301 0094 04       		.uleb128 0x4
 302 0095 08       		.byte	0x8
 303 0096 05       		.byte	0x5
 304 0097 C7000000 		.4byte	.LASF12
 305 009b 04       		.uleb128 0x4
 306 009c 08       		.byte	0x8
 307 009d 07       		.byte	0x7
 308 009e 3E000000 		.4byte	.LASF13
 309 00a2 03       		.uleb128 0x3
 310 00a3 C3040000 		.4byte	.LASF14
 311 00a7 04       		.byte	0x4
 312 00a8 18       		.byte	0x18
 313 00a9 45000000 		.4byte	0x45
 314 00ad 03       		.uleb128 0x3
 315 00ae 22010000 		.4byte	.LASF15
 316 00b2 04       		.byte	0x4
 317 00b3 24       		.byte	0x24
 318 00b4 5E000000 		.4byte	0x5e
 319 00b8 03       		.uleb128 0x3
 320 00b9 D8020000 		.4byte	.LASF16
 321 00bd 04       		.byte	0x4
 322 00be 2C       		.byte	0x2c
 323 00bf 70000000 		.4byte	0x70
 324 00c3 03       		.uleb128 0x3
 325 00c4 76030000 		.4byte	.LASF17
 326 00c8 04       		.byte	0x4
 327 00c9 30       		.byte	0x30
 328 00ca 82000000 		.4byte	0x82
 329 00ce 03       		.uleb128 0x3
 330 00cf EB010000 		.4byte	.LASF18
 331 00d3 05       		.byte	0x5
 332 00d4 2A       		.byte	0x2a
 333 00d5 A2000000 		.4byte	0xa2
 334 00d9 03       		.uleb128 0x3
 335 00da 19010000 		.4byte	.LASF19
 336 00de 05       		.byte	0x5
 337 00df 2B       		.byte	0x2b
 338 00e0 A2000000 		.4byte	0xa2
 339 00e4 03       		.uleb128 0x3
 340 00e5 B6020000 		.4byte	.LASF20
 341 00e9 05       		.byte	0x5
 342 00ea 2C       		.byte	0x2c
ARM GAS  /tmp/cc319cjy.s 			page 7


 343 00eb A2000000 		.4byte	0xa2
 344 00ef 03       		.uleb128 0x3
 345 00f0 06010000 		.4byte	.LASF21
 346 00f4 05       		.byte	0x5
 347 00f5 2D       		.byte	0x2d
 348 00f6 A2000000 		.4byte	0xa2
 349 00fa 03       		.uleb128 0x3
 350 00fb D0020000 		.4byte	.LASF22
 351 00ff 05       		.byte	0x5
 352 0100 2E       		.byte	0x2e
 353 0101 C3000000 		.4byte	0xc3
 354 0105 03       		.uleb128 0x3
 355 0106 DD010000 		.4byte	.LASF23
 356 010a 05       		.byte	0x5
 357 010b 2F       		.byte	0x2f
 358 010c B8000000 		.4byte	0xb8
 359 0110 03       		.uleb128 0x3
 360 0111 FF010000 		.4byte	.LASF24
 361 0115 05       		.byte	0x5
 362 0116 31       		.byte	0x31
 363 0117 C3000000 		.4byte	0xc3
 364 011b 03       		.uleb128 0x3
 365 011c CC030000 		.4byte	.LASF25
 366 0120 05       		.byte	0x5
 367 0121 33       		.byte	0x33
 368 0122 C3000000 		.4byte	0xc3
 369 0126 05       		.uleb128 0x5
 370 0127 1B010000 		.4byte	0x11b
 371 012b 03       		.uleb128 0x3
 372 012c 57030000 		.4byte	.LASF26
 373 0130 06       		.byte	0x6
 374 0131 23       		.byte	0x23
 375 0132 36010000 		.4byte	0x136
 376 0136 06       		.uleb128 0x6
 377 0137 57030000 		.4byte	.LASF26
 378 013b 44       		.byte	0x44
 379 013c 07       		.byte	0x7
 380 013d 57       		.byte	0x57
 381 013e 27020000 		.4byte	0x227
 382 0142 07       		.uleb128 0x7
 383 0143 39030000 		.4byte	.LASF27
 384 0147 07       		.byte	0x7
 385 0148 58       		.byte	0x58
 386 0149 48020000 		.4byte	0x248
 387 014d 00       		.byte	0
 388 014e 07       		.uleb128 0x7
 389 014f C9020000 		.4byte	.LASF28
 390 0153 07       		.byte	0x7
 391 0154 5A       		.byte	0x5a
 392 0155 48020000 		.4byte	0x248
 393 0159 04       		.byte	0x4
 394 015a 07       		.uleb128 0x7
 395 015b B3000000 		.4byte	.LASF29
 396 015f 07       		.byte	0x7
 397 0160 5C       		.byte	0x5c
 398 0161 FA000000 		.4byte	0xfa
 399 0165 08       		.byte	0x8
ARM GAS  /tmp/cc319cjy.s 			page 8


 400 0166 07       		.uleb128 0x7
 401 0167 FE040000 		.4byte	.LASF30
 402 016b 07       		.byte	0x7
 403 016c 5D       		.byte	0x5d
 404 016d 03030000 		.4byte	0x303
 405 0171 0C       		.byte	0xc
 406 0172 07       		.uleb128 0x7
 407 0173 35010000 		.4byte	.LASF31
 408 0177 07       		.byte	0x7
 409 0178 5F       		.byte	0x5f
 410 0179 48020000 		.4byte	0x248
 411 017d 10       		.byte	0x10
 412 017e 07       		.uleb128 0x7
 413 017f 81020000 		.4byte	.LASF32
 414 0183 07       		.byte	0x7
 415 0184 60       		.byte	0x60
 416 0185 48020000 		.4byte	0x248
 417 0189 14       		.byte	0x14
 418 018a 07       		.uleb128 0x7
 419 018b D2040000 		.4byte	.LASF33
 420 018f 07       		.byte	0x7
 421 0190 67       		.byte	0x67
 422 0191 C5040000 		.4byte	0x4c5
 423 0195 18       		.byte	0x18
 424 0196 07       		.uleb128 0x7
 425 0197 0D030000 		.4byte	.LASF34
 426 019b 07       		.byte	0x7
 427 019c 72       		.byte	0x72
 428 019d D9000000 		.4byte	0xd9
 429 01a1 1C       		.byte	0x1c
 430 01a2 07       		.uleb128 0x7
 431 01a3 4F030000 		.4byte	.LASF35
 432 01a7 07       		.byte	0x7
 433 01a8 76       		.byte	0x76
 434 01a9 CE000000 		.4byte	0xce
 435 01ad 1D       		.byte	0x1d
 436 01ae 07       		.uleb128 0x7
 437 01af A5040000 		.4byte	.LASF36
 438 01b3 07       		.byte	0x7
 439 01b4 7B       		.byte	0x7b
 440 01b5 E4000000 		.4byte	0xe4
 441 01b9 1E       		.byte	0x1e
 442 01ba 07       		.uleb128 0x7
 443 01bb 15030000 		.4byte	.LASF37
 444 01bf 07       		.byte	0x7
 445 01c0 81       		.byte	0x81
 446 01c1 EF000000 		.4byte	0xef
 447 01c5 1F       		.byte	0x1f
 448 01c6 07       		.uleb128 0x7
 449 01c7 EB030000 		.4byte	.LASF38
 450 01cb 07       		.byte	0x7
 451 01cc 88       		.byte	0x88
 452 01cd 26010000 		.4byte	0x126
 453 01d1 20       		.byte	0x20
 454 01d2 08       		.uleb128 0x8
 455 01d3 705F7500 		.ascii	"p_u\000"
 456 01d7 07       		.byte	0x7
ARM GAS  /tmp/cc319cjy.s 			page 9


 457 01d8 AD       		.byte	0xad
 458 01d9 90040000 		.4byte	0x490
 459 01dd 24       		.byte	0x24
 460 01de 07       		.uleb128 0x7
 461 01df 04050000 		.4byte	.LASF39
 462 01e3 07       		.byte	0x7
 463 01e4 B2       		.byte	0xb2
 464 01e5 6E020000 		.4byte	0x26e
 465 01e9 28       		.byte	0x28
 466 01ea 07       		.uleb128 0x7
 467 01eb 7A040000 		.4byte	.LASF40
 468 01ef 07       		.byte	0x7
 469 01f0 B8       		.byte	0xb8
 470 01f1 4E020000 		.4byte	0x24e
 471 01f5 2C       		.byte	0x2c
 472 01f6 07       		.uleb128 0x7
 473 01f7 0D000000 		.4byte	.LASF41
 474 01fb 07       		.byte	0x7
 475 01fc BC       		.byte	0xbc
 476 01fd 05010000 		.4byte	0x105
 477 0201 34       		.byte	0x34
 478 0202 07       		.uleb128 0x7
 479 0203 6B030000 		.4byte	.LASF42
 480 0207 07       		.byte	0x7
 481 0208 C2       		.byte	0xc2
 482 0209 10010000 		.4byte	0x110
 483 020d 38       		.byte	0x38
 484 020e 07       		.uleb128 0x7
 485 020f F9020000 		.4byte	.LASF43
 486 0213 07       		.byte	0x7
 487 0214 C9       		.byte	0xc9
 488 0215 D7040000 		.4byte	0x4d7
 489 0219 3C       		.byte	0x3c
 490 021a 07       		.uleb128 0x7
 491 021b D6030000 		.4byte	.LASF44
 492 021f 07       		.byte	0x7
 493 0220 CD       		.byte	0xcd
 494 0221 FA000000 		.4byte	0xfa
 495 0225 40       		.byte	0x40
 496 0226 00       		.byte	0
 497 0227 09       		.uleb128 0x9
 498 0228 08       		.byte	0x8
 499 0229 06       		.byte	0x6
 500 022a 5A       		.byte	0x5a
 501 022b 48020000 		.4byte	0x248
 502 022f 07       		.uleb128 0x7
 503 0230 39030000 		.4byte	.LASF27
 504 0234 06       		.byte	0x6
 505 0235 5B       		.byte	0x5b
 506 0236 48020000 		.4byte	0x248
 507 023a 00       		.byte	0
 508 023b 07       		.uleb128 0x7
 509 023c C9020000 		.4byte	.LASF28
 510 0240 06       		.byte	0x6
 511 0241 5D       		.byte	0x5d
 512 0242 48020000 		.4byte	0x248
 513 0246 04       		.byte	0x4
ARM GAS  /tmp/cc319cjy.s 			page 10


 514 0247 00       		.byte	0
 515 0248 0A       		.uleb128 0xa
 516 0249 04       		.byte	0x4
 517 024a 2B010000 		.4byte	0x12b
 518 024e 03       		.uleb128 0x3
 519 024f 8F020000 		.4byte	.LASF45
 520 0253 06       		.byte	0x6
 521 0254 5F       		.byte	0x5f
 522 0255 27020000 		.4byte	0x227
 523 0259 09       		.uleb128 0x9
 524 025a 04       		.byte	0x4
 525 025b 06       		.byte	0x6
 526 025c 64       		.byte	0x64
 527 025d 6E020000 		.4byte	0x26e
 528 0261 07       		.uleb128 0x7
 529 0262 39030000 		.4byte	.LASF27
 530 0266 06       		.byte	0x6
 531 0267 66       		.byte	0x66
 532 0268 48020000 		.4byte	0x248
 533 026c 00       		.byte	0
 534 026d 00       		.byte	0
 535 026e 03       		.uleb128 0x3
 536 026f F3010000 		.4byte	.LASF46
 537 0273 06       		.byte	0x6
 538 0274 69       		.byte	0x69
 539 0275 59020000 		.4byte	0x259
 540 0279 03       		.uleb128 0x3
 541 027a 31020000 		.4byte	.LASF47
 542 027e 08       		.byte	0x8
 543 027f 9D       		.byte	0x9d
 544 0280 C3000000 		.4byte	0xc3
 545 0284 03       		.uleb128 0x3
 546 0285 65010000 		.4byte	.LASF48
 547 0289 08       		.byte	0x8
 548 028a A2       		.byte	0xa2
 549 028b 8F020000 		.4byte	0x28f
 550 028f 0B       		.uleb128 0xb
 551 0290 04       		.byte	0x4
 552 0291 06       		.uleb128 0x6
 553 0292 73040000 		.4byte	.LASF49
 554 0296 24       		.byte	0x24
 555 0297 08       		.byte	0x8
 556 0298 B9       		.byte	0xb9
 557 0299 03030000 		.4byte	0x303
 558 029d 08       		.uleb128 0x8
 559 029e 723400   		.ascii	"r4\000"
 560 02a1 08       		.byte	0x8
 561 02a2 BA       		.byte	0xba
 562 02a3 84020000 		.4byte	0x284
 563 02a7 00       		.byte	0
 564 02a8 08       		.uleb128 0x8
 565 02a9 723500   		.ascii	"r5\000"
 566 02ac 08       		.byte	0x8
 567 02ad BB       		.byte	0xbb
 568 02ae 84020000 		.4byte	0x284
 569 02b2 04       		.byte	0x4
 570 02b3 08       		.uleb128 0x8
ARM GAS  /tmp/cc319cjy.s 			page 11


 571 02b4 723600   		.ascii	"r6\000"
 572 02b7 08       		.byte	0x8
 573 02b8 BC       		.byte	0xbc
 574 02b9 84020000 		.4byte	0x284
 575 02bd 08       		.byte	0x8
 576 02be 08       		.uleb128 0x8
 577 02bf 723700   		.ascii	"r7\000"
 578 02c2 08       		.byte	0x8
 579 02c3 BD       		.byte	0xbd
 580 02c4 84020000 		.4byte	0x284
 581 02c8 0C       		.byte	0xc
 582 02c9 08       		.uleb128 0x8
 583 02ca 723800   		.ascii	"r8\000"
 584 02cd 08       		.byte	0x8
 585 02ce BE       		.byte	0xbe
 586 02cf 84020000 		.4byte	0x284
 587 02d3 10       		.byte	0x10
 588 02d4 08       		.uleb128 0x8
 589 02d5 723900   		.ascii	"r9\000"
 590 02d8 08       		.byte	0x8
 591 02d9 BF       		.byte	0xbf
 592 02da 84020000 		.4byte	0x284
 593 02de 14       		.byte	0x14
 594 02df 08       		.uleb128 0x8
 595 02e0 72313000 		.ascii	"r10\000"
 596 02e4 08       		.byte	0x8
 597 02e5 C0       		.byte	0xc0
 598 02e6 84020000 		.4byte	0x284
 599 02ea 18       		.byte	0x18
 600 02eb 08       		.uleb128 0x8
 601 02ec 72313100 		.ascii	"r11\000"
 602 02f0 08       		.byte	0x8
 603 02f1 C1       		.byte	0xc1
 604 02f2 84020000 		.4byte	0x284
 605 02f6 1C       		.byte	0x1c
 606 02f7 08       		.uleb128 0x8
 607 02f8 6C7200   		.ascii	"lr\000"
 608 02fb 08       		.byte	0x8
 609 02fc C2       		.byte	0xc2
 610 02fd 84020000 		.4byte	0x284
 611 0301 20       		.byte	0x20
 612 0302 00       		.byte	0
 613 0303 06       		.uleb128 0x6
 614 0304 BD010000 		.4byte	.LASF50
 615 0308 04       		.byte	0x4
 616 0309 08       		.byte	0x8
 617 030a CA       		.byte	0xca
 618 030b 1C030000 		.4byte	0x31c
 619 030f 08       		.uleb128 0x8
 620 0310 72313300 		.ascii	"r13\000"
 621 0314 08       		.byte	0x8
 622 0315 CB       		.byte	0xcb
 623 0316 1C030000 		.4byte	0x31c
 624 031a 00       		.byte	0
 625 031b 00       		.byte	0
 626 031c 0A       		.uleb128 0xa
 627 031d 04       		.byte	0x4
ARM GAS  /tmp/cc319cjy.s 			page 12


 628 031e 91020000 		.4byte	0x291
 629 0322 03       		.uleb128 0x3
 630 0323 A6010000 		.4byte	.LASF51
 631 0327 09       		.byte	0x9
 632 0328 4E       		.byte	0x4e
 633 0329 2D030000 		.4byte	0x32d
 634 032d 0A       		.uleb128 0xa
 635 032e 04       		.byte	0x4
 636 032f 33030000 		.4byte	0x333
 637 0333 0C       		.uleb128 0xc
 638 0334 3E030000 		.4byte	0x33e
 639 0338 0D       		.uleb128 0xd
 640 0339 8F020000 		.4byte	0x28f
 641 033d 00       		.byte	0
 642 033e 03       		.uleb128 0x3
 643 033f 93030000 		.4byte	.LASF52
 644 0343 09       		.byte	0x9
 645 0344 53       		.byte	0x53
 646 0345 49030000 		.4byte	0x349
 647 0349 06       		.uleb128 0x6
 648 034a 93030000 		.4byte	.LASF52
 649 034e 14       		.byte	0x14
 650 034f 09       		.byte	0x9
 651 0350 5A       		.byte	0x5a
 652 0351 92030000 		.4byte	0x392
 653 0355 07       		.uleb128 0x7
 654 0356 83010000 		.4byte	.LASF53
 655 035a 09       		.byte	0x9
 656 035b 5B       		.byte	0x5b
 657 035c 92030000 		.4byte	0x392
 658 0360 00       		.byte	0
 659 0361 07       		.uleb128 0x7
 660 0362 6E010000 		.4byte	.LASF54
 661 0366 09       		.byte	0x9
 662 0367 5D       		.byte	0x5d
 663 0368 92030000 		.4byte	0x392
 664 036c 04       		.byte	0x4
 665 036d 07       		.uleb128 0x7
 666 036e 50020000 		.4byte	.LASF55
 667 0372 09       		.byte	0x9
 668 0373 5F       		.byte	0x5f
 669 0374 1B010000 		.4byte	0x11b
 670 0378 08       		.byte	0x8
 671 0379 07       		.uleb128 0x7
 672 037a 61020000 		.4byte	.LASF56
 673 037e 09       		.byte	0x9
 674 037f 60       		.byte	0x60
 675 0380 22030000 		.4byte	0x322
 676 0384 0C       		.byte	0xc
 677 0385 07       		.uleb128 0x7
 678 0386 85040000 		.4byte	.LASF57
 679 038a 09       		.byte	0x9
 680 038b 62       		.byte	0x62
 681 038c 8F020000 		.4byte	0x28f
 682 0390 10       		.byte	0x10
 683 0391 00       		.byte	0
 684 0392 0A       		.uleb128 0xa
ARM GAS  /tmp/cc319cjy.s 			page 13


 685 0393 04       		.byte	0x4
 686 0394 3E030000 		.4byte	0x33e
 687 0398 09       		.uleb128 0x9
 688 0399 10       		.byte	0x10
 689 039a 09       		.byte	0x9
 690 039b 6C       		.byte	0x6c
 691 039c D1030000 		.4byte	0x3d1
 692 03a0 07       		.uleb128 0x7
 693 03a1 83010000 		.4byte	.LASF53
 694 03a5 09       		.byte	0x9
 695 03a6 6D       		.byte	0x6d
 696 03a7 92030000 		.4byte	0x392
 697 03ab 00       		.byte	0
 698 03ac 07       		.uleb128 0x7
 699 03ad 6E010000 		.4byte	.LASF54
 700 03b1 09       		.byte	0x9
 701 03b2 6F       		.byte	0x6f
 702 03b3 92030000 		.4byte	0x392
 703 03b7 04       		.byte	0x4
 704 03b8 07       		.uleb128 0x7
 705 03b9 50020000 		.4byte	.LASF55
 706 03bd 09       		.byte	0x9
 707 03be 71       		.byte	0x71
 708 03bf 1B010000 		.4byte	0x11b
 709 03c3 08       		.byte	0x8
 710 03c4 07       		.uleb128 0x7
 711 03c5 D9040000 		.4byte	.LASF58
 712 03c9 09       		.byte	0x9
 713 03ca 72       		.byte	0x72
 714 03cb 26010000 		.4byte	0x126
 715 03cf 0C       		.byte	0xc
 716 03d0 00       		.byte	0
 717 03d1 03       		.uleb128 0x3
 718 03d2 EF040000 		.4byte	.LASF59
 719 03d6 09       		.byte	0x9
 720 03d7 73       		.byte	0x73
 721 03d8 98030000 		.4byte	0x398
 722 03dc 0E       		.uleb128 0xe
 723 03dd 37000000 		.4byte	.LASF67
 724 03e1 09       		.byte	0x9
 725 03e2 D1       		.byte	0xd1
 726 03e3 D1030000 		.4byte	0x3d1
 727 03e7 09       		.uleb128 0x9
 728 03e8 1C       		.byte	0x1c
 729 03e9 0A       		.byte	0xa
 730 03ea 57       		.byte	0x57
 731 03eb 38040000 		.4byte	0x438
 732 03ef 07       		.uleb128 0x7
 733 03f0 8B030000 		.4byte	.LASF60
 734 03f4 0A       		.byte	0xa
 735 03f5 58       		.byte	0x58
 736 03f6 4E020000 		.4byte	0x24e
 737 03fa 00       		.byte	0
 738 03fb 07       		.uleb128 0x7
 739 03fc 2B030000 		.4byte	.LASF61
 740 0400 0A       		.byte	0xa
 741 0401 59       		.byte	0x59
ARM GAS  /tmp/cc319cjy.s 			page 14


 742 0402 FA000000 		.4byte	0xfa
 743 0406 08       		.byte	0x8
 744 0407 07       		.uleb128 0x7
 745 0408 89020000 		.4byte	.LASF62
 746 040c 0A       		.byte	0xa
 747 040d 5B       		.byte	0x5b
 748 040e 03030000 		.4byte	0x303
 749 0412 0C       		.byte	0xc
 750 0413 07       		.uleb128 0x7
 751 0414 E3010000 		.4byte	.LASF63
 752 0418 0A       		.byte	0xa
 753 0419 5E       		.byte	0x5e
 754 041a 48020000 		.4byte	0x248
 755 041e 10       		.byte	0x10
 756 041f 07       		.uleb128 0x7
 757 0420 AE020000 		.4byte	.LASF64
 758 0424 0A       		.byte	0xa
 759 0425 5F       		.byte	0x5f
 760 0426 48020000 		.4byte	0x248
 761 042a 14       		.byte	0x14
 762 042b 07       		.uleb128 0x7
 763 042c A4020000 		.4byte	.LASF65
 764 0430 0A       		.byte	0xa
 765 0431 62       		.byte	0x62
 766 0432 48020000 		.4byte	0x248
 767 0436 18       		.byte	0x18
 768 0437 00       		.byte	0
 769 0438 03       		.uleb128 0x3
 770 0439 AC040000 		.4byte	.LASF66
 771 043d 0A       		.byte	0xa
 772 043e 64       		.byte	0x64
 773 043f E7030000 		.4byte	0x3e7
 774 0443 0E       		.uleb128 0xe
 775 0444 BD040000 		.4byte	.LASF68
 776 0448 0A       		.byte	0xa
 777 0449 68       		.byte	0x68
 778 044a 38040000 		.4byte	0x438
 779 044e 06       		.uleb128 0x6
 780 044f 2B020000 		.4byte	.LASF69
 781 0453 10       		.byte	0x10
 782 0454 0B       		.byte	0xb
 783 0455 25       		.byte	0x25
 784 0456 7F040000 		.4byte	0x47f
 785 045a 07       		.uleb128 0x7
 786 045b FE000000 		.4byte	.LASF70
 787 045f 0B       		.byte	0xb
 788 0460 26       		.byte	0x26
 789 0461 4E020000 		.4byte	0x24e
 790 0465 00       		.byte	0
 791 0466 07       		.uleb128 0x7
 792 0467 F6040000 		.4byte	.LASF71
 793 046b 0B       		.byte	0xb
 794 046c 28       		.byte	0x28
 795 046d 48020000 		.4byte	0x248
 796 0471 08       		.byte	0x8
 797 0472 07       		.uleb128 0x7
 798 0473 C5030000 		.4byte	.LASF72
ARM GAS  /tmp/cc319cjy.s 			page 15


 799 0477 0B       		.byte	0xb
 800 0478 2A       		.byte	0x2a
 801 0479 7F040000 		.4byte	0x47f
 802 047d 0C       		.byte	0xc
 803 047e 00       		.byte	0
 804 047f 0A       		.uleb128 0xa
 805 0480 04       		.byte	0x4
 806 0481 4E040000 		.4byte	0x44e
 807 0485 03       		.uleb128 0x3
 808 0486 2B020000 		.4byte	.LASF69
 809 048a 0B       		.byte	0xb
 810 048b 2C       		.byte	0x2c
 811 048c 4E040000 		.4byte	0x44e
 812 0490 0F       		.uleb128 0xf
 813 0491 04       		.byte	0x4
 814 0492 07       		.byte	0x7
 815 0493 8F       		.byte	0x8f
 816 0494 C5040000 		.4byte	0x4c5
 817 0498 10       		.uleb128 0x10
 818 0499 1A000000 		.4byte	.LASF73
 819 049d 07       		.byte	0x7
 820 049e 96       		.byte	0x96
 821 049f 05010000 		.4byte	0x105
 822 04a3 10       		.uleb128 0x10
 823 04a4 9D000000 		.4byte	.LASF74
 824 04a8 07       		.byte	0x7
 825 04a9 9D       		.byte	0x9d
 826 04aa 05010000 		.4byte	0x105
 827 04ae 10       		.uleb128 0x10
 828 04af CB040000 		.4byte	.LASF75
 829 04b3 07       		.byte	0x7
 830 04b4 A4       		.byte	0xa4
 831 04b5 8F020000 		.4byte	0x28f
 832 04b9 10       		.uleb128 0x10
 833 04ba 32030000 		.4byte	.LASF76
 834 04be 07       		.byte	0x7
 835 04bf AB       		.byte	0xab
 836 04c0 10010000 		.4byte	0x110
 837 04c4 00       		.byte	0
 838 04c5 0A       		.uleb128 0xa
 839 04c6 04       		.byte	0x4
 840 04c7 D2040000 		.4byte	0x4d2
 841 04cb 04       		.uleb128 0x4
 842 04cc 01       		.byte	0x1
 843 04cd 08       		.byte	0x8
 844 04ce AD030000 		.4byte	.LASF77
 845 04d2 11       		.uleb128 0x11
 846 04d3 CB040000 		.4byte	0x4cb
 847 04d7 0A       		.uleb128 0xa
 848 04d8 04       		.byte	0x4
 849 04d9 85040000 		.4byte	0x485
 850 04dd 09       		.uleb128 0x9
 851 04de 16       		.byte	0x16
 852 04df 0C       		.byte	0xc
 853 04e0 25       		.byte	0x25
 854 04e1 BE050000 		.4byte	0x5be
 855 04e5 07       		.uleb128 0x7
ARM GAS  /tmp/cc319cjy.s 			page 16


 856 04e6 AF010000 		.4byte	.LASF78
 857 04ea 0C       		.byte	0xc
 858 04eb 26       		.byte	0x26
 859 04ec BE050000 		.4byte	0x5be
 860 04f0 00       		.byte	0
 861 04f1 07       		.uleb128 0x7
 862 04f2 3C020000 		.4byte	.LASF79
 863 04f6 0C       		.byte	0xc
 864 04f7 27       		.byte	0x27
 865 04f8 A2000000 		.4byte	0xa2
 866 04fc 04       		.byte	0x4
 867 04fd 07       		.uleb128 0x7
 868 04fe 9C020000 		.4byte	.LASF80
 869 0502 0C       		.byte	0xc
 870 0503 28       		.byte	0x28
 871 0504 A2000000 		.4byte	0xa2
 872 0508 05       		.byte	0x5
 873 0509 07       		.uleb128 0x7
 874 050a E4040000 		.4byte	.LASF81
 875 050e 0C       		.byte	0xc
 876 050f 29       		.byte	0x29
 877 0510 AD000000 		.4byte	0xad
 878 0514 06       		.byte	0x6
 879 0515 07       		.uleb128 0x7
 880 0516 BE020000 		.4byte	.LASF82
 881 051a 0C       		.byte	0xc
 882 051b 2A       		.byte	0x2a
 883 051c A2000000 		.4byte	0xa2
 884 0520 08       		.byte	0x8
 885 0521 07       		.uleb128 0x7
 886 0522 69020000 		.4byte	.LASF83
 887 0526 0C       		.byte	0xc
 888 0527 2B       		.byte	0x2b
 889 0528 A2000000 		.4byte	0xa2
 890 052c 09       		.byte	0x9
 891 052d 07       		.uleb128 0x7
 892 052e 8F000000 		.4byte	.LASF84
 893 0532 0C       		.byte	0xc
 894 0533 2C       		.byte	0x2c
 895 0534 A2000000 		.4byte	0xa2
 896 0538 0A       		.byte	0xa
 897 0539 07       		.uleb128 0x7
 898 053a 7F030000 		.4byte	.LASF85
 899 053e 0C       		.byte	0xc
 900 053f 2D       		.byte	0x2d
 901 0540 A2000000 		.4byte	0xa2
 902 0544 0B       		.byte	0xb
 903 0545 07       		.uleb128 0x7
 904 0546 9A040000 		.4byte	.LASF86
 905 054a 0C       		.byte	0xc
 906 054b 2E       		.byte	0x2e
 907 054c A2000000 		.4byte	0xa2
 908 0550 0C       		.byte	0xc
 909 0551 07       		.uleb128 0x7
 910 0552 5E030000 		.4byte	.LASF87
 911 0556 0C       		.byte	0xc
 912 0557 2F       		.byte	0x2f
ARM GAS  /tmp/cc319cjy.s 			page 17


 913 0558 A2000000 		.4byte	0xa2
 914 055c 0D       		.byte	0xd
 915 055d 07       		.uleb128 0x7
 916 055e 00000000 		.4byte	.LASF88
 917 0562 0C       		.byte	0xc
 918 0563 30       		.byte	0x30
 919 0564 A2000000 		.4byte	0xa2
 920 0568 0E       		.byte	0xe
 921 0569 07       		.uleb128 0x7
 922 056a 75020000 		.4byte	.LASF89
 923 056e 0C       		.byte	0xc
 924 056f 31       		.byte	0x31
 925 0570 A2000000 		.4byte	0xa2
 926 0574 0F       		.byte	0xf
 927 0575 07       		.uleb128 0x7
 928 0576 E1000000 		.4byte	.LASF90
 929 057a 0C       		.byte	0xc
 930 057b 32       		.byte	0x32
 931 057c A2000000 		.4byte	0xa2
 932 0580 10       		.byte	0x10
 933 0581 07       		.uleb128 0x7
 934 0582 BA000000 		.4byte	.LASF91
 935 0586 0C       		.byte	0xc
 936 0587 34       		.byte	0x34
 937 0588 A2000000 		.4byte	0xa2
 938 058c 11       		.byte	0x11
 939 058d 07       		.uleb128 0x7
 940 058e F1000000 		.4byte	.LASF92
 941 0592 0C       		.byte	0xc
 942 0593 35       		.byte	0x35
 943 0594 A2000000 		.4byte	0xa2
 944 0598 12       		.byte	0x12
 945 0599 07       		.uleb128 0x7
 946 059a 44020000 		.4byte	.LASF93
 947 059e 0C       		.byte	0xc
 948 059f 36       		.byte	0x36
 949 05a0 A2000000 		.4byte	0xa2
 950 05a4 13       		.byte	0x13
 951 05a5 07       		.uleb128 0x7
 952 05a6 40030000 		.4byte	.LASF94
 953 05aa 0C       		.byte	0xc
 954 05ab 37       		.byte	0x37
 955 05ac A2000000 		.4byte	0xa2
 956 05b0 14       		.byte	0x14
 957 05b1 07       		.uleb128 0x7
 958 05b2 1F030000 		.4byte	.LASF95
 959 05b6 0C       		.byte	0xc
 960 05b7 39       		.byte	0x39
 961 05b8 A2000000 		.4byte	0xa2
 962 05bc 15       		.byte	0x15
 963 05bd 00       		.byte	0
 964 05be 12       		.uleb128 0x12
 965 05bf CB040000 		.4byte	0x4cb
 966 05c3 CE050000 		.4byte	0x5ce
 967 05c7 13       		.uleb128 0x13
 968 05c8 CE050000 		.4byte	0x5ce
 969 05cc 03       		.byte	0x3
ARM GAS  /tmp/cc319cjy.s 			page 18


 970 05cd 00       		.byte	0
 971 05ce 04       		.uleb128 0x4
 972 05cf 04       		.byte	0x4
 973 05d0 07       		.byte	0x7
 974 05d1 58020000 		.4byte	.LASF96
 975 05d5 03       		.uleb128 0x3
 976 05d6 2B010000 		.4byte	.LASF97
 977 05da 0C       		.byte	0xc
 978 05db 3A       		.byte	0x3a
 979 05dc DD040000 		.4byte	0x4dd
 980 05e0 11       		.uleb128 0x11
 981 05e1 D5050000 		.4byte	0x5d5
 982 05e5 0E       		.uleb128 0xe
 983 05e6 9D010000 		.4byte	.LASF98
 984 05ea 0C       		.byte	0xc
 985 05eb 77       		.byte	0x77
 986 05ec E0050000 		.4byte	0x5e0
 987 05f0 0A       		.uleb128 0xa
 988 05f1 04       		.byte	0x4
 989 05f2 A2000000 		.4byte	0xa2
 990 05f6 12       		.uleb128 0x12
 991 05f7 79020000 		.4byte	0x279
 992 05fb 06060000 		.4byte	0x606
 993 05ff 13       		.uleb128 0x13
 994 0600 CE050000 		.4byte	0x5ce
 995 0604 26       		.byte	0x26
 996 0605 00       		.byte	0
 997 0606 0E       		.uleb128 0xe
 998 0607 3D010000 		.4byte	.LASF99
 999 060b 0D       		.byte	0xd
 1000 060c 82       		.byte	0x82
 1001 060d F6050000 		.4byte	0x5f6
 1002 0611 14       		.uleb128 0x14
 1003 0612 BD030000 		.4byte	.LASF100
 1004 0616 01       		.byte	0x1
 1005 0617 33       		.byte	0x33
 1006 0618 F0050000 		.4byte	0x5f0
 1007 061c 05       		.uleb128 0x5
 1008 061d 03       		.byte	0x3
 1009 061e 00000000 		.4byte	nextmem
 1010 0622 14       		.uleb128 0x14
 1011 0623 B6040000 		.4byte	.LASF101
 1012 0627 01       		.byte	0x1
 1013 0628 34       		.byte	0x34
 1014 0629 F0050000 		.4byte	0x5f0
 1015 062d 05       		.uleb128 0x5
 1016 062e 03       		.byte	0x3
 1017 062f 00000000 		.4byte	endmem
 1018 0633 15       		.uleb128 0x15
 1019 0634 A0030000 		.4byte	.LASF107
 1020 0638 01       		.byte	0x1
 1021 0639 7D       		.byte	0x7d
 1022 063a 2C000000 		.4byte	0x2c
 1023 063e 00000000 		.4byte	.LFB10
 1024 0642 20000000 		.4byte	.LFE10-.LFB10
 1025 0646 01       		.uleb128 0x1
 1026 0647 9C       		.byte	0x9c
ARM GAS  /tmp/cc319cjy.s 			page 19


 1027 0648 16       		.uleb128 0x16
 1028 0649 4D010000 		.4byte	.LASF108
 1029 064d 01       		.byte	0x1
 1030 064e 69       		.byte	0x69
 1031 064f 8F020000 		.4byte	0x28f
 1032 0653 01       		.byte	0x1
 1033 0654 6D060000 		.4byte	0x66d
 1034 0658 17       		.uleb128 0x17
 1035 0659 C5010000 		.4byte	.LASF109
 1036 065d 01       		.byte	0x1
 1037 065e 69       		.byte	0x69
 1038 065f 2C000000 		.4byte	0x2c
 1039 0663 18       		.uleb128 0x18
 1040 0664 7000     		.ascii	"p\000"
 1041 0666 01       		.byte	0x1
 1042 0667 6A       		.byte	0x6a
 1043 0668 8F020000 		.4byte	0x28f
 1044 066c 00       		.byte	0
 1045 066d 19       		.uleb128 0x19
 1046 066e 21000000 		.4byte	.LASF110
 1047 0672 01       		.byte	0x1
 1048 0673 54       		.byte	0x54
 1049 0674 8F020000 		.4byte	0x28f
 1050 0678 00000000 		.4byte	.LFB8
 1051 067c 44000000 		.4byte	.LFE8-.LFB8
 1052 0680 01       		.uleb128 0x1
 1053 0681 9C       		.byte	0x9c
 1054 0682 C9060000 		.4byte	0x6c9
 1055 0686 1A       		.uleb128 0x1a
 1056 0687 C5010000 		.4byte	.LASF109
 1057 068b 01       		.byte	0x1
 1058 068c 54       		.byte	0x54
 1059 068d 2C000000 		.4byte	0x2c
 1060 0691 00000000 		.4byte	.LLST0
 1061 0695 18       		.uleb128 0x18
 1062 0696 7000     		.ascii	"p\000"
 1063 0698 01       		.byte	0x1
 1064 0699 55       		.byte	0x55
 1065 069a 8F020000 		.4byte	0x28f
 1066 069e 1B       		.uleb128 0x1b
 1067 069f 48060000 		.4byte	0x648
 1068 06a3 04000000 		.4byte	.LBB4
 1069 06a7 30000000 		.4byte	.LBE4-.LBB4
 1070 06ab 01       		.byte	0x1
 1071 06ac 58       		.byte	0x58
 1072 06ad 1C       		.uleb128 0x1c
 1073 06ae 58060000 		.4byte	0x658
 1074 06b2 21000000 		.4byte	.LLST1
 1075 06b6 1D       		.uleb128 0x1d
 1076 06b7 04000000 		.4byte	.LBB5
 1077 06bb 30000000 		.4byte	.LBE5-.LBB5
 1078 06bf 1E       		.uleb128 0x1e
 1079 06c0 63060000 		.4byte	0x663
 1080 06c4 01       		.uleb128 0x1
 1081 06c5 52       		.byte	0x52
 1082 06c6 00       		.byte	0
 1083 06c7 00       		.byte	0
ARM GAS  /tmp/cc319cjy.s 			page 20


 1084 06c8 00       		.byte	0
 1085 06c9 1F       		.uleb128 0x1f
 1086 06ca EE020000 		.4byte	.LASF111
 1087 06ce 01       		.byte	0x1
 1088 06cf 3B       		.byte	0x3b
 1089 06d0 00000000 		.4byte	.LFB7
 1090 06d4 34000000 		.4byte	.LFE7-.LFB7
 1091 06d8 01       		.uleb128 0x1
 1092 06d9 9C       		.byte	0x9c
 1093 06da F5060000 		.4byte	0x6f5
 1094 06de 0E       		.uleb128 0xe
 1095 06df 8C040000 		.4byte	.LASF102
 1096 06e3 01       		.byte	0x1
 1097 06e4 3D       		.byte	0x3d
 1098 06e5 F5060000 		.4byte	0x6f5
 1099 06e9 0E       		.uleb128 0xe
 1100 06ea A6000000 		.4byte	.LASF103
 1101 06ee 01       		.byte	0x1
 1102 06ef 3E       		.byte	0x3e
 1103 06f0 F5060000 		.4byte	0x6f5
 1104 06f4 00       		.byte	0
 1105 06f5 12       		.uleb128 0x12
 1106 06f6 A2000000 		.4byte	0xa2
 1107 06fa 00070000 		.4byte	0x700
 1108 06fe 20       		.uleb128 0x20
 1109 06ff 00       		.byte	0
 1110 0700 21       		.uleb128 0x21
 1111 0701 48060000 		.4byte	0x648
 1112 0705 00000000 		.4byte	.LFB9
 1113 0709 3C000000 		.4byte	.LFE9-.LFB9
 1114 070d 01       		.uleb128 0x1
 1115 070e 9C       		.byte	0x9c
 1116 070f 1C       		.uleb128 0x1c
 1117 0710 58060000 		.4byte	0x658
 1118 0714 62000000 		.4byte	.LLST2
 1119 0718 1E       		.uleb128 0x1e
 1120 0719 63060000 		.4byte	0x663
 1121 071d 01       		.uleb128 0x1
 1122 071e 52       		.byte	0x52
 1123 071f 00       		.byte	0
 1124 0720 00       		.byte	0
 1125              		.section	.debug_abbrev,"",%progbits
 1126              	.Ldebug_abbrev0:
 1127 0000 01       		.uleb128 0x1
 1128 0001 11       		.uleb128 0x11
 1129 0002 01       		.byte	0x1
 1130 0003 25       		.uleb128 0x25
 1131 0004 0E       		.uleb128 0xe
 1132 0005 13       		.uleb128 0x13
 1133 0006 0B       		.uleb128 0xb
 1134 0007 03       		.uleb128 0x3
 1135 0008 0E       		.uleb128 0xe
 1136 0009 1B       		.uleb128 0x1b
 1137 000a 0E       		.uleb128 0xe
 1138 000b 55       		.uleb128 0x55
 1139 000c 17       		.uleb128 0x17
 1140 000d 11       		.uleb128 0x11
ARM GAS  /tmp/cc319cjy.s 			page 21


 1141 000e 01       		.uleb128 0x1
 1142 000f 10       		.uleb128 0x10
 1143 0010 17       		.uleb128 0x17
 1144 0011 00       		.byte	0
 1145 0012 00       		.byte	0
 1146 0013 02       		.uleb128 0x2
 1147 0014 24       		.uleb128 0x24
 1148 0015 00       		.byte	0
 1149 0016 0B       		.uleb128 0xb
 1150 0017 0B       		.uleb128 0xb
 1151 0018 3E       		.uleb128 0x3e
 1152 0019 0B       		.uleb128 0xb
 1153 001a 03       		.uleb128 0x3
 1154 001b 08       		.uleb128 0x8
 1155 001c 00       		.byte	0
 1156 001d 00       		.byte	0
 1157 001e 03       		.uleb128 0x3
 1158 001f 16       		.uleb128 0x16
 1159 0020 00       		.byte	0
 1160 0021 03       		.uleb128 0x3
 1161 0022 0E       		.uleb128 0xe
 1162 0023 3A       		.uleb128 0x3a
 1163 0024 0B       		.uleb128 0xb
 1164 0025 3B       		.uleb128 0x3b
 1165 0026 0B       		.uleb128 0xb
 1166 0027 49       		.uleb128 0x49
 1167 0028 13       		.uleb128 0x13
 1168 0029 00       		.byte	0
 1169 002a 00       		.byte	0
 1170 002b 04       		.uleb128 0x4
 1171 002c 24       		.uleb128 0x24
 1172 002d 00       		.byte	0
 1173 002e 0B       		.uleb128 0xb
 1174 002f 0B       		.uleb128 0xb
 1175 0030 3E       		.uleb128 0x3e
 1176 0031 0B       		.uleb128 0xb
 1177 0032 03       		.uleb128 0x3
 1178 0033 0E       		.uleb128 0xe
 1179 0034 00       		.byte	0
 1180 0035 00       		.byte	0
 1181 0036 05       		.uleb128 0x5
 1182 0037 35       		.uleb128 0x35
 1183 0038 00       		.byte	0
 1184 0039 49       		.uleb128 0x49
 1185 003a 13       		.uleb128 0x13
 1186 003b 00       		.byte	0
 1187 003c 00       		.byte	0
 1188 003d 06       		.uleb128 0x6
 1189 003e 13       		.uleb128 0x13
 1190 003f 01       		.byte	0x1
 1191 0040 03       		.uleb128 0x3
 1192 0041 0E       		.uleb128 0xe
 1193 0042 0B       		.uleb128 0xb
 1194 0043 0B       		.uleb128 0xb
 1195 0044 3A       		.uleb128 0x3a
 1196 0045 0B       		.uleb128 0xb
 1197 0046 3B       		.uleb128 0x3b
ARM GAS  /tmp/cc319cjy.s 			page 22


 1198 0047 0B       		.uleb128 0xb
 1199 0048 01       		.uleb128 0x1
 1200 0049 13       		.uleb128 0x13
 1201 004a 00       		.byte	0
 1202 004b 00       		.byte	0
 1203 004c 07       		.uleb128 0x7
 1204 004d 0D       		.uleb128 0xd
 1205 004e 00       		.byte	0
 1206 004f 03       		.uleb128 0x3
 1207 0050 0E       		.uleb128 0xe
 1208 0051 3A       		.uleb128 0x3a
 1209 0052 0B       		.uleb128 0xb
 1210 0053 3B       		.uleb128 0x3b
 1211 0054 0B       		.uleb128 0xb
 1212 0055 49       		.uleb128 0x49
 1213 0056 13       		.uleb128 0x13
 1214 0057 38       		.uleb128 0x38
 1215 0058 0B       		.uleb128 0xb
 1216 0059 00       		.byte	0
 1217 005a 00       		.byte	0
 1218 005b 08       		.uleb128 0x8
 1219 005c 0D       		.uleb128 0xd
 1220 005d 00       		.byte	0
 1221 005e 03       		.uleb128 0x3
 1222 005f 08       		.uleb128 0x8
 1223 0060 3A       		.uleb128 0x3a
 1224 0061 0B       		.uleb128 0xb
 1225 0062 3B       		.uleb128 0x3b
 1226 0063 0B       		.uleb128 0xb
 1227 0064 49       		.uleb128 0x49
 1228 0065 13       		.uleb128 0x13
 1229 0066 38       		.uleb128 0x38
 1230 0067 0B       		.uleb128 0xb
 1231 0068 00       		.byte	0
 1232 0069 00       		.byte	0
 1233 006a 09       		.uleb128 0x9
 1234 006b 13       		.uleb128 0x13
 1235 006c 01       		.byte	0x1
 1236 006d 0B       		.uleb128 0xb
 1237 006e 0B       		.uleb128 0xb
 1238 006f 3A       		.uleb128 0x3a
 1239 0070 0B       		.uleb128 0xb
 1240 0071 3B       		.uleb128 0x3b
 1241 0072 0B       		.uleb128 0xb
 1242 0073 01       		.uleb128 0x1
 1243 0074 13       		.uleb128 0x13
 1244 0075 00       		.byte	0
 1245 0076 00       		.byte	0
 1246 0077 0A       		.uleb128 0xa
 1247 0078 0F       		.uleb128 0xf
 1248 0079 00       		.byte	0
 1249 007a 0B       		.uleb128 0xb
 1250 007b 0B       		.uleb128 0xb
 1251 007c 49       		.uleb128 0x49
 1252 007d 13       		.uleb128 0x13
 1253 007e 00       		.byte	0
 1254 007f 00       		.byte	0
ARM GAS  /tmp/cc319cjy.s 			page 23


 1255 0080 0B       		.uleb128 0xb
 1256 0081 0F       		.uleb128 0xf
 1257 0082 00       		.byte	0
 1258 0083 0B       		.uleb128 0xb
 1259 0084 0B       		.uleb128 0xb
 1260 0085 00       		.byte	0
 1261 0086 00       		.byte	0
 1262 0087 0C       		.uleb128 0xc
 1263 0088 15       		.uleb128 0x15
 1264 0089 01       		.byte	0x1
 1265 008a 27       		.uleb128 0x27
 1266 008b 19       		.uleb128 0x19
 1267 008c 01       		.uleb128 0x1
 1268 008d 13       		.uleb128 0x13
 1269 008e 00       		.byte	0
 1270 008f 00       		.byte	0
 1271 0090 0D       		.uleb128 0xd
 1272 0091 05       		.uleb128 0x5
 1273 0092 00       		.byte	0
 1274 0093 49       		.uleb128 0x49
 1275 0094 13       		.uleb128 0x13
 1276 0095 00       		.byte	0
 1277 0096 00       		.byte	0
 1278 0097 0E       		.uleb128 0xe
 1279 0098 34       		.uleb128 0x34
 1280 0099 00       		.byte	0
 1281 009a 03       		.uleb128 0x3
 1282 009b 0E       		.uleb128 0xe
 1283 009c 3A       		.uleb128 0x3a
 1284 009d 0B       		.uleb128 0xb
 1285 009e 3B       		.uleb128 0x3b
 1286 009f 0B       		.uleb128 0xb
 1287 00a0 49       		.uleb128 0x49
 1288 00a1 13       		.uleb128 0x13
 1289 00a2 3F       		.uleb128 0x3f
 1290 00a3 19       		.uleb128 0x19
 1291 00a4 3C       		.uleb128 0x3c
 1292 00a5 19       		.uleb128 0x19
 1293 00a6 00       		.byte	0
 1294 00a7 00       		.byte	0
 1295 00a8 0F       		.uleb128 0xf
 1296 00a9 17       		.uleb128 0x17
 1297 00aa 01       		.byte	0x1
 1298 00ab 0B       		.uleb128 0xb
 1299 00ac 0B       		.uleb128 0xb
 1300 00ad 3A       		.uleb128 0x3a
 1301 00ae 0B       		.uleb128 0xb
 1302 00af 3B       		.uleb128 0x3b
 1303 00b0 0B       		.uleb128 0xb
 1304 00b1 01       		.uleb128 0x1
 1305 00b2 13       		.uleb128 0x13
 1306 00b3 00       		.byte	0
 1307 00b4 00       		.byte	0
 1308 00b5 10       		.uleb128 0x10
 1309 00b6 0D       		.uleb128 0xd
 1310 00b7 00       		.byte	0
 1311 00b8 03       		.uleb128 0x3
ARM GAS  /tmp/cc319cjy.s 			page 24


 1312 00b9 0E       		.uleb128 0xe
 1313 00ba 3A       		.uleb128 0x3a
 1314 00bb 0B       		.uleb128 0xb
 1315 00bc 3B       		.uleb128 0x3b
 1316 00bd 0B       		.uleb128 0xb
 1317 00be 49       		.uleb128 0x49
 1318 00bf 13       		.uleb128 0x13
 1319 00c0 00       		.byte	0
 1320 00c1 00       		.byte	0
 1321 00c2 11       		.uleb128 0x11
 1322 00c3 26       		.uleb128 0x26
 1323 00c4 00       		.byte	0
 1324 00c5 49       		.uleb128 0x49
 1325 00c6 13       		.uleb128 0x13
 1326 00c7 00       		.byte	0
 1327 00c8 00       		.byte	0
 1328 00c9 12       		.uleb128 0x12
 1329 00ca 01       		.uleb128 0x1
 1330 00cb 01       		.byte	0x1
 1331 00cc 49       		.uleb128 0x49
 1332 00cd 13       		.uleb128 0x13
 1333 00ce 01       		.uleb128 0x1
 1334 00cf 13       		.uleb128 0x13
 1335 00d0 00       		.byte	0
 1336 00d1 00       		.byte	0
 1337 00d2 13       		.uleb128 0x13
 1338 00d3 21       		.uleb128 0x21
 1339 00d4 00       		.byte	0
 1340 00d5 49       		.uleb128 0x49
 1341 00d6 13       		.uleb128 0x13
 1342 00d7 2F       		.uleb128 0x2f
 1343 00d8 0B       		.uleb128 0xb
 1344 00d9 00       		.byte	0
 1345 00da 00       		.byte	0
 1346 00db 14       		.uleb128 0x14
 1347 00dc 34       		.uleb128 0x34
 1348 00dd 00       		.byte	0
 1349 00de 03       		.uleb128 0x3
 1350 00df 0E       		.uleb128 0xe
 1351 00e0 3A       		.uleb128 0x3a
 1352 00e1 0B       		.uleb128 0xb
 1353 00e2 3B       		.uleb128 0x3b
 1354 00e3 0B       		.uleb128 0xb
 1355 00e4 49       		.uleb128 0x49
 1356 00e5 13       		.uleb128 0x13
 1357 00e6 02       		.uleb128 0x2
 1358 00e7 18       		.uleb128 0x18
 1359 00e8 00       		.byte	0
 1360 00e9 00       		.byte	0
 1361 00ea 15       		.uleb128 0x15
 1362 00eb 2E       		.uleb128 0x2e
 1363 00ec 00       		.byte	0
 1364 00ed 3F       		.uleb128 0x3f
 1365 00ee 19       		.uleb128 0x19
 1366 00ef 03       		.uleb128 0x3
 1367 00f0 0E       		.uleb128 0xe
 1368 00f1 3A       		.uleb128 0x3a
ARM GAS  /tmp/cc319cjy.s 			page 25


 1369 00f2 0B       		.uleb128 0xb
 1370 00f3 3B       		.uleb128 0x3b
 1371 00f4 0B       		.uleb128 0xb
 1372 00f5 27       		.uleb128 0x27
 1373 00f6 19       		.uleb128 0x19
 1374 00f7 49       		.uleb128 0x49
 1375 00f8 13       		.uleb128 0x13
 1376 00f9 11       		.uleb128 0x11
 1377 00fa 01       		.uleb128 0x1
 1378 00fb 12       		.uleb128 0x12
 1379 00fc 06       		.uleb128 0x6
 1380 00fd 40       		.uleb128 0x40
 1381 00fe 18       		.uleb128 0x18
 1382 00ff 9742     		.uleb128 0x2117
 1383 0101 19       		.uleb128 0x19
 1384 0102 00       		.byte	0
 1385 0103 00       		.byte	0
 1386 0104 16       		.uleb128 0x16
 1387 0105 2E       		.uleb128 0x2e
 1388 0106 01       		.byte	0x1
 1389 0107 3F       		.uleb128 0x3f
 1390 0108 19       		.uleb128 0x19
 1391 0109 03       		.uleb128 0x3
 1392 010a 0E       		.uleb128 0xe
 1393 010b 3A       		.uleb128 0x3a
 1394 010c 0B       		.uleb128 0xb
 1395 010d 3B       		.uleb128 0x3b
 1396 010e 0B       		.uleb128 0xb
 1397 010f 27       		.uleb128 0x27
 1398 0110 19       		.uleb128 0x19
 1399 0111 49       		.uleb128 0x49
 1400 0112 13       		.uleb128 0x13
 1401 0113 20       		.uleb128 0x20
 1402 0114 0B       		.uleb128 0xb
 1403 0115 01       		.uleb128 0x1
 1404 0116 13       		.uleb128 0x13
 1405 0117 00       		.byte	0
 1406 0118 00       		.byte	0
 1407 0119 17       		.uleb128 0x17
 1408 011a 05       		.uleb128 0x5
 1409 011b 00       		.byte	0
 1410 011c 03       		.uleb128 0x3
 1411 011d 0E       		.uleb128 0xe
 1412 011e 3A       		.uleb128 0x3a
 1413 011f 0B       		.uleb128 0xb
 1414 0120 3B       		.uleb128 0x3b
 1415 0121 0B       		.uleb128 0xb
 1416 0122 49       		.uleb128 0x49
 1417 0123 13       		.uleb128 0x13
 1418 0124 00       		.byte	0
 1419 0125 00       		.byte	0
 1420 0126 18       		.uleb128 0x18
 1421 0127 34       		.uleb128 0x34
 1422 0128 00       		.byte	0
 1423 0129 03       		.uleb128 0x3
 1424 012a 08       		.uleb128 0x8
 1425 012b 3A       		.uleb128 0x3a
ARM GAS  /tmp/cc319cjy.s 			page 26


 1426 012c 0B       		.uleb128 0xb
 1427 012d 3B       		.uleb128 0x3b
 1428 012e 0B       		.uleb128 0xb
 1429 012f 49       		.uleb128 0x49
 1430 0130 13       		.uleb128 0x13
 1431 0131 00       		.byte	0
 1432 0132 00       		.byte	0
 1433 0133 19       		.uleb128 0x19
 1434 0134 2E       		.uleb128 0x2e
 1435 0135 01       		.byte	0x1
 1436 0136 3F       		.uleb128 0x3f
 1437 0137 19       		.uleb128 0x19
 1438 0138 03       		.uleb128 0x3
 1439 0139 0E       		.uleb128 0xe
 1440 013a 3A       		.uleb128 0x3a
 1441 013b 0B       		.uleb128 0xb
 1442 013c 3B       		.uleb128 0x3b
 1443 013d 0B       		.uleb128 0xb
 1444 013e 27       		.uleb128 0x27
 1445 013f 19       		.uleb128 0x19
 1446 0140 49       		.uleb128 0x49
 1447 0141 13       		.uleb128 0x13
 1448 0142 11       		.uleb128 0x11
 1449 0143 01       		.uleb128 0x1
 1450 0144 12       		.uleb128 0x12
 1451 0145 06       		.uleb128 0x6
 1452 0146 40       		.uleb128 0x40
 1453 0147 18       		.uleb128 0x18
 1454 0148 9742     		.uleb128 0x2117
 1455 014a 19       		.uleb128 0x19
 1456 014b 01       		.uleb128 0x1
 1457 014c 13       		.uleb128 0x13
 1458 014d 00       		.byte	0
 1459 014e 00       		.byte	0
 1460 014f 1A       		.uleb128 0x1a
 1461 0150 05       		.uleb128 0x5
 1462 0151 00       		.byte	0
 1463 0152 03       		.uleb128 0x3
 1464 0153 0E       		.uleb128 0xe
 1465 0154 3A       		.uleb128 0x3a
 1466 0155 0B       		.uleb128 0xb
 1467 0156 3B       		.uleb128 0x3b
 1468 0157 0B       		.uleb128 0xb
 1469 0158 49       		.uleb128 0x49
 1470 0159 13       		.uleb128 0x13
 1471 015a 02       		.uleb128 0x2
 1472 015b 17       		.uleb128 0x17
 1473 015c 00       		.byte	0
 1474 015d 00       		.byte	0
 1475 015e 1B       		.uleb128 0x1b
 1476 015f 1D       		.uleb128 0x1d
 1477 0160 01       		.byte	0x1
 1478 0161 31       		.uleb128 0x31
 1479 0162 13       		.uleb128 0x13
 1480 0163 11       		.uleb128 0x11
 1481 0164 01       		.uleb128 0x1
 1482 0165 12       		.uleb128 0x12
ARM GAS  /tmp/cc319cjy.s 			page 27


 1483 0166 06       		.uleb128 0x6
 1484 0167 58       		.uleb128 0x58
 1485 0168 0B       		.uleb128 0xb
 1486 0169 59       		.uleb128 0x59
 1487 016a 0B       		.uleb128 0xb
 1488 016b 00       		.byte	0
 1489 016c 00       		.byte	0
 1490 016d 1C       		.uleb128 0x1c
 1491 016e 05       		.uleb128 0x5
 1492 016f 00       		.byte	0
 1493 0170 31       		.uleb128 0x31
 1494 0171 13       		.uleb128 0x13
 1495 0172 02       		.uleb128 0x2
 1496 0173 17       		.uleb128 0x17
 1497 0174 00       		.byte	0
 1498 0175 00       		.byte	0
 1499 0176 1D       		.uleb128 0x1d
 1500 0177 0B       		.uleb128 0xb
 1501 0178 01       		.byte	0x1
 1502 0179 11       		.uleb128 0x11
 1503 017a 01       		.uleb128 0x1
 1504 017b 12       		.uleb128 0x12
 1505 017c 06       		.uleb128 0x6
 1506 017d 00       		.byte	0
 1507 017e 00       		.byte	0
 1508 017f 1E       		.uleb128 0x1e
 1509 0180 34       		.uleb128 0x34
 1510 0181 00       		.byte	0
 1511 0182 31       		.uleb128 0x31
 1512 0183 13       		.uleb128 0x13
 1513 0184 02       		.uleb128 0x2
 1514 0185 18       		.uleb128 0x18
 1515 0186 00       		.byte	0
 1516 0187 00       		.byte	0
 1517 0188 1F       		.uleb128 0x1f
 1518 0189 2E       		.uleb128 0x2e
 1519 018a 01       		.byte	0x1
 1520 018b 3F       		.uleb128 0x3f
 1521 018c 19       		.uleb128 0x19
 1522 018d 03       		.uleb128 0x3
 1523 018e 0E       		.uleb128 0xe
 1524 018f 3A       		.uleb128 0x3a
 1525 0190 0B       		.uleb128 0xb
 1526 0191 3B       		.uleb128 0x3b
 1527 0192 0B       		.uleb128 0xb
 1528 0193 27       		.uleb128 0x27
 1529 0194 19       		.uleb128 0x19
 1530 0195 11       		.uleb128 0x11
 1531 0196 01       		.uleb128 0x1
 1532 0197 12       		.uleb128 0x12
 1533 0198 06       		.uleb128 0x6
 1534 0199 40       		.uleb128 0x40
 1535 019a 18       		.uleb128 0x18
 1536 019b 9742     		.uleb128 0x2117
 1537 019d 19       		.uleb128 0x19
 1538 019e 01       		.uleb128 0x1
 1539 019f 13       		.uleb128 0x13
ARM GAS  /tmp/cc319cjy.s 			page 28


 1540 01a0 00       		.byte	0
 1541 01a1 00       		.byte	0
 1542 01a2 20       		.uleb128 0x20
 1543 01a3 21       		.uleb128 0x21
 1544 01a4 00       		.byte	0
 1545 01a5 00       		.byte	0
 1546 01a6 00       		.byte	0
 1547 01a7 21       		.uleb128 0x21
 1548 01a8 2E       		.uleb128 0x2e
 1549 01a9 01       		.byte	0x1
 1550 01aa 31       		.uleb128 0x31
 1551 01ab 13       		.uleb128 0x13
 1552 01ac 11       		.uleb128 0x11
 1553 01ad 01       		.uleb128 0x1
 1554 01ae 12       		.uleb128 0x12
 1555 01af 06       		.uleb128 0x6
 1556 01b0 40       		.uleb128 0x40
 1557 01b1 18       		.uleb128 0x18
 1558 01b2 9742     		.uleb128 0x2117
 1559 01b4 19       		.uleb128 0x19
 1560 01b5 00       		.byte	0
 1561 01b6 00       		.byte	0
 1562 01b7 00       		.byte	0
 1563              		.section	.debug_loc,"",%progbits
 1564              	.Ldebug_loc0:
 1565              	.LLST0:
 1566 0000 00000000 		.4byte	.LVL0
 1567 0004 30000000 		.4byte	.LVL5
 1568 0008 0100     		.2byte	0x1
 1569 000a 50       		.byte	0x50
 1570 000b 30000000 		.4byte	.LVL5
 1571 000f 44000000 		.4byte	.LFE8
 1572 0013 0400     		.2byte	0x4
 1573 0015 F3       		.byte	0xf3
 1574 0016 01       		.uleb128 0x1
 1575 0017 50       		.byte	0x50
 1576 0018 9F       		.byte	0x9f
 1577 0019 00000000 		.4byte	0
 1578 001d 00000000 		.4byte	0
 1579              	.LLST1:
 1580 0021 04000000 		.4byte	.LVL1
 1581 0025 1C000000 		.4byte	.LVL2
 1582 0029 0100     		.2byte	0x1
 1583 002b 50       		.byte	0x50
 1584 002c 1C000000 		.4byte	.LVL2
 1585 0030 28000000 		.4byte	.LVL4
 1586 0034 0100     		.2byte	0x1
 1587 0036 53       		.byte	0x53
 1588 0037 28000000 		.4byte	.LVL4
 1589 003b 30000000 		.4byte	.LVL5
 1590 003f 0600     		.2byte	0x6
 1591 0041 70       		.byte	0x70
 1592 0042 03       		.sleb128 3
 1593 0043 09       		.byte	0x9
 1594 0044 FC       		.byte	0xfc
 1595 0045 1A       		.byte	0x1a
 1596 0046 9F       		.byte	0x9f
ARM GAS  /tmp/cc319cjy.s 			page 29


 1597 0047 30000000 		.4byte	.LVL5
 1598 004b 34000000 		.4byte	.LVL6
 1599 004f 0900     		.2byte	0x9
 1600 0051 F3       		.byte	0xf3
 1601 0052 01       		.uleb128 0x1
 1602 0053 50       		.byte	0x50
 1603 0054 23       		.byte	0x23
 1604 0055 03       		.uleb128 0x3
 1605 0056 09       		.byte	0x9
 1606 0057 FC       		.byte	0xfc
 1607 0058 1A       		.byte	0x1a
 1608 0059 9F       		.byte	0x9f
 1609 005a 00000000 		.4byte	0
 1610 005e 00000000 		.4byte	0
 1611              	.LLST2:
 1612 0062 00000000 		.4byte	.LVL7
 1613 0066 18000000 		.4byte	.LVL8
 1614 006a 0100     		.2byte	0x1
 1615 006c 50       		.byte	0x50
 1616 006d 18000000 		.4byte	.LVL8
 1617 0071 24000000 		.4byte	.LVL10
 1618 0075 0100     		.2byte	0x1
 1619 0077 53       		.byte	0x53
 1620 0078 24000000 		.4byte	.LVL10
 1621 007c 28000000 		.4byte	.LVL11
 1622 0080 0600     		.2byte	0x6
 1623 0082 70       		.byte	0x70
 1624 0083 03       		.sleb128 3
 1625 0084 09       		.byte	0x9
 1626 0085 FC       		.byte	0xfc
 1627 0086 1A       		.byte	0x1a
 1628 0087 9F       		.byte	0x9f
 1629 0088 28000000 		.4byte	.LVL11
 1630 008c 3C000000 		.4byte	.LFE9
 1631 0090 0900     		.2byte	0x9
 1632 0092 F3       		.byte	0xf3
 1633 0093 01       		.uleb128 0x1
 1634 0094 50       		.byte	0x50
 1635 0095 23       		.byte	0x23
 1636 0096 03       		.uleb128 0x3
 1637 0097 09       		.byte	0x9
 1638 0098 FC       		.byte	0xfc
 1639 0099 1A       		.byte	0x1a
 1640 009a 9F       		.byte	0x9f
 1641 009b 00000000 		.4byte	0
 1642 009f 00000000 		.4byte	0
 1643              		.section	.debug_aranges,"",%progbits
 1644 0000 34000000 		.4byte	0x34
 1645 0004 0200     		.2byte	0x2
 1646 0006 00000000 		.4byte	.Ldebug_info0
 1647 000a 04       		.byte	0x4
 1648 000b 00       		.byte	0
 1649 000c 0000     		.2byte	0
 1650 000e 0000     		.2byte	0
 1651 0010 00000000 		.4byte	.LFB7
 1652 0014 34000000 		.4byte	.LFE7-.LFB7
 1653 0018 00000000 		.4byte	.LFB8
ARM GAS  /tmp/cc319cjy.s 			page 30


 1654 001c 44000000 		.4byte	.LFE8-.LFB8
 1655 0020 00000000 		.4byte	.LFB9
 1656 0024 3C000000 		.4byte	.LFE9-.LFB9
 1657 0028 00000000 		.4byte	.LFB10
 1658 002c 20000000 		.4byte	.LFE10-.LFB10
 1659 0030 00000000 		.4byte	0
 1660 0034 00000000 		.4byte	0
 1661              		.section	.debug_ranges,"",%progbits
 1662              	.Ldebug_ranges0:
 1663 0000 00000000 		.4byte	.LFB7
 1664 0004 34000000 		.4byte	.LFE7
 1665 0008 00000000 		.4byte	.LFB8
 1666 000c 44000000 		.4byte	.LFE8
 1667 0010 00000000 		.4byte	.LFB9
 1668 0014 3C000000 		.4byte	.LFE9
 1669 0018 00000000 		.4byte	.LFB10
 1670 001c 20000000 		.4byte	.LFE10
 1671 0020 00000000 		.4byte	0
 1672 0024 00000000 		.4byte	0
 1673              		.section	.debug_line,"",%progbits
 1674              	.Ldebug_line0:
 1675 0000 C1010000 		.section	.debug_str,"MS",%progbits,1
 1675      02005D01 
 1675      00000201 
 1675      FB0E0D00 
 1675      01010101 
 1676              	.LASF88:
 1677 0000 63665F6F 		.ascii	"cf_off_older\000"
 1677      66665F6F 
 1677      6C646572 
 1677      00
 1678              	.LASF41:
 1679 000d 705F6D73 		.ascii	"p_msg\000"
 1679      6700
 1680              	.LASF2:
 1681 0013 73697A65 		.ascii	"size_t\000"
 1681      5F7400
 1682              	.LASF73:
 1683 001a 7264796D 		.ascii	"rdymsg\000"
 1683      736700
 1684              	.LASF110:
 1685 0021 6368436F 		.ascii	"chCoreAlloc\000"
 1685      7265416C 
 1685      6C6F6300 
 1686              	.LASF3:
 1687 002d 5F5F7569 		.ascii	"__uint8_t\000"
 1687      6E74385F 
 1687      7400
 1688              	.LASF67:
 1689 0037 76746C69 		.ascii	"vtlist\000"
 1689      737400
 1690              	.LASF13:
 1691 003e 6C6F6E67 		.ascii	"long long unsigned int\000"
 1691      206C6F6E 
 1691      6720756E 
 1691      7369676E 
 1691      65642069 
ARM GAS  /tmp/cc319cjy.s 			page 31


 1692              	.LASF106:
 1693 0055 2F686F6D 		.ascii	"/home/lmr/Downloads/ChibiOS-RPi/ChibiOS-RPi/demos/P"
 1693      652F6C6D 
 1693      722F446F 
 1693      776E6C6F 
 1693      6164732F 
 1694 0088 726F6A65 		.ascii	"roject\000"
 1694      637400
 1695              	.LASF84:
 1696 008f 63685F74 		.ascii	"ch_threadsize\000"
 1696      68726561 
 1696      6473697A 
 1696      6500
 1697              	.LASF74:
 1698 009d 65786974 		.ascii	"exitcode\000"
 1698      636F6465 
 1698      00
 1699              	.LASF103:
 1700 00a6 5F5F6865 		.ascii	"__heap_end__\000"
 1700      61705F65 
 1700      6E645F5F 
 1700      00
 1701              	.LASF29:
 1702 00b3 705F7072 		.ascii	"p_prio\000"
 1702      696F00
 1703              	.LASF91:
 1704 00ba 63665F6F 		.ascii	"cf_off_state\000"
 1704      66665F73 
 1704      74617465 
 1704      00
 1705              	.LASF12:
 1706 00c7 6C6F6E67 		.ascii	"long long int\000"
 1706      206C6F6E 
 1706      6720696E 
 1706      7400
 1707              	.LASF1:
 1708 00d5 7369676E 		.ascii	"signed char\000"
 1708      65642063 
 1708      68617200 
 1709              	.LASF90:
 1710 00e1 63665F6F 		.ascii	"cf_off_stklimit\000"
 1710      66665F73 
 1710      746B6C69 
 1710      6D697400 
 1711              	.LASF92:
 1712 00f1 63665F6F 		.ascii	"cf_off_flags\000"
 1712      66665F66 
 1712      6C616773 
 1712      00
 1713              	.LASF70:
 1714 00fe 6D5F7175 		.ascii	"m_queue\000"
 1714      65756500 
 1715              	.LASF21:
 1716 0106 74736C69 		.ascii	"tslices_t\000"
 1716      6365735F 
 1716      7400
 1717              	.LASF9:
ARM GAS  /tmp/cc319cjy.s 			page 32


 1718 0110 6C6F6E67 		.ascii	"long int\000"
 1718      20696E74 
 1718      00
 1719              	.LASF19:
 1720 0119 74737461 		.ascii	"tstate_t\000"
 1720      74655F74 
 1720      00
 1721              	.LASF15:
 1722 0122 75696E74 		.ascii	"uint16_t\000"
 1722      31365F74 
 1722      00
 1723              	.LASF97:
 1724 012b 63686465 		.ascii	"chdebug_t\000"
 1724      6275675F 
 1724      7400
 1725              	.LASF31:
 1726 0135 705F6E65 		.ascii	"p_newer\000"
 1726      77657200 
 1727              	.LASF99:
 1728 013d 5F69646C 		.ascii	"_idle_thread_wa\000"
 1728      655F7468 
 1728      72656164 
 1728      5F776100 
 1729              	.LASF108:
 1730 014d 6368436F 		.ascii	"chCoreAllocI\000"
 1730      7265416C 
 1730      6C6F6349 
 1730      00
 1731              	.LASF10:
 1732 015a 5F5F7569 		.ascii	"__uint32_t\000"
 1732      6E743332 
 1732      5F7400
 1733              	.LASF48:
 1734 0165 72656761 		.ascii	"regarm_t\000"
 1734      726D5F74 
 1734      00
 1735              	.LASF54:
 1736 016e 76745F70 		.ascii	"vt_prev\000"
 1736      72657600 
 1737              	.LASF0:
 1738 0176 756E7369 		.ascii	"unsigned int\000"
 1738      676E6564 
 1738      20696E74 
 1738      00
 1739              	.LASF53:
 1740 0183 76745F6E 		.ascii	"vt_next\000"
 1740      65787400 
 1741              	.LASF11:
 1742 018b 6C6F6E67 		.ascii	"long unsigned int\000"
 1742      20756E73 
 1742      69676E65 
 1742      6420696E 
 1742      7400
 1743              	.LASF98:
 1744 019d 63685F64 		.ascii	"ch_debug\000"
 1744      65627567 
 1744      00
ARM GAS  /tmp/cc319cjy.s 			page 33


 1745              	.LASF51:
 1746 01a6 76746675 		.ascii	"vtfunc_t\000"
 1746      6E635F74 
 1746      00
 1747              	.LASF78:
 1748 01af 63685F69 		.ascii	"ch_identifier\000"
 1748      64656E74 
 1748      69666965 
 1748      7200
 1749              	.LASF50:
 1750 01bd 636F6E74 		.ascii	"context\000"
 1750      65787400 
 1751              	.LASF109:
 1752 01c5 73697A65 		.ascii	"size\000"
 1752      00
 1753              	.LASF7:
 1754 01ca 73686F72 		.ascii	"short unsigned int\000"
 1754      7420756E 
 1754      7369676E 
 1754      65642069 
 1754      6E7400
 1755              	.LASF23:
 1756 01dd 6D73675F 		.ascii	"msg_t\000"
 1756      7400
 1757              	.LASF63:
 1758 01e3 725F6E65 		.ascii	"r_newer\000"
 1758      77657200 
 1759              	.LASF18:
 1760 01eb 746D6F64 		.ascii	"tmode_t\000"
 1760      655F7400 
 1761              	.LASF46:
 1762 01f3 54687265 		.ascii	"ThreadsList\000"
 1762      6164734C 
 1762      69737400 
 1763              	.LASF24:
 1764 01ff 6576656E 		.ascii	"eventmask_t\000"
 1764      746D6173 
 1764      6B5F7400 
 1765              	.LASF105:
 1766 020b 2E2E2F2E 		.ascii	"../../os/kernel/src/chmemcore.c\000"
 1766      2E2F6F73 
 1766      2F6B6572 
 1766      6E656C2F 
 1766      7372632F 
 1767              	.LASF69:
 1768 022b 4D757465 		.ascii	"Mutex\000"
 1768      7800
 1769              	.LASF47:
 1770 0231 73746B61 		.ascii	"stkalign_t\000"
 1770      6C69676E 
 1770      5F7400
 1771              	.LASF79:
 1772 023c 63685F7A 		.ascii	"ch_zero\000"
 1772      65726F00 
 1773              	.LASF93:
 1774 0244 63665F6F 		.ascii	"cf_off_refs\000"
 1774      66665F72 
ARM GAS  /tmp/cc319cjy.s 			page 34


 1774      65667300 
 1775              	.LASF55:
 1776 0250 76745F74 		.ascii	"vt_time\000"
 1776      696D6500 
 1777              	.LASF96:
 1778 0258 73697A65 		.ascii	"sizetype\000"
 1778      74797065 
 1778      00
 1779              	.LASF56:
 1780 0261 76745F66 		.ascii	"vt_func\000"
 1780      756E6300 
 1781              	.LASF83:
 1782 0269 63685F74 		.ascii	"ch_timesize\000"
 1782      696D6573 
 1782      697A6500 
 1783              	.LASF89:
 1784 0275 63665F6F 		.ascii	"cf_off_name\000"
 1784      66665F6E 
 1784      616D6500 
 1785              	.LASF32:
 1786 0281 705F6F6C 		.ascii	"p_older\000"
 1786      64657200 
 1787              	.LASF62:
 1788 0289 725F6374 		.ascii	"r_ctx\000"
 1788      7800
 1789              	.LASF45:
 1790 028f 54687265 		.ascii	"ThreadsQueue\000"
 1790      61647351 
 1790      75657565 
 1790      00
 1791              	.LASF80:
 1792 029c 63685F73 		.ascii	"ch_size\000"
 1792      697A6500 
 1793              	.LASF65:
 1794 02a4 725F6375 		.ascii	"r_current\000"
 1794      7272656E 
 1794      7400
 1795              	.LASF64:
 1796 02ae 725F6F6C 		.ascii	"r_older\000"
 1796      64657200 
 1797              	.LASF20:
 1798 02b6 74726566 		.ascii	"trefs_t\000"
 1798      735F7400 
 1799              	.LASF82:
 1800 02be 63685F70 		.ascii	"ch_ptrsize\000"
 1800      74727369 
 1800      7A6500
 1801              	.LASF28:
 1802 02c9 705F7072 		.ascii	"p_prev\000"
 1802      657600
 1803              	.LASF22:
 1804 02d0 74707269 		.ascii	"tprio_t\000"
 1804      6F5F7400 
 1805              	.LASF16:
 1806 02d8 696E7433 		.ascii	"int32_t\000"
 1806      325F7400 
 1807              	.LASF4:
ARM GAS  /tmp/cc319cjy.s 			page 35


 1808 02e0 756E7369 		.ascii	"unsigned char\000"
 1808      676E6564 
 1808      20636861 
 1808      7200
 1809              	.LASF111:
 1810 02ee 5F636F72 		.ascii	"_core_init\000"
 1810      655F696E 
 1810      697400
 1811              	.LASF43:
 1812 02f9 705F6D74 		.ascii	"p_mtxlist\000"
 1812      786C6973 
 1812      7400
 1813              	.LASF5:
 1814 0303 73686F72 		.ascii	"short int\000"
 1814      7420696E 
 1814      7400
 1815              	.LASF34:
 1816 030d 705F7374 		.ascii	"p_state\000"
 1816      61746500 
 1817              	.LASF37:
 1818 0315 705F7072 		.ascii	"p_preempt\000"
 1818      65656D70 
 1818      7400
 1819              	.LASF95:
 1820 031f 63665F6F 		.ascii	"cf_off_time\000"
 1820      66665F74 
 1820      696D6500 
 1821              	.LASF61:
 1822 032b 725F7072 		.ascii	"r_prio\000"
 1822      696F00
 1823              	.LASF76:
 1824 0332 65776D61 		.ascii	"ewmask\000"
 1824      736B00
 1825              	.LASF27:
 1826 0339 705F6E65 		.ascii	"p_next\000"
 1826      787400
 1827              	.LASF94:
 1828 0340 63665F6F 		.ascii	"cf_off_preempt\000"
 1828      66665F70 
 1828      7265656D 
 1828      707400
 1829              	.LASF35:
 1830 034f 705F666C 		.ascii	"p_flags\000"
 1830      61677300 
 1831              	.LASF26:
 1832 0357 54687265 		.ascii	"Thread\000"
 1832      616400
 1833              	.LASF87:
 1834 035e 63665F6F 		.ascii	"cf_off_newer\000"
 1834      66665F6E 
 1834      65776572 
 1834      00
 1835              	.LASF42:
 1836 036b 705F6570 		.ascii	"p_epending\000"
 1836      656E6469 
 1836      6E6700
 1837              	.LASF17:
ARM GAS  /tmp/cc319cjy.s 			page 36


 1838 0376 75696E74 		.ascii	"uint32_t\000"
 1838      33325F74 
 1838      00
 1839              	.LASF85:
 1840 037f 63665F6F 		.ascii	"cf_off_prio\000"
 1840      66665F70 
 1840      72696F00 
 1841              	.LASF60:
 1842 038b 725F7175 		.ascii	"r_queue\000"
 1842      65756500 
 1843              	.LASF52:
 1844 0393 56697274 		.ascii	"VirtualTimer\000"
 1844      75616C54 
 1844      696D6572 
 1844      00
 1845              	.LASF107:
 1846 03a0 6368436F 		.ascii	"chCoreStatus\000"
 1846      72655374 
 1846      61747573 
 1846      00
 1847              	.LASF77:
 1848 03ad 63686172 		.ascii	"char\000"
 1848      00
 1849              	.LASF6:
 1850 03b2 5F5F7569 		.ascii	"__uint16_t\000"
 1850      6E743136 
 1850      5F7400
 1851              	.LASF100:
 1852 03bd 6E657874 		.ascii	"nextmem\000"
 1852      6D656D00 
 1853              	.LASF72:
 1854 03c5 6D5F6E65 		.ascii	"m_next\000"
 1854      787400
 1855              	.LASF25:
 1856 03cc 73797374 		.ascii	"systime_t\000"
 1856      696D655F 
 1856      7400
 1857              	.LASF44:
 1858 03d6 705F7265 		.ascii	"p_realprio\000"
 1858      616C7072 
 1858      696F00
 1859              	.LASF8:
 1860 03e1 5F5F696E 		.ascii	"__int32_t\000"
 1860      7433325F 
 1860      7400
 1861              	.LASF38:
 1862 03eb 705F7469 		.ascii	"p_time\000"
 1862      6D6500
 1863              	.LASF104:
 1864 03f2 474E5520 		.ascii	"GNU C11 6.3.1 20170620 -mcpu=arm1176jz-s -mno-thumb"
 1864      43313120 
 1864      362E332E 
 1864      31203230 
 1864      31373036 
 1865 0425 2D696E74 		.ascii	"-interwork -ggdb -O2 -fomit-frame-pointer -ffunctio"
 1865      6572776F 
 1865      726B202D 
ARM GAS  /tmp/cc319cjy.s 			page 37


 1865      67676462 
 1865      202D4F32 
 1866 0458 6E2D7365 		.ascii	"n-sections -fdata-sections\000"
 1866      6374696F 
 1866      6E73202D 
 1866      66646174 
 1866      612D7365 
 1867              	.LASF49:
 1868 0473 696E7463 		.ascii	"intctx\000"
 1868      747800
 1869              	.LASF40:
 1870 047a 705F6D73 		.ascii	"p_msgqueue\000"
 1870      67717565 
 1870      756500
 1871              	.LASF57:
 1872 0485 76745F70 		.ascii	"vt_par\000"
 1872      617200
 1873              	.LASF102:
 1874 048c 5F5F6865 		.ascii	"__heap_base__\000"
 1874      61705F62 
 1874      6173655F 
 1874      5F00
 1875              	.LASF86:
 1876 049a 63665F6F 		.ascii	"cf_off_ctx\000"
 1876      66665F63 
 1876      747800
 1877              	.LASF36:
 1878 04a5 705F7265 		.ascii	"p_refs\000"
 1878      667300
 1879              	.LASF66:
 1880 04ac 52656164 		.ascii	"ReadyList\000"
 1880      794C6973 
 1880      7400
 1881              	.LASF101:
 1882 04b6 656E646D 		.ascii	"endmem\000"
 1882      656D00
 1883              	.LASF68:
 1884 04bd 726C6973 		.ascii	"rlist\000"
 1884      7400
 1885              	.LASF14:
 1886 04c3 75696E74 		.ascii	"uint8_t\000"
 1886      385F7400 
 1887              	.LASF75:
 1888 04cb 77746F62 		.ascii	"wtobjp\000"
 1888      6A7000
 1889              	.LASF33:
 1890 04d2 705F6E61 		.ascii	"p_name\000"
 1890      6D6500
 1891              	.LASF58:
 1892 04d9 76745F73 		.ascii	"vt_systime\000"
 1892      79737469 
 1892      6D6500
 1893              	.LASF81:
 1894 04e4 63685F76 		.ascii	"ch_version\000"
 1894      65727369 
 1894      6F6E00
 1895              	.LASF59:
ARM GAS  /tmp/cc319cjy.s 			page 38


 1896 04ef 56544C69 		.ascii	"VTList\000"
 1896      737400
 1897              	.LASF71:
 1898 04f6 6D5F6F77 		.ascii	"m_owner\000"
 1898      6E657200 
 1899              	.LASF30:
 1900 04fe 705F6374 		.ascii	"p_ctx\000"
 1900      7800
 1901              	.LASF39:
 1902 0504 705F7761 		.ascii	"p_waiting\000"
 1902      6974696E 
 1902      6700
 1903              		.ident	"GCC: (15:6.3.1+svn253039-1build1) 6.3.1 20170620"
ARM GAS  /tmp/cc319cjy.s 			page 39


DEFINED SYMBOLS
                            *ABS*:0000000000000000 chmemcore.c
     /tmp/cc319cjy.s:16     .text._core_init:0000000000000000 $a
     /tmp/cc319cjy.s:22     .text._core_init:0000000000000000 _core_init
     /tmp/cc319cjy.s:50     .text._core_init:0000000000000024 $d
     /tmp/cc319cjy.s:58     .text.chCoreAlloc:0000000000000000 $a
     /tmp/cc319cjy.s:64     .text.chCoreAlloc:0000000000000000 chCoreAlloc
     /tmp/cc319cjy.s:119    .text.chCoreAlloc:000000000000003c $d
     /tmp/cc319cjy.s:125    .text.chCoreAllocI:0000000000000000 $a
     /tmp/cc319cjy.s:131    .text.chCoreAllocI:0000000000000000 chCoreAllocI
     /tmp/cc319cjy.s:167    .text.chCoreAllocI:0000000000000034 $d
     /tmp/cc319cjy.s:173    .text.chCoreStatus:0000000000000000 $a
     /tmp/cc319cjy.s:179    .text.chCoreStatus:0000000000000000 chCoreStatus
     /tmp/cc319cjy.s:197    .text.chCoreStatus:0000000000000018 $d
     /tmp/cc319cjy.s:203    .bss.endmem:0000000000000000 $d
     /tmp/cc319cjy.s:207    .bss.endmem:0000000000000000 endmem
     /tmp/cc319cjy.s:210    .bss.nextmem:0000000000000000 $d
     /tmp/cc319cjy.s:214    .bss.nextmem:0000000000000000 nextmem
                     .debug_frame:0000000000000010 $d

UNDEFINED SYMBOLS
__heap_base__
__heap_end__
