ARM GAS  /tmp/ccRQWT07.s 			page 1


   1              		.cpu arm1176jz-s
   2              		.eabi_attribute 20, 1
   3              		.eabi_attribute 21, 1
   4              		.eabi_attribute 23, 3
   5              		.eabi_attribute 24, 1
   6              		.eabi_attribute 25, 1
   7              		.eabi_attribute 26, 1
   8              		.eabi_attribute 30, 2
   9              		.eabi_attribute 34, 1
  10              		.eabi_attribute 18, 4
  11              		.file	"chregistry.c"
  12              		.text
  13              	.Ltext0:
  14              		.cfi_sections	.debug_frame
  15              		.section	.text.chRegFirstThread,"ax",%progbits
  16              		.align	2
  17              		.global	chRegFirstThread
  18              		.syntax unified
  19              		.arm
  20              		.fpu softvfp
  21              		.type	chRegFirstThread, %function
  22              	chRegFirstThread:
  23              	.LFB7:
  24              		.file 1 "../../os/kernel/src/chregistry.c"
  25              		.loc 1 110 0
  26              		.cfi_startproc
  27              		@ args = 0, pretend = 0, frame = 0
  28              		@ frame_needed = 0, uses_anonymous_args = 0
  29              		@ link register save eliminated.
  30              		.loc 1 113 0
  31              		.syntax divided
  32              	@ 113 "../../os/kernel/src/chregistry.c" 1
  33 0000 9FF021E3 		msr     CPSR_c, #0x9F
  34              	@ 0 "" 2
  35              		.loc 1 114 0
  36              		.arm
  37              		.syntax unified
  38 0004 14309FE5 		ldr	r3, .L2
  39 0008 100093E5 		ldr	r0, [r3, #16]
  40              	.LVL0:
  41              		.loc 1 116 0
  42 000c 1E30D0E5 		ldrb	r3, [r0, #30]	@ zero_extendqisi2
  43 0010 013083E2 		add	r3, r3, #1
  44 0014 1E30C0E5 		strb	r3, [r0, #30]
  45              		.loc 1 118 0
  46              		.syntax divided
  47              	@ 118 "../../os/kernel/src/chregistry.c" 1
  48 0018 1FF021E3 		msr     CPSR_c, #0x1F
  49              	@ 0 "" 2
  50              		.loc 1 120 0
  51              		.arm
  52              		.syntax unified
  53 001c 1EFF2FE1 		bx	lr
  54              	.L3:
  55              		.align	2
  56              	.L2:
  57 0020 00000000 		.word	rlist
ARM GAS  /tmp/ccRQWT07.s 			page 2


  58              		.cfi_endproc
  59              	.LFE7:
  60              		.size	chRegFirstThread, .-chRegFirstThread
  61              		.section	.text.chRegNextThread,"ax",%progbits
  62              		.align	2
  63              		.global	chRegNextThread
  64              		.syntax unified
  65              		.arm
  66              		.fpu softvfp
  67              		.type	chRegNextThread, %function
  68              	chRegNextThread:
  69              	.LFB8:
  70              		.loc 1 133 0
  71              		.cfi_startproc
  72              		@ args = 0, pretend = 0, frame = 0
  73              		@ frame_needed = 0, uses_anonymous_args = 0
  74              	.LVL1:
  75 0000 10402DE9 		push	{r4, lr}
  76              		.cfi_def_cfa_offset 8
  77              		.cfi_offset 4, -8
  78              		.cfi_offset 14, -4
  79              		.loc 1 136 0
  80              		.syntax divided
  81              	@ 136 "../../os/kernel/src/chregistry.c" 1
  82 0004 9FF021E3 		msr     CPSR_c, #0x9F
  83              	@ 0 "" 2
  84              		.loc 1 138 0
  85              		.arm
  86              		.syntax unified
  87 0008 24309FE5 		ldr	r3, .L9
  88              		.loc 1 137 0
  89 000c 104090E5 		ldr	r4, [r0, #16]
  90              	.LVL2:
  91              		.loc 1 138 0
  92 0010 030054E1 		cmp	r4, r3
  93              		.loc 1 144 0
  94 0014 1E30D415 		ldrbne	r3, [r4, #30]	@ zero_extendqisi2
  95              		.loc 1 139 0
  96 0018 0040A003 		moveq	r4, #0
  97              	.LVL3:
  98              		.loc 1 144 0
  99 001c 01308312 		addne	r3, r3, #1
 100 0020 1E30C415 		strbne	r3, [r4, #30]
 101              		.loc 1 147 0
 102              		.syntax divided
 103              	@ 147 "../../os/kernel/src/chregistry.c" 1
 104 0024 1FF021E3 		msr     CPSR_c, #0x1F
 105              	@ 0 "" 2
 106              		.loc 1 149 0
 107              		.arm
 108              		.syntax unified
 109 0028 FEFFFFEB 		bl	chThdRelease
 110              	.LVL4:
 111              		.loc 1 152 0
 112 002c 0400A0E1 		mov	r0, r4
 113 0030 1080BDE8 		pop	{r4, pc}
 114              	.L10:
ARM GAS  /tmp/ccRQWT07.s 			page 3


 115              		.align	2
 116              	.L9:
 117 0034 00000000 		.word	rlist
 118              		.cfi_endproc
 119              	.LFE8:
 120              		.size	chRegNextThread, .-chRegNextThread
 121              		.global	ch_debug
 122              		.section	.rodata.ch_debug,"a",%progbits
 123              		.align	2
 124              		.type	ch_debug, %object
 125              		.size	ch_debug, 22
 126              	ch_debug:
 127 0000 6D61696E 		.ascii	"main"
 128 0004 00       		.byte	0
 129 0005 16       		.byte	22
 130 0006 4111     		.short	4417
 131 0008 04       		.byte	4
 132 0009 04       		.byte	4
 133 000a 44       		.byte	68
 134 000b 08       		.byte	8
 135 000c 0C       		.byte	12
 136 000d 10       		.byte	16
 137 000e 14       		.byte	20
 138 000f 18       		.byte	24
 139 0010 00       		.byte	0
 140 0011 1C       		.byte	28
 141 0012 1D       		.byte	29
 142 0013 1E       		.byte	30
 143 0014 1F       		.byte	31
 144 0015 20       		.byte	32
 145              		.text
 146              	.Letext0:
 147              		.file 2 "/usr/lib/gcc/arm-none-eabi/6.3.1/include/stddef.h"
 148              		.file 3 "/usr/include/newlib/machine/_default_types.h"
 149              		.file 4 "/usr/include/newlib/sys/_stdint.h"
 150              		.file 5 "../../os/ports/GCC/ARM/chtypes.h"
 151              		.file 6 "../../os/kernel/include/chlists.h"
 152              		.file 7 "../../os/kernel/include/chthreads.h"
 153              		.file 8 "../../os/ports/GCC/ARM/chcore.h"
 154              		.file 9 "../../os/kernel/include/chvt.h"
 155              		.file 10 "../../os/kernel/include/chschd.h"
 156              		.file 11 "../../os/kernel/include/chmtx.h"
 157              		.file 12 "../../os/kernel/include/chregistry.h"
 158              		.file 13 "../../os/kernel/include/ch.h"
 159              		.file 14 "../../os/kernel/include/chdynamic.h"
 160              		.section	.debug_info,"",%progbits
 161              	.Ldebug_info0:
 162 0000 8C060000 		.4byte	0x68c
 163 0004 0400     		.2byte	0x4
 164 0006 00000000 		.4byte	.Ldebug_abbrev0
 165 000a 04       		.byte	0x4
 166 000b 01       		.uleb128 0x1
 167 000c B5030000 		.4byte	.LASF102
 168 0010 0C       		.byte	0xc
 169 0011 4F040000 		.4byte	.LASF103
 170 0015 49000000 		.4byte	.LASF104
 171 0019 00000000 		.4byte	.Ldebug_ranges0+0
ARM GAS  /tmp/ccRQWT07.s 			page 4


 172 001d 00000000 		.4byte	0
 173 0021 00000000 		.4byte	.Ldebug_line0
 174 0025 02       		.uleb128 0x2
 175 0026 04       		.byte	0x4
 176 0027 05       		.byte	0x5
 177 0028 696E7400 		.ascii	"int\000"
 178 002c 03       		.uleb128 0x3
 179 002d 13000000 		.4byte	.LASF2
 180 0031 02       		.byte	0x2
 181 0032 D8       		.byte	0xd8
 182 0033 37000000 		.4byte	0x37
 183 0037 04       		.uleb128 0x4
 184 0038 04       		.byte	0x4
 185 0039 07       		.byte	0x7
 186 003a 61010000 		.4byte	.LASF0
 187 003e 04       		.uleb128 0x4
 188 003f 01       		.byte	0x1
 189 0040 06       		.byte	0x6
 190 0041 CD000000 		.4byte	.LASF1
 191 0045 03       		.uleb128 0x3
 192 0046 21000000 		.4byte	.LASF3
 193 004a 03       		.byte	0x3
 194 004b 1D       		.byte	0x1d
 195 004c 50000000 		.4byte	0x50
 196 0050 04       		.uleb128 0x4
 197 0051 01       		.byte	0x1
 198 0052 08       		.byte	0x8
 199 0053 A6020000 		.4byte	.LASF4
 200 0057 04       		.uleb128 0x4
 201 0058 02       		.byte	0x2
 202 0059 05       		.byte	0x5
 203 005a BE020000 		.4byte	.LASF5
 204 005e 03       		.uleb128 0x3
 205 005f 7D030000 		.4byte	.LASF6
 206 0063 03       		.byte	0x3
 207 0064 2B       		.byte	0x2b
 208 0065 69000000 		.4byte	0x69
 209 0069 04       		.uleb128 0x4
 210 006a 02       		.byte	0x2
 211 006b 07       		.byte	0x7
 212 006c B0010000 		.4byte	.LASF7
 213 0070 03       		.uleb128 0x3
 214 0071 A4030000 		.4byte	.LASF8
 215 0075 03       		.byte	0x3
 216 0076 3F       		.byte	0x3f
 217 0077 7B000000 		.4byte	0x7b
 218 007b 04       		.uleb128 0x4
 219 007c 04       		.byte	0x4
 220 007d 05       		.byte	0x5
 221 007e 08010000 		.4byte	.LASF9
 222 0082 03       		.uleb128 0x3
 223 0083 45010000 		.4byte	.LASF10
 224 0087 03       		.byte	0x3
 225 0088 41       		.byte	0x41
 226 0089 8D000000 		.4byte	0x8d
 227 008d 04       		.uleb128 0x4
 228 008e 04       		.byte	0x4
ARM GAS  /tmp/ccRQWT07.s 			page 5


 229 008f 07       		.byte	0x7
 230 0090 76010000 		.4byte	.LASF11
 231 0094 04       		.uleb128 0x4
 232 0095 08       		.byte	0x8
 233 0096 05       		.byte	0x5
 234 0097 BF000000 		.4byte	.LASF12
 235 009b 04       		.uleb128 0x4
 236 009c 08       		.byte	0x8
 237 009d 07       		.byte	0x7
 238 009e 32000000 		.4byte	.LASF13
 239 00a2 03       		.uleb128 0x3
 240 00a3 92040000 		.4byte	.LASF14
 241 00a7 04       		.byte	0x4
 242 00a8 18       		.byte	0x18
 243 00a9 45000000 		.4byte	0x45
 244 00ad 03       		.uleb128 0x3
 245 00ae 1A010000 		.4byte	.LASF15
 246 00b2 04       		.byte	0x4
 247 00b3 24       		.byte	0x24
 248 00b4 5E000000 		.4byte	0x5e
 249 00b8 03       		.uleb128 0x3
 250 00b9 9E020000 		.4byte	.LASF16
 251 00bd 04       		.byte	0x4
 252 00be 2C       		.byte	0x2c
 253 00bf 70000000 		.4byte	0x70
 254 00c3 03       		.uleb128 0x3
 255 00c4 3E030000 		.4byte	.LASF17
 256 00c8 04       		.byte	0x4
 257 00c9 30       		.byte	0x30
 258 00ca 82000000 		.4byte	0x82
 259 00ce 03       		.uleb128 0x3
 260 00cf D1010000 		.4byte	.LASF18
 261 00d3 05       		.byte	0x5
 262 00d4 2A       		.byte	0x2a
 263 00d5 A2000000 		.4byte	0xa2
 264 00d9 03       		.uleb128 0x3
 265 00da 11010000 		.4byte	.LASF19
 266 00de 05       		.byte	0x5
 267 00df 2B       		.byte	0x2b
 268 00e0 A2000000 		.4byte	0xa2
 269 00e4 03       		.uleb128 0x3
 270 00e5 7C020000 		.4byte	.LASF20
 271 00e9 05       		.byte	0x5
 272 00ea 2C       		.byte	0x2c
 273 00eb A2000000 		.4byte	0xa2
 274 00ef 03       		.uleb128 0x3
 275 00f0 FE000000 		.4byte	.LASF21
 276 00f4 05       		.byte	0x5
 277 00f5 2D       		.byte	0x2d
 278 00f6 A2000000 		.4byte	0xa2
 279 00fa 03       		.uleb128 0x3
 280 00fb 96020000 		.4byte	.LASF22
 281 00ff 05       		.byte	0x5
 282 0100 2E       		.byte	0x2e
 283 0101 C3000000 		.4byte	0xc3
 284 0105 03       		.uleb128 0x3
 285 0106 C3010000 		.4byte	.LASF23
ARM GAS  /tmp/ccRQWT07.s 			page 6


 286 010a 05       		.byte	0x5
 287 010b 2F       		.byte	0x2f
 288 010c B8000000 		.4byte	0xb8
 289 0110 03       		.uleb128 0x3
 290 0111 E5010000 		.4byte	.LASF24
 291 0115 05       		.byte	0x5
 292 0116 31       		.byte	0x31
 293 0117 C3000000 		.4byte	0xc3
 294 011b 03       		.uleb128 0x3
 295 011c 8F030000 		.4byte	.LASF25
 296 0120 05       		.byte	0x5
 297 0121 33       		.byte	0x33
 298 0122 C3000000 		.4byte	0xc3
 299 0126 05       		.uleb128 0x5
 300 0127 1B010000 		.4byte	0x11b
 301 012b 03       		.uleb128 0x3
 302 012c 1F030000 		.4byte	.LASF26
 303 0130 06       		.byte	0x6
 304 0131 23       		.byte	0x23
 305 0132 36010000 		.4byte	0x136
 306 0136 06       		.uleb128 0x6
 307 0137 1F030000 		.4byte	.LASF26
 308 013b 44       		.byte	0x44
 309 013c 07       		.byte	0x7
 310 013d 57       		.byte	0x57
 311 013e 27020000 		.4byte	0x227
 312 0142 07       		.uleb128 0x7
 313 0143 F4020000 		.4byte	.LASF27
 314 0147 07       		.byte	0x7
 315 0148 58       		.byte	0x58
 316 0149 48020000 		.4byte	0x248
 317 014d 00       		.byte	0
 318 014e 07       		.uleb128 0x7
 319 014f 8F020000 		.4byte	.LASF28
 320 0153 07       		.byte	0x7
 321 0154 5A       		.byte	0x5a
 322 0155 48020000 		.4byte	0x248
 323 0159 04       		.byte	0x4
 324 015a 07       		.uleb128 0x7
 325 015b AB000000 		.4byte	.LASF29
 326 015f 07       		.byte	0x7
 327 0160 5C       		.byte	0x5c
 328 0161 FA000000 		.4byte	0xfa
 329 0165 08       		.byte	0x8
 330 0166 07       		.uleb128 0x7
 331 0167 CD040000 		.4byte	.LASF30
 332 016b 07       		.byte	0x7
 333 016c 5D       		.byte	0x5d
 334 016d 03030000 		.4byte	0x303
 335 0171 0C       		.byte	0xc
 336 0172 07       		.uleb128 0x7
 337 0173 2D010000 		.4byte	.LASF31
 338 0177 07       		.byte	0x7
 339 0178 5F       		.byte	0x5f
 340 0179 48020000 		.4byte	0x248
 341 017d 10       		.byte	0x10
 342 017e 07       		.uleb128 0x7
ARM GAS  /tmp/ccRQWT07.s 			page 7


 343 017f 47020000 		.4byte	.LASF32
 344 0183 07       		.byte	0x7
 345 0184 60       		.byte	0x60
 346 0185 48020000 		.4byte	0x248
 347 0189 14       		.byte	0x14
 348 018a 07       		.uleb128 0x7
 349 018b A1040000 		.4byte	.LASF33
 350 018f 07       		.byte	0x7
 351 0190 67       		.byte	0x67
 352 0191 C5040000 		.4byte	0x4c5
 353 0195 18       		.byte	0x18
 354 0196 07       		.uleb128 0x7
 355 0197 C8020000 		.4byte	.LASF34
 356 019b 07       		.byte	0x7
 357 019c 72       		.byte	0x72
 358 019d D9000000 		.4byte	0xd9
 359 01a1 1C       		.byte	0x1c
 360 01a2 07       		.uleb128 0x7
 361 01a3 0A030000 		.4byte	.LASF35
 362 01a7 07       		.byte	0x7
 363 01a8 76       		.byte	0x76
 364 01a9 CE000000 		.4byte	0xce
 365 01ad 1D       		.byte	0x1d
 366 01ae 07       		.uleb128 0x7
 367 01af 7B040000 		.4byte	.LASF36
 368 01b3 07       		.byte	0x7
 369 01b4 7B       		.byte	0x7b
 370 01b5 E4000000 		.4byte	0xe4
 371 01b9 1E       		.byte	0x1e
 372 01ba 07       		.uleb128 0x7
 373 01bb D0020000 		.4byte	.LASF37
 374 01bf 07       		.byte	0x7
 375 01c0 81       		.byte	0x81
 376 01c1 EF000000 		.4byte	0xef
 377 01c5 1F       		.byte	0x1f
 378 01c6 07       		.uleb128 0x7
 379 01c7 AE030000 		.4byte	.LASF38
 380 01cb 07       		.byte	0x7
 381 01cc 88       		.byte	0x88
 382 01cd 26010000 		.4byte	0x126
 383 01d1 20       		.byte	0x20
 384 01d2 08       		.uleb128 0x8
 385 01d3 705F7500 		.ascii	"p_u\000"
 386 01d7 07       		.byte	0x7
 387 01d8 AD       		.byte	0xad
 388 01d9 90040000 		.4byte	0x490
 389 01dd 24       		.byte	0x24
 390 01de 07       		.uleb128 0x7
 391 01df D3040000 		.4byte	.LASF39
 392 01e3 07       		.byte	0x7
 393 01e4 B2       		.byte	0xb2
 394 01e5 6E020000 		.4byte	0x26e
 395 01e9 28       		.byte	0x28
 396 01ea 07       		.uleb128 0x7
 397 01eb 3D040000 		.4byte	.LASF40
 398 01ef 07       		.byte	0x7
 399 01f0 B8       		.byte	0xb8
ARM GAS  /tmp/ccRQWT07.s 			page 8


 400 01f1 4E020000 		.4byte	0x24e
 401 01f5 2C       		.byte	0x2c
 402 01f6 07       		.uleb128 0x7
 403 01f7 0D000000 		.4byte	.LASF41
 404 01fb 07       		.byte	0x7
 405 01fc BC       		.byte	0xbc
 406 01fd 05010000 		.4byte	0x105
 407 0201 34       		.byte	0x34
 408 0202 07       		.uleb128 0x7
 409 0203 33030000 		.4byte	.LASF42
 410 0207 07       		.byte	0x7
 411 0208 C2       		.byte	0xc2
 412 0209 10010000 		.4byte	0x110
 413 020d 38       		.byte	0x38
 414 020e 07       		.uleb128 0x7
 415 020f B4020000 		.4byte	.LASF43
 416 0213 07       		.byte	0x7
 417 0214 C9       		.byte	0xc9
 418 0215 D7040000 		.4byte	0x4d7
 419 0219 3C       		.byte	0x3c
 420 021a 07       		.uleb128 0x7
 421 021b 99030000 		.4byte	.LASF44
 422 021f 07       		.byte	0x7
 423 0220 CD       		.byte	0xcd
 424 0221 FA000000 		.4byte	0xfa
 425 0225 40       		.byte	0x40
 426 0226 00       		.byte	0
 427 0227 09       		.uleb128 0x9
 428 0228 08       		.byte	0x8
 429 0229 06       		.byte	0x6
 430 022a 5A       		.byte	0x5a
 431 022b 48020000 		.4byte	0x248
 432 022f 07       		.uleb128 0x7
 433 0230 F4020000 		.4byte	.LASF27
 434 0234 06       		.byte	0x6
 435 0235 5B       		.byte	0x5b
 436 0236 48020000 		.4byte	0x248
 437 023a 00       		.byte	0
 438 023b 07       		.uleb128 0x7
 439 023c 8F020000 		.4byte	.LASF28
 440 0240 06       		.byte	0x6
 441 0241 5D       		.byte	0x5d
 442 0242 48020000 		.4byte	0x248
 443 0246 04       		.byte	0x4
 444 0247 00       		.byte	0
 445 0248 0A       		.uleb128 0xa
 446 0249 04       		.byte	0x4
 447 024a 2B010000 		.4byte	0x12b
 448 024e 03       		.uleb128 0x3
 449 024f 55020000 		.4byte	.LASF45
 450 0253 06       		.byte	0x6
 451 0254 5F       		.byte	0x5f
 452 0255 27020000 		.4byte	0x227
 453 0259 09       		.uleb128 0x9
 454 025a 04       		.byte	0x4
 455 025b 06       		.byte	0x6
 456 025c 64       		.byte	0x64
ARM GAS  /tmp/ccRQWT07.s 			page 9


 457 025d 6E020000 		.4byte	0x26e
 458 0261 07       		.uleb128 0x7
 459 0262 F4020000 		.4byte	.LASF27
 460 0266 06       		.byte	0x6
 461 0267 66       		.byte	0x66
 462 0268 48020000 		.4byte	0x248
 463 026c 00       		.byte	0
 464 026d 00       		.byte	0
 465 026e 03       		.uleb128 0x3
 466 026f D9010000 		.4byte	.LASF46
 467 0273 06       		.byte	0x6
 468 0274 69       		.byte	0x69
 469 0275 59020000 		.4byte	0x259
 470 0279 03       		.uleb128 0x3
 471 027a F7010000 		.4byte	.LASF47
 472 027e 08       		.byte	0x8
 473 027f 9D       		.byte	0x9d
 474 0280 C3000000 		.4byte	0xc3
 475 0284 03       		.uleb128 0x3
 476 0285 50010000 		.4byte	.LASF48
 477 0289 08       		.byte	0x8
 478 028a A2       		.byte	0xa2
 479 028b 8F020000 		.4byte	0x28f
 480 028f 0B       		.uleb128 0xb
 481 0290 04       		.byte	0x4
 482 0291 06       		.uleb128 0x6
 483 0292 36040000 		.4byte	.LASF49
 484 0296 24       		.byte	0x24
 485 0297 08       		.byte	0x8
 486 0298 B9       		.byte	0xb9
 487 0299 03030000 		.4byte	0x303
 488 029d 08       		.uleb128 0x8
 489 029e 723400   		.ascii	"r4\000"
 490 02a1 08       		.byte	0x8
 491 02a2 BA       		.byte	0xba
 492 02a3 84020000 		.4byte	0x284
 493 02a7 00       		.byte	0
 494 02a8 08       		.uleb128 0x8
 495 02a9 723500   		.ascii	"r5\000"
 496 02ac 08       		.byte	0x8
 497 02ad BB       		.byte	0xbb
 498 02ae 84020000 		.4byte	0x284
 499 02b2 04       		.byte	0x4
 500 02b3 08       		.uleb128 0x8
 501 02b4 723600   		.ascii	"r6\000"
 502 02b7 08       		.byte	0x8
 503 02b8 BC       		.byte	0xbc
 504 02b9 84020000 		.4byte	0x284
 505 02bd 08       		.byte	0x8
 506 02be 08       		.uleb128 0x8
 507 02bf 723700   		.ascii	"r7\000"
 508 02c2 08       		.byte	0x8
 509 02c3 BD       		.byte	0xbd
 510 02c4 84020000 		.4byte	0x284
 511 02c8 0C       		.byte	0xc
 512 02c9 08       		.uleb128 0x8
 513 02ca 723800   		.ascii	"r8\000"
ARM GAS  /tmp/ccRQWT07.s 			page 10


 514 02cd 08       		.byte	0x8
 515 02ce BE       		.byte	0xbe
 516 02cf 84020000 		.4byte	0x284
 517 02d3 10       		.byte	0x10
 518 02d4 08       		.uleb128 0x8
 519 02d5 723900   		.ascii	"r9\000"
 520 02d8 08       		.byte	0x8
 521 02d9 BF       		.byte	0xbf
 522 02da 84020000 		.4byte	0x284
 523 02de 14       		.byte	0x14
 524 02df 08       		.uleb128 0x8
 525 02e0 72313000 		.ascii	"r10\000"
 526 02e4 08       		.byte	0x8
 527 02e5 C0       		.byte	0xc0
 528 02e6 84020000 		.4byte	0x284
 529 02ea 18       		.byte	0x18
 530 02eb 08       		.uleb128 0x8
 531 02ec 72313100 		.ascii	"r11\000"
 532 02f0 08       		.byte	0x8
 533 02f1 C1       		.byte	0xc1
 534 02f2 84020000 		.4byte	0x284
 535 02f6 1C       		.byte	0x1c
 536 02f7 08       		.uleb128 0x8
 537 02f8 6C7200   		.ascii	"lr\000"
 538 02fb 08       		.byte	0x8
 539 02fc C2       		.byte	0xc2
 540 02fd 84020000 		.4byte	0x284
 541 0301 20       		.byte	0x20
 542 0302 00       		.byte	0
 543 0303 06       		.uleb128 0x6
 544 0304 A8010000 		.4byte	.LASF50
 545 0308 04       		.byte	0x4
 546 0309 08       		.byte	0x8
 547 030a CA       		.byte	0xca
 548 030b 1C030000 		.4byte	0x31c
 549 030f 08       		.uleb128 0x8
 550 0310 72313300 		.ascii	"r13\000"
 551 0314 08       		.byte	0x8
 552 0315 CB       		.byte	0xcb
 553 0316 1C030000 		.4byte	0x31c
 554 031a 00       		.byte	0
 555 031b 00       		.byte	0
 556 031c 0A       		.uleb128 0xa
 557 031d 04       		.byte	0x4
 558 031e 91020000 		.4byte	0x291
 559 0322 03       		.uleb128 0x3
 560 0323 91010000 		.4byte	.LASF51
 561 0327 09       		.byte	0x9
 562 0328 4E       		.byte	0x4e
 563 0329 2D030000 		.4byte	0x32d
 564 032d 0A       		.uleb128 0xa
 565 032e 04       		.byte	0x4
 566 032f 33030000 		.4byte	0x333
 567 0333 0C       		.uleb128 0xc
 568 0334 3E030000 		.4byte	0x33e
 569 0338 0D       		.uleb128 0xd
 570 0339 8F020000 		.4byte	0x28f
ARM GAS  /tmp/ccRQWT07.s 			page 11


 571 033d 00       		.byte	0
 572 033e 03       		.uleb128 0x3
 573 033f 5B030000 		.4byte	.LASF52
 574 0343 09       		.byte	0x9
 575 0344 53       		.byte	0x53
 576 0345 49030000 		.4byte	0x349
 577 0349 06       		.uleb128 0x6
 578 034a 5B030000 		.4byte	.LASF52
 579 034e 14       		.byte	0x14
 580 034f 09       		.byte	0x9
 581 0350 5A       		.byte	0x5a
 582 0351 92030000 		.4byte	0x392
 583 0355 07       		.uleb128 0x7
 584 0356 6E010000 		.4byte	.LASF53
 585 035a 09       		.byte	0x9
 586 035b 5B       		.byte	0x5b
 587 035c 92030000 		.4byte	0x392
 588 0360 00       		.byte	0
 589 0361 07       		.uleb128 0x7
 590 0362 59010000 		.4byte	.LASF54
 591 0366 09       		.byte	0x9
 592 0367 5D       		.byte	0x5d
 593 0368 92030000 		.4byte	0x392
 594 036c 04       		.byte	0x4
 595 036d 07       		.uleb128 0x7
 596 036e 16020000 		.4byte	.LASF55
 597 0372 09       		.byte	0x9
 598 0373 5F       		.byte	0x5f
 599 0374 1B010000 		.4byte	0x11b
 600 0378 08       		.byte	0x8
 601 0379 07       		.uleb128 0x7
 602 037a 27020000 		.4byte	.LASF56
 603 037e 09       		.byte	0x9
 604 037f 60       		.byte	0x60
 605 0380 22030000 		.4byte	0x322
 606 0384 0C       		.byte	0xc
 607 0385 07       		.uleb128 0x7
 608 0386 48040000 		.4byte	.LASF57
 609 038a 09       		.byte	0x9
 610 038b 62       		.byte	0x62
 611 038c 8F020000 		.4byte	0x28f
 612 0390 10       		.byte	0x10
 613 0391 00       		.byte	0
 614 0392 0A       		.uleb128 0xa
 615 0393 04       		.byte	0x4
 616 0394 3E030000 		.4byte	0x33e
 617 0398 09       		.uleb128 0x9
 618 0399 10       		.byte	0x10
 619 039a 09       		.byte	0x9
 620 039b 6C       		.byte	0x6c
 621 039c D1030000 		.4byte	0x3d1
 622 03a0 07       		.uleb128 0x7
 623 03a1 6E010000 		.4byte	.LASF53
 624 03a5 09       		.byte	0x9
 625 03a6 6D       		.byte	0x6d
 626 03a7 92030000 		.4byte	0x392
 627 03ab 00       		.byte	0
ARM GAS  /tmp/ccRQWT07.s 			page 12


 628 03ac 07       		.uleb128 0x7
 629 03ad 59010000 		.4byte	.LASF54
 630 03b1 09       		.byte	0x9
 631 03b2 6F       		.byte	0x6f
 632 03b3 92030000 		.4byte	0x392
 633 03b7 04       		.byte	0x4
 634 03b8 07       		.uleb128 0x7
 635 03b9 16020000 		.4byte	.LASF55
 636 03bd 09       		.byte	0x9
 637 03be 71       		.byte	0x71
 638 03bf 1B010000 		.4byte	0x11b
 639 03c3 08       		.byte	0x8
 640 03c4 07       		.uleb128 0x7
 641 03c5 A8040000 		.4byte	.LASF58
 642 03c9 09       		.byte	0x9
 643 03ca 72       		.byte	0x72
 644 03cb 26010000 		.4byte	0x126
 645 03cf 0C       		.byte	0xc
 646 03d0 00       		.byte	0
 647 03d1 03       		.uleb128 0x3
 648 03d2 BE040000 		.4byte	.LASF59
 649 03d6 09       		.byte	0x9
 650 03d7 73       		.byte	0x73
 651 03d8 98030000 		.4byte	0x398
 652 03dc 0E       		.uleb128 0xe
 653 03dd 2B000000 		.4byte	.LASF67
 654 03e1 09       		.byte	0x9
 655 03e2 D1       		.byte	0xd1
 656 03e3 D1030000 		.4byte	0x3d1
 657 03e7 09       		.uleb128 0x9
 658 03e8 1C       		.byte	0x1c
 659 03e9 0A       		.byte	0xa
 660 03ea 57       		.byte	0x57
 661 03eb 38040000 		.4byte	0x438
 662 03ef 07       		.uleb128 0x7
 663 03f0 53030000 		.4byte	.LASF60
 664 03f4 0A       		.byte	0xa
 665 03f5 58       		.byte	0x58
 666 03f6 4E020000 		.4byte	0x24e
 667 03fa 00       		.byte	0
 668 03fb 07       		.uleb128 0x7
 669 03fc E6020000 		.4byte	.LASF61
 670 0400 0A       		.byte	0xa
 671 0401 59       		.byte	0x59
 672 0402 FA000000 		.4byte	0xfa
 673 0406 08       		.byte	0x8
 674 0407 07       		.uleb128 0x7
 675 0408 4F020000 		.4byte	.LASF62
 676 040c 0A       		.byte	0xa
 677 040d 5B       		.byte	0x5b
 678 040e 03030000 		.4byte	0x303
 679 0412 0C       		.byte	0xc
 680 0413 07       		.uleb128 0x7
 681 0414 C9010000 		.4byte	.LASF63
 682 0418 0A       		.byte	0xa
 683 0419 5E       		.byte	0x5e
 684 041a 48020000 		.4byte	0x248
ARM GAS  /tmp/ccRQWT07.s 			page 13


 685 041e 10       		.byte	0x10
 686 041f 07       		.uleb128 0x7
 687 0420 74020000 		.4byte	.LASF64
 688 0424 0A       		.byte	0xa
 689 0425 5F       		.byte	0x5f
 690 0426 48020000 		.4byte	0x248
 691 042a 14       		.byte	0x14
 692 042b 07       		.uleb128 0x7
 693 042c 6A020000 		.4byte	.LASF65
 694 0430 0A       		.byte	0xa
 695 0431 62       		.byte	0x62
 696 0432 48020000 		.4byte	0x248
 697 0436 18       		.byte	0x18
 698 0437 00       		.byte	0
 699 0438 03       		.uleb128 0x3
 700 0439 82040000 		.4byte	.LASF66
 701 043d 0A       		.byte	0xa
 702 043e 64       		.byte	0x64
 703 043f E7030000 		.4byte	0x3e7
 704 0443 0E       		.uleb128 0xe
 705 0444 8C040000 		.4byte	.LASF68
 706 0448 0A       		.byte	0xa
 707 0449 68       		.byte	0x68
 708 044a 38040000 		.4byte	0x438
 709 044e 06       		.uleb128 0x6
 710 044f F1010000 		.4byte	.LASF69
 711 0453 10       		.byte	0x10
 712 0454 0B       		.byte	0xb
 713 0455 25       		.byte	0x25
 714 0456 7F040000 		.4byte	0x47f
 715 045a 07       		.uleb128 0x7
 716 045b F6000000 		.4byte	.LASF70
 717 045f 0B       		.byte	0xb
 718 0460 26       		.byte	0x26
 719 0461 4E020000 		.4byte	0x24e
 720 0465 00       		.byte	0
 721 0466 07       		.uleb128 0x7
 722 0467 C5040000 		.4byte	.LASF71
 723 046b 0B       		.byte	0xb
 724 046c 28       		.byte	0x28
 725 046d 48020000 		.4byte	0x248
 726 0471 08       		.byte	0x8
 727 0472 07       		.uleb128 0x7
 728 0473 88030000 		.4byte	.LASF72
 729 0477 0B       		.byte	0xb
 730 0478 2A       		.byte	0x2a
 731 0479 7F040000 		.4byte	0x47f
 732 047d 0C       		.byte	0xc
 733 047e 00       		.byte	0
 734 047f 0A       		.uleb128 0xa
 735 0480 04       		.byte	0x4
 736 0481 4E040000 		.4byte	0x44e
 737 0485 03       		.uleb128 0x3
 738 0486 F1010000 		.4byte	.LASF69
 739 048a 0B       		.byte	0xb
 740 048b 2C       		.byte	0x2c
 741 048c 4E040000 		.4byte	0x44e
ARM GAS  /tmp/ccRQWT07.s 			page 14


 742 0490 0F       		.uleb128 0xf
 743 0491 04       		.byte	0x4
 744 0492 07       		.byte	0x7
 745 0493 8F       		.byte	0x8f
 746 0494 C5040000 		.4byte	0x4c5
 747 0498 10       		.uleb128 0x10
 748 0499 1A000000 		.4byte	.LASF73
 749 049d 07       		.byte	0x7
 750 049e 96       		.byte	0x96
 751 049f 05010000 		.4byte	0x105
 752 04a3 10       		.uleb128 0x10
 753 04a4 91000000 		.4byte	.LASF74
 754 04a8 07       		.byte	0x7
 755 04a9 9D       		.byte	0x9d
 756 04aa 05010000 		.4byte	0x105
 757 04ae 10       		.uleb128 0x10
 758 04af 9A040000 		.4byte	.LASF75
 759 04b3 07       		.byte	0x7
 760 04b4 A4       		.byte	0xa4
 761 04b5 8F020000 		.4byte	0x28f
 762 04b9 10       		.uleb128 0x10
 763 04ba ED020000 		.4byte	.LASF76
 764 04be 07       		.byte	0x7
 765 04bf AB       		.byte	0xab
 766 04c0 10010000 		.4byte	0x110
 767 04c4 00       		.byte	0
 768 04c5 0A       		.uleb128 0xa
 769 04c6 04       		.byte	0x4
 770 04c7 D2040000 		.4byte	0x4d2
 771 04cb 04       		.uleb128 0x4
 772 04cc 01       		.byte	0x1
 773 04cd 08       		.byte	0x8
 774 04ce 68030000 		.4byte	.LASF77
 775 04d2 11       		.uleb128 0x11
 776 04d3 CB040000 		.4byte	0x4cb
 777 04d7 0A       		.uleb128 0xa
 778 04d8 04       		.byte	0x4
 779 04d9 85040000 		.4byte	0x485
 780 04dd 09       		.uleb128 0x9
 781 04de 16       		.byte	0x16
 782 04df 0C       		.byte	0xc
 783 04e0 25       		.byte	0x25
 784 04e1 BE050000 		.4byte	0x5be
 785 04e5 07       		.uleb128 0x7
 786 04e6 9A010000 		.4byte	.LASF78
 787 04ea 0C       		.byte	0xc
 788 04eb 26       		.byte	0x26
 789 04ec BE050000 		.4byte	0x5be
 790 04f0 00       		.byte	0
 791 04f1 07       		.uleb128 0x7
 792 04f2 02020000 		.4byte	.LASF79
 793 04f6 0C       		.byte	0xc
 794 04f7 27       		.byte	0x27
 795 04f8 A2000000 		.4byte	0xa2
 796 04fc 04       		.byte	0x4
 797 04fd 07       		.uleb128 0x7
 798 04fe 62020000 		.4byte	.LASF80
ARM GAS  /tmp/ccRQWT07.s 			page 15


 799 0502 0C       		.byte	0xc
 800 0503 28       		.byte	0x28
 801 0504 A2000000 		.4byte	0xa2
 802 0508 05       		.byte	0x5
 803 0509 07       		.uleb128 0x7
 804 050a B3040000 		.4byte	.LASF81
 805 050e 0C       		.byte	0xc
 806 050f 29       		.byte	0x29
 807 0510 AD000000 		.4byte	0xad
 808 0514 06       		.byte	0x6
 809 0515 07       		.uleb128 0x7
 810 0516 84020000 		.4byte	.LASF82
 811 051a 0C       		.byte	0xc
 812 051b 2A       		.byte	0x2a
 813 051c A2000000 		.4byte	0xa2
 814 0520 08       		.byte	0x8
 815 0521 07       		.uleb128 0x7
 816 0522 2F020000 		.4byte	.LASF83
 817 0526 0C       		.byte	0xc
 818 0527 2B       		.byte	0x2b
 819 0528 A2000000 		.4byte	0xa2
 820 052c 09       		.byte	0x9
 821 052d 07       		.uleb128 0x7
 822 052e 83000000 		.4byte	.LASF84
 823 0532 0C       		.byte	0xc
 824 0533 2C       		.byte	0x2c
 825 0534 A2000000 		.4byte	0xa2
 826 0538 0A       		.byte	0xa
 827 0539 07       		.uleb128 0x7
 828 053a 47030000 		.4byte	.LASF85
 829 053e 0C       		.byte	0xc
 830 053f 2D       		.byte	0x2d
 831 0540 A2000000 		.4byte	0xa2
 832 0544 0B       		.byte	0xb
 833 0545 07       		.uleb128 0x7
 834 0546 70040000 		.4byte	.LASF86
 835 054a 0C       		.byte	0xc
 836 054b 2E       		.byte	0x2e
 837 054c A2000000 		.4byte	0xa2
 838 0550 0C       		.byte	0xc
 839 0551 07       		.uleb128 0x7
 840 0552 26030000 		.4byte	.LASF87
 841 0556 0C       		.byte	0xc
 842 0557 2F       		.byte	0x2f
 843 0558 A2000000 		.4byte	0xa2
 844 055c 0D       		.byte	0xd
 845 055d 07       		.uleb128 0x7
 846 055e 00000000 		.4byte	.LASF88
 847 0562 0C       		.byte	0xc
 848 0563 30       		.byte	0x30
 849 0564 A2000000 		.4byte	0xa2
 850 0568 0E       		.byte	0xe
 851 0569 07       		.uleb128 0x7
 852 056a 3B020000 		.4byte	.LASF89
 853 056e 0C       		.byte	0xc
 854 056f 31       		.byte	0x31
 855 0570 A2000000 		.4byte	0xa2
ARM GAS  /tmp/ccRQWT07.s 			page 16


 856 0574 0F       		.byte	0xf
 857 0575 07       		.uleb128 0x7
 858 0576 D9000000 		.4byte	.LASF90
 859 057a 0C       		.byte	0xc
 860 057b 32       		.byte	0x32
 861 057c A2000000 		.4byte	0xa2
 862 0580 10       		.byte	0x10
 863 0581 07       		.uleb128 0x7
 864 0582 B2000000 		.4byte	.LASF91
 865 0586 0C       		.byte	0xc
 866 0587 34       		.byte	0x34
 867 0588 A2000000 		.4byte	0xa2
 868 058c 11       		.byte	0x11
 869 058d 07       		.uleb128 0x7
 870 058e E9000000 		.4byte	.LASF92
 871 0592 0C       		.byte	0xc
 872 0593 35       		.byte	0x35
 873 0594 A2000000 		.4byte	0xa2
 874 0598 12       		.byte	0x12
 875 0599 07       		.uleb128 0x7
 876 059a 0A020000 		.4byte	.LASF93
 877 059e 0C       		.byte	0xc
 878 059f 36       		.byte	0x36
 879 05a0 A2000000 		.4byte	0xa2
 880 05a4 13       		.byte	0x13
 881 05a5 07       		.uleb128 0x7
 882 05a6 FB020000 		.4byte	.LASF94
 883 05aa 0C       		.byte	0xc
 884 05ab 37       		.byte	0x37
 885 05ac A2000000 		.4byte	0xa2
 886 05b0 14       		.byte	0x14
 887 05b1 07       		.uleb128 0x7
 888 05b2 DA020000 		.4byte	.LASF95
 889 05b6 0C       		.byte	0xc
 890 05b7 39       		.byte	0x39
 891 05b8 A2000000 		.4byte	0xa2
 892 05bc 15       		.byte	0x15
 893 05bd 00       		.byte	0
 894 05be 12       		.uleb128 0x12
 895 05bf CB040000 		.4byte	0x4cb
 896 05c3 CE050000 		.4byte	0x5ce
 897 05c7 13       		.uleb128 0x13
 898 05c8 CE050000 		.4byte	0x5ce
 899 05cc 03       		.byte	0x3
 900 05cd 00       		.byte	0
 901 05ce 04       		.uleb128 0x4
 902 05cf 04       		.byte	0x4
 903 05d0 07       		.byte	0x7
 904 05d1 1E020000 		.4byte	.LASF96
 905 05d5 03       		.uleb128 0x3
 906 05d6 23010000 		.4byte	.LASF97
 907 05da 0C       		.byte	0xc
 908 05db 3A       		.byte	0x3a
 909 05dc DD040000 		.4byte	0x4dd
 910 05e0 11       		.uleb128 0x11
 911 05e1 D5050000 		.4byte	0x5d5
 912 05e5 0E       		.uleb128 0xe
ARM GAS  /tmp/ccRQWT07.s 			page 17


 913 05e6 88010000 		.4byte	.LASF98
 914 05ea 0C       		.byte	0xc
 915 05eb 77       		.byte	0x77
 916 05ec E0050000 		.4byte	0x5e0
 917 05f0 12       		.uleb128 0x12
 918 05f1 79020000 		.4byte	0x279
 919 05f5 00060000 		.4byte	0x600
 920 05f9 13       		.uleb128 0x13
 921 05fa CE050000 		.4byte	0x5ce
 922 05fe 26       		.byte	0x26
 923 05ff 00       		.byte	0
 924 0600 0E       		.uleb128 0xe
 925 0601 35010000 		.4byte	.LASF99
 926 0605 0D       		.byte	0xd
 927 0606 82       		.byte	0x82
 928 0607 F0050000 		.4byte	0x5f0
 929 060b 14       		.uleb128 0x14
 930 060c E5050000 		.4byte	0x5e5
 931 0610 01       		.byte	0x1
 932 0611 3B       		.byte	0x3b
 933 0612 05       		.uleb128 0x5
 934 0613 03       		.byte	0x3
 935 0614 00000000 		.4byte	ch_debug
 936 0618 15       		.uleb128 0x15
 937 0619 6D030000 		.4byte	.LASF100
 938 061d 01       		.byte	0x1
 939 061e 85       		.byte	0x85
 940 061f 48020000 		.4byte	0x248
 941 0623 00000000 		.4byte	.LFB8
 942 0627 38000000 		.4byte	.LFE8-.LFB8
 943 062b 01       		.uleb128 0x1
 944 062c 9C       		.byte	0x9c
 945 062d 5E060000 		.4byte	0x65e
 946 0631 16       		.uleb128 0x16
 947 0632 747000   		.ascii	"tp\000"
 948 0635 01       		.byte	0x1
 949 0636 85       		.byte	0x85
 950 0637 48020000 		.4byte	0x248
 951 063b 00000000 		.4byte	.LLST0
 952 063f 17       		.uleb128 0x17
 953 0640 6E747000 		.ascii	"ntp\000"
 954 0644 01       		.byte	0x1
 955 0645 86       		.byte	0x86
 956 0646 48020000 		.4byte	0x248
 957 064a 01       		.uleb128 0x1
 958 064b 54       		.byte	0x54
 959 064c 18       		.uleb128 0x18
 960 064d 2C000000 		.4byte	.LVL4
 961 0651 84060000 		.4byte	0x684
 962 0655 19       		.uleb128 0x19
 963 0656 01       		.uleb128 0x1
 964 0657 50       		.byte	0x50
 965 0658 03       		.uleb128 0x3
 966 0659 F3       		.byte	0xf3
 967 065a 01       		.uleb128 0x1
 968 065b 50       		.byte	0x50
 969 065c 00       		.byte	0
ARM GAS  /tmp/ccRQWT07.s 			page 18


 970 065d 00       		.byte	0
 971 065e 15       		.uleb128 0x15
 972 065f 9A000000 		.4byte	.LASF101
 973 0663 01       		.byte	0x1
 974 0664 6E       		.byte	0x6e
 975 0665 48020000 		.4byte	0x248
 976 0669 00000000 		.4byte	.LFB7
 977 066d 24000000 		.4byte	.LFE7-.LFB7
 978 0671 01       		.uleb128 0x1
 979 0672 9C       		.byte	0x9c
 980 0673 84060000 		.4byte	0x684
 981 0677 17       		.uleb128 0x17
 982 0678 747000   		.ascii	"tp\000"
 983 067b 01       		.byte	0x1
 984 067c 6F       		.byte	0x6f
 985 067d 48020000 		.4byte	0x248
 986 0681 01       		.uleb128 0x1
 987 0682 50       		.byte	0x50
 988 0683 00       		.byte	0
 989 0684 1A       		.uleb128 0x1a
 990 0685 12030000 		.4byte	.LASF105
 991 0689 12030000 		.4byte	.LASF105
 992 068d 0E       		.byte	0xe
 993 068e 33       		.byte	0x33
 994 068f 00       		.byte	0
 995              		.section	.debug_abbrev,"",%progbits
 996              	.Ldebug_abbrev0:
 997 0000 01       		.uleb128 0x1
 998 0001 11       		.uleb128 0x11
 999 0002 01       		.byte	0x1
 1000 0003 25       		.uleb128 0x25
 1001 0004 0E       		.uleb128 0xe
 1002 0005 13       		.uleb128 0x13
 1003 0006 0B       		.uleb128 0xb
 1004 0007 03       		.uleb128 0x3
 1005 0008 0E       		.uleb128 0xe
 1006 0009 1B       		.uleb128 0x1b
 1007 000a 0E       		.uleb128 0xe
 1008 000b 55       		.uleb128 0x55
 1009 000c 17       		.uleb128 0x17
 1010 000d 11       		.uleb128 0x11
 1011 000e 01       		.uleb128 0x1
 1012 000f 10       		.uleb128 0x10
 1013 0010 17       		.uleb128 0x17
 1014 0011 00       		.byte	0
 1015 0012 00       		.byte	0
 1016 0013 02       		.uleb128 0x2
 1017 0014 24       		.uleb128 0x24
 1018 0015 00       		.byte	0
 1019 0016 0B       		.uleb128 0xb
 1020 0017 0B       		.uleb128 0xb
 1021 0018 3E       		.uleb128 0x3e
 1022 0019 0B       		.uleb128 0xb
 1023 001a 03       		.uleb128 0x3
 1024 001b 08       		.uleb128 0x8
 1025 001c 00       		.byte	0
 1026 001d 00       		.byte	0
ARM GAS  /tmp/ccRQWT07.s 			page 19


 1027 001e 03       		.uleb128 0x3
 1028 001f 16       		.uleb128 0x16
 1029 0020 00       		.byte	0
 1030 0021 03       		.uleb128 0x3
 1031 0022 0E       		.uleb128 0xe
 1032 0023 3A       		.uleb128 0x3a
 1033 0024 0B       		.uleb128 0xb
 1034 0025 3B       		.uleb128 0x3b
 1035 0026 0B       		.uleb128 0xb
 1036 0027 49       		.uleb128 0x49
 1037 0028 13       		.uleb128 0x13
 1038 0029 00       		.byte	0
 1039 002a 00       		.byte	0
 1040 002b 04       		.uleb128 0x4
 1041 002c 24       		.uleb128 0x24
 1042 002d 00       		.byte	0
 1043 002e 0B       		.uleb128 0xb
 1044 002f 0B       		.uleb128 0xb
 1045 0030 3E       		.uleb128 0x3e
 1046 0031 0B       		.uleb128 0xb
 1047 0032 03       		.uleb128 0x3
 1048 0033 0E       		.uleb128 0xe
 1049 0034 00       		.byte	0
 1050 0035 00       		.byte	0
 1051 0036 05       		.uleb128 0x5
 1052 0037 35       		.uleb128 0x35
 1053 0038 00       		.byte	0
 1054 0039 49       		.uleb128 0x49
 1055 003a 13       		.uleb128 0x13
 1056 003b 00       		.byte	0
 1057 003c 00       		.byte	0
 1058 003d 06       		.uleb128 0x6
 1059 003e 13       		.uleb128 0x13
 1060 003f 01       		.byte	0x1
 1061 0040 03       		.uleb128 0x3
 1062 0041 0E       		.uleb128 0xe
 1063 0042 0B       		.uleb128 0xb
 1064 0043 0B       		.uleb128 0xb
 1065 0044 3A       		.uleb128 0x3a
 1066 0045 0B       		.uleb128 0xb
 1067 0046 3B       		.uleb128 0x3b
 1068 0047 0B       		.uleb128 0xb
 1069 0048 01       		.uleb128 0x1
 1070 0049 13       		.uleb128 0x13
 1071 004a 00       		.byte	0
 1072 004b 00       		.byte	0
 1073 004c 07       		.uleb128 0x7
 1074 004d 0D       		.uleb128 0xd
 1075 004e 00       		.byte	0
 1076 004f 03       		.uleb128 0x3
 1077 0050 0E       		.uleb128 0xe
 1078 0051 3A       		.uleb128 0x3a
 1079 0052 0B       		.uleb128 0xb
 1080 0053 3B       		.uleb128 0x3b
 1081 0054 0B       		.uleb128 0xb
 1082 0055 49       		.uleb128 0x49
 1083 0056 13       		.uleb128 0x13
ARM GAS  /tmp/ccRQWT07.s 			page 20


 1084 0057 38       		.uleb128 0x38
 1085 0058 0B       		.uleb128 0xb
 1086 0059 00       		.byte	0
 1087 005a 00       		.byte	0
 1088 005b 08       		.uleb128 0x8
 1089 005c 0D       		.uleb128 0xd
 1090 005d 00       		.byte	0
 1091 005e 03       		.uleb128 0x3
 1092 005f 08       		.uleb128 0x8
 1093 0060 3A       		.uleb128 0x3a
 1094 0061 0B       		.uleb128 0xb
 1095 0062 3B       		.uleb128 0x3b
 1096 0063 0B       		.uleb128 0xb
 1097 0064 49       		.uleb128 0x49
 1098 0065 13       		.uleb128 0x13
 1099 0066 38       		.uleb128 0x38
 1100 0067 0B       		.uleb128 0xb
 1101 0068 00       		.byte	0
 1102 0069 00       		.byte	0
 1103 006a 09       		.uleb128 0x9
 1104 006b 13       		.uleb128 0x13
 1105 006c 01       		.byte	0x1
 1106 006d 0B       		.uleb128 0xb
 1107 006e 0B       		.uleb128 0xb
 1108 006f 3A       		.uleb128 0x3a
 1109 0070 0B       		.uleb128 0xb
 1110 0071 3B       		.uleb128 0x3b
 1111 0072 0B       		.uleb128 0xb
 1112 0073 01       		.uleb128 0x1
 1113 0074 13       		.uleb128 0x13
 1114 0075 00       		.byte	0
 1115 0076 00       		.byte	0
 1116 0077 0A       		.uleb128 0xa
 1117 0078 0F       		.uleb128 0xf
 1118 0079 00       		.byte	0
 1119 007a 0B       		.uleb128 0xb
 1120 007b 0B       		.uleb128 0xb
 1121 007c 49       		.uleb128 0x49
 1122 007d 13       		.uleb128 0x13
 1123 007e 00       		.byte	0
 1124 007f 00       		.byte	0
 1125 0080 0B       		.uleb128 0xb
 1126 0081 0F       		.uleb128 0xf
 1127 0082 00       		.byte	0
 1128 0083 0B       		.uleb128 0xb
 1129 0084 0B       		.uleb128 0xb
 1130 0085 00       		.byte	0
 1131 0086 00       		.byte	0
 1132 0087 0C       		.uleb128 0xc
 1133 0088 15       		.uleb128 0x15
 1134 0089 01       		.byte	0x1
 1135 008a 27       		.uleb128 0x27
 1136 008b 19       		.uleb128 0x19
 1137 008c 01       		.uleb128 0x1
 1138 008d 13       		.uleb128 0x13
 1139 008e 00       		.byte	0
 1140 008f 00       		.byte	0
ARM GAS  /tmp/ccRQWT07.s 			page 21


 1141 0090 0D       		.uleb128 0xd
 1142 0091 05       		.uleb128 0x5
 1143 0092 00       		.byte	0
 1144 0093 49       		.uleb128 0x49
 1145 0094 13       		.uleb128 0x13
 1146 0095 00       		.byte	0
 1147 0096 00       		.byte	0
 1148 0097 0E       		.uleb128 0xe
 1149 0098 34       		.uleb128 0x34
 1150 0099 00       		.byte	0
 1151 009a 03       		.uleb128 0x3
 1152 009b 0E       		.uleb128 0xe
 1153 009c 3A       		.uleb128 0x3a
 1154 009d 0B       		.uleb128 0xb
 1155 009e 3B       		.uleb128 0x3b
 1156 009f 0B       		.uleb128 0xb
 1157 00a0 49       		.uleb128 0x49
 1158 00a1 13       		.uleb128 0x13
 1159 00a2 3F       		.uleb128 0x3f
 1160 00a3 19       		.uleb128 0x19
 1161 00a4 3C       		.uleb128 0x3c
 1162 00a5 19       		.uleb128 0x19
 1163 00a6 00       		.byte	0
 1164 00a7 00       		.byte	0
 1165 00a8 0F       		.uleb128 0xf
 1166 00a9 17       		.uleb128 0x17
 1167 00aa 01       		.byte	0x1
 1168 00ab 0B       		.uleb128 0xb
 1169 00ac 0B       		.uleb128 0xb
 1170 00ad 3A       		.uleb128 0x3a
 1171 00ae 0B       		.uleb128 0xb
 1172 00af 3B       		.uleb128 0x3b
 1173 00b0 0B       		.uleb128 0xb
 1174 00b1 01       		.uleb128 0x1
 1175 00b2 13       		.uleb128 0x13
 1176 00b3 00       		.byte	0
 1177 00b4 00       		.byte	0
 1178 00b5 10       		.uleb128 0x10
 1179 00b6 0D       		.uleb128 0xd
 1180 00b7 00       		.byte	0
 1181 00b8 03       		.uleb128 0x3
 1182 00b9 0E       		.uleb128 0xe
 1183 00ba 3A       		.uleb128 0x3a
 1184 00bb 0B       		.uleb128 0xb
 1185 00bc 3B       		.uleb128 0x3b
 1186 00bd 0B       		.uleb128 0xb
 1187 00be 49       		.uleb128 0x49
 1188 00bf 13       		.uleb128 0x13
 1189 00c0 00       		.byte	0
 1190 00c1 00       		.byte	0
 1191 00c2 11       		.uleb128 0x11
 1192 00c3 26       		.uleb128 0x26
 1193 00c4 00       		.byte	0
 1194 00c5 49       		.uleb128 0x49
 1195 00c6 13       		.uleb128 0x13
 1196 00c7 00       		.byte	0
 1197 00c8 00       		.byte	0
ARM GAS  /tmp/ccRQWT07.s 			page 22


 1198 00c9 12       		.uleb128 0x12
 1199 00ca 01       		.uleb128 0x1
 1200 00cb 01       		.byte	0x1
 1201 00cc 49       		.uleb128 0x49
 1202 00cd 13       		.uleb128 0x13
 1203 00ce 01       		.uleb128 0x1
 1204 00cf 13       		.uleb128 0x13
 1205 00d0 00       		.byte	0
 1206 00d1 00       		.byte	0
 1207 00d2 13       		.uleb128 0x13
 1208 00d3 21       		.uleb128 0x21
 1209 00d4 00       		.byte	0
 1210 00d5 49       		.uleb128 0x49
 1211 00d6 13       		.uleb128 0x13
 1212 00d7 2F       		.uleb128 0x2f
 1213 00d8 0B       		.uleb128 0xb
 1214 00d9 00       		.byte	0
 1215 00da 00       		.byte	0
 1216 00db 14       		.uleb128 0x14
 1217 00dc 34       		.uleb128 0x34
 1218 00dd 00       		.byte	0
 1219 00de 47       		.uleb128 0x47
 1220 00df 13       		.uleb128 0x13
 1221 00e0 3A       		.uleb128 0x3a
 1222 00e1 0B       		.uleb128 0xb
 1223 00e2 3B       		.uleb128 0x3b
 1224 00e3 0B       		.uleb128 0xb
 1225 00e4 02       		.uleb128 0x2
 1226 00e5 18       		.uleb128 0x18
 1227 00e6 00       		.byte	0
 1228 00e7 00       		.byte	0
 1229 00e8 15       		.uleb128 0x15
 1230 00e9 2E       		.uleb128 0x2e
 1231 00ea 01       		.byte	0x1
 1232 00eb 3F       		.uleb128 0x3f
 1233 00ec 19       		.uleb128 0x19
 1234 00ed 03       		.uleb128 0x3
 1235 00ee 0E       		.uleb128 0xe
 1236 00ef 3A       		.uleb128 0x3a
 1237 00f0 0B       		.uleb128 0xb
 1238 00f1 3B       		.uleb128 0x3b
 1239 00f2 0B       		.uleb128 0xb
 1240 00f3 27       		.uleb128 0x27
 1241 00f4 19       		.uleb128 0x19
 1242 00f5 49       		.uleb128 0x49
 1243 00f6 13       		.uleb128 0x13
 1244 00f7 11       		.uleb128 0x11
 1245 00f8 01       		.uleb128 0x1
 1246 00f9 12       		.uleb128 0x12
 1247 00fa 06       		.uleb128 0x6
 1248 00fb 40       		.uleb128 0x40
 1249 00fc 18       		.uleb128 0x18
 1250 00fd 9742     		.uleb128 0x2117
 1251 00ff 19       		.uleb128 0x19
 1252 0100 01       		.uleb128 0x1
 1253 0101 13       		.uleb128 0x13
 1254 0102 00       		.byte	0
ARM GAS  /tmp/ccRQWT07.s 			page 23


 1255 0103 00       		.byte	0
 1256 0104 16       		.uleb128 0x16
 1257 0105 05       		.uleb128 0x5
 1258 0106 00       		.byte	0
 1259 0107 03       		.uleb128 0x3
 1260 0108 08       		.uleb128 0x8
 1261 0109 3A       		.uleb128 0x3a
 1262 010a 0B       		.uleb128 0xb
 1263 010b 3B       		.uleb128 0x3b
 1264 010c 0B       		.uleb128 0xb
 1265 010d 49       		.uleb128 0x49
 1266 010e 13       		.uleb128 0x13
 1267 010f 02       		.uleb128 0x2
 1268 0110 17       		.uleb128 0x17
 1269 0111 00       		.byte	0
 1270 0112 00       		.byte	0
 1271 0113 17       		.uleb128 0x17
 1272 0114 34       		.uleb128 0x34
 1273 0115 00       		.byte	0
 1274 0116 03       		.uleb128 0x3
 1275 0117 08       		.uleb128 0x8
 1276 0118 3A       		.uleb128 0x3a
 1277 0119 0B       		.uleb128 0xb
 1278 011a 3B       		.uleb128 0x3b
 1279 011b 0B       		.uleb128 0xb
 1280 011c 49       		.uleb128 0x49
 1281 011d 13       		.uleb128 0x13
 1282 011e 02       		.uleb128 0x2
 1283 011f 18       		.uleb128 0x18
 1284 0120 00       		.byte	0
 1285 0121 00       		.byte	0
 1286 0122 18       		.uleb128 0x18
 1287 0123 898201   		.uleb128 0x4109
 1288 0126 01       		.byte	0x1
 1289 0127 11       		.uleb128 0x11
 1290 0128 01       		.uleb128 0x1
 1291 0129 31       		.uleb128 0x31
 1292 012a 13       		.uleb128 0x13
 1293 012b 00       		.byte	0
 1294 012c 00       		.byte	0
 1295 012d 19       		.uleb128 0x19
 1296 012e 8A8201   		.uleb128 0x410a
 1297 0131 00       		.byte	0
 1298 0132 02       		.uleb128 0x2
 1299 0133 18       		.uleb128 0x18
 1300 0134 9142     		.uleb128 0x2111
 1301 0136 18       		.uleb128 0x18
 1302 0137 00       		.byte	0
 1303 0138 00       		.byte	0
 1304 0139 1A       		.uleb128 0x1a
 1305 013a 2E       		.uleb128 0x2e
 1306 013b 00       		.byte	0
 1307 013c 3F       		.uleb128 0x3f
 1308 013d 19       		.uleb128 0x19
 1309 013e 3C       		.uleb128 0x3c
 1310 013f 19       		.uleb128 0x19
 1311 0140 6E       		.uleb128 0x6e
ARM GAS  /tmp/ccRQWT07.s 			page 24


 1312 0141 0E       		.uleb128 0xe
 1313 0142 03       		.uleb128 0x3
 1314 0143 0E       		.uleb128 0xe
 1315 0144 3A       		.uleb128 0x3a
 1316 0145 0B       		.uleb128 0xb
 1317 0146 3B       		.uleb128 0x3b
 1318 0147 0B       		.uleb128 0xb
 1319 0148 00       		.byte	0
 1320 0149 00       		.byte	0
 1321 014a 00       		.byte	0
 1322              		.section	.debug_loc,"",%progbits
 1323              	.Ldebug_loc0:
 1324              	.LLST0:
 1325 0000 00000000 		.4byte	.LVL1
 1326 0004 2B000000 		.4byte	.LVL4-1
 1327 0008 0100     		.2byte	0x1
 1328 000a 50       		.byte	0x50
 1329 000b 2B000000 		.4byte	.LVL4-1
 1330 000f 38000000 		.4byte	.LFE8
 1331 0013 0400     		.2byte	0x4
 1332 0015 F3       		.byte	0xf3
 1333 0016 01       		.uleb128 0x1
 1334 0017 50       		.byte	0x50
 1335 0018 9F       		.byte	0x9f
 1336 0019 00000000 		.4byte	0
 1337 001d 00000000 		.4byte	0
 1338              		.section	.debug_aranges,"",%progbits
 1339 0000 24000000 		.4byte	0x24
 1340 0004 0200     		.2byte	0x2
 1341 0006 00000000 		.4byte	.Ldebug_info0
 1342 000a 04       		.byte	0x4
 1343 000b 00       		.byte	0
 1344 000c 0000     		.2byte	0
 1345 000e 0000     		.2byte	0
 1346 0010 00000000 		.4byte	.LFB7
 1347 0014 24000000 		.4byte	.LFE7-.LFB7
 1348 0018 00000000 		.4byte	.LFB8
 1349 001c 38000000 		.4byte	.LFE8-.LFB8
 1350 0020 00000000 		.4byte	0
 1351 0024 00000000 		.4byte	0
 1352              		.section	.debug_ranges,"",%progbits
 1353              	.Ldebug_ranges0:
 1354 0000 00000000 		.4byte	.LFB7
 1355 0004 24000000 		.4byte	.LFE7
 1356 0008 00000000 		.4byte	.LFB8
 1357 000c 38000000 		.4byte	.LFE8
 1358 0010 00000000 		.4byte	0
 1359 0014 00000000 		.4byte	0
 1360              		.section	.debug_line,"",%progbits
 1361              	.Ldebug_line0:
 1362 0000 A2010000 		.section	.debug_str,"MS",%progbits,1
 1362      02006D01 
 1362      00000201 
 1362      FB0E0D00 
 1362      01010101 
 1363              	.LASF88:
 1364 0000 63665F6F 		.ascii	"cf_off_older\000"
ARM GAS  /tmp/ccRQWT07.s 			page 25


 1364      66665F6F 
 1364      6C646572 
 1364      00
 1365              	.LASF41:
 1366 000d 705F6D73 		.ascii	"p_msg\000"
 1366      6700
 1367              	.LASF2:
 1368 0013 73697A65 		.ascii	"size_t\000"
 1368      5F7400
 1369              	.LASF73:
 1370 001a 7264796D 		.ascii	"rdymsg\000"
 1370      736700
 1371              	.LASF3:
 1372 0021 5F5F7569 		.ascii	"__uint8_t\000"
 1372      6E74385F 
 1372      7400
 1373              	.LASF67:
 1374 002b 76746C69 		.ascii	"vtlist\000"
 1374      737400
 1375              	.LASF13:
 1376 0032 6C6F6E67 		.ascii	"long long unsigned int\000"
 1376      206C6F6E 
 1376      6720756E 
 1376      7369676E 
 1376      65642069 
 1377              	.LASF104:
 1378 0049 2F686F6D 		.ascii	"/home/lmr/Downloads/ChibiOS-RPi/ChibiOS-RPi/demos/P"
 1378      652F6C6D 
 1378      722F446F 
 1378      776E6C6F 
 1378      6164732F 
 1379 007c 726F6A65 		.ascii	"roject\000"
 1379      637400
 1380              	.LASF84:
 1381 0083 63685F74 		.ascii	"ch_threadsize\000"
 1381      68726561 
 1381      6473697A 
 1381      6500
 1382              	.LASF74:
 1383 0091 65786974 		.ascii	"exitcode\000"
 1383      636F6465 
 1383      00
 1384              	.LASF101:
 1385 009a 63685265 		.ascii	"chRegFirstThread\000"
 1385      67466972 
 1385      73745468 
 1385      72656164 
 1385      00
 1386              	.LASF29:
 1387 00ab 705F7072 		.ascii	"p_prio\000"
 1387      696F00
 1388              	.LASF91:
 1389 00b2 63665F6F 		.ascii	"cf_off_state\000"
 1389      66665F73 
 1389      74617465 
 1389      00
 1390              	.LASF12:
ARM GAS  /tmp/ccRQWT07.s 			page 26


 1391 00bf 6C6F6E67 		.ascii	"long long int\000"
 1391      206C6F6E 
 1391      6720696E 
 1391      7400
 1392              	.LASF1:
 1393 00cd 7369676E 		.ascii	"signed char\000"
 1393      65642063 
 1393      68617200 
 1394              	.LASF90:
 1395 00d9 63665F6F 		.ascii	"cf_off_stklimit\000"
 1395      66665F73 
 1395      746B6C69 
 1395      6D697400 
 1396              	.LASF92:
 1397 00e9 63665F6F 		.ascii	"cf_off_flags\000"
 1397      66665F66 
 1397      6C616773 
 1397      00
 1398              	.LASF70:
 1399 00f6 6D5F7175 		.ascii	"m_queue\000"
 1399      65756500 
 1400              	.LASF21:
 1401 00fe 74736C69 		.ascii	"tslices_t\000"
 1401      6365735F 
 1401      7400
 1402              	.LASF9:
 1403 0108 6C6F6E67 		.ascii	"long int\000"
 1403      20696E74 
 1403      00
 1404              	.LASF19:
 1405 0111 74737461 		.ascii	"tstate_t\000"
 1405      74655F74 
 1405      00
 1406              	.LASF15:
 1407 011a 75696E74 		.ascii	"uint16_t\000"
 1407      31365F74 
 1407      00
 1408              	.LASF97:
 1409 0123 63686465 		.ascii	"chdebug_t\000"
 1409      6275675F 
 1409      7400
 1410              	.LASF31:
 1411 012d 705F6E65 		.ascii	"p_newer\000"
 1411      77657200 
 1412              	.LASF99:
 1413 0135 5F69646C 		.ascii	"_idle_thread_wa\000"
 1413      655F7468 
 1413      72656164 
 1413      5F776100 
 1414              	.LASF10:
 1415 0145 5F5F7569 		.ascii	"__uint32_t\000"
 1415      6E743332 
 1415      5F7400
 1416              	.LASF48:
 1417 0150 72656761 		.ascii	"regarm_t\000"
 1417      726D5F74 
 1417      00
ARM GAS  /tmp/ccRQWT07.s 			page 27


 1418              	.LASF54:
 1419 0159 76745F70 		.ascii	"vt_prev\000"
 1419      72657600 
 1420              	.LASF0:
 1421 0161 756E7369 		.ascii	"unsigned int\000"
 1421      676E6564 
 1421      20696E74 
 1421      00
 1422              	.LASF53:
 1423 016e 76745F6E 		.ascii	"vt_next\000"
 1423      65787400 
 1424              	.LASF11:
 1425 0176 6C6F6E67 		.ascii	"long unsigned int\000"
 1425      20756E73 
 1425      69676E65 
 1425      6420696E 
 1425      7400
 1426              	.LASF98:
 1427 0188 63685F64 		.ascii	"ch_debug\000"
 1427      65627567 
 1427      00
 1428              	.LASF51:
 1429 0191 76746675 		.ascii	"vtfunc_t\000"
 1429      6E635F74 
 1429      00
 1430              	.LASF78:
 1431 019a 63685F69 		.ascii	"ch_identifier\000"
 1431      64656E74 
 1431      69666965 
 1431      7200
 1432              	.LASF50:
 1433 01a8 636F6E74 		.ascii	"context\000"
 1433      65787400 
 1434              	.LASF7:
 1435 01b0 73686F72 		.ascii	"short unsigned int\000"
 1435      7420756E 
 1435      7369676E 
 1435      65642069 
 1435      6E7400
 1436              	.LASF23:
 1437 01c3 6D73675F 		.ascii	"msg_t\000"
 1437      7400
 1438              	.LASF63:
 1439 01c9 725F6E65 		.ascii	"r_newer\000"
 1439      77657200 
 1440              	.LASF18:
 1441 01d1 746D6F64 		.ascii	"tmode_t\000"
 1441      655F7400 
 1442              	.LASF46:
 1443 01d9 54687265 		.ascii	"ThreadsList\000"
 1443      6164734C 
 1443      69737400 
 1444              	.LASF24:
 1445 01e5 6576656E 		.ascii	"eventmask_t\000"
 1445      746D6173 
 1445      6B5F7400 
 1446              	.LASF69:
ARM GAS  /tmp/ccRQWT07.s 			page 28


 1447 01f1 4D757465 		.ascii	"Mutex\000"
 1447      7800
 1448              	.LASF47:
 1449 01f7 73746B61 		.ascii	"stkalign_t\000"
 1449      6C69676E 
 1449      5F7400
 1450              	.LASF79:
 1451 0202 63685F7A 		.ascii	"ch_zero\000"
 1451      65726F00 
 1452              	.LASF93:
 1453 020a 63665F6F 		.ascii	"cf_off_refs\000"
 1453      66665F72 
 1453      65667300 
 1454              	.LASF55:
 1455 0216 76745F74 		.ascii	"vt_time\000"
 1455      696D6500 
 1456              	.LASF96:
 1457 021e 73697A65 		.ascii	"sizetype\000"
 1457      74797065 
 1457      00
 1458              	.LASF56:
 1459 0227 76745F66 		.ascii	"vt_func\000"
 1459      756E6300 
 1460              	.LASF83:
 1461 022f 63685F74 		.ascii	"ch_timesize\000"
 1461      696D6573 
 1461      697A6500 
 1462              	.LASF89:
 1463 023b 63665F6F 		.ascii	"cf_off_name\000"
 1463      66665F6E 
 1463      616D6500 
 1464              	.LASF32:
 1465 0247 705F6F6C 		.ascii	"p_older\000"
 1465      64657200 
 1466              	.LASF62:
 1467 024f 725F6374 		.ascii	"r_ctx\000"
 1467      7800
 1468              	.LASF45:
 1469 0255 54687265 		.ascii	"ThreadsQueue\000"
 1469      61647351 
 1469      75657565 
 1469      00
 1470              	.LASF80:
 1471 0262 63685F73 		.ascii	"ch_size\000"
 1471      697A6500 
 1472              	.LASF65:
 1473 026a 725F6375 		.ascii	"r_current\000"
 1473      7272656E 
 1473      7400
 1474              	.LASF64:
 1475 0274 725F6F6C 		.ascii	"r_older\000"
 1475      64657200 
 1476              	.LASF20:
 1477 027c 74726566 		.ascii	"trefs_t\000"
 1477      735F7400 
 1478              	.LASF82:
 1479 0284 63685F70 		.ascii	"ch_ptrsize\000"
ARM GAS  /tmp/ccRQWT07.s 			page 29


 1479      74727369 
 1479      7A6500
 1480              	.LASF28:
 1481 028f 705F7072 		.ascii	"p_prev\000"
 1481      657600
 1482              	.LASF22:
 1483 0296 74707269 		.ascii	"tprio_t\000"
 1483      6F5F7400 
 1484              	.LASF16:
 1485 029e 696E7433 		.ascii	"int32_t\000"
 1485      325F7400 
 1486              	.LASF4:
 1487 02a6 756E7369 		.ascii	"unsigned char\000"
 1487      676E6564 
 1487      20636861 
 1487      7200
 1488              	.LASF43:
 1489 02b4 705F6D74 		.ascii	"p_mtxlist\000"
 1489      786C6973 
 1489      7400
 1490              	.LASF5:
 1491 02be 73686F72 		.ascii	"short int\000"
 1491      7420696E 
 1491      7400
 1492              	.LASF34:
 1493 02c8 705F7374 		.ascii	"p_state\000"
 1493      61746500 
 1494              	.LASF37:
 1495 02d0 705F7072 		.ascii	"p_preempt\000"
 1495      65656D70 
 1495      7400
 1496              	.LASF95:
 1497 02da 63665F6F 		.ascii	"cf_off_time\000"
 1497      66665F74 
 1497      696D6500 
 1498              	.LASF61:
 1499 02e6 725F7072 		.ascii	"r_prio\000"
 1499      696F00
 1500              	.LASF76:
 1501 02ed 65776D61 		.ascii	"ewmask\000"
 1501      736B00
 1502              	.LASF27:
 1503 02f4 705F6E65 		.ascii	"p_next\000"
 1503      787400
 1504              	.LASF94:
 1505 02fb 63665F6F 		.ascii	"cf_off_preempt\000"
 1505      66665F70 
 1505      7265656D 
 1505      707400
 1506              	.LASF35:
 1507 030a 705F666C 		.ascii	"p_flags\000"
 1507      61677300 
 1508              	.LASF105:
 1509 0312 63685468 		.ascii	"chThdRelease\000"
 1509      6452656C 
 1509      65617365 
 1509      00
ARM GAS  /tmp/ccRQWT07.s 			page 30


 1510              	.LASF26:
 1511 031f 54687265 		.ascii	"Thread\000"
 1511      616400
 1512              	.LASF87:
 1513 0326 63665F6F 		.ascii	"cf_off_newer\000"
 1513      66665F6E 
 1513      65776572 
 1513      00
 1514              	.LASF42:
 1515 0333 705F6570 		.ascii	"p_epending\000"
 1515      656E6469 
 1515      6E6700
 1516              	.LASF17:
 1517 033e 75696E74 		.ascii	"uint32_t\000"
 1517      33325F74 
 1517      00
 1518              	.LASF85:
 1519 0347 63665F6F 		.ascii	"cf_off_prio\000"
 1519      66665F70 
 1519      72696F00 
 1520              	.LASF60:
 1521 0353 725F7175 		.ascii	"r_queue\000"
 1521      65756500 
 1522              	.LASF52:
 1523 035b 56697274 		.ascii	"VirtualTimer\000"
 1523      75616C54 
 1523      696D6572 
 1523      00
 1524              	.LASF77:
 1525 0368 63686172 		.ascii	"char\000"
 1525      00
 1526              	.LASF100:
 1527 036d 63685265 		.ascii	"chRegNextThread\000"
 1527      674E6578 
 1527      74546872 
 1527      65616400 
 1528              	.LASF6:
 1529 037d 5F5F7569 		.ascii	"__uint16_t\000"
 1529      6E743136 
 1529      5F7400
 1530              	.LASF72:
 1531 0388 6D5F6E65 		.ascii	"m_next\000"
 1531      787400
 1532              	.LASF25:
 1533 038f 73797374 		.ascii	"systime_t\000"
 1533      696D655F 
 1533      7400
 1534              	.LASF44:
 1535 0399 705F7265 		.ascii	"p_realprio\000"
 1535      616C7072 
 1535      696F00
 1536              	.LASF8:
 1537 03a4 5F5F696E 		.ascii	"__int32_t\000"
 1537      7433325F 
 1537      7400
 1538              	.LASF38:
 1539 03ae 705F7469 		.ascii	"p_time\000"
ARM GAS  /tmp/ccRQWT07.s 			page 31


 1539      6D6500
 1540              	.LASF102:
 1541 03b5 474E5520 		.ascii	"GNU C11 6.3.1 20170620 -mcpu=arm1176jz-s -mno-thumb"
 1541      43313120 
 1541      362E332E 
 1541      31203230 
 1541      31373036 
 1542 03e8 2D696E74 		.ascii	"-interwork -ggdb -O2 -fomit-frame-pointer -ffunctio"
 1542      6572776F 
 1542      726B202D 
 1542      67676462 
 1542      202D4F32 
 1543 041b 6E2D7365 		.ascii	"n-sections -fdata-sections\000"
 1543      6374696F 
 1543      6E73202D 
 1543      66646174 
 1543      612D7365 
 1544              	.LASF49:
 1545 0436 696E7463 		.ascii	"intctx\000"
 1545      747800
 1546              	.LASF40:
 1547 043d 705F6D73 		.ascii	"p_msgqueue\000"
 1547      67717565 
 1547      756500
 1548              	.LASF57:
 1549 0448 76745F70 		.ascii	"vt_par\000"
 1549      617200
 1550              	.LASF103:
 1551 044f 2E2E2F2E 		.ascii	"../../os/kernel/src/chregistry.c\000"
 1551      2E2F6F73 
 1551      2F6B6572 
 1551      6E656C2F 
 1551      7372632F 
 1552              	.LASF86:
 1553 0470 63665F6F 		.ascii	"cf_off_ctx\000"
 1553      66665F63 
 1553      747800
 1554              	.LASF36:
 1555 047b 705F7265 		.ascii	"p_refs\000"
 1555      667300
 1556              	.LASF66:
 1557 0482 52656164 		.ascii	"ReadyList\000"
 1557      794C6973 
 1557      7400
 1558              	.LASF68:
 1559 048c 726C6973 		.ascii	"rlist\000"
 1559      7400
 1560              	.LASF14:
 1561 0492 75696E74 		.ascii	"uint8_t\000"
 1561      385F7400 
 1562              	.LASF75:
 1563 049a 77746F62 		.ascii	"wtobjp\000"
 1563      6A7000
 1564              	.LASF33:
 1565 04a1 705F6E61 		.ascii	"p_name\000"
 1565      6D6500
 1566              	.LASF58:
ARM GAS  /tmp/ccRQWT07.s 			page 32


 1567 04a8 76745F73 		.ascii	"vt_systime\000"
 1567      79737469 
 1567      6D6500
 1568              	.LASF81:
 1569 04b3 63685F76 		.ascii	"ch_version\000"
 1569      65727369 
 1569      6F6E00
 1570              	.LASF59:
 1571 04be 56544C69 		.ascii	"VTList\000"
 1571      737400
 1572              	.LASF71:
 1573 04c5 6D5F6F77 		.ascii	"m_owner\000"
 1573      6E657200 
 1574              	.LASF30:
 1575 04cd 705F6374 		.ascii	"p_ctx\000"
 1575      7800
 1576              	.LASF39:
 1577 04d3 705F7761 		.ascii	"p_waiting\000"
 1577      6974696E 
 1577      6700
 1578              		.ident	"GCC: (15:6.3.1+svn253039-1build1) 6.3.1 20170620"
ARM GAS  /tmp/ccRQWT07.s 			page 33


DEFINED SYMBOLS
                            *ABS*:0000000000000000 chregistry.c
     /tmp/ccRQWT07.s:16     .text.chRegFirstThread:0000000000000000 $a
     /tmp/ccRQWT07.s:22     .text.chRegFirstThread:0000000000000000 chRegFirstThread
     /tmp/ccRQWT07.s:57     .text.chRegFirstThread:0000000000000020 $d
     /tmp/ccRQWT07.s:62     .text.chRegNextThread:0000000000000000 $a
     /tmp/ccRQWT07.s:68     .text.chRegNextThread:0000000000000000 chRegNextThread
     /tmp/ccRQWT07.s:117    .text.chRegNextThread:0000000000000034 $d
     /tmp/ccRQWT07.s:126    .rodata.ch_debug:0000000000000000 ch_debug
     /tmp/ccRQWT07.s:123    .rodata.ch_debug:0000000000000000 $d
                     .debug_frame:0000000000000010 $d

UNDEFINED SYMBOLS
rlist
chThdRelease
