ARM GAS  /tmp/cc6kORNO.s 			page 1


   1              		.cpu arm1176jz-s
   2              		.eabi_attribute 20, 1
   3              		.eabi_attribute 21, 1
   4              		.eabi_attribute 23, 3
   5              		.eabi_attribute 24, 1
   6              		.eabi_attribute 25, 1
   7              		.eabi_attribute 26, 1
   8              		.eabi_attribute 30, 2
   9              		.eabi_attribute 34, 1
  10              		.eabi_attribute 18, 4
  11              		.file	"chsys.c"
  12              		.text
  13              	.Ltext0:
  14              		.cfi_sections	.debug_frame
  15              		.section	.text._idle_thread,"ax",%progbits
  16              		.align	2
  17              		.global	_idle_thread
  18              		.syntax unified
  19              		.arm
  20              		.fpu softvfp
  21              		.type	_idle_thread, %function
  22              	_idle_thread:
  23              	.LFB7:
  24              		.file 1 "../../os/kernel/src/chsys.c"
  25              		.loc 1 54 0
  26              		.cfi_startproc
  27              		@ Volatile: function does not return.
  28              		@ args = 0, pretend = 0, frame = 0
  29              		@ frame_needed = 0, uses_anonymous_args = 0
  30              		@ link register save eliminated.
  31              	.LVL0:
  32              		.loc 1 57 0
  33 0000 10309FE5 		ldr	r3, .L4
  34 0004 10209FE5 		ldr	r2, .L4+4
  35 0008 183093E5 		ldr	r3, [r3, #24]
  36 000c 182083E5 		str	r2, [r3, #24]
  37              	.L2:
  38              		.loc 1 59 0 discriminator 1
  39              		.syntax divided
  40              	@ 59 "../../os/kernel/src/chsys.c" 1
  41 0010 900F07EE 		MCR p15,0,r0,c7,c0,4
  42              	@ 0 "" 2
  43              		.arm
  44              		.syntax unified
  45 0014 FDFFFFEA 		b	.L2
  46              	.L5:
  47              		.align	2
  48              	.L4:
  49 0018 00000000 		.word	rlist
  50 001c 00000000 		.word	.LC0
  51              		.cfi_endproc
  52              	.LFE7:
  53              		.size	_idle_thread, .-_idle_thread
  54              		.section	.text.chSysInit,"ax",%progbits
  55              		.align	2
  56              		.global	chSysInit
  57              		.syntax unified
ARM GAS  /tmp/cc6kORNO.s 			page 2


  58              		.arm
  59              		.fpu softvfp
  60              		.type	chSysInit, %function
  61              	chSysInit:
  62              	.LFB8:
  63              		.loc 1 77 0
  64              		.cfi_startproc
  65              		@ args = 0, pretend = 0, frame = 0
  66              		@ frame_needed = 0, uses_anonymous_args = 0
  67 0000 04E02DE5 		str	lr, [sp, #-4]!
  68              		.cfi_def_cfa_offset 4
  69              		.cfi_offset 14, -4
  70 0004 0CD04DE2 		sub	sp, sp, #12
  71              		.cfi_def_cfa_offset 16
  72              		.loc 1 84 0
  73 0008 FEFFFFEB 		bl	_scheduler_init
  74              	.LVL1:
  75              		.loc 1 85 0
  76 000c FEFFFFEB 		bl	_vt_init
  77              	.LVL2:
  78              		.loc 1 87 0
  79 0010 FEFFFFEB 		bl	_core_init
  80              	.LVL3:
  81              		.loc 1 90 0
  82 0014 FEFFFFEB 		bl	_heap_init
  83              	.LVL4:
  84              		.loc 1 97 0
  85 0018 4010A0E3 		mov	r1, #64
  86 001c 40009FE5 		ldr	r0, .L8
  87 0020 FEFFFFEB 		bl	_thread_init
  88              	.LVL5:
  89              		.loc 1 98 0
  90 0024 0120A0E3 		mov	r2, #1
  91              		.loc 1 97 0
  92 0028 38309FE5 		ldr	r3, .L8+4
  93              		.loc 1 98 0
  94 002c 1C20C0E5 		strb	r2, [r0, #28]
  95              		.loc 1 97 0
  96 0030 180083E5 		str	r0, [r3, #24]
  97              		.loc 1 104 0
  98              		.syntax divided
  99              	@ 104 "../../os/kernel/src/chsys.c" 1
 100 0034 1FF021E3 		msr     CPSR_c, #0x1F
 101              	@ 0 "" 2
 102              		.loc 1 114 0
 103              		.arm
 104              		.syntax unified
 105 0038 0010A0E3 		mov	r1, #0
 106              		.loc 1 108 0
 107 003c 183093E5 		ldr	r3, [r3, #24]
 108 0040 24009FE5 		ldr	r0, .L8+8
 109 0044 180083E5 		str	r0, [r3, #24]
 110              		.loc 1 114 0
 111 0048 00108DE5 		str	r1, [sp]
 112 004c 1C309FE5 		ldr	r3, .L8+12
 113 0050 9C10A0E3 		mov	r1, #156
 114 0054 18009FE5 		ldr	r0, .L8+16
ARM GAS  /tmp/cc6kORNO.s 			page 3


 115 0058 FEFFFFEB 		bl	chThdCreateStatic
 116              	.LVL6:
 117              		.loc 1 117 0
 118 005c 0CD08DE2 		add	sp, sp, #12
 119              		.cfi_def_cfa_offset 4
 120              		@ sp needed
 121 0060 04F09DE4 		ldr	pc, [sp], #4
 122              	.L9:
 123              		.align	2
 124              	.L8:
 125 0064 00000000 		.word	.LANCHOR0
 126 0068 00000000 		.word	rlist
 127 006c 00000000 		.word	ch_debug
 128 0070 00000000 		.word	_idle_thread
 129 0074 00000000 		.word	_idle_thread_wa
 130              		.cfi_endproc
 131              	.LFE8:
 132              		.size	chSysInit, .-chSysInit
 133              		.section	.text.chSysTimerHandlerI,"ax",%progbits
 134              		.align	2
 135              		.global	chSysTimerHandlerI
 136              		.syntax unified
 137              		.arm
 138              		.fpu softvfp
 139              		.type	chSysTimerHandlerI, %function
 140              	chSysTimerHandlerI:
 141              	.LFB9:
 142              		.loc 1 130 0
 143              		.cfi_startproc
 144              		@ args = 0, pretend = 0, frame = 0
 145              		@ frame_needed = 0, uses_anonymous_args = 0
 146 0000 70402DE9 		push	{r4, r5, r6, lr}
 147              		.cfi_def_cfa_offset 16
 148              		.cfi_offset 4, -16
 149              		.cfi_offset 5, -12
 150              		.cfi_offset 6, -8
 151              		.cfi_offset 14, -4
 152              		.loc 1 136 0
 153 0004 7C309FE5 		ldr	r3, .L21
 154              		.loc 1 143 0
 155 0008 7C409FE5 		ldr	r4, .L21+4
 156              		.loc 1 136 0
 157 000c 183093E5 		ldr	r3, [r3, #24]
 158 0010 1F20D3E5 		ldrb	r2, [r3, #31]	@ zero_extendqisi2
 159 0014 000052E3 		cmp	r2, #0
 160              		.loc 1 138 0
 161 0018 01204212 		subne	r2, r2, #1
 162 001c 1F20C315 		strbne	r2, [r3, #31]
 163              		.loc 1 141 0
 164 0020 202093E5 		ldr	r2, [r3, #32]
 165 0024 012082E2 		add	r2, r2, #1
 166 0028 202083E5 		str	r2, [r3, #32]
 167              		.loc 1 143 0
 168 002c 0C2094E5 		ldr	r2, [r4, #12]
 169 0030 003094E5 		ldr	r3, [r4]
 170 0034 012082E2 		add	r2, r2, #1
 171 0038 040053E1 		cmp	r3, r4
ARM GAS  /tmp/cc6kORNO.s 			page 4


 172 003c 0C2084E5 		str	r2, [r4, #12]
 173 0040 7080BD08 		popeq	{r4, r5, r6, pc}
 174              	.LBB2:
 175              		.loc 1 143 0 is_stmt 0 discriminator 1
 176 0044 085093E5 		ldr	r5, [r3, #8]
 177 0048 015045E2 		sub	r5, r5, #1
 178 004c 000055E3 		cmp	r5, #0
 179 0050 085083E5 		str	r5, [r3, #8]
 180              	.LVL7:
 181 0054 7080BD18 		popne	{r4, r5, r6, pc}
 182              	.L14:
 183              	.LBB3:
 184              		.loc 1 143 0 discriminator 4
 185 0058 002093E5 		ldr	r2, [r3]
 186 005c 0C1093E5 		ldr	r1, [r3, #12]
 187              	.LVL8:
 188 0060 100093E5 		ldr	r0, [r3, #16]
 189 0064 0C5083E5 		str	r5, [r3, #12]
 190 0068 002084E5 		str	r2, [r4]
 191 006c 044082E5 		str	r4, [r2, #4]
 192 0070 31FF2FE1 		blx	r1
 193              	.LVL9:
 194              	.LBE3:
 195 0074 003094E5 		ldr	r3, [r4]
 196              	.LVL10:
 197 0078 082093E5 		ldr	r2, [r3, #8]
 198 007c 000052E3 		cmp	r2, #0
 199 0080 F4FFFF0A 		beq	.L14
 200 0084 7080BDE8 		pop	{r4, r5, r6, pc}
 201              	.L22:
 202              		.align	2
 203              	.L21:
 204 0088 00000000 		.word	rlist
 205 008c 00000000 		.word	vtlist
 206              	.LBE2:
 207              		.cfi_endproc
 208              	.LFE9:
 209              		.size	chSysTimerHandlerI, .-chSysTimerHandlerI
 210              		.comm	_idle_thread_wa,156,4
 211              		.section	.bss.mainthread.4736,"aw",%nobits
 212              		.align	2
 213              		.set	.LANCHOR0,. + 0
 214              		.type	mainthread.4736, %object
 215              		.size	mainthread.4736, 68
 216              	mainthread.4736:
 217 0000 00000000 		.space	68
 217      00000000 
 217      00000000 
 217      00000000 
 217      00000000 
 218              		.section	.rodata._idle_thread.str1.4,"aMS",%progbits,1
 219              		.align	2
 220              	.LC0:
 221 0000 69646C65 		.ascii	"idle\000"
 221      00
 222              		.text
 223              	.Letext0:
ARM GAS  /tmp/cc6kORNO.s 			page 5


 224              		.file 2 "/usr/include/newlib/machine/_default_types.h"
 225              		.file 3 "/usr/include/newlib/sys/_stdint.h"
 226              		.file 4 "../../os/ports/GCC/ARM/chtypes.h"
 227              		.file 5 "../../os/kernel/include/chlists.h"
 228              		.file 6 "../../os/kernel/include/chthreads.h"
 229              		.file 7 "../../os/ports/GCC/ARM/chcore.h"
 230              		.file 8 "../../os/kernel/include/chvt.h"
 231              		.file 9 "../../os/kernel/include/chschd.h"
 232              		.file 10 "../../os/kernel/include/chmtx.h"
 233              		.file 11 "../../os/kernel/include/chregistry.h"
 234              		.file 12 "../../os/kernel/include/ch.h"
 235              		.file 13 "../../os/kernel/include/chmemcore.h"
 236              		.file 14 "../../os/kernel/include/chheap.h"
 237              		.section	.debug_info,"",%progbits
 238              	.Ldebug_info0:
 239 0000 6B070000 		.4byte	0x76b
 240 0004 0400     		.2byte	0x4
 241 0006 00000000 		.4byte	.Ldebug_abbrev0
 242 000a 04       		.byte	0x4
 243 000b 01       		.uleb128 0x1
 244 000c 0B040000 		.4byte	.LASF110
 245 0010 0C       		.byte	0xc
 246 0011 C7040000 		.4byte	.LASF111
 247 0015 5D000000 		.4byte	.LASF112
 248 0019 00000000 		.4byte	.Ldebug_ranges0+0
 249 001d 00000000 		.4byte	0
 250 0021 00000000 		.4byte	.Ldebug_line0
 251 0025 02       		.uleb128 0x2
 252 0026 04       		.byte	0x4
 253 0027 05       		.byte	0x5
 254 0028 696E7400 		.ascii	"int\000"
 255 002c 03       		.uleb128 0x3
 256 002d 04       		.byte	0x4
 257 002e 07       		.byte	0x7
 258 002f 94010000 		.4byte	.LASF0
 259 0033 03       		.uleb128 0x3
 260 0034 01       		.byte	0x1
 261 0035 06       		.byte	0x6
 262 0036 EB000000 		.4byte	.LASF1
 263 003a 04       		.uleb128 0x4
 264 003b 22000000 		.4byte	.LASF4
 265 003f 02       		.byte	0x2
 266 0040 1D       		.byte	0x1d
 267 0041 45000000 		.4byte	0x45
 268 0045 03       		.uleb128 0x3
 269 0046 01       		.byte	0x1
 270 0047 08       		.byte	0x8
 271 0048 05030000 		.4byte	.LASF2
 272 004c 03       		.uleb128 0x3
 273 004d 02       		.byte	0x2
 274 004e 05       		.byte	0x5
 275 004f 28030000 		.4byte	.LASF3
 276 0053 04       		.uleb128 0x4
 277 0054 CA030000 		.4byte	.LASF5
 278 0058 02       		.byte	0x2
 279 0059 2B       		.byte	0x2b
 280 005a 5E000000 		.4byte	0x5e
ARM GAS  /tmp/cc6kORNO.s 			page 6


 281 005e 03       		.uleb128 0x3
 282 005f 02       		.byte	0x2
 283 0060 07       		.byte	0x7
 284 0061 F0010000 		.4byte	.LASF6
 285 0065 04       		.uleb128 0x4
 286 0066 F1030000 		.4byte	.LASF7
 287 006a 02       		.byte	0x2
 288 006b 3F       		.byte	0x3f
 289 006c 70000000 		.4byte	0x70
 290 0070 03       		.uleb128 0x3
 291 0071 04       		.byte	0x4
 292 0072 05       		.byte	0x5
 293 0073 26010000 		.4byte	.LASF8
 294 0077 04       		.uleb128 0x4
 295 0078 63010000 		.4byte	.LASF9
 296 007c 02       		.byte	0x2
 297 007d 41       		.byte	0x41
 298 007e 82000000 		.4byte	0x82
 299 0082 03       		.uleb128 0x3
 300 0083 04       		.byte	0x4
 301 0084 07       		.byte	0x7
 302 0085 B6010000 		.4byte	.LASF10
 303 0089 03       		.uleb128 0x3
 304 008a 08       		.byte	0x8
 305 008b 05       		.byte	0x5
 306 008c DD000000 		.4byte	.LASF11
 307 0090 03       		.uleb128 0x3
 308 0091 08       		.byte	0x8
 309 0092 07       		.byte	0x7
 310 0093 46000000 		.4byte	.LASF12
 311 0097 04       		.uleb128 0x4
 312 0098 E3040000 		.4byte	.LASF13
 313 009c 03       		.byte	0x3
 314 009d 18       		.byte	0x18
 315 009e 3A000000 		.4byte	0x3a
 316 00a2 04       		.uleb128 0x4
 317 00a3 38010000 		.4byte	.LASF14
 318 00a7 03       		.byte	0x3
 319 00a8 24       		.byte	0x24
 320 00a9 53000000 		.4byte	0x53
 321 00ad 04       		.uleb128 0x4
 322 00ae FD020000 		.4byte	.LASF15
 323 00b2 03       		.byte	0x3
 324 00b3 2C       		.byte	0x2c
 325 00b4 65000000 		.4byte	0x65
 326 00b8 04       		.uleb128 0x4
 327 00b9 9B030000 		.4byte	.LASF16
 328 00bd 03       		.byte	0x3
 329 00be 30       		.byte	0x30
 330 00bf 77000000 		.4byte	0x77
 331 00c3 04       		.uleb128 0x4
 332 00c4 11020000 		.4byte	.LASF17
 333 00c8 04       		.byte	0x4
 334 00c9 2A       		.byte	0x2a
 335 00ca 97000000 		.4byte	0x97
 336 00ce 04       		.uleb128 0x4
 337 00cf 2F010000 		.4byte	.LASF18
ARM GAS  /tmp/cc6kORNO.s 			page 7


 338 00d3 04       		.byte	0x4
 339 00d4 2B       		.byte	0x2b
 340 00d5 97000000 		.4byte	0x97
 341 00d9 04       		.uleb128 0x4
 342 00da DB020000 		.4byte	.LASF19
 343 00de 04       		.byte	0x4
 344 00df 2C       		.byte	0x2c
 345 00e0 97000000 		.4byte	0x97
 346 00e4 04       		.uleb128 0x4
 347 00e5 1C010000 		.4byte	.LASF20
 348 00e9 04       		.byte	0x4
 349 00ea 2D       		.byte	0x2d
 350 00eb 97000000 		.4byte	0x97
 351 00ef 04       		.uleb128 0x4
 352 00f0 F5020000 		.4byte	.LASF21
 353 00f4 04       		.byte	0x4
 354 00f5 2E       		.byte	0x2e
 355 00f6 B8000000 		.4byte	0xb8
 356 00fa 04       		.uleb128 0x4
 357 00fb 03020000 		.4byte	.LASF22
 358 00ff 04       		.byte	0x4
 359 0100 2F       		.byte	0x2f
 360 0101 AD000000 		.4byte	0xad
 361 0105 04       		.uleb128 0x4
 362 0106 25020000 		.4byte	.LASF23
 363 010a 04       		.byte	0x4
 364 010b 31       		.byte	0x31
 365 010c B8000000 		.4byte	0xb8
 366 0110 04       		.uleb128 0x4
 367 0111 DC030000 		.4byte	.LASF24
 368 0115 04       		.byte	0x4
 369 0116 33       		.byte	0x33
 370 0117 B8000000 		.4byte	0xb8
 371 011b 05       		.uleb128 0x5
 372 011c 10010000 		.4byte	0x110
 373 0120 04       		.uleb128 0x4
 374 0121 7C030000 		.4byte	.LASF25
 375 0125 05       		.byte	0x5
 376 0126 23       		.byte	0x23
 377 0127 2B010000 		.4byte	0x12b
 378 012b 06       		.uleb128 0x6
 379 012c 7C030000 		.4byte	.LASF25
 380 0130 44       		.byte	0x44
 381 0131 06       		.byte	0x6
 382 0132 57       		.byte	0x57
 383 0133 1C020000 		.4byte	0x21c
 384 0137 07       		.uleb128 0x7
 385 0138 5E030000 		.4byte	.LASF26
 386 013c 06       		.byte	0x6
 387 013d 58       		.byte	0x58
 388 013e 3D020000 		.4byte	0x23d
 389 0142 00       		.byte	0
 390 0143 07       		.uleb128 0x7
 391 0144 EE020000 		.4byte	.LASF27
 392 0148 06       		.byte	0x6
 393 0149 5A       		.byte	0x5a
 394 014a 3D020000 		.4byte	0x23d
ARM GAS  /tmp/cc6kORNO.s 			page 8


 395 014e 04       		.byte	0x4
 396 014f 07       		.uleb128 0x7
 397 0150 B9000000 		.4byte	.LASF28
 398 0154 06       		.byte	0x6
 399 0155 5C       		.byte	0x5c
 400 0156 EF000000 		.4byte	0xef
 401 015a 08       		.byte	0x8
 402 015b 07       		.uleb128 0x7
 403 015c 1E050000 		.4byte	.LASF29
 404 0160 06       		.byte	0x6
 405 0161 5D       		.byte	0x5d
 406 0162 F8020000 		.4byte	0x2f8
 407 0166 0C       		.byte	0xc
 408 0167 07       		.uleb128 0x7
 409 0168 4B010000 		.4byte	.LASF30
 410 016c 06       		.byte	0x6
 411 016d 5F       		.byte	0x5f
 412 016e 3D020000 		.4byte	0x23d
 413 0172 10       		.byte	0x10
 414 0173 07       		.uleb128 0x7
 415 0174 99020000 		.4byte	.LASF31
 416 0178 06       		.byte	0x6
 417 0179 60       		.byte	0x60
 418 017a 3D020000 		.4byte	0x23d
 419 017e 14       		.byte	0x14
 420 017f 07       		.uleb128 0x7
 421 0180 F2040000 		.4byte	.LASF32
 422 0184 06       		.byte	0x6
 423 0185 67       		.byte	0x67
 424 0186 BA040000 		.4byte	0x4ba
 425 018a 18       		.byte	0x18
 426 018b 07       		.uleb128 0x7
 427 018c 32030000 		.4byte	.LASF33
 428 0190 06       		.byte	0x6
 429 0191 72       		.byte	0x72
 430 0192 CE000000 		.4byte	0xce
 431 0196 1C       		.byte	0x1c
 432 0197 07       		.uleb128 0x7
 433 0198 74030000 		.4byte	.LASF34
 434 019c 06       		.byte	0x6
 435 019d 76       		.byte	0x76
 436 019e C3000000 		.4byte	0xc3
 437 01a2 1D       		.byte	0x1d
 438 01a3 07       		.uleb128 0x7
 439 01a4 B0040000 		.4byte	.LASF35
 440 01a8 06       		.byte	0x6
 441 01a9 7B       		.byte	0x7b
 442 01aa D9000000 		.4byte	0xd9
 443 01ae 1E       		.byte	0x1e
 444 01af 07       		.uleb128 0x7
 445 01b0 3A030000 		.4byte	.LASF36
 446 01b4 06       		.byte	0x6
 447 01b5 81       		.byte	0x81
 448 01b6 E4000000 		.4byte	0xe4
 449 01ba 1F       		.byte	0x1f
 450 01bb 07       		.uleb128 0x7
 451 01bc 04040000 		.4byte	.LASF37
ARM GAS  /tmp/cc6kORNO.s 			page 9


 452 01c0 06       		.byte	0x6
 453 01c1 88       		.byte	0x88
 454 01c2 1B010000 		.4byte	0x11b
 455 01c6 20       		.byte	0x20
 456 01c7 08       		.uleb128 0x8
 457 01c8 705F7500 		.ascii	"p_u\000"
 458 01cc 06       		.byte	0x6
 459 01cd AD       		.byte	0xad
 460 01ce 85040000 		.4byte	0x485
 461 01d2 24       		.byte	0x24
 462 01d3 07       		.uleb128 0x7
 463 01d4 24050000 		.4byte	.LASF38
 464 01d8 06       		.byte	0x6
 465 01d9 B2       		.byte	0xb2
 466 01da 63020000 		.4byte	0x263
 467 01de 28       		.byte	0x28
 468 01df 07       		.uleb128 0x7
 469 01e0 93040000 		.4byte	.LASF39
 470 01e4 06       		.byte	0x6
 471 01e5 B8       		.byte	0xb8
 472 01e6 43020000 		.4byte	0x243
 473 01ea 2C       		.byte	0x2c
 474 01eb 07       		.uleb128 0x7
 475 01ec 15000000 		.4byte	.LASF40
 476 01f0 06       		.byte	0x6
 477 01f1 BC       		.byte	0xbc
 478 01f2 FA000000 		.4byte	0xfa
 479 01f6 34       		.byte	0x34
 480 01f7 07       		.uleb128 0x7
 481 01f8 90030000 		.4byte	.LASF41
 482 01fc 06       		.byte	0x6
 483 01fd C2       		.byte	0xc2
 484 01fe 05010000 		.4byte	0x105
 485 0202 38       		.byte	0x38
 486 0203 07       		.uleb128 0x7
 487 0204 1E030000 		.4byte	.LASF42
 488 0208 06       		.byte	0x6
 489 0209 C9       		.byte	0xc9
 490 020a CC040000 		.4byte	0x4cc
 491 020e 3C       		.byte	0x3c
 492 020f 07       		.uleb128 0x7
 493 0210 E6030000 		.4byte	.LASF43
 494 0214 06       		.byte	0x6
 495 0215 CD       		.byte	0xcd
 496 0216 EF000000 		.4byte	0xef
 497 021a 40       		.byte	0x40
 498 021b 00       		.byte	0
 499 021c 09       		.uleb128 0x9
 500 021d 08       		.byte	0x8
 501 021e 05       		.byte	0x5
 502 021f 5A       		.byte	0x5a
 503 0220 3D020000 		.4byte	0x23d
 504 0224 07       		.uleb128 0x7
 505 0225 5E030000 		.4byte	.LASF26
 506 0229 05       		.byte	0x5
 507 022a 5B       		.byte	0x5b
 508 022b 3D020000 		.4byte	0x23d
ARM GAS  /tmp/cc6kORNO.s 			page 10


 509 022f 00       		.byte	0
 510 0230 07       		.uleb128 0x7
 511 0231 EE020000 		.4byte	.LASF27
 512 0235 05       		.byte	0x5
 513 0236 5D       		.byte	0x5d
 514 0237 3D020000 		.4byte	0x23d
 515 023b 04       		.byte	0x4
 516 023c 00       		.byte	0
 517 023d 0A       		.uleb128 0xa
 518 023e 04       		.byte	0x4
 519 023f 20010000 		.4byte	0x120
 520 0243 04       		.uleb128 0x4
 521 0244 A7020000 		.4byte	.LASF44
 522 0248 05       		.byte	0x5
 523 0249 5F       		.byte	0x5f
 524 024a 1C020000 		.4byte	0x21c
 525 024e 09       		.uleb128 0x9
 526 024f 04       		.byte	0x4
 527 0250 05       		.byte	0x5
 528 0251 64       		.byte	0x64
 529 0252 63020000 		.4byte	0x263
 530 0256 07       		.uleb128 0x7
 531 0257 5E030000 		.4byte	.LASF26
 532 025b 05       		.byte	0x5
 533 025c 66       		.byte	0x66
 534 025d 3D020000 		.4byte	0x23d
 535 0261 00       		.byte	0
 536 0262 00       		.byte	0
 537 0263 04       		.uleb128 0x4
 538 0264 19020000 		.4byte	.LASF45
 539 0268 05       		.byte	0x5
 540 0269 69       		.byte	0x69
 541 026a 4E020000 		.4byte	0x24e
 542 026e 04       		.uleb128 0x4
 543 026f 37020000 		.4byte	.LASF46
 544 0273 07       		.byte	0x7
 545 0274 9D       		.byte	0x9d
 546 0275 B8000000 		.4byte	0xb8
 547 0279 04       		.uleb128 0x4
 548 027a 6E010000 		.4byte	.LASF47
 549 027e 07       		.byte	0x7
 550 027f A2       		.byte	0xa2
 551 0280 84020000 		.4byte	0x284
 552 0284 0B       		.uleb128 0xb
 553 0285 04       		.byte	0x4
 554 0286 06       		.uleb128 0x6
 555 0287 8C040000 		.4byte	.LASF48
 556 028b 24       		.byte	0x24
 557 028c 07       		.byte	0x7
 558 028d B9       		.byte	0xb9
 559 028e F8020000 		.4byte	0x2f8
 560 0292 08       		.uleb128 0x8
 561 0293 723400   		.ascii	"r4\000"
 562 0296 07       		.byte	0x7
 563 0297 BA       		.byte	0xba
 564 0298 79020000 		.4byte	0x279
 565 029c 00       		.byte	0
ARM GAS  /tmp/cc6kORNO.s 			page 11


 566 029d 08       		.uleb128 0x8
 567 029e 723500   		.ascii	"r5\000"
 568 02a1 07       		.byte	0x7
 569 02a2 BB       		.byte	0xbb
 570 02a3 79020000 		.4byte	0x279
 571 02a7 04       		.byte	0x4
 572 02a8 08       		.uleb128 0x8
 573 02a9 723600   		.ascii	"r6\000"
 574 02ac 07       		.byte	0x7
 575 02ad BC       		.byte	0xbc
 576 02ae 79020000 		.4byte	0x279
 577 02b2 08       		.byte	0x8
 578 02b3 08       		.uleb128 0x8
 579 02b4 723700   		.ascii	"r7\000"
 580 02b7 07       		.byte	0x7
 581 02b8 BD       		.byte	0xbd
 582 02b9 79020000 		.4byte	0x279
 583 02bd 0C       		.byte	0xc
 584 02be 08       		.uleb128 0x8
 585 02bf 723800   		.ascii	"r8\000"
 586 02c2 07       		.byte	0x7
 587 02c3 BE       		.byte	0xbe
 588 02c4 79020000 		.4byte	0x279
 589 02c8 10       		.byte	0x10
 590 02c9 08       		.uleb128 0x8
 591 02ca 723900   		.ascii	"r9\000"
 592 02cd 07       		.byte	0x7
 593 02ce BF       		.byte	0xbf
 594 02cf 79020000 		.4byte	0x279
 595 02d3 14       		.byte	0x14
 596 02d4 08       		.uleb128 0x8
 597 02d5 72313000 		.ascii	"r10\000"
 598 02d9 07       		.byte	0x7
 599 02da C0       		.byte	0xc0
 600 02db 79020000 		.4byte	0x279
 601 02df 18       		.byte	0x18
 602 02e0 08       		.uleb128 0x8
 603 02e1 72313100 		.ascii	"r11\000"
 604 02e5 07       		.byte	0x7
 605 02e6 C1       		.byte	0xc1
 606 02e7 79020000 		.4byte	0x279
 607 02eb 1C       		.byte	0x1c
 608 02ec 08       		.uleb128 0x8
 609 02ed 6C7200   		.ascii	"lr\000"
 610 02f0 07       		.byte	0x7
 611 02f1 C2       		.byte	0xc2
 612 02f2 79020000 		.4byte	0x279
 613 02f6 20       		.byte	0x20
 614 02f7 00       		.byte	0
 615 02f8 06       		.uleb128 0x6
 616 02f9 E8010000 		.4byte	.LASF49
 617 02fd 04       		.byte	0x4
 618 02fe 07       		.byte	0x7
 619 02ff CA       		.byte	0xca
 620 0300 11030000 		.4byte	0x311
 621 0304 08       		.uleb128 0x8
 622 0305 72313300 		.ascii	"r13\000"
ARM GAS  /tmp/cc6kORNO.s 			page 12


 623 0309 07       		.byte	0x7
 624 030a CB       		.byte	0xcb
 625 030b 11030000 		.4byte	0x311
 626 030f 00       		.byte	0
 627 0310 00       		.byte	0
 628 0311 0A       		.uleb128 0xa
 629 0312 04       		.byte	0x4
 630 0313 86020000 		.4byte	0x286
 631 0317 04       		.uleb128 0x4
 632 0318 D1010000 		.4byte	.LASF50
 633 031c 08       		.byte	0x8
 634 031d 4E       		.byte	0x4e
 635 031e 22030000 		.4byte	0x322
 636 0322 0A       		.uleb128 0xa
 637 0323 04       		.byte	0x4
 638 0324 28030000 		.4byte	0x328
 639 0328 0C       		.uleb128 0xc
 640 0329 33030000 		.4byte	0x333
 641 032d 0D       		.uleb128 0xd
 642 032e 84020000 		.4byte	0x284
 643 0332 00       		.byte	0
 644 0333 04       		.uleb128 0x4
 645 0334 B8030000 		.4byte	.LASF51
 646 0338 08       		.byte	0x8
 647 0339 53       		.byte	0x53
 648 033a 3E030000 		.4byte	0x33e
 649 033e 06       		.uleb128 0x6
 650 033f B8030000 		.4byte	.LASF51
 651 0343 14       		.byte	0x14
 652 0344 08       		.byte	0x8
 653 0345 5A       		.byte	0x5a
 654 0346 87030000 		.4byte	0x387
 655 034a 07       		.uleb128 0x7
 656 034b AE010000 		.4byte	.LASF52
 657 034f 08       		.byte	0x8
 658 0350 5B       		.byte	0x5b
 659 0351 87030000 		.4byte	0x387
 660 0355 00       		.byte	0
 661 0356 07       		.uleb128 0x7
 662 0357 77010000 		.4byte	.LASF53
 663 035b 08       		.byte	0x8
 664 035c 5D       		.byte	0x5d
 665 035d 87030000 		.4byte	0x387
 666 0361 04       		.byte	0x4
 667 0362 07       		.uleb128 0x7
 668 0363 68020000 		.4byte	.LASF54
 669 0367 08       		.byte	0x8
 670 0368 5F       		.byte	0x5f
 671 0369 10010000 		.4byte	0x110
 672 036d 08       		.byte	0x8
 673 036e 07       		.uleb128 0x7
 674 036f 79020000 		.4byte	.LASF55
 675 0373 08       		.byte	0x8
 676 0374 60       		.byte	0x60
 677 0375 17030000 		.4byte	0x317
 678 0379 0C       		.byte	0xc
 679 037a 07       		.uleb128 0x7
ARM GAS  /tmp/cc6kORNO.s 			page 13


 680 037b 9E040000 		.4byte	.LASF56
 681 037f 08       		.byte	0x8
 682 0380 62       		.byte	0x62
 683 0381 84020000 		.4byte	0x284
 684 0385 10       		.byte	0x10
 685 0386 00       		.byte	0
 686 0387 0A       		.uleb128 0xa
 687 0388 04       		.byte	0x4
 688 0389 33030000 		.4byte	0x333
 689 038d 09       		.uleb128 0x9
 690 038e 10       		.byte	0x10
 691 038f 08       		.byte	0x8
 692 0390 6C       		.byte	0x6c
 693 0391 C6030000 		.4byte	0x3c6
 694 0395 07       		.uleb128 0x7
 695 0396 AE010000 		.4byte	.LASF52
 696 039a 08       		.byte	0x8
 697 039b 6D       		.byte	0x6d
 698 039c 87030000 		.4byte	0x387
 699 03a0 00       		.byte	0
 700 03a1 07       		.uleb128 0x7
 701 03a2 77010000 		.4byte	.LASF53
 702 03a6 08       		.byte	0x8
 703 03a7 6F       		.byte	0x6f
 704 03a8 87030000 		.4byte	0x387
 705 03ac 04       		.byte	0x4
 706 03ad 07       		.uleb128 0x7
 707 03ae 68020000 		.4byte	.LASF54
 708 03b2 08       		.byte	0x8
 709 03b3 71       		.byte	0x71
 710 03b4 10010000 		.4byte	0x110
 711 03b8 08       		.byte	0x8
 712 03b9 07       		.uleb128 0x7
 713 03ba F9040000 		.4byte	.LASF57
 714 03be 08       		.byte	0x8
 715 03bf 72       		.byte	0x72
 716 03c0 1B010000 		.4byte	0x11b
 717 03c4 0C       		.byte	0xc
 718 03c5 00       		.byte	0
 719 03c6 04       		.uleb128 0x4
 720 03c7 0F050000 		.4byte	.LASF58
 721 03cb 08       		.byte	0x8
 722 03cc 73       		.byte	0x73
 723 03cd 8D030000 		.4byte	0x38d
 724 03d1 0E       		.uleb128 0xe
 725 03d2 2C000000 		.4byte	.LASF66
 726 03d6 08       		.byte	0x8
 727 03d7 D1       		.byte	0xd1
 728 03d8 C6030000 		.4byte	0x3c6
 729 03dc 09       		.uleb128 0x9
 730 03dd 1C       		.byte	0x1c
 731 03de 09       		.byte	0x9
 732 03df 57       		.byte	0x57
 733 03e0 2D040000 		.4byte	0x42d
 734 03e4 07       		.uleb128 0x7
 735 03e5 B0030000 		.4byte	.LASF59
 736 03e9 09       		.byte	0x9
ARM GAS  /tmp/cc6kORNO.s 			page 14


 737 03ea 58       		.byte	0x58
 738 03eb 43020000 		.4byte	0x243
 739 03ef 00       		.byte	0
 740 03f0 07       		.uleb128 0x7
 741 03f1 50030000 		.4byte	.LASF60
 742 03f5 09       		.byte	0x9
 743 03f6 59       		.byte	0x59
 744 03f7 EF000000 		.4byte	0xef
 745 03fb 08       		.byte	0x8
 746 03fc 07       		.uleb128 0x7
 747 03fd A1020000 		.4byte	.LASF61
 748 0401 09       		.byte	0x9
 749 0402 5B       		.byte	0x5b
 750 0403 F8020000 		.4byte	0x2f8
 751 0407 0C       		.byte	0xc
 752 0408 07       		.uleb128 0x7
 753 0409 09020000 		.4byte	.LASF62
 754 040d 09       		.byte	0x9
 755 040e 5E       		.byte	0x5e
 756 040f 3D020000 		.4byte	0x23d
 757 0413 10       		.byte	0x10
 758 0414 07       		.uleb128 0x7
 759 0415 C6020000 		.4byte	.LASF63
 760 0419 09       		.byte	0x9
 761 041a 5F       		.byte	0x5f
 762 041b 3D020000 		.4byte	0x23d
 763 041f 14       		.byte	0x14
 764 0420 07       		.uleb128 0x7
 765 0421 BC020000 		.4byte	.LASF64
 766 0425 09       		.byte	0x9
 767 0426 62       		.byte	0x62
 768 0427 3D020000 		.4byte	0x23d
 769 042b 18       		.byte	0x18
 770 042c 00       		.byte	0
 771 042d 04       		.uleb128 0x4
 772 042e B7040000 		.4byte	.LASF65
 773 0432 09       		.byte	0x9
 774 0433 64       		.byte	0x64
 775 0434 DC030000 		.4byte	0x3dc
 776 0438 0E       		.uleb128 0xe
 777 0439 C1040000 		.4byte	.LASF67
 778 043d 09       		.byte	0x9
 779 043e 68       		.byte	0x68
 780 043f 2D040000 		.4byte	0x42d
 781 0443 06       		.uleb128 0x6
 782 0444 31020000 		.4byte	.LASF68
 783 0448 10       		.byte	0x10
 784 0449 0A       		.byte	0xa
 785 044a 25       		.byte	0x25
 786 044b 74040000 		.4byte	0x474
 787 044f 07       		.uleb128 0x7
 788 0450 14010000 		.4byte	.LASF69
 789 0454 0A       		.byte	0xa
 790 0455 26       		.byte	0x26
 791 0456 43020000 		.4byte	0x243
 792 045a 00       		.byte	0
 793 045b 07       		.uleb128 0x7
ARM GAS  /tmp/cc6kORNO.s 			page 15


 794 045c 16050000 		.4byte	.LASF70
 795 0460 0A       		.byte	0xa
 796 0461 28       		.byte	0x28
 797 0462 3D020000 		.4byte	0x23d
 798 0466 08       		.byte	0x8
 799 0467 07       		.uleb128 0x7
 800 0468 D5030000 		.4byte	.LASF71
 801 046c 0A       		.byte	0xa
 802 046d 2A       		.byte	0x2a
 803 046e 74040000 		.4byte	0x474
 804 0472 0C       		.byte	0xc
 805 0473 00       		.byte	0
 806 0474 0A       		.uleb128 0xa
 807 0475 04       		.byte	0x4
 808 0476 43040000 		.4byte	0x443
 809 047a 04       		.uleb128 0x4
 810 047b 31020000 		.4byte	.LASF68
 811 047f 0A       		.byte	0xa
 812 0480 2C       		.byte	0x2c
 813 0481 43040000 		.4byte	0x443
 814 0485 0F       		.uleb128 0xf
 815 0486 04       		.byte	0x4
 816 0487 06       		.byte	0x6
 817 0488 8F       		.byte	0x8f
 818 0489 BA040000 		.4byte	0x4ba
 819 048d 10       		.uleb128 0x10
 820 048e 1B000000 		.4byte	.LASF72
 821 0492 06       		.byte	0x6
 822 0493 96       		.byte	0x96
 823 0494 FA000000 		.4byte	0xfa
 824 0498 10       		.uleb128 0x10
 825 0499 A5000000 		.4byte	.LASF73
 826 049d 06       		.byte	0x6
 827 049e 9D       		.byte	0x9d
 828 049f FA000000 		.4byte	0xfa
 829 04a3 10       		.uleb128 0x10
 830 04a4 EB040000 		.4byte	.LASF74
 831 04a8 06       		.byte	0x6
 832 04a9 A4       		.byte	0xa4
 833 04aa 84020000 		.4byte	0x284
 834 04ae 10       		.uleb128 0x10
 835 04af 57030000 		.4byte	.LASF75
 836 04b3 06       		.byte	0x6
 837 04b4 AB       		.byte	0xab
 838 04b5 05010000 		.4byte	0x105
 839 04b9 00       		.byte	0
 840 04ba 0A       		.uleb128 0xa
 841 04bb 04       		.byte	0x4
 842 04bc C7040000 		.4byte	0x4c7
 843 04c0 03       		.uleb128 0x3
 844 04c1 01       		.byte	0x1
 845 04c2 08       		.byte	0x8
 846 04c3 C5030000 		.4byte	.LASF76
 847 04c7 11       		.uleb128 0x11
 848 04c8 C0040000 		.4byte	0x4c0
 849 04cc 0A       		.uleb128 0xa
 850 04cd 04       		.byte	0x4
ARM GAS  /tmp/cc6kORNO.s 			page 16


 851 04ce 7A040000 		.4byte	0x47a
 852 04d2 04       		.uleb128 0x4
 853 04d3 00000000 		.4byte	.LASF77
 854 04d7 06       		.byte	0x6
 855 04d8 DE       		.byte	0xde
 856 04d9 DD040000 		.4byte	0x4dd
 857 04dd 0A       		.uleb128 0xa
 858 04de 04       		.byte	0x4
 859 04df E3040000 		.4byte	0x4e3
 860 04e3 12       		.uleb128 0x12
 861 04e4 FA000000 		.4byte	0xfa
 862 04e8 F2040000 		.4byte	0x4f2
 863 04ec 0D       		.uleb128 0xd
 864 04ed 84020000 		.4byte	0x284
 865 04f1 00       		.byte	0
 866 04f2 09       		.uleb128 0x9
 867 04f3 16       		.byte	0x16
 868 04f4 0B       		.byte	0xb
 869 04f5 25       		.byte	0x25
 870 04f6 D3050000 		.4byte	0x5d3
 871 04fa 07       		.uleb128 0x7
 872 04fb DA010000 		.4byte	.LASF78
 873 04ff 0B       		.byte	0xb
 874 0500 26       		.byte	0x26
 875 0501 D3050000 		.4byte	0x5d3
 876 0505 00       		.byte	0
 877 0506 07       		.uleb128 0x7
 878 0507 54020000 		.4byte	.LASF79
 879 050b 0B       		.byte	0xb
 880 050c 27       		.byte	0x27
 881 050d 97000000 		.4byte	0x97
 882 0511 04       		.byte	0x4
 883 0512 07       		.uleb128 0x7
 884 0513 B4020000 		.4byte	.LASF80
 885 0517 0B       		.byte	0xb
 886 0518 28       		.byte	0x28
 887 0519 97000000 		.4byte	0x97
 888 051d 05       		.byte	0x5
 889 051e 07       		.uleb128 0x7
 890 051f 04050000 		.4byte	.LASF81
 891 0523 0B       		.byte	0xb
 892 0524 29       		.byte	0x29
 893 0525 A2000000 		.4byte	0xa2
 894 0529 06       		.byte	0x6
 895 052a 07       		.uleb128 0x7
 896 052b E3020000 		.4byte	.LASF82
 897 052f 0B       		.byte	0xb
 898 0530 2A       		.byte	0x2a
 899 0531 97000000 		.4byte	0x97
 900 0535 08       		.byte	0x8
 901 0536 07       		.uleb128 0x7
 902 0537 81020000 		.4byte	.LASF83
 903 053b 0B       		.byte	0xb
 904 053c 2B       		.byte	0x2b
 905 053d 97000000 		.4byte	0x97
 906 0541 09       		.byte	0x9
 907 0542 07       		.uleb128 0x7
ARM GAS  /tmp/cc6kORNO.s 			page 17


 908 0543 97000000 		.4byte	.LASF84
 909 0547 0B       		.byte	0xb
 910 0548 2C       		.byte	0x2c
 911 0549 97000000 		.4byte	0x97
 912 054d 0A       		.byte	0xa
 913 054e 07       		.uleb128 0x7
 914 054f A4030000 		.4byte	.LASF85
 915 0553 0B       		.byte	0xb
 916 0554 2D       		.byte	0x2d
 917 0555 97000000 		.4byte	0x97
 918 0559 0B       		.byte	0xb
 919 055a 07       		.uleb128 0x7
 920 055b A5040000 		.4byte	.LASF86
 921 055f 0B       		.byte	0xb
 922 0560 2E       		.byte	0x2e
 923 0561 97000000 		.4byte	0x97
 924 0565 0C       		.byte	0xc
 925 0566 07       		.uleb128 0x7
 926 0567 83030000 		.4byte	.LASF87
 927 056b 0B       		.byte	0xb
 928 056c 2F       		.byte	0x2f
 929 056d 97000000 		.4byte	0x97
 930 0571 0D       		.byte	0xd
 931 0572 07       		.uleb128 0x7
 932 0573 08000000 		.4byte	.LASF88
 933 0577 0B       		.byte	0xb
 934 0578 30       		.byte	0x30
 935 0579 97000000 		.4byte	0x97
 936 057d 0E       		.byte	0xe
 937 057e 07       		.uleb128 0x7
 938 057f 8D020000 		.4byte	.LASF89
 939 0583 0B       		.byte	0xb
 940 0584 31       		.byte	0x31
 941 0585 97000000 		.4byte	0x97
 942 0589 0F       		.byte	0xf
 943 058a 07       		.uleb128 0x7
 944 058b F7000000 		.4byte	.LASF90
 945 058f 0B       		.byte	0xb
 946 0590 32       		.byte	0x32
 947 0591 97000000 		.4byte	0x97
 948 0595 10       		.byte	0x10
 949 0596 07       		.uleb128 0x7
 950 0597 C0000000 		.4byte	.LASF91
 951 059b 0B       		.byte	0xb
 952 059c 34       		.byte	0x34
 953 059d 97000000 		.4byte	0x97
 954 05a1 11       		.byte	0x11
 955 05a2 07       		.uleb128 0x7
 956 05a3 07010000 		.4byte	.LASF92
 957 05a7 0B       		.byte	0xb
 958 05a8 35       		.byte	0x35
 959 05a9 97000000 		.4byte	0x97
 960 05ad 12       		.byte	0x12
 961 05ae 07       		.uleb128 0x7
 962 05af 5C020000 		.4byte	.LASF93
 963 05b3 0B       		.byte	0xb
 964 05b4 36       		.byte	0x36
ARM GAS  /tmp/cc6kORNO.s 			page 18


 965 05b5 97000000 		.4byte	0x97
 966 05b9 13       		.byte	0x13
 967 05ba 07       		.uleb128 0x7
 968 05bb 65030000 		.4byte	.LASF94
 969 05bf 0B       		.byte	0xb
 970 05c0 37       		.byte	0x37
 971 05c1 97000000 		.4byte	0x97
 972 05c5 14       		.byte	0x14
 973 05c6 07       		.uleb128 0x7
 974 05c7 44030000 		.4byte	.LASF95
 975 05cb 0B       		.byte	0xb
 976 05cc 39       		.byte	0x39
 977 05cd 97000000 		.4byte	0x97
 978 05d1 15       		.byte	0x15
 979 05d2 00       		.byte	0
 980 05d3 13       		.uleb128 0x13
 981 05d4 C0040000 		.4byte	0x4c0
 982 05d8 E3050000 		.4byte	0x5e3
 983 05dc 14       		.uleb128 0x14
 984 05dd E3050000 		.4byte	0x5e3
 985 05e1 03       		.byte	0x3
 986 05e2 00       		.byte	0
 987 05e3 03       		.uleb128 0x3
 988 05e4 04       		.byte	0x4
 989 05e5 07       		.byte	0x7
 990 05e6 70020000 		.4byte	.LASF96
 991 05ea 04       		.uleb128 0x4
 992 05eb 41010000 		.4byte	.LASF97
 993 05ef 0B       		.byte	0xb
 994 05f0 3A       		.byte	0x3a
 995 05f1 F2040000 		.4byte	0x4f2
 996 05f5 11       		.uleb128 0x11
 997 05f6 EA050000 		.4byte	0x5ea
 998 05fa 0E       		.uleb128 0xe
 999 05fb C8010000 		.4byte	.LASF98
 1000 05ff 0B       		.byte	0xb
 1001 0600 77       		.byte	0x77
 1002 0601 F5050000 		.4byte	0x5f5
 1003 0605 13       		.uleb128 0x13
 1004 0606 6E020000 		.4byte	0x26e
 1005 060a 15060000 		.4byte	0x615
 1006 060e 14       		.uleb128 0x14
 1007 060f E3050000 		.4byte	0x5e3
 1008 0613 26       		.byte	0x26
 1009 0614 00       		.byte	0
 1010 0615 0E       		.uleb128 0xe
 1011 0616 53010000 		.4byte	.LASF99
 1012 061a 0C       		.byte	0xc
 1013 061b 82       		.byte	0x82
 1014 061c 05060000 		.4byte	0x605
 1015 0620 15       		.uleb128 0x15
 1016 0621 15060000 		.4byte	0x615
 1017 0625 01       		.byte	0x1
 1018 0626 2A       		.byte	0x2a
 1019 0627 05       		.uleb128 0x5
 1020 0628 03       		.byte	0x3
 1021 0629 00000000 		.4byte	_idle_thread_wa
ARM GAS  /tmp/cc6kORNO.s 			page 19


 1022 062d 16       		.uleb128 0x16
 1023 062e 33000000 		.4byte	.LASF100
 1024 0632 01       		.byte	0x1
 1025 0633 82       		.byte	0x82
 1026 0634 00000000 		.4byte	.LFB9
 1027 0638 90000000 		.4byte	.LFE9-.LFB9
 1028 063c 01       		.uleb128 0x1
 1029 063d 9C       		.byte	0x9c
 1030 063e 74060000 		.4byte	0x674
 1031 0642 17       		.uleb128 0x17
 1032 0643 44000000 		.4byte	.LBB2
 1033 0647 4C000000 		.4byte	.LBE2-.LBB2
 1034 064b 18       		.uleb128 0x18
 1035 064c 76747000 		.ascii	"vtp\000"
 1036 0650 01       		.byte	0x1
 1037 0651 8F       		.byte	0x8f
 1038 0652 87030000 		.4byte	0x387
 1039 0656 00000000 		.4byte	.LLST0
 1040 065a 17       		.uleb128 0x17
 1041 065b 58000000 		.4byte	.LBB3
 1042 065f 1C000000 		.4byte	.LBE3-.LBB3
 1043 0663 18       		.uleb128 0x18
 1044 0664 666E00   		.ascii	"fn\000"
 1045 0667 01       		.byte	0x1
 1046 0668 8F       		.byte	0x8f
 1047 0669 17030000 		.4byte	0x317
 1048 066d 1E000000 		.4byte	.LLST1
 1049 0671 00       		.byte	0
 1050 0672 00       		.byte	0
 1051 0673 00       		.byte	0
 1052 0674 19       		.uleb128 0x19
 1053 0675 7F010000 		.4byte	.LASF101
 1054 0679 01       		.byte	0x1
 1055 067a 4D       		.byte	0x4d
 1056 067b 00000000 		.4byte	.LFB8
 1057 067f 78000000 		.4byte	.LFE8-.LFB8
 1058 0683 01       		.uleb128 0x1
 1059 0684 9C       		.byte	0x9c
 1060 0685 09070000 		.4byte	0x709
 1061 0689 1A       		.uleb128 0x1a
 1062 068a AE000000 		.4byte	.LASF102
 1063 068e 01       		.byte	0x1
 1064 068f 4E       		.byte	0x4e
 1065 0690 20010000 		.4byte	0x120
 1066 0694 05       		.uleb128 0x5
 1067 0695 03       		.byte	0x3
 1068 0696 00000000 		.4byte	mainthread.4736
 1069 069a 1B       		.uleb128 0x1b
 1070 069b 0C000000 		.4byte	.LVL1
 1071 069f 2A070000 		.4byte	0x72a
 1072 06a3 1B       		.uleb128 0x1b
 1073 06a4 10000000 		.4byte	.LVL2
 1074 06a8 35070000 		.4byte	0x735
 1075 06ac 1B       		.uleb128 0x1b
 1076 06ad 14000000 		.4byte	.LVL3
 1077 06b1 40070000 		.4byte	0x740
 1078 06b5 1B       		.uleb128 0x1b
ARM GAS  /tmp/cc6kORNO.s 			page 20


 1079 06b6 18000000 		.4byte	.LVL4
 1080 06ba 4B070000 		.4byte	0x74b
 1081 06be 1C       		.uleb128 0x1c
 1082 06bf 24000000 		.4byte	.LVL5
 1083 06c3 56070000 		.4byte	0x756
 1084 06c7 DB060000 		.4byte	0x6db
 1085 06cb 1D       		.uleb128 0x1d
 1086 06cc 01       		.uleb128 0x1
 1087 06cd 50       		.byte	0x50
 1088 06ce 05       		.uleb128 0x5
 1089 06cf 03       		.byte	0x3
 1090 06d0 00000000 		.4byte	.LANCHOR0
 1091 06d4 1D       		.uleb128 0x1d
 1092 06d5 01       		.uleb128 0x1
 1093 06d6 51       		.byte	0x51
 1094 06d7 02       		.uleb128 0x2
 1095 06d8 08       		.byte	0x8
 1096 06d9 40       		.byte	0x40
 1097 06da 00       		.byte	0
 1098 06db 1E       		.uleb128 0x1e
 1099 06dc 5C000000 		.4byte	.LVL6
 1100 06e0 62070000 		.4byte	0x762
 1101 06e4 1D       		.uleb128 0x1d
 1102 06e5 01       		.uleb128 0x1
 1103 06e6 50       		.byte	0x50
 1104 06e7 05       		.uleb128 0x5
 1105 06e8 03       		.byte	0x3
 1106 06e9 00000000 		.4byte	_idle_thread_wa
 1107 06ed 1D       		.uleb128 0x1d
 1108 06ee 01       		.uleb128 0x1
 1109 06ef 51       		.byte	0x51
 1110 06f0 02       		.uleb128 0x2
 1111 06f1 08       		.byte	0x8
 1112 06f2 9C       		.byte	0x9c
 1113 06f3 1D       		.uleb128 0x1d
 1114 06f4 01       		.uleb128 0x1
 1115 06f5 52       		.byte	0x52
 1116 06f6 01       		.uleb128 0x1
 1117 06f7 31       		.byte	0x31
 1118 06f8 1D       		.uleb128 0x1d
 1119 06f9 01       		.uleb128 0x1
 1120 06fa 53       		.byte	0x53
 1121 06fb 05       		.uleb128 0x5
 1122 06fc 03       		.byte	0x3
 1123 06fd 00000000 		.4byte	_idle_thread
 1124 0701 1D       		.uleb128 0x1d
 1125 0702 02       		.uleb128 0x2
 1126 0703 7D       		.byte	0x7d
 1127 0704 00       		.sleb128 0
 1128 0705 01       		.uleb128 0x1
 1129 0706 30       		.byte	0x30
 1130 0707 00       		.byte	0
 1131 0708 00       		.byte	0
 1132 0709 19       		.uleb128 0x19
 1133 070a CE020000 		.4byte	.LASF103
 1134 070e 01       		.byte	0x1
 1135 070f 36       		.byte	0x36
ARM GAS  /tmp/cc6kORNO.s 			page 21


 1136 0710 00000000 		.4byte	.LFB7
 1137 0714 20000000 		.4byte	.LFE7-.LFB7
 1138 0718 01       		.uleb128 0x1
 1139 0719 9C       		.byte	0x9c
 1140 071a 2A070000 		.4byte	0x72a
 1141 071e 1F       		.uleb128 0x1f
 1142 071f 7000     		.ascii	"p\000"
 1143 0721 01       		.byte	0x1
 1144 0722 36       		.byte	0x36
 1145 0723 84020000 		.4byte	0x284
 1146 0727 01       		.uleb128 0x1
 1147 0728 50       		.byte	0x50
 1148 0729 00       		.byte	0
 1149 072a 20       		.uleb128 0x20
 1150 072b CD000000 		.4byte	.LASF104
 1151 072f CD000000 		.4byte	.LASF104
 1152 0733 09       		.byte	0x9
 1153 0734 87       		.byte	0x87
 1154 0735 20       		.uleb128 0x20
 1155 0736 FB030000 		.4byte	.LASF105
 1156 073a FB030000 		.4byte	.LASF105
 1157 073e 08       		.byte	0x8
 1158 073f D9       		.byte	0xd9
 1159 0740 20       		.uleb128 0x20
 1160 0741 13030000 		.4byte	.LASF106
 1161 0745 13030000 		.4byte	.LASF106
 1162 0749 0D       		.byte	0xd
 1163 074a 4A       		.byte	0x4a
 1164 074b 20       		.uleb128 0x20
 1165 074c 89010000 		.4byte	.LASF107
 1166 0750 89010000 		.4byte	.LASF107
 1167 0754 0E       		.byte	0xe
 1168 0755 4E       		.byte	0x4e
 1169 0756 21       		.uleb128 0x21
 1170 0757 A1010000 		.4byte	.LASF108
 1171 075b A1010000 		.4byte	.LASF108
 1172 075f 06       		.byte	0x6
 1173 0760 5E01     		.2byte	0x15e
 1174 0762 21       		.uleb128 0x21
 1175 0763 42020000 		.4byte	.LASF109
 1176 0767 42020000 		.4byte	.LASF109
 1177 076b 06       		.byte	0x6
 1178 076c 6401     		.2byte	0x164
 1179 076e 00       		.byte	0
 1180              		.section	.debug_abbrev,"",%progbits
 1181              	.Ldebug_abbrev0:
 1182 0000 01       		.uleb128 0x1
 1183 0001 11       		.uleb128 0x11
 1184 0002 01       		.byte	0x1
 1185 0003 25       		.uleb128 0x25
 1186 0004 0E       		.uleb128 0xe
 1187 0005 13       		.uleb128 0x13
 1188 0006 0B       		.uleb128 0xb
 1189 0007 03       		.uleb128 0x3
 1190 0008 0E       		.uleb128 0xe
 1191 0009 1B       		.uleb128 0x1b
 1192 000a 0E       		.uleb128 0xe
ARM GAS  /tmp/cc6kORNO.s 			page 22


 1193 000b 55       		.uleb128 0x55
 1194 000c 17       		.uleb128 0x17
 1195 000d 11       		.uleb128 0x11
 1196 000e 01       		.uleb128 0x1
 1197 000f 10       		.uleb128 0x10
 1198 0010 17       		.uleb128 0x17
 1199 0011 00       		.byte	0
 1200 0012 00       		.byte	0
 1201 0013 02       		.uleb128 0x2
 1202 0014 24       		.uleb128 0x24
 1203 0015 00       		.byte	0
 1204 0016 0B       		.uleb128 0xb
 1205 0017 0B       		.uleb128 0xb
 1206 0018 3E       		.uleb128 0x3e
 1207 0019 0B       		.uleb128 0xb
 1208 001a 03       		.uleb128 0x3
 1209 001b 08       		.uleb128 0x8
 1210 001c 00       		.byte	0
 1211 001d 00       		.byte	0
 1212 001e 03       		.uleb128 0x3
 1213 001f 24       		.uleb128 0x24
 1214 0020 00       		.byte	0
 1215 0021 0B       		.uleb128 0xb
 1216 0022 0B       		.uleb128 0xb
 1217 0023 3E       		.uleb128 0x3e
 1218 0024 0B       		.uleb128 0xb
 1219 0025 03       		.uleb128 0x3
 1220 0026 0E       		.uleb128 0xe
 1221 0027 00       		.byte	0
 1222 0028 00       		.byte	0
 1223 0029 04       		.uleb128 0x4
 1224 002a 16       		.uleb128 0x16
 1225 002b 00       		.byte	0
 1226 002c 03       		.uleb128 0x3
 1227 002d 0E       		.uleb128 0xe
 1228 002e 3A       		.uleb128 0x3a
 1229 002f 0B       		.uleb128 0xb
 1230 0030 3B       		.uleb128 0x3b
 1231 0031 0B       		.uleb128 0xb
 1232 0032 49       		.uleb128 0x49
 1233 0033 13       		.uleb128 0x13
 1234 0034 00       		.byte	0
 1235 0035 00       		.byte	0
 1236 0036 05       		.uleb128 0x5
 1237 0037 35       		.uleb128 0x35
 1238 0038 00       		.byte	0
 1239 0039 49       		.uleb128 0x49
 1240 003a 13       		.uleb128 0x13
 1241 003b 00       		.byte	0
 1242 003c 00       		.byte	0
 1243 003d 06       		.uleb128 0x6
 1244 003e 13       		.uleb128 0x13
 1245 003f 01       		.byte	0x1
 1246 0040 03       		.uleb128 0x3
 1247 0041 0E       		.uleb128 0xe
 1248 0042 0B       		.uleb128 0xb
 1249 0043 0B       		.uleb128 0xb
ARM GAS  /tmp/cc6kORNO.s 			page 23


 1250 0044 3A       		.uleb128 0x3a
 1251 0045 0B       		.uleb128 0xb
 1252 0046 3B       		.uleb128 0x3b
 1253 0047 0B       		.uleb128 0xb
 1254 0048 01       		.uleb128 0x1
 1255 0049 13       		.uleb128 0x13
 1256 004a 00       		.byte	0
 1257 004b 00       		.byte	0
 1258 004c 07       		.uleb128 0x7
 1259 004d 0D       		.uleb128 0xd
 1260 004e 00       		.byte	0
 1261 004f 03       		.uleb128 0x3
 1262 0050 0E       		.uleb128 0xe
 1263 0051 3A       		.uleb128 0x3a
 1264 0052 0B       		.uleb128 0xb
 1265 0053 3B       		.uleb128 0x3b
 1266 0054 0B       		.uleb128 0xb
 1267 0055 49       		.uleb128 0x49
 1268 0056 13       		.uleb128 0x13
 1269 0057 38       		.uleb128 0x38
 1270 0058 0B       		.uleb128 0xb
 1271 0059 00       		.byte	0
 1272 005a 00       		.byte	0
 1273 005b 08       		.uleb128 0x8
 1274 005c 0D       		.uleb128 0xd
 1275 005d 00       		.byte	0
 1276 005e 03       		.uleb128 0x3
 1277 005f 08       		.uleb128 0x8
 1278 0060 3A       		.uleb128 0x3a
 1279 0061 0B       		.uleb128 0xb
 1280 0062 3B       		.uleb128 0x3b
 1281 0063 0B       		.uleb128 0xb
 1282 0064 49       		.uleb128 0x49
 1283 0065 13       		.uleb128 0x13
 1284 0066 38       		.uleb128 0x38
 1285 0067 0B       		.uleb128 0xb
 1286 0068 00       		.byte	0
 1287 0069 00       		.byte	0
 1288 006a 09       		.uleb128 0x9
 1289 006b 13       		.uleb128 0x13
 1290 006c 01       		.byte	0x1
 1291 006d 0B       		.uleb128 0xb
 1292 006e 0B       		.uleb128 0xb
 1293 006f 3A       		.uleb128 0x3a
 1294 0070 0B       		.uleb128 0xb
 1295 0071 3B       		.uleb128 0x3b
 1296 0072 0B       		.uleb128 0xb
 1297 0073 01       		.uleb128 0x1
 1298 0074 13       		.uleb128 0x13
 1299 0075 00       		.byte	0
 1300 0076 00       		.byte	0
 1301 0077 0A       		.uleb128 0xa
 1302 0078 0F       		.uleb128 0xf
 1303 0079 00       		.byte	0
 1304 007a 0B       		.uleb128 0xb
 1305 007b 0B       		.uleb128 0xb
 1306 007c 49       		.uleb128 0x49
ARM GAS  /tmp/cc6kORNO.s 			page 24


 1307 007d 13       		.uleb128 0x13
 1308 007e 00       		.byte	0
 1309 007f 00       		.byte	0
 1310 0080 0B       		.uleb128 0xb
 1311 0081 0F       		.uleb128 0xf
 1312 0082 00       		.byte	0
 1313 0083 0B       		.uleb128 0xb
 1314 0084 0B       		.uleb128 0xb
 1315 0085 00       		.byte	0
 1316 0086 00       		.byte	0
 1317 0087 0C       		.uleb128 0xc
 1318 0088 15       		.uleb128 0x15
 1319 0089 01       		.byte	0x1
 1320 008a 27       		.uleb128 0x27
 1321 008b 19       		.uleb128 0x19
 1322 008c 01       		.uleb128 0x1
 1323 008d 13       		.uleb128 0x13
 1324 008e 00       		.byte	0
 1325 008f 00       		.byte	0
 1326 0090 0D       		.uleb128 0xd
 1327 0091 05       		.uleb128 0x5
 1328 0092 00       		.byte	0
 1329 0093 49       		.uleb128 0x49
 1330 0094 13       		.uleb128 0x13
 1331 0095 00       		.byte	0
 1332 0096 00       		.byte	0
 1333 0097 0E       		.uleb128 0xe
 1334 0098 34       		.uleb128 0x34
 1335 0099 00       		.byte	0
 1336 009a 03       		.uleb128 0x3
 1337 009b 0E       		.uleb128 0xe
 1338 009c 3A       		.uleb128 0x3a
 1339 009d 0B       		.uleb128 0xb
 1340 009e 3B       		.uleb128 0x3b
 1341 009f 0B       		.uleb128 0xb
 1342 00a0 49       		.uleb128 0x49
 1343 00a1 13       		.uleb128 0x13
 1344 00a2 3F       		.uleb128 0x3f
 1345 00a3 19       		.uleb128 0x19
 1346 00a4 3C       		.uleb128 0x3c
 1347 00a5 19       		.uleb128 0x19
 1348 00a6 00       		.byte	0
 1349 00a7 00       		.byte	0
 1350 00a8 0F       		.uleb128 0xf
 1351 00a9 17       		.uleb128 0x17
 1352 00aa 01       		.byte	0x1
 1353 00ab 0B       		.uleb128 0xb
 1354 00ac 0B       		.uleb128 0xb
 1355 00ad 3A       		.uleb128 0x3a
 1356 00ae 0B       		.uleb128 0xb
 1357 00af 3B       		.uleb128 0x3b
 1358 00b0 0B       		.uleb128 0xb
 1359 00b1 01       		.uleb128 0x1
 1360 00b2 13       		.uleb128 0x13
 1361 00b3 00       		.byte	0
 1362 00b4 00       		.byte	0
 1363 00b5 10       		.uleb128 0x10
ARM GAS  /tmp/cc6kORNO.s 			page 25


 1364 00b6 0D       		.uleb128 0xd
 1365 00b7 00       		.byte	0
 1366 00b8 03       		.uleb128 0x3
 1367 00b9 0E       		.uleb128 0xe
 1368 00ba 3A       		.uleb128 0x3a
 1369 00bb 0B       		.uleb128 0xb
 1370 00bc 3B       		.uleb128 0x3b
 1371 00bd 0B       		.uleb128 0xb
 1372 00be 49       		.uleb128 0x49
 1373 00bf 13       		.uleb128 0x13
 1374 00c0 00       		.byte	0
 1375 00c1 00       		.byte	0
 1376 00c2 11       		.uleb128 0x11
 1377 00c3 26       		.uleb128 0x26
 1378 00c4 00       		.byte	0
 1379 00c5 49       		.uleb128 0x49
 1380 00c6 13       		.uleb128 0x13
 1381 00c7 00       		.byte	0
 1382 00c8 00       		.byte	0
 1383 00c9 12       		.uleb128 0x12
 1384 00ca 15       		.uleb128 0x15
 1385 00cb 01       		.byte	0x1
 1386 00cc 27       		.uleb128 0x27
 1387 00cd 19       		.uleb128 0x19
 1388 00ce 49       		.uleb128 0x49
 1389 00cf 13       		.uleb128 0x13
 1390 00d0 01       		.uleb128 0x1
 1391 00d1 13       		.uleb128 0x13
 1392 00d2 00       		.byte	0
 1393 00d3 00       		.byte	0
 1394 00d4 13       		.uleb128 0x13
 1395 00d5 01       		.uleb128 0x1
 1396 00d6 01       		.byte	0x1
 1397 00d7 49       		.uleb128 0x49
 1398 00d8 13       		.uleb128 0x13
 1399 00d9 01       		.uleb128 0x1
 1400 00da 13       		.uleb128 0x13
 1401 00db 00       		.byte	0
 1402 00dc 00       		.byte	0
 1403 00dd 14       		.uleb128 0x14
 1404 00de 21       		.uleb128 0x21
 1405 00df 00       		.byte	0
 1406 00e0 49       		.uleb128 0x49
 1407 00e1 13       		.uleb128 0x13
 1408 00e2 2F       		.uleb128 0x2f
 1409 00e3 0B       		.uleb128 0xb
 1410 00e4 00       		.byte	0
 1411 00e5 00       		.byte	0
 1412 00e6 15       		.uleb128 0x15
 1413 00e7 34       		.uleb128 0x34
 1414 00e8 00       		.byte	0
 1415 00e9 47       		.uleb128 0x47
 1416 00ea 13       		.uleb128 0x13
 1417 00eb 3A       		.uleb128 0x3a
 1418 00ec 0B       		.uleb128 0xb
 1419 00ed 3B       		.uleb128 0x3b
 1420 00ee 0B       		.uleb128 0xb
ARM GAS  /tmp/cc6kORNO.s 			page 26


 1421 00ef 02       		.uleb128 0x2
 1422 00f0 18       		.uleb128 0x18
 1423 00f1 00       		.byte	0
 1424 00f2 00       		.byte	0
 1425 00f3 16       		.uleb128 0x16
 1426 00f4 2E       		.uleb128 0x2e
 1427 00f5 01       		.byte	0x1
 1428 00f6 3F       		.uleb128 0x3f
 1429 00f7 19       		.uleb128 0x19
 1430 00f8 03       		.uleb128 0x3
 1431 00f9 0E       		.uleb128 0xe
 1432 00fa 3A       		.uleb128 0x3a
 1433 00fb 0B       		.uleb128 0xb
 1434 00fc 3B       		.uleb128 0x3b
 1435 00fd 0B       		.uleb128 0xb
 1436 00fe 27       		.uleb128 0x27
 1437 00ff 19       		.uleb128 0x19
 1438 0100 11       		.uleb128 0x11
 1439 0101 01       		.uleb128 0x1
 1440 0102 12       		.uleb128 0x12
 1441 0103 06       		.uleb128 0x6
 1442 0104 40       		.uleb128 0x40
 1443 0105 18       		.uleb128 0x18
 1444 0106 9642     		.uleb128 0x2116
 1445 0108 19       		.uleb128 0x19
 1446 0109 01       		.uleb128 0x1
 1447 010a 13       		.uleb128 0x13
 1448 010b 00       		.byte	0
 1449 010c 00       		.byte	0
 1450 010d 17       		.uleb128 0x17
 1451 010e 0B       		.uleb128 0xb
 1452 010f 01       		.byte	0x1
 1453 0110 11       		.uleb128 0x11
 1454 0111 01       		.uleb128 0x1
 1455 0112 12       		.uleb128 0x12
 1456 0113 06       		.uleb128 0x6
 1457 0114 00       		.byte	0
 1458 0115 00       		.byte	0
 1459 0116 18       		.uleb128 0x18
 1460 0117 34       		.uleb128 0x34
 1461 0118 00       		.byte	0
 1462 0119 03       		.uleb128 0x3
 1463 011a 08       		.uleb128 0x8
 1464 011b 3A       		.uleb128 0x3a
 1465 011c 0B       		.uleb128 0xb
 1466 011d 3B       		.uleb128 0x3b
 1467 011e 0B       		.uleb128 0xb
 1468 011f 49       		.uleb128 0x49
 1469 0120 13       		.uleb128 0x13
 1470 0121 02       		.uleb128 0x2
 1471 0122 17       		.uleb128 0x17
 1472 0123 00       		.byte	0
 1473 0124 00       		.byte	0
 1474 0125 19       		.uleb128 0x19
 1475 0126 2E       		.uleb128 0x2e
 1476 0127 01       		.byte	0x1
 1477 0128 3F       		.uleb128 0x3f
ARM GAS  /tmp/cc6kORNO.s 			page 27


 1478 0129 19       		.uleb128 0x19
 1479 012a 03       		.uleb128 0x3
 1480 012b 0E       		.uleb128 0xe
 1481 012c 3A       		.uleb128 0x3a
 1482 012d 0B       		.uleb128 0xb
 1483 012e 3B       		.uleb128 0x3b
 1484 012f 0B       		.uleb128 0xb
 1485 0130 27       		.uleb128 0x27
 1486 0131 19       		.uleb128 0x19
 1487 0132 11       		.uleb128 0x11
 1488 0133 01       		.uleb128 0x1
 1489 0134 12       		.uleb128 0x12
 1490 0135 06       		.uleb128 0x6
 1491 0136 40       		.uleb128 0x40
 1492 0137 18       		.uleb128 0x18
 1493 0138 9742     		.uleb128 0x2117
 1494 013a 19       		.uleb128 0x19
 1495 013b 01       		.uleb128 0x1
 1496 013c 13       		.uleb128 0x13
 1497 013d 00       		.byte	0
 1498 013e 00       		.byte	0
 1499 013f 1A       		.uleb128 0x1a
 1500 0140 34       		.uleb128 0x34
 1501 0141 00       		.byte	0
 1502 0142 03       		.uleb128 0x3
 1503 0143 0E       		.uleb128 0xe
 1504 0144 3A       		.uleb128 0x3a
 1505 0145 0B       		.uleb128 0xb
 1506 0146 3B       		.uleb128 0x3b
 1507 0147 0B       		.uleb128 0xb
 1508 0148 49       		.uleb128 0x49
 1509 0149 13       		.uleb128 0x13
 1510 014a 02       		.uleb128 0x2
 1511 014b 18       		.uleb128 0x18
 1512 014c 00       		.byte	0
 1513 014d 00       		.byte	0
 1514 014e 1B       		.uleb128 0x1b
 1515 014f 898201   		.uleb128 0x4109
 1516 0152 00       		.byte	0
 1517 0153 11       		.uleb128 0x11
 1518 0154 01       		.uleb128 0x1
 1519 0155 31       		.uleb128 0x31
 1520 0156 13       		.uleb128 0x13
 1521 0157 00       		.byte	0
 1522 0158 00       		.byte	0
 1523 0159 1C       		.uleb128 0x1c
 1524 015a 898201   		.uleb128 0x4109
 1525 015d 01       		.byte	0x1
 1526 015e 11       		.uleb128 0x11
 1527 015f 01       		.uleb128 0x1
 1528 0160 31       		.uleb128 0x31
 1529 0161 13       		.uleb128 0x13
 1530 0162 01       		.uleb128 0x1
 1531 0163 13       		.uleb128 0x13
 1532 0164 00       		.byte	0
 1533 0165 00       		.byte	0
 1534 0166 1D       		.uleb128 0x1d
ARM GAS  /tmp/cc6kORNO.s 			page 28


 1535 0167 8A8201   		.uleb128 0x410a
 1536 016a 00       		.byte	0
 1537 016b 02       		.uleb128 0x2
 1538 016c 18       		.uleb128 0x18
 1539 016d 9142     		.uleb128 0x2111
 1540 016f 18       		.uleb128 0x18
 1541 0170 00       		.byte	0
 1542 0171 00       		.byte	0
 1543 0172 1E       		.uleb128 0x1e
 1544 0173 898201   		.uleb128 0x4109
 1545 0176 01       		.byte	0x1
 1546 0177 11       		.uleb128 0x11
 1547 0178 01       		.uleb128 0x1
 1548 0179 31       		.uleb128 0x31
 1549 017a 13       		.uleb128 0x13
 1550 017b 00       		.byte	0
 1551 017c 00       		.byte	0
 1552 017d 1F       		.uleb128 0x1f
 1553 017e 05       		.uleb128 0x5
 1554 017f 00       		.byte	0
 1555 0180 03       		.uleb128 0x3
 1556 0181 08       		.uleb128 0x8
 1557 0182 3A       		.uleb128 0x3a
 1558 0183 0B       		.uleb128 0xb
 1559 0184 3B       		.uleb128 0x3b
 1560 0185 0B       		.uleb128 0xb
 1561 0186 49       		.uleb128 0x49
 1562 0187 13       		.uleb128 0x13
 1563 0188 02       		.uleb128 0x2
 1564 0189 18       		.uleb128 0x18
 1565 018a 00       		.byte	0
 1566 018b 00       		.byte	0
 1567 018c 20       		.uleb128 0x20
 1568 018d 2E       		.uleb128 0x2e
 1569 018e 00       		.byte	0
 1570 018f 3F       		.uleb128 0x3f
 1571 0190 19       		.uleb128 0x19
 1572 0191 3C       		.uleb128 0x3c
 1573 0192 19       		.uleb128 0x19
 1574 0193 6E       		.uleb128 0x6e
 1575 0194 0E       		.uleb128 0xe
 1576 0195 03       		.uleb128 0x3
 1577 0196 0E       		.uleb128 0xe
 1578 0197 3A       		.uleb128 0x3a
 1579 0198 0B       		.uleb128 0xb
 1580 0199 3B       		.uleb128 0x3b
 1581 019a 0B       		.uleb128 0xb
 1582 019b 00       		.byte	0
 1583 019c 00       		.byte	0
 1584 019d 21       		.uleb128 0x21
 1585 019e 2E       		.uleb128 0x2e
 1586 019f 00       		.byte	0
 1587 01a0 3F       		.uleb128 0x3f
 1588 01a1 19       		.uleb128 0x19
 1589 01a2 3C       		.uleb128 0x3c
 1590 01a3 19       		.uleb128 0x19
 1591 01a4 6E       		.uleb128 0x6e
ARM GAS  /tmp/cc6kORNO.s 			page 29


 1592 01a5 0E       		.uleb128 0xe
 1593 01a6 03       		.uleb128 0x3
 1594 01a7 0E       		.uleb128 0xe
 1595 01a8 3A       		.uleb128 0x3a
 1596 01a9 0B       		.uleb128 0xb
 1597 01aa 3B       		.uleb128 0x3b
 1598 01ab 05       		.uleb128 0x5
 1599 01ac 00       		.byte	0
 1600 01ad 00       		.byte	0
 1601 01ae 00       		.byte	0
 1602              		.section	.debug_loc,"",%progbits
 1603              	.Ldebug_loc0:
 1604              	.LLST0:
 1605 0000 54000000 		.4byte	.LVL7
 1606 0004 73000000 		.4byte	.LVL9-1
 1607 0008 0100     		.2byte	0x1
 1608 000a 53       		.byte	0x53
 1609 000b 78000000 		.4byte	.LVL10
 1610 000f 90000000 		.4byte	.LFE9
 1611 0013 0100     		.2byte	0x1
 1612 0015 53       		.byte	0x53
 1613 0016 00000000 		.4byte	0
 1614 001a 00000000 		.4byte	0
 1615              	.LLST1:
 1616 001e 60000000 		.4byte	.LVL8
 1617 0022 73000000 		.4byte	.LVL9-1
 1618 0026 0100     		.2byte	0x1
 1619 0028 51       		.byte	0x51
 1620 0029 00000000 		.4byte	0
 1621 002d 00000000 		.4byte	0
 1622              		.section	.debug_aranges,"",%progbits
 1623 0000 2C000000 		.4byte	0x2c
 1624 0004 0200     		.2byte	0x2
 1625 0006 00000000 		.4byte	.Ldebug_info0
 1626 000a 04       		.byte	0x4
 1627 000b 00       		.byte	0
 1628 000c 0000     		.2byte	0
 1629 000e 0000     		.2byte	0
 1630 0010 00000000 		.4byte	.LFB7
 1631 0014 20000000 		.4byte	.LFE7-.LFB7
 1632 0018 00000000 		.4byte	.LFB8
 1633 001c 78000000 		.4byte	.LFE8-.LFB8
 1634 0020 00000000 		.4byte	.LFB9
 1635 0024 90000000 		.4byte	.LFE9-.LFB9
 1636 0028 00000000 		.4byte	0
 1637 002c 00000000 		.4byte	0
 1638              		.section	.debug_ranges,"",%progbits
 1639              	.Ldebug_ranges0:
 1640 0000 00000000 		.4byte	.LFB7
 1641 0004 20000000 		.4byte	.LFE7
 1642 0008 00000000 		.4byte	.LFB8
 1643 000c 78000000 		.4byte	.LFE8
 1644 0010 00000000 		.4byte	.LFB9
 1645 0014 90000000 		.4byte	.LFE9
 1646 0018 00000000 		.4byte	0
 1647 001c 00000000 		.4byte	0
 1648              		.section	.debug_line,"",%progbits
ARM GAS  /tmp/cc6kORNO.s 			page 30


 1649              	.Ldebug_line0:
 1650 0000 9F010000 		.section	.debug_str,"MS",%progbits,1
 1650      02003F01 
 1650      00000201 
 1650      FB0E0D00 
 1650      01010101 
 1651              	.LASF77:
 1652 0000 7466756E 		.ascii	"tfunc_t\000"
 1652      635F7400 
 1653              	.LASF88:
 1654 0008 63665F6F 		.ascii	"cf_off_older\000"
 1654      66665F6F 
 1654      6C646572 
 1654      00
 1655              	.LASF40:
 1656 0015 705F6D73 		.ascii	"p_msg\000"
 1656      6700
 1657              	.LASF72:
 1658 001b 7264796D 		.ascii	"rdymsg\000"
 1658      736700
 1659              	.LASF4:
 1660 0022 5F5F7569 		.ascii	"__uint8_t\000"
 1660      6E74385F 
 1660      7400
 1661              	.LASF66:
 1662 002c 76746C69 		.ascii	"vtlist\000"
 1662      737400
 1663              	.LASF100:
 1664 0033 63685379 		.ascii	"chSysTimerHandlerI\000"
 1664      7354696D 
 1664      65724861 
 1664      6E646C65 
 1664      724900
 1665              	.LASF12:
 1666 0046 6C6F6E67 		.ascii	"long long unsigned int\000"
 1666      206C6F6E 
 1666      6720756E 
 1666      7369676E 
 1666      65642069 
 1667              	.LASF112:
 1668 005d 2F686F6D 		.ascii	"/home/lmr/Downloads/ChibiOS-RPi/ChibiOS-RPi/demos/P"
 1668      652F6C6D 
 1668      722F446F 
 1668      776E6C6F 
 1668      6164732F 
 1669 0090 726F6A65 		.ascii	"roject\000"
 1669      637400
 1670              	.LASF84:
 1671 0097 63685F74 		.ascii	"ch_threadsize\000"
 1671      68726561 
 1671      6473697A 
 1671      6500
 1672              	.LASF73:
 1673 00a5 65786974 		.ascii	"exitcode\000"
 1673      636F6465 
 1673      00
 1674              	.LASF102:
ARM GAS  /tmp/cc6kORNO.s 			page 31


 1675 00ae 6D61696E 		.ascii	"mainthread\000"
 1675      74687265 
 1675      616400
 1676              	.LASF28:
 1677 00b9 705F7072 		.ascii	"p_prio\000"
 1677      696F00
 1678              	.LASF91:
 1679 00c0 63665F6F 		.ascii	"cf_off_state\000"
 1679      66665F73 
 1679      74617465 
 1679      00
 1680              	.LASF104:
 1681 00cd 5F736368 		.ascii	"_scheduler_init\000"
 1681      6564756C 
 1681      65725F69 
 1681      6E697400 
 1682              	.LASF11:
 1683 00dd 6C6F6E67 		.ascii	"long long int\000"
 1683      206C6F6E 
 1683      6720696E 
 1683      7400
 1684              	.LASF1:
 1685 00eb 7369676E 		.ascii	"signed char\000"
 1685      65642063 
 1685      68617200 
 1686              	.LASF90:
 1687 00f7 63665F6F 		.ascii	"cf_off_stklimit\000"
 1687      66665F73 
 1687      746B6C69 
 1687      6D697400 
 1688              	.LASF92:
 1689 0107 63665F6F 		.ascii	"cf_off_flags\000"
 1689      66665F66 
 1689      6C616773 
 1689      00
 1690              	.LASF69:
 1691 0114 6D5F7175 		.ascii	"m_queue\000"
 1691      65756500 
 1692              	.LASF20:
 1693 011c 74736C69 		.ascii	"tslices_t\000"
 1693      6365735F 
 1693      7400
 1694              	.LASF8:
 1695 0126 6C6F6E67 		.ascii	"long int\000"
 1695      20696E74 
 1695      00
 1696              	.LASF18:
 1697 012f 74737461 		.ascii	"tstate_t\000"
 1697      74655F74 
 1697      00
 1698              	.LASF14:
 1699 0138 75696E74 		.ascii	"uint16_t\000"
 1699      31365F74 
 1699      00
 1700              	.LASF97:
 1701 0141 63686465 		.ascii	"chdebug_t\000"
 1701      6275675F 
ARM GAS  /tmp/cc6kORNO.s 			page 32


 1701      7400
 1702              	.LASF30:
 1703 014b 705F6E65 		.ascii	"p_newer\000"
 1703      77657200 
 1704              	.LASF99:
 1705 0153 5F69646C 		.ascii	"_idle_thread_wa\000"
 1705      655F7468 
 1705      72656164 
 1705      5F776100 
 1706              	.LASF9:
 1707 0163 5F5F7569 		.ascii	"__uint32_t\000"
 1707      6E743332 
 1707      5F7400
 1708              	.LASF47:
 1709 016e 72656761 		.ascii	"regarm_t\000"
 1709      726D5F74 
 1709      00
 1710              	.LASF53:
 1711 0177 76745F70 		.ascii	"vt_prev\000"
 1711      72657600 
 1712              	.LASF101:
 1713 017f 63685379 		.ascii	"chSysInit\000"
 1713      73496E69 
 1713      7400
 1714              	.LASF107:
 1715 0189 5F686561 		.ascii	"_heap_init\000"
 1715      705F696E 
 1715      697400
 1716              	.LASF0:
 1717 0194 756E7369 		.ascii	"unsigned int\000"
 1717      676E6564 
 1717      20696E74 
 1717      00
 1718              	.LASF108:
 1719 01a1 5F746872 		.ascii	"_thread_init\000"
 1719      6561645F 
 1719      696E6974 
 1719      00
 1720              	.LASF52:
 1721 01ae 76745F6E 		.ascii	"vt_next\000"
 1721      65787400 
 1722              	.LASF10:
 1723 01b6 6C6F6E67 		.ascii	"long unsigned int\000"
 1723      20756E73 
 1723      69676E65 
 1723      6420696E 
 1723      7400
 1724              	.LASF98:
 1725 01c8 63685F64 		.ascii	"ch_debug\000"
 1725      65627567 
 1725      00
 1726              	.LASF50:
 1727 01d1 76746675 		.ascii	"vtfunc_t\000"
 1727      6E635F74 
 1727      00
 1728              	.LASF78:
 1729 01da 63685F69 		.ascii	"ch_identifier\000"
ARM GAS  /tmp/cc6kORNO.s 			page 33


 1729      64656E74 
 1729      69666965 
 1729      7200
 1730              	.LASF49:
 1731 01e8 636F6E74 		.ascii	"context\000"
 1731      65787400 
 1732              	.LASF6:
 1733 01f0 73686F72 		.ascii	"short unsigned int\000"
 1733      7420756E 
 1733      7369676E 
 1733      65642069 
 1733      6E7400
 1734              	.LASF22:
 1735 0203 6D73675F 		.ascii	"msg_t\000"
 1735      7400
 1736              	.LASF62:
 1737 0209 725F6E65 		.ascii	"r_newer\000"
 1737      77657200 
 1738              	.LASF17:
 1739 0211 746D6F64 		.ascii	"tmode_t\000"
 1739      655F7400 
 1740              	.LASF45:
 1741 0219 54687265 		.ascii	"ThreadsList\000"
 1741      6164734C 
 1741      69737400 
 1742              	.LASF23:
 1743 0225 6576656E 		.ascii	"eventmask_t\000"
 1743      746D6173 
 1743      6B5F7400 
 1744              	.LASF68:
 1745 0231 4D757465 		.ascii	"Mutex\000"
 1745      7800
 1746              	.LASF46:
 1747 0237 73746B61 		.ascii	"stkalign_t\000"
 1747      6C69676E 
 1747      5F7400
 1748              	.LASF109:
 1749 0242 63685468 		.ascii	"chThdCreateStatic\000"
 1749      64437265 
 1749      61746553 
 1749      74617469 
 1749      6300
 1750              	.LASF79:
 1751 0254 63685F7A 		.ascii	"ch_zero\000"
 1751      65726F00 
 1752              	.LASF93:
 1753 025c 63665F6F 		.ascii	"cf_off_refs\000"
 1753      66665F72 
 1753      65667300 
 1754              	.LASF54:
 1755 0268 76745F74 		.ascii	"vt_time\000"
 1755      696D6500 
 1756              	.LASF96:
 1757 0270 73697A65 		.ascii	"sizetype\000"
 1757      74797065 
 1757      00
 1758              	.LASF55:
ARM GAS  /tmp/cc6kORNO.s 			page 34


 1759 0279 76745F66 		.ascii	"vt_func\000"
 1759      756E6300 
 1760              	.LASF83:
 1761 0281 63685F74 		.ascii	"ch_timesize\000"
 1761      696D6573 
 1761      697A6500 
 1762              	.LASF89:
 1763 028d 63665F6F 		.ascii	"cf_off_name\000"
 1763      66665F6E 
 1763      616D6500 
 1764              	.LASF31:
 1765 0299 705F6F6C 		.ascii	"p_older\000"
 1765      64657200 
 1766              	.LASF61:
 1767 02a1 725F6374 		.ascii	"r_ctx\000"
 1767      7800
 1768              	.LASF44:
 1769 02a7 54687265 		.ascii	"ThreadsQueue\000"
 1769      61647351 
 1769      75657565 
 1769      00
 1770              	.LASF80:
 1771 02b4 63685F73 		.ascii	"ch_size\000"
 1771      697A6500 
 1772              	.LASF64:
 1773 02bc 725F6375 		.ascii	"r_current\000"
 1773      7272656E 
 1773      7400
 1774              	.LASF63:
 1775 02c6 725F6F6C 		.ascii	"r_older\000"
 1775      64657200 
 1776              	.LASF103:
 1777 02ce 5F69646C 		.ascii	"_idle_thread\000"
 1777      655F7468 
 1777      72656164 
 1777      00
 1778              	.LASF19:
 1779 02db 74726566 		.ascii	"trefs_t\000"
 1779      735F7400 
 1780              	.LASF82:
 1781 02e3 63685F70 		.ascii	"ch_ptrsize\000"
 1781      74727369 
 1781      7A6500
 1782              	.LASF27:
 1783 02ee 705F7072 		.ascii	"p_prev\000"
 1783      657600
 1784              	.LASF21:
 1785 02f5 74707269 		.ascii	"tprio_t\000"
 1785      6F5F7400 
 1786              	.LASF15:
 1787 02fd 696E7433 		.ascii	"int32_t\000"
 1787      325F7400 
 1788              	.LASF2:
 1789 0305 756E7369 		.ascii	"unsigned char\000"
 1789      676E6564 
 1789      20636861 
 1789      7200
ARM GAS  /tmp/cc6kORNO.s 			page 35


 1790              	.LASF106:
 1791 0313 5F636F72 		.ascii	"_core_init\000"
 1791      655F696E 
 1791      697400
 1792              	.LASF42:
 1793 031e 705F6D74 		.ascii	"p_mtxlist\000"
 1793      786C6973 
 1793      7400
 1794              	.LASF3:
 1795 0328 73686F72 		.ascii	"short int\000"
 1795      7420696E 
 1795      7400
 1796              	.LASF33:
 1797 0332 705F7374 		.ascii	"p_state\000"
 1797      61746500 
 1798              	.LASF36:
 1799 033a 705F7072 		.ascii	"p_preempt\000"
 1799      65656D70 
 1799      7400
 1800              	.LASF95:
 1801 0344 63665F6F 		.ascii	"cf_off_time\000"
 1801      66665F74 
 1801      696D6500 
 1802              	.LASF60:
 1803 0350 725F7072 		.ascii	"r_prio\000"
 1803      696F00
 1804              	.LASF75:
 1805 0357 65776D61 		.ascii	"ewmask\000"
 1805      736B00
 1806              	.LASF26:
 1807 035e 705F6E65 		.ascii	"p_next\000"
 1807      787400
 1808              	.LASF94:
 1809 0365 63665F6F 		.ascii	"cf_off_preempt\000"
 1809      66665F70 
 1809      7265656D 
 1809      707400
 1810              	.LASF34:
 1811 0374 705F666C 		.ascii	"p_flags\000"
 1811      61677300 
 1812              	.LASF25:
 1813 037c 54687265 		.ascii	"Thread\000"
 1813      616400
 1814              	.LASF87:
 1815 0383 63665F6F 		.ascii	"cf_off_newer\000"
 1815      66665F6E 
 1815      65776572 
 1815      00
 1816              	.LASF41:
 1817 0390 705F6570 		.ascii	"p_epending\000"
 1817      656E6469 
 1817      6E6700
 1818              	.LASF16:
 1819 039b 75696E74 		.ascii	"uint32_t\000"
 1819      33325F74 
 1819      00
 1820              	.LASF85:
ARM GAS  /tmp/cc6kORNO.s 			page 36


 1821 03a4 63665F6F 		.ascii	"cf_off_prio\000"
 1821      66665F70 
 1821      72696F00 
 1822              	.LASF59:
 1823 03b0 725F7175 		.ascii	"r_queue\000"
 1823      65756500 
 1824              	.LASF51:
 1825 03b8 56697274 		.ascii	"VirtualTimer\000"
 1825      75616C54 
 1825      696D6572 
 1825      00
 1826              	.LASF76:
 1827 03c5 63686172 		.ascii	"char\000"
 1827      00
 1828              	.LASF5:
 1829 03ca 5F5F7569 		.ascii	"__uint16_t\000"
 1829      6E743136 
 1829      5F7400
 1830              	.LASF71:
 1831 03d5 6D5F6E65 		.ascii	"m_next\000"
 1831      787400
 1832              	.LASF24:
 1833 03dc 73797374 		.ascii	"systime_t\000"
 1833      696D655F 
 1833      7400
 1834              	.LASF43:
 1835 03e6 705F7265 		.ascii	"p_realprio\000"
 1835      616C7072 
 1835      696F00
 1836              	.LASF7:
 1837 03f1 5F5F696E 		.ascii	"__int32_t\000"
 1837      7433325F 
 1837      7400
 1838              	.LASF105:
 1839 03fb 5F76745F 		.ascii	"_vt_init\000"
 1839      696E6974 
 1839      00
 1840              	.LASF37:
 1841 0404 705F7469 		.ascii	"p_time\000"
 1841      6D6500
 1842              	.LASF110:
 1843 040b 474E5520 		.ascii	"GNU C11 6.3.1 20170620 -mcpu=arm1176jz-s -mno-thumb"
 1843      43313120 
 1843      362E332E 
 1843      31203230 
 1843      31373036 
 1844 043e 2D696E74 		.ascii	"-interwork -ggdb -O2 -fomit-frame-pointer -ffunctio"
 1844      6572776F 
 1844      726B202D 
 1844      67676462 
 1844      202D4F32 
 1845 0471 6E2D7365 		.ascii	"n-sections -fdata-sections\000"
 1845      6374696F 
 1845      6E73202D 
 1845      66646174 
 1845      612D7365 
 1846              	.LASF48:
ARM GAS  /tmp/cc6kORNO.s 			page 37


 1847 048c 696E7463 		.ascii	"intctx\000"
 1847      747800
 1848              	.LASF39:
 1849 0493 705F6D73 		.ascii	"p_msgqueue\000"
 1849      67717565 
 1849      756500
 1850              	.LASF56:
 1851 049e 76745F70 		.ascii	"vt_par\000"
 1851      617200
 1852              	.LASF86:
 1853 04a5 63665F6F 		.ascii	"cf_off_ctx\000"
 1853      66665F63 
 1853      747800
 1854              	.LASF35:
 1855 04b0 705F7265 		.ascii	"p_refs\000"
 1855      667300
 1856              	.LASF65:
 1857 04b7 52656164 		.ascii	"ReadyList\000"
 1857      794C6973 
 1857      7400
 1858              	.LASF67:
 1859 04c1 726C6973 		.ascii	"rlist\000"
 1859      7400
 1860              	.LASF111:
 1861 04c7 2E2E2F2E 		.ascii	"../../os/kernel/src/chsys.c\000"
 1861      2E2F6F73 
 1861      2F6B6572 
 1861      6E656C2F 
 1861      7372632F 
 1862              	.LASF13:
 1863 04e3 75696E74 		.ascii	"uint8_t\000"
 1863      385F7400 
 1864              	.LASF74:
 1865 04eb 77746F62 		.ascii	"wtobjp\000"
 1865      6A7000
 1866              	.LASF32:
 1867 04f2 705F6E61 		.ascii	"p_name\000"
 1867      6D6500
 1868              	.LASF57:
 1869 04f9 76745F73 		.ascii	"vt_systime\000"
 1869      79737469 
 1869      6D6500
 1870              	.LASF81:
 1871 0504 63685F76 		.ascii	"ch_version\000"
 1871      65727369 
 1871      6F6E00
 1872              	.LASF58:
 1873 050f 56544C69 		.ascii	"VTList\000"
 1873      737400
 1874              	.LASF70:
 1875 0516 6D5F6F77 		.ascii	"m_owner\000"
 1875      6E657200 
 1876              	.LASF29:
 1877 051e 705F6374 		.ascii	"p_ctx\000"
 1877      7800
 1878              	.LASF38:
 1879 0524 705F7761 		.ascii	"p_waiting\000"
ARM GAS  /tmp/cc6kORNO.s 			page 38


 1879      6974696E 
 1879      6700
 1880              		.ident	"GCC: (15:6.3.1+svn253039-1build1) 6.3.1 20170620"
ARM GAS  /tmp/cc6kORNO.s 			page 39


DEFINED SYMBOLS
                            *ABS*:0000000000000000 chsys.c
     /tmp/cc6kORNO.s:16     .text._idle_thread:0000000000000000 $a
     /tmp/cc6kORNO.s:22     .text._idle_thread:0000000000000000 _idle_thread
     /tmp/cc6kORNO.s:49     .text._idle_thread:0000000000000018 $d
     /tmp/cc6kORNO.s:55     .text.chSysInit:0000000000000000 $a
     /tmp/cc6kORNO.s:61     .text.chSysInit:0000000000000000 chSysInit
     /tmp/cc6kORNO.s:125    .text.chSysInit:0000000000000064 $d
                            *COM*:000000000000009c _idle_thread_wa
     /tmp/cc6kORNO.s:134    .text.chSysTimerHandlerI:0000000000000000 $a
     /tmp/cc6kORNO.s:140    .text.chSysTimerHandlerI:0000000000000000 chSysTimerHandlerI
     /tmp/cc6kORNO.s:204    .text.chSysTimerHandlerI:0000000000000088 $d
     /tmp/cc6kORNO.s:212    .bss.mainthread.4736:0000000000000000 $d
     /tmp/cc6kORNO.s:216    .bss.mainthread.4736:0000000000000000 mainthread.4736
     /tmp/cc6kORNO.s:219    .rodata._idle_thread.str1.4:0000000000000000 $d
                     .debug_frame:0000000000000010 $d

UNDEFINED SYMBOLS
rlist
_scheduler_init
_vt_init
_core_init
_heap_init
_thread_init
chThdCreateStatic
ch_debug
vtlist
