ARM GAS  /tmp/cc1vnRjW.s 			page 1


   1              		.cpu arm1176jz-s
   2              		.eabi_attribute 20, 1
   3              		.eabi_attribute 21, 1
   4              		.eabi_attribute 23, 3
   5              		.eabi_attribute 24, 1
   6              		.eabi_attribute 25, 1
   7              		.eabi_attribute 26, 1
   8              		.eabi_attribute 30, 2
   9              		.eabi_attribute 34, 1
  10              		.eabi_attribute 18, 4
  11              		.file	"chvt.c"
  12              		.text
  13              	.Ltext0:
  14              		.cfi_sections	.debug_frame
  15              		.section	.text._vt_init,"ax",%progbits
  16              		.align	2
  17              		.global	_vt_init
  18              		.syntax unified
  19              		.arm
  20              		.fpu softvfp
  21              		.type	_vt_init, %function
  22              	_vt_init:
  23              	.LFB7:
  24              		.file 1 "../../os/kernel/src/chvt.c"
  25              		.loc 1 43 0
  26              		.cfi_startproc
  27              		@ args = 0, pretend = 0, frame = 0
  28              		@ frame_needed = 0, uses_anonymous_args = 0
  29              		@ link register save eliminated.
  30              		.loc 1 46 0
  31 0000 0010E0E3 		mvn	r1, #0
  32              		.loc 1 47 0
  33 0004 0020A0E3 		mov	r2, #0
  34              		.loc 1 45 0
  35 0008 10309FE5 		ldr	r3, .L2
  36              		.loc 1 46 0
  37 000c 081083E5 		str	r1, [r3, #8]
  38              		.loc 1 45 0
  39 0010 043083E5 		str	r3, [r3, #4]
  40 0014 003083E5 		str	r3, [r3]
  41              		.loc 1 47 0
  42 0018 0C2083E5 		str	r2, [r3, #12]
  43 001c 1EFF2FE1 		bx	lr
  44              	.L3:
  45              		.align	2
  46              	.L2:
  47 0020 00000000 		.word	vtlist
  48              		.cfi_endproc
  49              	.LFE7:
  50              		.size	_vt_init, .-_vt_init
  51              		.section	.text.chVTSetI,"ax",%progbits
  52              		.align	2
  53              		.global	chVTSetI
  54              		.syntax unified
  55              		.arm
  56              		.fpu softvfp
  57              		.type	chVTSetI, %function
ARM GAS  /tmp/cc1vnRjW.s 			page 2


  58              	chVTSetI:
  59              	.LFB8:
  60              		.loc 1 69 0
  61              		.cfi_startproc
  62              		@ args = 0, pretend = 0, frame = 0
  63              		@ frame_needed = 0, uses_anonymous_args = 0
  64              		@ link register save eliminated.
  65              	.LVL0:
  66              		.loc 1 78 0
  67 0000 54C09FE5 		ldr	ip, .L10
  68              		.loc 1 76 0
  69 0004 103080E5 		str	r3, [r0, #16]
  70              		.loc 1 78 0
  71 0008 00309CE5 		ldr	r3, [ip]
  72              	.LVL1:
  73              		.loc 1 77 0
  74 000c 0C2080E5 		str	r2, [r0, #12]
  75              		.loc 1 79 0
  76 0010 082093E5 		ldr	r2, [r3, #8]
  77              	.LVL2:
  78 0014 020051E1 		cmp	r1, r2
  79 0018 0400009A 		bls	.L5
  80              	.L6:
  81              		.loc 1 81 0
  82 001c 003093E5 		ldr	r3, [r3]
  83              	.LVL3:
  84              		.loc 1 80 0
  85 0020 021041E0 		sub	r1, r1, r2
  86              	.LVL4:
  87              		.loc 1 79 0
  88 0024 082093E5 		ldr	r2, [r3, #8]
  89 0028 010052E1 		cmp	r2, r1
  90 002c FAFFFF3A 		bcc	.L6
  91              	.L5:
  92              		.loc 1 84 0
  93 0030 042093E5 		ldr	r2, [r3, #4]
  94              		.loc 1 87 0
  95 0034 0C0053E1 		cmp	r3, ip
  96              		.loc 1 84 0
  97 0038 042080E5 		str	r2, [r0, #4]
  98 003c 003080E5 		str	r3, [r0]
  99              		.loc 1 85 0
 100 0040 040083E5 		str	r0, [r3, #4]
 101 0044 000082E5 		str	r0, [r2]
 102              		.loc 1 86 0
 103 0048 081080E5 		str	r1, [r0, #8]
 104              		.loc 1 88 0
 105 004c 08209315 		ldrne	r2, [r3, #8]
 106 0050 01104210 		subne	r1, r2, r1
 107              	.LVL5:
 108 0054 08108315 		strne	r1, [r3, #8]
 109              	.LVL6:
 110 0058 1EFF2FE1 		bx	lr
 111              	.L11:
 112              		.align	2
 113              	.L10:
 114 005c 00000000 		.word	vtlist
ARM GAS  /tmp/cc1vnRjW.s 			page 3


 115              		.cfi_endproc
 116              	.LFE8:
 117              		.size	chVTSetI, .-chVTSetI
 118              		.section	.text.chVTResetI,"ax",%progbits
 119              		.align	2
 120              		.global	chVTResetI
 121              		.syntax unified
 122              		.arm
 123              		.fpu softvfp
 124              		.type	chVTResetI, %function
 125              	chVTResetI:
 126              	.LFB9:
 127              		.loc 1 99 0
 128              		.cfi_startproc
 129              		@ args = 0, pretend = 0, frame = 0
 130              		@ frame_needed = 0, uses_anonymous_args = 0
 131              		@ link register save eliminated.
 132              	.LVL7:
 133              		.loc 1 107 0
 134 0000 003090E5 		ldr	r3, [r0]
 135 0004 2C209FE5 		ldr	r2, .L14
 136 0008 020053E1 		cmp	r3, r2
 137              		.loc 1 108 0
 138 000c 08209315 		ldrne	r2, [r3, #8]
 139 0010 08109015 		ldrne	r1, [r0, #8]
 140 0014 01208210 		addne	r2, r2, r1
 141              		.loc 1 111 0
 142 0018 0010A0E3 		mov	r1, #0
 143              		.loc 1 108 0
 144 001c 08208315 		strne	r2, [r3, #8]
 145              		.loc 1 109 0
 146 0020 042090E5 		ldr	r2, [r0, #4]
 147 0024 003082E5 		str	r3, [r2]
 148              		.loc 1 110 0
 149 0028 003090E5 		ldr	r3, [r0]
 150 002c 042083E5 		str	r2, [r3, #4]
 151              		.loc 1 111 0
 152 0030 0C1080E5 		str	r1, [r0, #12]
 153 0034 1EFF2FE1 		bx	lr
 154              	.L15:
 155              		.align	2
 156              	.L14:
 157 0038 00000000 		.word	vtlist
 158              		.cfi_endproc
 159              	.LFE9:
 160              		.size	chVTResetI, .-chVTResetI
 161              		.section	.text.chTimeIsWithin,"ax",%progbits
 162              		.align	2
 163              		.global	chTimeIsWithin
 164              		.syntax unified
 165              		.arm
 166              		.fpu softvfp
 167              		.type	chTimeIsWithin, %function
 168              	chTimeIsWithin:
 169              	.LFB10:
 170              		.loc 1 127 0
 171              		.cfi_startproc
ARM GAS  /tmp/cc1vnRjW.s 			page 4


 172              		@ args = 0, pretend = 0, frame = 0
 173              		@ frame_needed = 0, uses_anonymous_args = 0
 174              		@ link register save eliminated.
 175              	.LVL8:
 176              		.loc 1 129 0
 177 0000 3C309FE5 		ldr	r3, .L20
 178              		.loc 1 130 0
 179 0004 000051E1 		cmp	r1, r0
 180              		.loc 1 129 0
 181 0008 0C3093E5 		ldr	r3, [r3, #12]
 182              	.LVL9:
 183              		.loc 1 130 0
 184 000c 0600008A 		bhi	.L19
 185              		.loc 1 131 0 discriminator 2
 186 0010 010053E1 		cmp	r3, r1
 187 0014 0010A023 		movcs	r1, #0
 188              	.LVL10:
 189 0018 0110A033 		movcc	r1, #1
 190              		.loc 1 130 0 discriminator 2
 191 001c 000053E1 		cmp	r3, r0
 192 0020 0100A031 		movcc	r0, r1
 193 0024 01008123 		orrcs	r0, r1, #1
 194              	.LVL11:
 195              		.loc 1 132 0 discriminator 2
 196 0028 1EFF2FE1 		bx	lr
 197              	.LVL12:
 198              	.L19:
 199              		.loc 1 130 0 discriminator 1
 200 002c 000053E1 		cmp	r3, r0
 201 0030 0100A023 		movcs	r0, #1
 202              	.LVL13:
 203 0034 0000A033 		movcc	r0, #0
 204 0038 010053E1 		cmp	r3, r1
 205 003c 0000A023 		movcs	r0, #0
 206 0040 1EFF2FE1 		bx	lr
 207              	.L21:
 208              		.align	2
 209              	.L20:
 210 0044 00000000 		.word	vtlist
 211              		.cfi_endproc
 212              	.LFE10:
 213              		.size	chTimeIsWithin, .-chTimeIsWithin
 214              		.comm	vtlist,16,4
 215              		.text
 216              	.Letext0:
 217              		.file 2 "/usr/include/newlib/machine/_default_types.h"
 218              		.file 3 "/usr/include/newlib/sys/_stdint.h"
 219              		.file 4 "../../os/ports/GCC/ARM/chtypes.h"
 220              		.file 5 "../../os/kernel/include/chlists.h"
 221              		.file 6 "../../os/kernel/include/chthreads.h"
 222              		.file 7 "../../os/ports/GCC/ARM/chcore.h"
 223              		.file 8 "../../os/kernel/include/chvt.h"
 224              		.file 9 "../../os/kernel/include/chschd.h"
 225              		.file 10 "../../os/kernel/include/chmtx.h"
 226              		.file 11 "../../os/kernel/include/chregistry.h"
 227              		.file 12 "../../os/kernel/include/ch.h"
 228              		.section	.debug_info,"",%progbits
ARM GAS  /tmp/cc1vnRjW.s 			page 5


 229              	.Ldebug_info0:
 230 0000 EB060000 		.4byte	0x6eb
 231 0004 0400     		.2byte	0x4
 232 0006 00000000 		.4byte	.Ldebug_abbrev0
 233 000a 04       		.byte	0x4
 234 000b 01       		.uleb128 0x1
 235 000c AD030000 		.4byte	.LASF105
 236 0010 0C       		.byte	0xc
 237 0011 4E040000 		.4byte	.LASF106
 238 0015 51000000 		.4byte	.LASF107
 239 0019 00000000 		.4byte	.Ldebug_ranges0+0
 240 001d 00000000 		.4byte	0
 241 0021 00000000 		.4byte	.Ldebug_line0
 242 0025 02       		.uleb128 0x2
 243 0026 04       		.byte	0x4
 244 0027 05       		.byte	0x5
 245 0028 696E7400 		.ascii	"int\000"
 246 002c 03       		.uleb128 0x3
 247 002d 04       		.byte	0x4
 248 002e 07       		.byte	0x7
 249 002f 68010000 		.4byte	.LASF0
 250 0033 03       		.uleb128 0x3
 251 0034 01       		.byte	0x1
 252 0035 06       		.byte	0x6
 253 0036 CD000000 		.4byte	.LASF1
 254 003a 04       		.uleb128 0x4
 255 003b 1A000000 		.4byte	.LASF4
 256 003f 02       		.byte	0x2
 257 0040 1D       		.byte	0x1d
 258 0041 45000000 		.4byte	0x45
 259 0045 03       		.uleb128 0x3
 260 0046 01       		.byte	0x1
 261 0047 08       		.byte	0x8
 262 0048 BB020000 		.4byte	.LASF2
 263 004c 03       		.uleb128 0x3
 264 004d 02       		.byte	0x2
 265 004e 05       		.byte	0x5
 266 004f D3020000 		.4byte	.LASF3
 267 0053 04       		.uleb128 0x4
 268 0054 75030000 		.4byte	.LASF5
 269 0058 02       		.byte	0x2
 270 0059 2B       		.byte	0x2b
 271 005a 5E000000 		.4byte	0x5e
 272 005e 03       		.uleb128 0x3
 273 005f 02       		.byte	0x2
 274 0060 07       		.byte	0x7
 275 0061 B7010000 		.4byte	.LASF6
 276 0065 04       		.uleb128 0x4
 277 0066 9C030000 		.4byte	.LASF7
 278 006a 02       		.byte	0x2
 279 006b 3F       		.byte	0x3f
 280 006c 70000000 		.4byte	0x70
 281 0070 03       		.uleb128 0x3
 282 0071 04       		.byte	0x4
 283 0072 05       		.byte	0x5
 284 0073 0F010000 		.4byte	.LASF8
 285 0077 04       		.uleb128 0x4
ARM GAS  /tmp/cc1vnRjW.s 			page 6


 286 0078 4C010000 		.4byte	.LASF9
 287 007c 02       		.byte	0x2
 288 007d 41       		.byte	0x41
 289 007e 82000000 		.4byte	0x82
 290 0082 03       		.uleb128 0x3
 291 0083 04       		.byte	0x4
 292 0084 07       		.byte	0x7
 293 0085 7D010000 		.4byte	.LASF10
 294 0089 03       		.uleb128 0x3
 295 008a 08       		.byte	0x8
 296 008b 05       		.byte	0x5
 297 008c BF000000 		.4byte	.LASF11
 298 0090 03       		.uleb128 0x3
 299 0091 08       		.byte	0x8
 300 0092 07       		.byte	0x7
 301 0093 3A000000 		.4byte	.LASF12
 302 0097 04       		.uleb128 0x4
 303 0098 96040000 		.4byte	.LASF13
 304 009c 03       		.byte	0x3
 305 009d 18       		.byte	0x18
 306 009e 3A000000 		.4byte	0x3a
 307 00a2 04       		.uleb128 0x4
 308 00a3 21010000 		.4byte	.LASF14
 309 00a7 03       		.byte	0x3
 310 00a8 24       		.byte	0x24
 311 00a9 53000000 		.4byte	0x53
 312 00ad 04       		.uleb128 0x4
 313 00ae B3020000 		.4byte	.LASF15
 314 00b2 03       		.byte	0x3
 315 00b3 2C       		.byte	0x2c
 316 00b4 65000000 		.4byte	0x65
 317 00b8 04       		.uleb128 0x4
 318 00b9 46030000 		.4byte	.LASF16
 319 00bd 03       		.byte	0x3
 320 00be 30       		.byte	0x30
 321 00bf 77000000 		.4byte	0x77
 322 00c3 04       		.uleb128 0x4
 323 00c4 F6000000 		.4byte	.LASF17
 324 00c8 04       		.byte	0x4
 325 00c9 29       		.byte	0x29
 326 00ca AD000000 		.4byte	0xad
 327 00ce 04       		.uleb128 0x4
 328 00cf D8010000 		.4byte	.LASF18
 329 00d3 04       		.byte	0x4
 330 00d4 2A       		.byte	0x2a
 331 00d5 97000000 		.4byte	0x97
 332 00d9 04       		.uleb128 0x4
 333 00da 18010000 		.4byte	.LASF19
 334 00de 04       		.byte	0x4
 335 00df 2B       		.byte	0x2b
 336 00e0 97000000 		.4byte	0x97
 337 00e4 04       		.uleb128 0x4
 338 00e5 91020000 		.4byte	.LASF20
 339 00e9 04       		.byte	0x4
 340 00ea 2C       		.byte	0x2c
 341 00eb 97000000 		.4byte	0x97
 342 00ef 04       		.uleb128 0x4
ARM GAS  /tmp/cc1vnRjW.s 			page 7


 343 00f0 05010000 		.4byte	.LASF21
 344 00f4 04       		.byte	0x4
 345 00f5 2D       		.byte	0x2d
 346 00f6 97000000 		.4byte	0x97
 347 00fa 04       		.uleb128 0x4
 348 00fb AB020000 		.4byte	.LASF22
 349 00ff 04       		.byte	0x4
 350 0100 2E       		.byte	0x2e
 351 0101 B8000000 		.4byte	0xb8
 352 0105 04       		.uleb128 0x4
 353 0106 CA010000 		.4byte	.LASF23
 354 010a 04       		.byte	0x4
 355 010b 2F       		.byte	0x2f
 356 010c AD000000 		.4byte	0xad
 357 0110 04       		.uleb128 0x4
 358 0111 EC010000 		.4byte	.LASF24
 359 0115 04       		.byte	0x4
 360 0116 31       		.byte	0x31
 361 0117 B8000000 		.4byte	0xb8
 362 011b 04       		.uleb128 0x4
 363 011c 87030000 		.4byte	.LASF25
 364 0120 04       		.byte	0x4
 365 0121 33       		.byte	0x33
 366 0122 B8000000 		.4byte	0xb8
 367 0126 05       		.uleb128 0x5
 368 0127 1B010000 		.4byte	0x11b
 369 012b 04       		.uleb128 0x4
 370 012c 27030000 		.4byte	.LASF26
 371 0130 05       		.byte	0x5
 372 0131 23       		.byte	0x23
 373 0132 36010000 		.4byte	0x136
 374 0136 06       		.uleb128 0x6
 375 0137 27030000 		.4byte	.LASF26
 376 013b 44       		.byte	0x44
 377 013c 06       		.byte	0x6
 378 013d 57       		.byte	0x57
 379 013e 27020000 		.4byte	0x227
 380 0142 07       		.uleb128 0x7
 381 0143 09030000 		.4byte	.LASF27
 382 0147 06       		.byte	0x6
 383 0148 58       		.byte	0x58
 384 0149 48020000 		.4byte	0x248
 385 014d 00       		.byte	0
 386 014e 07       		.uleb128 0x7
 387 014f A4020000 		.4byte	.LASF28
 388 0153 06       		.byte	0x6
 389 0154 5A       		.byte	0x5a
 390 0155 48020000 		.4byte	0x248
 391 0159 04       		.byte	0x4
 392 015a 07       		.uleb128 0x7
 393 015b A2000000 		.4byte	.LASF29
 394 015f 06       		.byte	0x6
 395 0160 5C       		.byte	0x5c
 396 0161 FA000000 		.4byte	0xfa
 397 0165 08       		.byte	0x8
 398 0166 07       		.uleb128 0x7
 399 0167 D7040000 		.4byte	.LASF30
ARM GAS  /tmp/cc1vnRjW.s 			page 8


 400 016b 06       		.byte	0x6
 401 016c 5D       		.byte	0x5d
 402 016d 03030000 		.4byte	0x303
 403 0171 0C       		.byte	0xc
 404 0172 07       		.uleb128 0x7
 405 0173 34010000 		.4byte	.LASF31
 406 0177 06       		.byte	0x6
 407 0178 5F       		.byte	0x5f
 408 0179 48020000 		.4byte	0x248
 409 017d 10       		.byte	0x10
 410 017e 07       		.uleb128 0x7
 411 017f 57020000 		.4byte	.LASF32
 412 0183 06       		.byte	0x6
 413 0184 60       		.byte	0x60
 414 0185 48020000 		.4byte	0x248
 415 0189 14       		.byte	0x14
 416 018a 07       		.uleb128 0x7
 417 018b A5040000 		.4byte	.LASF33
 418 018f 06       		.byte	0x6
 419 0190 67       		.byte	0x67
 420 0191 C5040000 		.4byte	0x4c5
 421 0195 18       		.byte	0x18
 422 0196 07       		.uleb128 0x7
 423 0197 DD020000 		.4byte	.LASF34
 424 019b 06       		.byte	0x6
 425 019c 72       		.byte	0x72
 426 019d D9000000 		.4byte	0xd9
 427 01a1 1C       		.byte	0x1c
 428 01a2 07       		.uleb128 0x7
 429 01a3 1F030000 		.4byte	.LASF35
 430 01a7 06       		.byte	0x6
 431 01a8 76       		.byte	0x76
 432 01a9 CE000000 		.4byte	0xce
 433 01ad 1D       		.byte	0x1d
 434 01ae 07       		.uleb128 0x7
 435 01af 74040000 		.4byte	.LASF36
 436 01b3 06       		.byte	0x6
 437 01b4 7B       		.byte	0x7b
 438 01b5 E4000000 		.4byte	0xe4
 439 01b9 1E       		.byte	0x1e
 440 01ba 07       		.uleb128 0x7
 441 01bb E5020000 		.4byte	.LASF37
 442 01bf 06       		.byte	0x6
 443 01c0 81       		.byte	0x81
 444 01c1 EF000000 		.4byte	0xef
 445 01c5 1F       		.byte	0x1f
 446 01c6 07       		.uleb128 0x7
 447 01c7 A6030000 		.4byte	.LASF38
 448 01cb 06       		.byte	0x6
 449 01cc 88       		.byte	0x88
 450 01cd 26010000 		.4byte	0x126
 451 01d1 20       		.byte	0x20
 452 01d2 08       		.uleb128 0x8
 453 01d3 705F7500 		.ascii	"p_u\000"
 454 01d7 06       		.byte	0x6
 455 01d8 AD       		.byte	0xad
 456 01d9 90040000 		.4byte	0x490
ARM GAS  /tmp/cc1vnRjW.s 			page 9


 457 01dd 24       		.byte	0x24
 458 01de 07       		.uleb128 0x7
 459 01df DD040000 		.4byte	.LASF39
 460 01e3 06       		.byte	0x6
 461 01e4 B2       		.byte	0xb2
 462 01e5 6E020000 		.4byte	0x26e
 463 01e9 28       		.byte	0x28
 464 01ea 07       		.uleb128 0x7
 465 01eb 35040000 		.4byte	.LASF40
 466 01ef 06       		.byte	0x6
 467 01f0 B8       		.byte	0xb8
 468 01f1 4E020000 		.4byte	0x24e
 469 01f5 2C       		.byte	0x2c
 470 01f6 07       		.uleb128 0x7
 471 01f7 0D000000 		.4byte	.LASF41
 472 01fb 06       		.byte	0x6
 473 01fc BC       		.byte	0xbc
 474 01fd 05010000 		.4byte	0x105
 475 0201 34       		.byte	0x34
 476 0202 07       		.uleb128 0x7
 477 0203 3B030000 		.4byte	.LASF42
 478 0207 06       		.byte	0x6
 479 0208 C2       		.byte	0xc2
 480 0209 10010000 		.4byte	0x110
 481 020d 38       		.byte	0x38
 482 020e 07       		.uleb128 0x7
 483 020f C9020000 		.4byte	.LASF43
 484 0213 06       		.byte	0x6
 485 0214 C9       		.byte	0xc9
 486 0215 D7040000 		.4byte	0x4d7
 487 0219 3C       		.byte	0x3c
 488 021a 07       		.uleb128 0x7
 489 021b 91030000 		.4byte	.LASF44
 490 021f 06       		.byte	0x6
 491 0220 CD       		.byte	0xcd
 492 0221 FA000000 		.4byte	0xfa
 493 0225 40       		.byte	0x40
 494 0226 00       		.byte	0
 495 0227 09       		.uleb128 0x9
 496 0228 08       		.byte	0x8
 497 0229 05       		.byte	0x5
 498 022a 5A       		.byte	0x5a
 499 022b 48020000 		.4byte	0x248
 500 022f 07       		.uleb128 0x7
 501 0230 09030000 		.4byte	.LASF27
 502 0234 05       		.byte	0x5
 503 0235 5B       		.byte	0x5b
 504 0236 48020000 		.4byte	0x248
 505 023a 00       		.byte	0
 506 023b 07       		.uleb128 0x7
 507 023c A4020000 		.4byte	.LASF28
 508 0240 05       		.byte	0x5
 509 0241 5D       		.byte	0x5d
 510 0242 48020000 		.4byte	0x248
 511 0246 04       		.byte	0x4
 512 0247 00       		.byte	0
 513 0248 0A       		.uleb128 0xa
ARM GAS  /tmp/cc1vnRjW.s 			page 10


 514 0249 04       		.byte	0x4
 515 024a 2B010000 		.4byte	0x12b
 516 024e 04       		.uleb128 0x4
 517 024f 65020000 		.4byte	.LASF45
 518 0253 05       		.byte	0x5
 519 0254 5F       		.byte	0x5f
 520 0255 27020000 		.4byte	0x227
 521 0259 09       		.uleb128 0x9
 522 025a 04       		.byte	0x4
 523 025b 05       		.byte	0x5
 524 025c 64       		.byte	0x64
 525 025d 6E020000 		.4byte	0x26e
 526 0261 07       		.uleb128 0x7
 527 0262 09030000 		.4byte	.LASF27
 528 0266 05       		.byte	0x5
 529 0267 66       		.byte	0x66
 530 0268 48020000 		.4byte	0x248
 531 026c 00       		.byte	0
 532 026d 00       		.byte	0
 533 026e 04       		.uleb128 0x4
 534 026f E0010000 		.4byte	.LASF46
 535 0273 05       		.byte	0x5
 536 0274 69       		.byte	0x69
 537 0275 59020000 		.4byte	0x259
 538 0279 04       		.uleb128 0x4
 539 027a FE010000 		.4byte	.LASF47
 540 027e 07       		.byte	0x7
 541 027f 9D       		.byte	0x9d
 542 0280 B8000000 		.4byte	0xb8
 543 0284 04       		.uleb128 0x4
 544 0285 57010000 		.4byte	.LASF48
 545 0289 07       		.byte	0x7
 546 028a A2       		.byte	0xa2
 547 028b 8F020000 		.4byte	0x28f
 548 028f 0B       		.uleb128 0xb
 549 0290 04       		.byte	0x4
 550 0291 06       		.uleb128 0x6
 551 0292 2E040000 		.4byte	.LASF49
 552 0296 24       		.byte	0x24
 553 0297 07       		.byte	0x7
 554 0298 B9       		.byte	0xb9
 555 0299 03030000 		.4byte	0x303
 556 029d 08       		.uleb128 0x8
 557 029e 723400   		.ascii	"r4\000"
 558 02a1 07       		.byte	0x7
 559 02a2 BA       		.byte	0xba
 560 02a3 84020000 		.4byte	0x284
 561 02a7 00       		.byte	0
 562 02a8 08       		.uleb128 0x8
 563 02a9 723500   		.ascii	"r5\000"
 564 02ac 07       		.byte	0x7
 565 02ad BB       		.byte	0xbb
 566 02ae 84020000 		.4byte	0x284
 567 02b2 04       		.byte	0x4
 568 02b3 08       		.uleb128 0x8
 569 02b4 723600   		.ascii	"r6\000"
 570 02b7 07       		.byte	0x7
ARM GAS  /tmp/cc1vnRjW.s 			page 11


 571 02b8 BC       		.byte	0xbc
 572 02b9 84020000 		.4byte	0x284
 573 02bd 08       		.byte	0x8
 574 02be 08       		.uleb128 0x8
 575 02bf 723700   		.ascii	"r7\000"
 576 02c2 07       		.byte	0x7
 577 02c3 BD       		.byte	0xbd
 578 02c4 84020000 		.4byte	0x284
 579 02c8 0C       		.byte	0xc
 580 02c9 08       		.uleb128 0x8
 581 02ca 723800   		.ascii	"r8\000"
 582 02cd 07       		.byte	0x7
 583 02ce BE       		.byte	0xbe
 584 02cf 84020000 		.4byte	0x284
 585 02d3 10       		.byte	0x10
 586 02d4 08       		.uleb128 0x8
 587 02d5 723900   		.ascii	"r9\000"
 588 02d8 07       		.byte	0x7
 589 02d9 BF       		.byte	0xbf
 590 02da 84020000 		.4byte	0x284
 591 02de 14       		.byte	0x14
 592 02df 08       		.uleb128 0x8
 593 02e0 72313000 		.ascii	"r10\000"
 594 02e4 07       		.byte	0x7
 595 02e5 C0       		.byte	0xc0
 596 02e6 84020000 		.4byte	0x284
 597 02ea 18       		.byte	0x18
 598 02eb 08       		.uleb128 0x8
 599 02ec 72313100 		.ascii	"r11\000"
 600 02f0 07       		.byte	0x7
 601 02f1 C1       		.byte	0xc1
 602 02f2 84020000 		.4byte	0x284
 603 02f6 1C       		.byte	0x1c
 604 02f7 08       		.uleb128 0x8
 605 02f8 6C7200   		.ascii	"lr\000"
 606 02fb 07       		.byte	0x7
 607 02fc C2       		.byte	0xc2
 608 02fd 84020000 		.4byte	0x284
 609 0301 20       		.byte	0x20
 610 0302 00       		.byte	0
 611 0303 06       		.uleb128 0x6
 612 0304 AF010000 		.4byte	.LASF50
 613 0308 04       		.byte	0x4
 614 0309 07       		.byte	0x7
 615 030a CA       		.byte	0xca
 616 030b 1C030000 		.4byte	0x31c
 617 030f 08       		.uleb128 0x8
 618 0310 72313300 		.ascii	"r13\000"
 619 0314 07       		.byte	0x7
 620 0315 CB       		.byte	0xcb
 621 0316 1C030000 		.4byte	0x31c
 622 031a 00       		.byte	0
 623 031b 00       		.byte	0
 624 031c 0A       		.uleb128 0xa
 625 031d 04       		.byte	0x4
 626 031e 91020000 		.4byte	0x291
 627 0322 04       		.uleb128 0x4
ARM GAS  /tmp/cc1vnRjW.s 			page 12


 628 0323 98010000 		.4byte	.LASF51
 629 0327 08       		.byte	0x8
 630 0328 4E       		.byte	0x4e
 631 0329 2D030000 		.4byte	0x32d
 632 032d 0A       		.uleb128 0xa
 633 032e 04       		.byte	0x4
 634 032f 33030000 		.4byte	0x333
 635 0333 0C       		.uleb128 0xc
 636 0334 3E030000 		.4byte	0x33e
 637 0338 0D       		.uleb128 0xd
 638 0339 8F020000 		.4byte	0x28f
 639 033d 00       		.byte	0
 640 033e 04       		.uleb128 0x4
 641 033f 63030000 		.4byte	.LASF52
 642 0343 08       		.byte	0x8
 643 0344 53       		.byte	0x53
 644 0345 49030000 		.4byte	0x349
 645 0349 06       		.uleb128 0x6
 646 034a 63030000 		.4byte	.LASF52
 647 034e 14       		.byte	0x14
 648 034f 08       		.byte	0x8
 649 0350 5A       		.byte	0x5a
 650 0351 92030000 		.4byte	0x392
 651 0355 07       		.uleb128 0x7
 652 0356 75010000 		.4byte	.LASF53
 653 035a 08       		.byte	0x8
 654 035b 5B       		.byte	0x5b
 655 035c 92030000 		.4byte	0x392
 656 0360 00       		.byte	0
 657 0361 07       		.uleb128 0x7
 658 0362 60010000 		.4byte	.LASF54
 659 0366 08       		.byte	0x8
 660 0367 5D       		.byte	0x5d
 661 0368 92030000 		.4byte	0x392
 662 036c 04       		.byte	0x4
 663 036d 07       		.uleb128 0x7
 664 036e 1D020000 		.4byte	.LASF55
 665 0372 08       		.byte	0x8
 666 0373 5F       		.byte	0x5f
 667 0374 1B010000 		.4byte	0x11b
 668 0378 08       		.byte	0x8
 669 0379 07       		.uleb128 0x7
 670 037a 2E020000 		.4byte	.LASF56
 671 037e 08       		.byte	0x8
 672 037f 60       		.byte	0x60
 673 0380 22030000 		.4byte	0x322
 674 0384 0C       		.byte	0xc
 675 0385 07       		.uleb128 0x7
 676 0386 40040000 		.4byte	.LASF57
 677 038a 08       		.byte	0x8
 678 038b 62       		.byte	0x62
 679 038c 8F020000 		.4byte	0x28f
 680 0390 10       		.byte	0x10
 681 0391 00       		.byte	0
 682 0392 0A       		.uleb128 0xa
 683 0393 04       		.byte	0x4
 684 0394 3E030000 		.4byte	0x33e
ARM GAS  /tmp/cc1vnRjW.s 			page 13


 685 0398 09       		.uleb128 0x9
 686 0399 10       		.byte	0x10
 687 039a 08       		.byte	0x8
 688 039b 6C       		.byte	0x6c
 689 039c D1030000 		.4byte	0x3d1
 690 03a0 07       		.uleb128 0x7
 691 03a1 75010000 		.4byte	.LASF53
 692 03a5 08       		.byte	0x8
 693 03a6 6D       		.byte	0x6d
 694 03a7 92030000 		.4byte	0x392
 695 03ab 00       		.byte	0
 696 03ac 07       		.uleb128 0x7
 697 03ad 60010000 		.4byte	.LASF54
 698 03b1 08       		.byte	0x8
 699 03b2 6F       		.byte	0x6f
 700 03b3 92030000 		.4byte	0x392
 701 03b7 04       		.byte	0x4
 702 03b8 07       		.uleb128 0x7
 703 03b9 1D020000 		.4byte	.LASF55
 704 03bd 08       		.byte	0x8
 705 03be 71       		.byte	0x71
 706 03bf 1B010000 		.4byte	0x11b
 707 03c3 08       		.byte	0x8
 708 03c4 07       		.uleb128 0x7
 709 03c5 AC040000 		.4byte	.LASF58
 710 03c9 08       		.byte	0x8
 711 03ca 72       		.byte	0x72
 712 03cb 26010000 		.4byte	0x126
 713 03cf 0C       		.byte	0xc
 714 03d0 00       		.byte	0
 715 03d1 04       		.uleb128 0x4
 716 03d2 C8040000 		.4byte	.LASF59
 717 03d6 08       		.byte	0x8
 718 03d7 73       		.byte	0x73
 719 03d8 98030000 		.4byte	0x398
 720 03dc 0E       		.uleb128 0xe
 721 03dd 24000000 		.4byte	.LASF67
 722 03e1 08       		.byte	0x8
 723 03e2 D1       		.byte	0xd1
 724 03e3 D1030000 		.4byte	0x3d1
 725 03e7 09       		.uleb128 0x9
 726 03e8 1C       		.byte	0x1c
 727 03e9 09       		.byte	0x9
 728 03ea 57       		.byte	0x57
 729 03eb 38040000 		.4byte	0x438
 730 03ef 07       		.uleb128 0x7
 731 03f0 5B030000 		.4byte	.LASF60
 732 03f4 09       		.byte	0x9
 733 03f5 58       		.byte	0x58
 734 03f6 4E020000 		.4byte	0x24e
 735 03fa 00       		.byte	0
 736 03fb 07       		.uleb128 0x7
 737 03fc FB020000 		.4byte	.LASF61
 738 0400 09       		.byte	0x9
 739 0401 59       		.byte	0x59
 740 0402 FA000000 		.4byte	0xfa
 741 0406 08       		.byte	0x8
ARM GAS  /tmp/cc1vnRjW.s 			page 14


 742 0407 07       		.uleb128 0x7
 743 0408 5F020000 		.4byte	.LASF62
 744 040c 09       		.byte	0x9
 745 040d 5B       		.byte	0x5b
 746 040e 03030000 		.4byte	0x303
 747 0412 0C       		.byte	0xc
 748 0413 07       		.uleb128 0x7
 749 0414 D0010000 		.4byte	.LASF63
 750 0418 09       		.byte	0x9
 751 0419 5E       		.byte	0x5e
 752 041a 48020000 		.4byte	0x248
 753 041e 10       		.byte	0x10
 754 041f 07       		.uleb128 0x7
 755 0420 89020000 		.4byte	.LASF64
 756 0424 09       		.byte	0x9
 757 0425 5F       		.byte	0x5f
 758 0426 48020000 		.4byte	0x248
 759 042a 14       		.byte	0x14
 760 042b 07       		.uleb128 0x7
 761 042c 7F020000 		.4byte	.LASF65
 762 0430 09       		.byte	0x9
 763 0431 62       		.byte	0x62
 764 0432 48020000 		.4byte	0x248
 765 0436 18       		.byte	0x18
 766 0437 00       		.byte	0
 767 0438 04       		.uleb128 0x4
 768 0439 86040000 		.4byte	.LASF66
 769 043d 09       		.byte	0x9
 770 043e 64       		.byte	0x64
 771 043f E7030000 		.4byte	0x3e7
 772 0443 0E       		.uleb128 0xe
 773 0444 90040000 		.4byte	.LASF68
 774 0448 09       		.byte	0x9
 775 0449 68       		.byte	0x68
 776 044a 38040000 		.4byte	0x438
 777 044e 06       		.uleb128 0x6
 778 044f F8010000 		.4byte	.LASF69
 779 0453 10       		.byte	0x10
 780 0454 0A       		.byte	0xa
 781 0455 25       		.byte	0x25
 782 0456 7F040000 		.4byte	0x47f
 783 045a 07       		.uleb128 0x7
 784 045b FD000000 		.4byte	.LASF70
 785 045f 0A       		.byte	0xa
 786 0460 26       		.byte	0x26
 787 0461 4E020000 		.4byte	0x24e
 788 0465 00       		.byte	0
 789 0466 07       		.uleb128 0x7
 790 0467 CF040000 		.4byte	.LASF71
 791 046b 0A       		.byte	0xa
 792 046c 28       		.byte	0x28
 793 046d 48020000 		.4byte	0x248
 794 0471 08       		.byte	0x8
 795 0472 07       		.uleb128 0x7
 796 0473 80030000 		.4byte	.LASF72
 797 0477 0A       		.byte	0xa
 798 0478 2A       		.byte	0x2a
ARM GAS  /tmp/cc1vnRjW.s 			page 15


 799 0479 7F040000 		.4byte	0x47f
 800 047d 0C       		.byte	0xc
 801 047e 00       		.byte	0
 802 047f 0A       		.uleb128 0xa
 803 0480 04       		.byte	0x4
 804 0481 4E040000 		.4byte	0x44e
 805 0485 04       		.uleb128 0x4
 806 0486 F8010000 		.4byte	.LASF69
 807 048a 0A       		.byte	0xa
 808 048b 2C       		.byte	0x2c
 809 048c 4E040000 		.4byte	0x44e
 810 0490 0F       		.uleb128 0xf
 811 0491 04       		.byte	0x4
 812 0492 06       		.byte	0x6
 813 0493 8F       		.byte	0x8f
 814 0494 C5040000 		.4byte	0x4c5
 815 0498 10       		.uleb128 0x10
 816 0499 13000000 		.4byte	.LASF73
 817 049d 06       		.byte	0x6
 818 049e 96       		.byte	0x96
 819 049f 05010000 		.4byte	0x105
 820 04a3 10       		.uleb128 0x10
 821 04a4 99000000 		.4byte	.LASF74
 822 04a8 06       		.byte	0x6
 823 04a9 9D       		.byte	0x9d
 824 04aa 05010000 		.4byte	0x105
 825 04ae 10       		.uleb128 0x10
 826 04af 9E040000 		.4byte	.LASF75
 827 04b3 06       		.byte	0x6
 828 04b4 A4       		.byte	0xa4
 829 04b5 8F020000 		.4byte	0x28f
 830 04b9 10       		.uleb128 0x10
 831 04ba 02030000 		.4byte	.LASF76
 832 04be 06       		.byte	0x6
 833 04bf AB       		.byte	0xab
 834 04c0 10010000 		.4byte	0x110
 835 04c4 00       		.byte	0
 836 04c5 0A       		.uleb128 0xa
 837 04c6 04       		.byte	0x4
 838 04c7 D2040000 		.4byte	0x4d2
 839 04cb 03       		.uleb128 0x3
 840 04cc 01       		.byte	0x1
 841 04cd 08       		.byte	0x8
 842 04ce 70030000 		.4byte	.LASF77
 843 04d2 11       		.uleb128 0x11
 844 04d3 CB040000 		.4byte	0x4cb
 845 04d7 0A       		.uleb128 0xa
 846 04d8 04       		.byte	0x4
 847 04d9 85040000 		.4byte	0x485
 848 04dd 09       		.uleb128 0x9
 849 04de 16       		.byte	0x16
 850 04df 0B       		.byte	0xb
 851 04e0 25       		.byte	0x25
 852 04e1 BE050000 		.4byte	0x5be
 853 04e5 07       		.uleb128 0x7
 854 04e6 A1010000 		.4byte	.LASF78
 855 04ea 0B       		.byte	0xb
ARM GAS  /tmp/cc1vnRjW.s 			page 16


 856 04eb 26       		.byte	0x26
 857 04ec BE050000 		.4byte	0x5be
 858 04f0 00       		.byte	0
 859 04f1 07       		.uleb128 0x7
 860 04f2 09020000 		.4byte	.LASF79
 861 04f6 0B       		.byte	0xb
 862 04f7 27       		.byte	0x27
 863 04f8 97000000 		.4byte	0x97
 864 04fc 04       		.byte	0x4
 865 04fd 07       		.uleb128 0x7
 866 04fe 72020000 		.4byte	.LASF80
 867 0502 0B       		.byte	0xb
 868 0503 28       		.byte	0x28
 869 0504 97000000 		.4byte	0x97
 870 0508 05       		.byte	0x5
 871 0509 07       		.uleb128 0x7
 872 050a B7040000 		.4byte	.LASF81
 873 050e 0B       		.byte	0xb
 874 050f 29       		.byte	0x29
 875 0510 A2000000 		.4byte	0xa2
 876 0514 06       		.byte	0x6
 877 0515 07       		.uleb128 0x7
 878 0516 99020000 		.4byte	.LASF82
 879 051a 0B       		.byte	0xb
 880 051b 2A       		.byte	0x2a
 881 051c 97000000 		.4byte	0x97
 882 0520 08       		.byte	0x8
 883 0521 07       		.uleb128 0x7
 884 0522 36020000 		.4byte	.LASF83
 885 0526 0B       		.byte	0xb
 886 0527 2B       		.byte	0x2b
 887 0528 97000000 		.4byte	0x97
 888 052c 09       		.byte	0x9
 889 052d 07       		.uleb128 0x7
 890 052e 8B000000 		.4byte	.LASF84
 891 0532 0B       		.byte	0xb
 892 0533 2C       		.byte	0x2c
 893 0534 97000000 		.4byte	0x97
 894 0538 0A       		.byte	0xa
 895 0539 07       		.uleb128 0x7
 896 053a 4F030000 		.4byte	.LASF85
 897 053e 0B       		.byte	0xb
 898 053f 2D       		.byte	0x2d
 899 0540 97000000 		.4byte	0x97
 900 0544 0B       		.byte	0xb
 901 0545 07       		.uleb128 0x7
 902 0546 69040000 		.4byte	.LASF86
 903 054a 0B       		.byte	0xb
 904 054b 2E       		.byte	0x2e
 905 054c 97000000 		.4byte	0x97
 906 0550 0C       		.byte	0xc
 907 0551 07       		.uleb128 0x7
 908 0552 2E030000 		.4byte	.LASF87
 909 0556 0B       		.byte	0xb
 910 0557 2F       		.byte	0x2f
 911 0558 97000000 		.4byte	0x97
 912 055c 0D       		.byte	0xd
ARM GAS  /tmp/cc1vnRjW.s 			page 17


 913 055d 07       		.uleb128 0x7
 914 055e 00000000 		.4byte	.LASF88
 915 0562 0B       		.byte	0xb
 916 0563 30       		.byte	0x30
 917 0564 97000000 		.4byte	0x97
 918 0568 0E       		.byte	0xe
 919 0569 07       		.uleb128 0x7
 920 056a 42020000 		.4byte	.LASF89
 921 056e 0B       		.byte	0xb
 922 056f 31       		.byte	0x31
 923 0570 97000000 		.4byte	0x97
 924 0574 0F       		.byte	0xf
 925 0575 07       		.uleb128 0x7
 926 0576 D9000000 		.4byte	.LASF90
 927 057a 0B       		.byte	0xb
 928 057b 32       		.byte	0x32
 929 057c 97000000 		.4byte	0x97
 930 0580 10       		.byte	0x10
 931 0581 07       		.uleb128 0x7
 932 0582 A9000000 		.4byte	.LASF91
 933 0586 0B       		.byte	0xb
 934 0587 34       		.byte	0x34
 935 0588 97000000 		.4byte	0x97
 936 058c 11       		.byte	0x11
 937 058d 07       		.uleb128 0x7
 938 058e E9000000 		.4byte	.LASF92
 939 0592 0B       		.byte	0xb
 940 0593 35       		.byte	0x35
 941 0594 97000000 		.4byte	0x97
 942 0598 12       		.byte	0x12
 943 0599 07       		.uleb128 0x7
 944 059a 11020000 		.4byte	.LASF93
 945 059e 0B       		.byte	0xb
 946 059f 36       		.byte	0x36
 947 05a0 97000000 		.4byte	0x97
 948 05a4 13       		.byte	0x13
 949 05a5 07       		.uleb128 0x7
 950 05a6 10030000 		.4byte	.LASF94
 951 05aa 0B       		.byte	0xb
 952 05ab 37       		.byte	0x37
 953 05ac 97000000 		.4byte	0x97
 954 05b0 14       		.byte	0x14
 955 05b1 07       		.uleb128 0x7
 956 05b2 EF020000 		.4byte	.LASF95
 957 05b6 0B       		.byte	0xb
 958 05b7 39       		.byte	0x39
 959 05b8 97000000 		.4byte	0x97
 960 05bc 15       		.byte	0x15
 961 05bd 00       		.byte	0
 962 05be 12       		.uleb128 0x12
 963 05bf CB040000 		.4byte	0x4cb
 964 05c3 CE050000 		.4byte	0x5ce
 965 05c7 13       		.uleb128 0x13
 966 05c8 CE050000 		.4byte	0x5ce
 967 05cc 03       		.byte	0x3
 968 05cd 00       		.byte	0
 969 05ce 03       		.uleb128 0x3
ARM GAS  /tmp/cc1vnRjW.s 			page 18


 970 05cf 04       		.byte	0x4
 971 05d0 07       		.byte	0x7
 972 05d1 25020000 		.4byte	.LASF96
 973 05d5 04       		.uleb128 0x4
 974 05d6 2A010000 		.4byte	.LASF97
 975 05da 0B       		.byte	0xb
 976 05db 3A       		.byte	0x3a
 977 05dc DD040000 		.4byte	0x4dd
 978 05e0 11       		.uleb128 0x11
 979 05e1 D5050000 		.4byte	0x5d5
 980 05e5 0E       		.uleb128 0xe
 981 05e6 8F010000 		.4byte	.LASF98
 982 05ea 0B       		.byte	0xb
 983 05eb 77       		.byte	0x77
 984 05ec E0050000 		.4byte	0x5e0
 985 05f0 12       		.uleb128 0x12
 986 05f1 79020000 		.4byte	0x279
 987 05f5 00060000 		.4byte	0x600
 988 05f9 13       		.uleb128 0x13
 989 05fa CE050000 		.4byte	0x5ce
 990 05fe 26       		.byte	0x26
 991 05ff 00       		.byte	0
 992 0600 0E       		.uleb128 0xe
 993 0601 3C010000 		.4byte	.LASF99
 994 0605 0C       		.byte	0xc
 995 0606 82       		.byte	0x82
 996 0607 F0050000 		.4byte	0x5f0
 997 060b 14       		.uleb128 0x14
 998 060c DC030000 		.4byte	0x3dc
 999 0610 01       		.byte	0x1
 1000 0611 23       		.byte	0x23
 1001 0612 05       		.uleb128 0x5
 1002 0613 03       		.byte	0x3
 1003 0614 00000000 		.4byte	vtlist
 1004 0618 15       		.uleb128 0x15
 1005 0619 2B000000 		.4byte	.LASF108
 1006 061d 01       		.byte	0x1
 1007 061e 7F       		.byte	0x7f
 1008 061f C3000000 		.4byte	0xc3
 1009 0623 00000000 		.4byte	.LFB10
 1010 0627 48000000 		.4byte	.LFE10-.LFB10
 1011 062b 01       		.uleb128 0x1
 1012 062c 9C       		.byte	0x9c
 1013 062d 5D060000 		.4byte	0x65d
 1014 0631 16       		.uleb128 0x16
 1015 0632 C2040000 		.4byte	.LASF100
 1016 0636 01       		.byte	0x1
 1017 0637 7F       		.byte	0x7f
 1018 0638 1B010000 		.4byte	0x11b
 1019 063c 00000000 		.4byte	.LLST4
 1020 0640 17       		.uleb128 0x17
 1021 0641 656E6400 		.ascii	"end\000"
 1022 0645 01       		.byte	0x1
 1023 0646 7F       		.byte	0x7f
 1024 0647 1B010000 		.4byte	0x11b
 1025 064b 3A000000 		.4byte	.LLST5
 1026 064f 18       		.uleb128 0x18
ARM GAS  /tmp/cc1vnRjW.s 			page 19


 1027 0650 7A020000 		.4byte	.LASF103
 1028 0654 01       		.byte	0x1
 1029 0655 81       		.byte	0x81
 1030 0656 1B010000 		.4byte	0x11b
 1031 065a 01       		.uleb128 0x1
 1032 065b 53       		.byte	0x53
 1033 065c 00       		.byte	0
 1034 065d 19       		.uleb128 0x19
 1035 065e 7B040000 		.4byte	.LASF101
 1036 0662 01       		.byte	0x1
 1037 0663 63       		.byte	0x63
 1038 0664 00000000 		.4byte	.LFB9
 1039 0668 3C000000 		.4byte	.LFE9-.LFB9
 1040 066c 01       		.uleb128 0x1
 1041 066d 9C       		.byte	0x9c
 1042 066e 80060000 		.4byte	0x680
 1043 0672 1A       		.uleb128 0x1a
 1044 0673 76747000 		.ascii	"vtp\000"
 1045 0677 01       		.byte	0x1
 1046 0678 63       		.byte	0x63
 1047 0679 92030000 		.4byte	0x392
 1048 067d 01       		.uleb128 0x1
 1049 067e 50       		.byte	0x50
 1050 067f 00       		.byte	0
 1051 0680 19       		.uleb128 0x19
 1052 0681 4E020000 		.4byte	.LASF102
 1053 0685 01       		.byte	0x1
 1054 0686 45       		.byte	0x45
 1055 0687 00000000 		.4byte	.LFB8
 1056 068b 60000000 		.4byte	.LFE8-.LFB8
 1057 068f 01       		.uleb128 0x1
 1058 0690 9C       		.byte	0x9c
 1059 0691 DD060000 		.4byte	0x6dd
 1060 0695 1A       		.uleb128 0x1a
 1061 0696 76747000 		.ascii	"vtp\000"
 1062 069a 01       		.byte	0x1
 1063 069b 45       		.byte	0x45
 1064 069c 92030000 		.4byte	0x392
 1065 06a0 01       		.uleb128 0x1
 1066 06a1 50       		.byte	0x50
 1067 06a2 16       		.uleb128 0x16
 1068 06a3 7A020000 		.4byte	.LASF103
 1069 06a7 01       		.byte	0x1
 1070 06a8 45       		.byte	0x45
 1071 06a9 1B010000 		.4byte	0x11b
 1072 06ad 66000000 		.4byte	.LLST0
 1073 06b1 16       		.uleb128 0x16
 1074 06b2 47040000 		.4byte	.LASF104
 1075 06b6 01       		.byte	0x1
 1076 06b7 45       		.byte	0x45
 1077 06b8 22030000 		.4byte	0x322
 1078 06bc 93000000 		.4byte	.LLST1
 1079 06c0 17       		.uleb128 0x17
 1080 06c1 70617200 		.ascii	"par\000"
 1081 06c5 01       		.byte	0x1
 1082 06c6 45       		.byte	0x45
 1083 06c7 8F020000 		.4byte	0x28f
ARM GAS  /tmp/cc1vnRjW.s 			page 20


 1084 06cb B2000000 		.4byte	.LLST2
 1085 06cf 1B       		.uleb128 0x1b
 1086 06d0 7000     		.ascii	"p\000"
 1087 06d2 01       		.byte	0x1
 1088 06d3 46       		.byte	0x46
 1089 06d4 92030000 		.4byte	0x392
 1090 06d8 D1000000 		.4byte	.LLST3
 1091 06dc 00       		.byte	0
 1092 06dd 1C       		.uleb128 0x1c
 1093 06de B6000000 		.4byte	.LASF109
 1094 06e2 01       		.byte	0x1
 1095 06e3 2B       		.byte	0x2b
 1096 06e4 00000000 		.4byte	.LFB7
 1097 06e8 24000000 		.4byte	.LFE7-.LFB7
 1098 06ec 01       		.uleb128 0x1
 1099 06ed 9C       		.byte	0x9c
 1100 06ee 00       		.byte	0
 1101              		.section	.debug_abbrev,"",%progbits
 1102              	.Ldebug_abbrev0:
 1103 0000 01       		.uleb128 0x1
 1104 0001 11       		.uleb128 0x11
 1105 0002 01       		.byte	0x1
 1106 0003 25       		.uleb128 0x25
 1107 0004 0E       		.uleb128 0xe
 1108 0005 13       		.uleb128 0x13
 1109 0006 0B       		.uleb128 0xb
 1110 0007 03       		.uleb128 0x3
 1111 0008 0E       		.uleb128 0xe
 1112 0009 1B       		.uleb128 0x1b
 1113 000a 0E       		.uleb128 0xe
 1114 000b 55       		.uleb128 0x55
 1115 000c 17       		.uleb128 0x17
 1116 000d 11       		.uleb128 0x11
 1117 000e 01       		.uleb128 0x1
 1118 000f 10       		.uleb128 0x10
 1119 0010 17       		.uleb128 0x17
 1120 0011 00       		.byte	0
 1121 0012 00       		.byte	0
 1122 0013 02       		.uleb128 0x2
 1123 0014 24       		.uleb128 0x24
 1124 0015 00       		.byte	0
 1125 0016 0B       		.uleb128 0xb
 1126 0017 0B       		.uleb128 0xb
 1127 0018 3E       		.uleb128 0x3e
 1128 0019 0B       		.uleb128 0xb
 1129 001a 03       		.uleb128 0x3
 1130 001b 08       		.uleb128 0x8
 1131 001c 00       		.byte	0
 1132 001d 00       		.byte	0
 1133 001e 03       		.uleb128 0x3
 1134 001f 24       		.uleb128 0x24
 1135 0020 00       		.byte	0
 1136 0021 0B       		.uleb128 0xb
 1137 0022 0B       		.uleb128 0xb
 1138 0023 3E       		.uleb128 0x3e
 1139 0024 0B       		.uleb128 0xb
 1140 0025 03       		.uleb128 0x3
ARM GAS  /tmp/cc1vnRjW.s 			page 21


 1141 0026 0E       		.uleb128 0xe
 1142 0027 00       		.byte	0
 1143 0028 00       		.byte	0
 1144 0029 04       		.uleb128 0x4
 1145 002a 16       		.uleb128 0x16
 1146 002b 00       		.byte	0
 1147 002c 03       		.uleb128 0x3
 1148 002d 0E       		.uleb128 0xe
 1149 002e 3A       		.uleb128 0x3a
 1150 002f 0B       		.uleb128 0xb
 1151 0030 3B       		.uleb128 0x3b
 1152 0031 0B       		.uleb128 0xb
 1153 0032 49       		.uleb128 0x49
 1154 0033 13       		.uleb128 0x13
 1155 0034 00       		.byte	0
 1156 0035 00       		.byte	0
 1157 0036 05       		.uleb128 0x5
 1158 0037 35       		.uleb128 0x35
 1159 0038 00       		.byte	0
 1160 0039 49       		.uleb128 0x49
 1161 003a 13       		.uleb128 0x13
 1162 003b 00       		.byte	0
 1163 003c 00       		.byte	0
 1164 003d 06       		.uleb128 0x6
 1165 003e 13       		.uleb128 0x13
 1166 003f 01       		.byte	0x1
 1167 0040 03       		.uleb128 0x3
 1168 0041 0E       		.uleb128 0xe
 1169 0042 0B       		.uleb128 0xb
 1170 0043 0B       		.uleb128 0xb
 1171 0044 3A       		.uleb128 0x3a
 1172 0045 0B       		.uleb128 0xb
 1173 0046 3B       		.uleb128 0x3b
 1174 0047 0B       		.uleb128 0xb
 1175 0048 01       		.uleb128 0x1
 1176 0049 13       		.uleb128 0x13
 1177 004a 00       		.byte	0
 1178 004b 00       		.byte	0
 1179 004c 07       		.uleb128 0x7
 1180 004d 0D       		.uleb128 0xd
 1181 004e 00       		.byte	0
 1182 004f 03       		.uleb128 0x3
 1183 0050 0E       		.uleb128 0xe
 1184 0051 3A       		.uleb128 0x3a
 1185 0052 0B       		.uleb128 0xb
 1186 0053 3B       		.uleb128 0x3b
 1187 0054 0B       		.uleb128 0xb
 1188 0055 49       		.uleb128 0x49
 1189 0056 13       		.uleb128 0x13
 1190 0057 38       		.uleb128 0x38
 1191 0058 0B       		.uleb128 0xb
 1192 0059 00       		.byte	0
 1193 005a 00       		.byte	0
 1194 005b 08       		.uleb128 0x8
 1195 005c 0D       		.uleb128 0xd
 1196 005d 00       		.byte	0
 1197 005e 03       		.uleb128 0x3
ARM GAS  /tmp/cc1vnRjW.s 			page 22


 1198 005f 08       		.uleb128 0x8
 1199 0060 3A       		.uleb128 0x3a
 1200 0061 0B       		.uleb128 0xb
 1201 0062 3B       		.uleb128 0x3b
 1202 0063 0B       		.uleb128 0xb
 1203 0064 49       		.uleb128 0x49
 1204 0065 13       		.uleb128 0x13
 1205 0066 38       		.uleb128 0x38
 1206 0067 0B       		.uleb128 0xb
 1207 0068 00       		.byte	0
 1208 0069 00       		.byte	0
 1209 006a 09       		.uleb128 0x9
 1210 006b 13       		.uleb128 0x13
 1211 006c 01       		.byte	0x1
 1212 006d 0B       		.uleb128 0xb
 1213 006e 0B       		.uleb128 0xb
 1214 006f 3A       		.uleb128 0x3a
 1215 0070 0B       		.uleb128 0xb
 1216 0071 3B       		.uleb128 0x3b
 1217 0072 0B       		.uleb128 0xb
 1218 0073 01       		.uleb128 0x1
 1219 0074 13       		.uleb128 0x13
 1220 0075 00       		.byte	0
 1221 0076 00       		.byte	0
 1222 0077 0A       		.uleb128 0xa
 1223 0078 0F       		.uleb128 0xf
 1224 0079 00       		.byte	0
 1225 007a 0B       		.uleb128 0xb
 1226 007b 0B       		.uleb128 0xb
 1227 007c 49       		.uleb128 0x49
 1228 007d 13       		.uleb128 0x13
 1229 007e 00       		.byte	0
 1230 007f 00       		.byte	0
 1231 0080 0B       		.uleb128 0xb
 1232 0081 0F       		.uleb128 0xf
 1233 0082 00       		.byte	0
 1234 0083 0B       		.uleb128 0xb
 1235 0084 0B       		.uleb128 0xb
 1236 0085 00       		.byte	0
 1237 0086 00       		.byte	0
 1238 0087 0C       		.uleb128 0xc
 1239 0088 15       		.uleb128 0x15
 1240 0089 01       		.byte	0x1
 1241 008a 27       		.uleb128 0x27
 1242 008b 19       		.uleb128 0x19
 1243 008c 01       		.uleb128 0x1
 1244 008d 13       		.uleb128 0x13
 1245 008e 00       		.byte	0
 1246 008f 00       		.byte	0
 1247 0090 0D       		.uleb128 0xd
 1248 0091 05       		.uleb128 0x5
 1249 0092 00       		.byte	0
 1250 0093 49       		.uleb128 0x49
 1251 0094 13       		.uleb128 0x13
 1252 0095 00       		.byte	0
 1253 0096 00       		.byte	0
 1254 0097 0E       		.uleb128 0xe
ARM GAS  /tmp/cc1vnRjW.s 			page 23


 1255 0098 34       		.uleb128 0x34
 1256 0099 00       		.byte	0
 1257 009a 03       		.uleb128 0x3
 1258 009b 0E       		.uleb128 0xe
 1259 009c 3A       		.uleb128 0x3a
 1260 009d 0B       		.uleb128 0xb
 1261 009e 3B       		.uleb128 0x3b
 1262 009f 0B       		.uleb128 0xb
 1263 00a0 49       		.uleb128 0x49
 1264 00a1 13       		.uleb128 0x13
 1265 00a2 3F       		.uleb128 0x3f
 1266 00a3 19       		.uleb128 0x19
 1267 00a4 3C       		.uleb128 0x3c
 1268 00a5 19       		.uleb128 0x19
 1269 00a6 00       		.byte	0
 1270 00a7 00       		.byte	0
 1271 00a8 0F       		.uleb128 0xf
 1272 00a9 17       		.uleb128 0x17
 1273 00aa 01       		.byte	0x1
 1274 00ab 0B       		.uleb128 0xb
 1275 00ac 0B       		.uleb128 0xb
 1276 00ad 3A       		.uleb128 0x3a
 1277 00ae 0B       		.uleb128 0xb
 1278 00af 3B       		.uleb128 0x3b
 1279 00b0 0B       		.uleb128 0xb
 1280 00b1 01       		.uleb128 0x1
 1281 00b2 13       		.uleb128 0x13
 1282 00b3 00       		.byte	0
 1283 00b4 00       		.byte	0
 1284 00b5 10       		.uleb128 0x10
 1285 00b6 0D       		.uleb128 0xd
 1286 00b7 00       		.byte	0
 1287 00b8 03       		.uleb128 0x3
 1288 00b9 0E       		.uleb128 0xe
 1289 00ba 3A       		.uleb128 0x3a
 1290 00bb 0B       		.uleb128 0xb
 1291 00bc 3B       		.uleb128 0x3b
 1292 00bd 0B       		.uleb128 0xb
 1293 00be 49       		.uleb128 0x49
 1294 00bf 13       		.uleb128 0x13
 1295 00c0 00       		.byte	0
 1296 00c1 00       		.byte	0
 1297 00c2 11       		.uleb128 0x11
 1298 00c3 26       		.uleb128 0x26
 1299 00c4 00       		.byte	0
 1300 00c5 49       		.uleb128 0x49
 1301 00c6 13       		.uleb128 0x13
 1302 00c7 00       		.byte	0
 1303 00c8 00       		.byte	0
 1304 00c9 12       		.uleb128 0x12
 1305 00ca 01       		.uleb128 0x1
 1306 00cb 01       		.byte	0x1
 1307 00cc 49       		.uleb128 0x49
 1308 00cd 13       		.uleb128 0x13
 1309 00ce 01       		.uleb128 0x1
 1310 00cf 13       		.uleb128 0x13
 1311 00d0 00       		.byte	0
ARM GAS  /tmp/cc1vnRjW.s 			page 24


 1312 00d1 00       		.byte	0
 1313 00d2 13       		.uleb128 0x13
 1314 00d3 21       		.uleb128 0x21
 1315 00d4 00       		.byte	0
 1316 00d5 49       		.uleb128 0x49
 1317 00d6 13       		.uleb128 0x13
 1318 00d7 2F       		.uleb128 0x2f
 1319 00d8 0B       		.uleb128 0xb
 1320 00d9 00       		.byte	0
 1321 00da 00       		.byte	0
 1322 00db 14       		.uleb128 0x14
 1323 00dc 34       		.uleb128 0x34
 1324 00dd 00       		.byte	0
 1325 00de 47       		.uleb128 0x47
 1326 00df 13       		.uleb128 0x13
 1327 00e0 3A       		.uleb128 0x3a
 1328 00e1 0B       		.uleb128 0xb
 1329 00e2 3B       		.uleb128 0x3b
 1330 00e3 0B       		.uleb128 0xb
 1331 00e4 02       		.uleb128 0x2
 1332 00e5 18       		.uleb128 0x18
 1333 00e6 00       		.byte	0
 1334 00e7 00       		.byte	0
 1335 00e8 15       		.uleb128 0x15
 1336 00e9 2E       		.uleb128 0x2e
 1337 00ea 01       		.byte	0x1
 1338 00eb 3F       		.uleb128 0x3f
 1339 00ec 19       		.uleb128 0x19
 1340 00ed 03       		.uleb128 0x3
 1341 00ee 0E       		.uleb128 0xe
 1342 00ef 3A       		.uleb128 0x3a
 1343 00f0 0B       		.uleb128 0xb
 1344 00f1 3B       		.uleb128 0x3b
 1345 00f2 0B       		.uleb128 0xb
 1346 00f3 27       		.uleb128 0x27
 1347 00f4 19       		.uleb128 0x19
 1348 00f5 49       		.uleb128 0x49
 1349 00f6 13       		.uleb128 0x13
 1350 00f7 11       		.uleb128 0x11
 1351 00f8 01       		.uleb128 0x1
 1352 00f9 12       		.uleb128 0x12
 1353 00fa 06       		.uleb128 0x6
 1354 00fb 40       		.uleb128 0x40
 1355 00fc 18       		.uleb128 0x18
 1356 00fd 9742     		.uleb128 0x2117
 1357 00ff 19       		.uleb128 0x19
 1358 0100 01       		.uleb128 0x1
 1359 0101 13       		.uleb128 0x13
 1360 0102 00       		.byte	0
 1361 0103 00       		.byte	0
 1362 0104 16       		.uleb128 0x16
 1363 0105 05       		.uleb128 0x5
 1364 0106 00       		.byte	0
 1365 0107 03       		.uleb128 0x3
 1366 0108 0E       		.uleb128 0xe
 1367 0109 3A       		.uleb128 0x3a
 1368 010a 0B       		.uleb128 0xb
ARM GAS  /tmp/cc1vnRjW.s 			page 25


 1369 010b 3B       		.uleb128 0x3b
 1370 010c 0B       		.uleb128 0xb
 1371 010d 49       		.uleb128 0x49
 1372 010e 13       		.uleb128 0x13
 1373 010f 02       		.uleb128 0x2
 1374 0110 17       		.uleb128 0x17
 1375 0111 00       		.byte	0
 1376 0112 00       		.byte	0
 1377 0113 17       		.uleb128 0x17
 1378 0114 05       		.uleb128 0x5
 1379 0115 00       		.byte	0
 1380 0116 03       		.uleb128 0x3
 1381 0117 08       		.uleb128 0x8
 1382 0118 3A       		.uleb128 0x3a
 1383 0119 0B       		.uleb128 0xb
 1384 011a 3B       		.uleb128 0x3b
 1385 011b 0B       		.uleb128 0xb
 1386 011c 49       		.uleb128 0x49
 1387 011d 13       		.uleb128 0x13
 1388 011e 02       		.uleb128 0x2
 1389 011f 17       		.uleb128 0x17
 1390 0120 00       		.byte	0
 1391 0121 00       		.byte	0
 1392 0122 18       		.uleb128 0x18
 1393 0123 34       		.uleb128 0x34
 1394 0124 00       		.byte	0
 1395 0125 03       		.uleb128 0x3
 1396 0126 0E       		.uleb128 0xe
 1397 0127 3A       		.uleb128 0x3a
 1398 0128 0B       		.uleb128 0xb
 1399 0129 3B       		.uleb128 0x3b
 1400 012a 0B       		.uleb128 0xb
 1401 012b 49       		.uleb128 0x49
 1402 012c 13       		.uleb128 0x13
 1403 012d 02       		.uleb128 0x2
 1404 012e 18       		.uleb128 0x18
 1405 012f 00       		.byte	0
 1406 0130 00       		.byte	0
 1407 0131 19       		.uleb128 0x19
 1408 0132 2E       		.uleb128 0x2e
 1409 0133 01       		.byte	0x1
 1410 0134 3F       		.uleb128 0x3f
 1411 0135 19       		.uleb128 0x19
 1412 0136 03       		.uleb128 0x3
 1413 0137 0E       		.uleb128 0xe
 1414 0138 3A       		.uleb128 0x3a
 1415 0139 0B       		.uleb128 0xb
 1416 013a 3B       		.uleb128 0x3b
 1417 013b 0B       		.uleb128 0xb
 1418 013c 27       		.uleb128 0x27
 1419 013d 19       		.uleb128 0x19
 1420 013e 11       		.uleb128 0x11
 1421 013f 01       		.uleb128 0x1
 1422 0140 12       		.uleb128 0x12
 1423 0141 06       		.uleb128 0x6
 1424 0142 40       		.uleb128 0x40
 1425 0143 18       		.uleb128 0x18
ARM GAS  /tmp/cc1vnRjW.s 			page 26


 1426 0144 9742     		.uleb128 0x2117
 1427 0146 19       		.uleb128 0x19
 1428 0147 01       		.uleb128 0x1
 1429 0148 13       		.uleb128 0x13
 1430 0149 00       		.byte	0
 1431 014a 00       		.byte	0
 1432 014b 1A       		.uleb128 0x1a
 1433 014c 05       		.uleb128 0x5
 1434 014d 00       		.byte	0
 1435 014e 03       		.uleb128 0x3
 1436 014f 08       		.uleb128 0x8
 1437 0150 3A       		.uleb128 0x3a
 1438 0151 0B       		.uleb128 0xb
 1439 0152 3B       		.uleb128 0x3b
 1440 0153 0B       		.uleb128 0xb
 1441 0154 49       		.uleb128 0x49
 1442 0155 13       		.uleb128 0x13
 1443 0156 02       		.uleb128 0x2
 1444 0157 18       		.uleb128 0x18
 1445 0158 00       		.byte	0
 1446 0159 00       		.byte	0
 1447 015a 1B       		.uleb128 0x1b
 1448 015b 34       		.uleb128 0x34
 1449 015c 00       		.byte	0
 1450 015d 03       		.uleb128 0x3
 1451 015e 08       		.uleb128 0x8
 1452 015f 3A       		.uleb128 0x3a
 1453 0160 0B       		.uleb128 0xb
 1454 0161 3B       		.uleb128 0x3b
 1455 0162 0B       		.uleb128 0xb
 1456 0163 49       		.uleb128 0x49
 1457 0164 13       		.uleb128 0x13
 1458 0165 02       		.uleb128 0x2
 1459 0166 17       		.uleb128 0x17
 1460 0167 00       		.byte	0
 1461 0168 00       		.byte	0
 1462 0169 1C       		.uleb128 0x1c
 1463 016a 2E       		.uleb128 0x2e
 1464 016b 00       		.byte	0
 1465 016c 3F       		.uleb128 0x3f
 1466 016d 19       		.uleb128 0x19
 1467 016e 03       		.uleb128 0x3
 1468 016f 0E       		.uleb128 0xe
 1469 0170 3A       		.uleb128 0x3a
 1470 0171 0B       		.uleb128 0xb
 1471 0172 3B       		.uleb128 0x3b
 1472 0173 0B       		.uleb128 0xb
 1473 0174 27       		.uleb128 0x27
 1474 0175 19       		.uleb128 0x19
 1475 0176 11       		.uleb128 0x11
 1476 0177 01       		.uleb128 0x1
 1477 0178 12       		.uleb128 0x12
 1478 0179 06       		.uleb128 0x6
 1479 017a 40       		.uleb128 0x40
 1480 017b 18       		.uleb128 0x18
 1481 017c 9742     		.uleb128 0x2117
 1482 017e 19       		.uleb128 0x19
ARM GAS  /tmp/cc1vnRjW.s 			page 27


 1483 017f 00       		.byte	0
 1484 0180 00       		.byte	0
 1485 0181 00       		.byte	0
 1486              		.section	.debug_loc,"",%progbits
 1487              	.Ldebug_loc0:
 1488              	.LLST4:
 1489 0000 00000000 		.4byte	.LVL8
 1490 0004 28000000 		.4byte	.LVL11
 1491 0008 0100     		.2byte	0x1
 1492 000a 50       		.byte	0x50
 1493 000b 28000000 		.4byte	.LVL11
 1494 000f 2C000000 		.4byte	.LVL12
 1495 0013 0400     		.2byte	0x4
 1496 0015 F3       		.byte	0xf3
 1497 0016 01       		.uleb128 0x1
 1498 0017 50       		.byte	0x50
 1499 0018 9F       		.byte	0x9f
 1500 0019 2C000000 		.4byte	.LVL12
 1501 001d 34000000 		.4byte	.LVL13
 1502 0021 0100     		.2byte	0x1
 1503 0023 50       		.byte	0x50
 1504 0024 34000000 		.4byte	.LVL13
 1505 0028 48000000 		.4byte	.LFE10
 1506 002c 0400     		.2byte	0x4
 1507 002e F3       		.byte	0xf3
 1508 002f 01       		.uleb128 0x1
 1509 0030 50       		.byte	0x50
 1510 0031 9F       		.byte	0x9f
 1511 0032 00000000 		.4byte	0
 1512 0036 00000000 		.4byte	0
 1513              	.LLST5:
 1514 003a 00000000 		.4byte	.LVL8
 1515 003e 18000000 		.4byte	.LVL10
 1516 0042 0100     		.2byte	0x1
 1517 0044 51       		.byte	0x51
 1518 0045 18000000 		.4byte	.LVL10
 1519 0049 2C000000 		.4byte	.LVL12
 1520 004d 0400     		.2byte	0x4
 1521 004f F3       		.byte	0xf3
 1522 0050 01       		.uleb128 0x1
 1523 0051 51       		.byte	0x51
 1524 0052 9F       		.byte	0x9f
 1525 0053 2C000000 		.4byte	.LVL12
 1526 0057 48000000 		.4byte	.LFE10
 1527 005b 0100     		.2byte	0x1
 1528 005d 51       		.byte	0x51
 1529 005e 00000000 		.4byte	0
 1530 0062 00000000 		.4byte	0
 1531              	.LLST0:
 1532 0066 00000000 		.4byte	.LVL0
 1533 006a 24000000 		.4byte	.LVL4
 1534 006e 0100     		.2byte	0x1
 1535 0070 51       		.byte	0x51
 1536 0071 24000000 		.4byte	.LVL4
 1537 0075 54000000 		.4byte	.LVL5
 1538 0079 0100     		.2byte	0x1
 1539 007b 51       		.byte	0x51
ARM GAS  /tmp/cc1vnRjW.s 			page 28


 1540 007c 54000000 		.4byte	.LVL5
 1541 0080 58000000 		.4byte	.LVL6
 1542 0084 0500     		.2byte	0x5
 1543 0086 73       		.byte	0x73
 1544 0087 04       		.sleb128 4
 1545 0088 06       		.byte	0x6
 1546 0089 23       		.byte	0x23
 1547 008a 08       		.uleb128 0x8
 1548 008b 00000000 		.4byte	0
 1549 008f 00000000 		.4byte	0
 1550              	.LLST1:
 1551 0093 00000000 		.4byte	.LVL0
 1552 0097 14000000 		.4byte	.LVL2
 1553 009b 0100     		.2byte	0x1
 1554 009d 52       		.byte	0x52
 1555 009e 14000000 		.4byte	.LVL2
 1556 00a2 60000000 		.4byte	.LFE8
 1557 00a6 0200     		.2byte	0x2
 1558 00a8 70       		.byte	0x70
 1559 00a9 0C       		.sleb128 12
 1560 00aa 00000000 		.4byte	0
 1561 00ae 00000000 		.4byte	0
 1562              	.LLST2:
 1563 00b2 00000000 		.4byte	.LVL0
 1564 00b6 0C000000 		.4byte	.LVL1
 1565 00ba 0100     		.2byte	0x1
 1566 00bc 53       		.byte	0x53
 1567 00bd 0C000000 		.4byte	.LVL1
 1568 00c1 60000000 		.4byte	.LFE8
 1569 00c5 0200     		.2byte	0x2
 1570 00c7 70       		.byte	0x70
 1571 00c8 10       		.sleb128 16
 1572 00c9 00000000 		.4byte	0
 1573 00cd 00000000 		.4byte	0
 1574              	.LLST3:
 1575 00d1 0C000000 		.4byte	.LVL1
 1576 00d5 20000000 		.4byte	.LVL3
 1577 00d9 0100     		.2byte	0x1
 1578 00db 53       		.byte	0x53
 1579 00dc 24000000 		.4byte	.LVL4
 1580 00e0 60000000 		.4byte	.LFE8
 1581 00e4 0100     		.2byte	0x1
 1582 00e6 53       		.byte	0x53
 1583 00e7 00000000 		.4byte	0
 1584 00eb 00000000 		.4byte	0
 1585              		.section	.debug_aranges,"",%progbits
 1586 0000 34000000 		.4byte	0x34
 1587 0004 0200     		.2byte	0x2
 1588 0006 00000000 		.4byte	.Ldebug_info0
 1589 000a 04       		.byte	0x4
 1590 000b 00       		.byte	0
 1591 000c 0000     		.2byte	0
 1592 000e 0000     		.2byte	0
 1593 0010 00000000 		.4byte	.LFB7
 1594 0014 24000000 		.4byte	.LFE7-.LFB7
 1595 0018 00000000 		.4byte	.LFB8
 1596 001c 60000000 		.4byte	.LFE8-.LFB8
ARM GAS  /tmp/cc1vnRjW.s 			page 29


 1597 0020 00000000 		.4byte	.LFB9
 1598 0024 3C000000 		.4byte	.LFE9-.LFB9
 1599 0028 00000000 		.4byte	.LFB10
 1600 002c 48000000 		.4byte	.LFE10-.LFB10
 1601 0030 00000000 		.4byte	0
 1602 0034 00000000 		.4byte	0
 1603              		.section	.debug_ranges,"",%progbits
 1604              	.Ldebug_ranges0:
 1605 0000 00000000 		.4byte	.LFB7
 1606 0004 24000000 		.4byte	.LFE7
 1607 0008 00000000 		.4byte	.LFB8
 1608 000c 60000000 		.4byte	.LFE8
 1609 0010 00000000 		.4byte	.LFB9
 1610 0014 3C000000 		.4byte	.LFE9
 1611 0018 00000000 		.4byte	.LFB10
 1612 001c 48000000 		.4byte	.LFE10
 1613 0020 00000000 		.4byte	0
 1614 0024 00000000 		.4byte	0
 1615              		.section	.debug_line,"",%progbits
 1616              	.Ldebug_line0:
 1617 0000 9D010000 		.section	.debug_str,"MS",%progbits,1
 1617      02002301 
 1617      00000201 
 1617      FB0E0D00 
 1617      01010101 
 1618              	.LASF88:
 1619 0000 63665F6F 		.ascii	"cf_off_older\000"
 1619      66665F6F 
 1619      6C646572 
 1619      00
 1620              	.LASF41:
 1621 000d 705F6D73 		.ascii	"p_msg\000"
 1621      6700
 1622              	.LASF73:
 1623 0013 7264796D 		.ascii	"rdymsg\000"
 1623      736700
 1624              	.LASF4:
 1625 001a 5F5F7569 		.ascii	"__uint8_t\000"
 1625      6E74385F 
 1625      7400
 1626              	.LASF67:
 1627 0024 76746C69 		.ascii	"vtlist\000"
 1627      737400
 1628              	.LASF108:
 1629 002b 63685469 		.ascii	"chTimeIsWithin\000"
 1629      6D654973 
 1629      57697468 
 1629      696E00
 1630              	.LASF12:
 1631 003a 6C6F6E67 		.ascii	"long long unsigned int\000"
 1631      206C6F6E 
 1631      6720756E 
 1631      7369676E 
 1631      65642069 
 1632              	.LASF107:
 1633 0051 2F686F6D 		.ascii	"/home/lmr/Downloads/ChibiOS-RPi/ChibiOS-RPi/demos/P"
 1633      652F6C6D 
ARM GAS  /tmp/cc1vnRjW.s 			page 30


 1633      722F446F 
 1633      776E6C6F 
 1633      6164732F 
 1634 0084 726F6A65 		.ascii	"roject\000"
 1634      637400
 1635              	.LASF84:
 1636 008b 63685F74 		.ascii	"ch_threadsize\000"
 1636      68726561 
 1636      6473697A 
 1636      6500
 1637              	.LASF74:
 1638 0099 65786974 		.ascii	"exitcode\000"
 1638      636F6465 
 1638      00
 1639              	.LASF29:
 1640 00a2 705F7072 		.ascii	"p_prio\000"
 1640      696F00
 1641              	.LASF91:
 1642 00a9 63665F6F 		.ascii	"cf_off_state\000"
 1642      66665F73 
 1642      74617465 
 1642      00
 1643              	.LASF109:
 1644 00b6 5F76745F 		.ascii	"_vt_init\000"
 1644      696E6974 
 1644      00
 1645              	.LASF11:
 1646 00bf 6C6F6E67 		.ascii	"long long int\000"
 1646      206C6F6E 
 1646      6720696E 
 1646      7400
 1647              	.LASF1:
 1648 00cd 7369676E 		.ascii	"signed char\000"
 1648      65642063 
 1648      68617200 
 1649              	.LASF90:
 1650 00d9 63665F6F 		.ascii	"cf_off_stklimit\000"
 1650      66665F73 
 1650      746B6C69 
 1650      6D697400 
 1651              	.LASF92:
 1652 00e9 63665F6F 		.ascii	"cf_off_flags\000"
 1652      66665F66 
 1652      6C616773 
 1652      00
 1653              	.LASF17:
 1654 00f6 626F6F6C 		.ascii	"bool_t\000"
 1654      5F7400
 1655              	.LASF70:
 1656 00fd 6D5F7175 		.ascii	"m_queue\000"
 1656      65756500 
 1657              	.LASF21:
 1658 0105 74736C69 		.ascii	"tslices_t\000"
 1658      6365735F 
 1658      7400
 1659              	.LASF8:
 1660 010f 6C6F6E67 		.ascii	"long int\000"
ARM GAS  /tmp/cc1vnRjW.s 			page 31


 1660      20696E74 
 1660      00
 1661              	.LASF19:
 1662 0118 74737461 		.ascii	"tstate_t\000"
 1662      74655F74 
 1662      00
 1663              	.LASF14:
 1664 0121 75696E74 		.ascii	"uint16_t\000"
 1664      31365F74 
 1664      00
 1665              	.LASF97:
 1666 012a 63686465 		.ascii	"chdebug_t\000"
 1666      6275675F 
 1666      7400
 1667              	.LASF31:
 1668 0134 705F6E65 		.ascii	"p_newer\000"
 1668      77657200 
 1669              	.LASF99:
 1670 013c 5F69646C 		.ascii	"_idle_thread_wa\000"
 1670      655F7468 
 1670      72656164 
 1670      5F776100 
 1671              	.LASF9:
 1672 014c 5F5F7569 		.ascii	"__uint32_t\000"
 1672      6E743332 
 1672      5F7400
 1673              	.LASF48:
 1674 0157 72656761 		.ascii	"regarm_t\000"
 1674      726D5F74 
 1674      00
 1675              	.LASF54:
 1676 0160 76745F70 		.ascii	"vt_prev\000"
 1676      72657600 
 1677              	.LASF0:
 1678 0168 756E7369 		.ascii	"unsigned int\000"
 1678      676E6564 
 1678      20696E74 
 1678      00
 1679              	.LASF53:
 1680 0175 76745F6E 		.ascii	"vt_next\000"
 1680      65787400 
 1681              	.LASF10:
 1682 017d 6C6F6E67 		.ascii	"long unsigned int\000"
 1682      20756E73 
 1682      69676E65 
 1682      6420696E 
 1682      7400
 1683              	.LASF98:
 1684 018f 63685F64 		.ascii	"ch_debug\000"
 1684      65627567 
 1684      00
 1685              	.LASF51:
 1686 0198 76746675 		.ascii	"vtfunc_t\000"
 1686      6E635F74 
 1686      00
 1687              	.LASF78:
 1688 01a1 63685F69 		.ascii	"ch_identifier\000"
ARM GAS  /tmp/cc1vnRjW.s 			page 32


 1688      64656E74 
 1688      69666965 
 1688      7200
 1689              	.LASF50:
 1690 01af 636F6E74 		.ascii	"context\000"
 1690      65787400 
 1691              	.LASF6:
 1692 01b7 73686F72 		.ascii	"short unsigned int\000"
 1692      7420756E 
 1692      7369676E 
 1692      65642069 
 1692      6E7400
 1693              	.LASF23:
 1694 01ca 6D73675F 		.ascii	"msg_t\000"
 1694      7400
 1695              	.LASF63:
 1696 01d0 725F6E65 		.ascii	"r_newer\000"
 1696      77657200 
 1697              	.LASF18:
 1698 01d8 746D6F64 		.ascii	"tmode_t\000"
 1698      655F7400 
 1699              	.LASF46:
 1700 01e0 54687265 		.ascii	"ThreadsList\000"
 1700      6164734C 
 1700      69737400 
 1701              	.LASF24:
 1702 01ec 6576656E 		.ascii	"eventmask_t\000"
 1702      746D6173 
 1702      6B5F7400 
 1703              	.LASF69:
 1704 01f8 4D757465 		.ascii	"Mutex\000"
 1704      7800
 1705              	.LASF47:
 1706 01fe 73746B61 		.ascii	"stkalign_t\000"
 1706      6C69676E 
 1706      5F7400
 1707              	.LASF79:
 1708 0209 63685F7A 		.ascii	"ch_zero\000"
 1708      65726F00 
 1709              	.LASF93:
 1710 0211 63665F6F 		.ascii	"cf_off_refs\000"
 1710      66665F72 
 1710      65667300 
 1711              	.LASF55:
 1712 021d 76745F74 		.ascii	"vt_time\000"
 1712      696D6500 
 1713              	.LASF96:
 1714 0225 73697A65 		.ascii	"sizetype\000"
 1714      74797065 
 1714      00
 1715              	.LASF56:
 1716 022e 76745F66 		.ascii	"vt_func\000"
 1716      756E6300 
 1717              	.LASF83:
 1718 0236 63685F74 		.ascii	"ch_timesize\000"
 1718      696D6573 
 1718      697A6500 
ARM GAS  /tmp/cc1vnRjW.s 			page 33


 1719              	.LASF89:
 1720 0242 63665F6F 		.ascii	"cf_off_name\000"
 1720      66665F6E 
 1720      616D6500 
 1721              	.LASF102:
 1722 024e 63685654 		.ascii	"chVTSetI\000"
 1722      53657449 
 1722      00
 1723              	.LASF32:
 1724 0257 705F6F6C 		.ascii	"p_older\000"
 1724      64657200 
 1725              	.LASF62:
 1726 025f 725F6374 		.ascii	"r_ctx\000"
 1726      7800
 1727              	.LASF45:
 1728 0265 54687265 		.ascii	"ThreadsQueue\000"
 1728      61647351 
 1728      75657565 
 1728      00
 1729              	.LASF80:
 1730 0272 63685F73 		.ascii	"ch_size\000"
 1730      697A6500 
 1731              	.LASF103:
 1732 027a 74696D65 		.ascii	"time\000"
 1732      00
 1733              	.LASF65:
 1734 027f 725F6375 		.ascii	"r_current\000"
 1734      7272656E 
 1734      7400
 1735              	.LASF64:
 1736 0289 725F6F6C 		.ascii	"r_older\000"
 1736      64657200 
 1737              	.LASF20:
 1738 0291 74726566 		.ascii	"trefs_t\000"
 1738      735F7400 
 1739              	.LASF82:
 1740 0299 63685F70 		.ascii	"ch_ptrsize\000"
 1740      74727369 
 1740      7A6500
 1741              	.LASF28:
 1742 02a4 705F7072 		.ascii	"p_prev\000"
 1742      657600
 1743              	.LASF22:
 1744 02ab 74707269 		.ascii	"tprio_t\000"
 1744      6F5F7400 
 1745              	.LASF15:
 1746 02b3 696E7433 		.ascii	"int32_t\000"
 1746      325F7400 
 1747              	.LASF2:
 1748 02bb 756E7369 		.ascii	"unsigned char\000"
 1748      676E6564 
 1748      20636861 
 1748      7200
 1749              	.LASF43:
 1750 02c9 705F6D74 		.ascii	"p_mtxlist\000"
 1750      786C6973 
 1750      7400
ARM GAS  /tmp/cc1vnRjW.s 			page 34


 1751              	.LASF3:
 1752 02d3 73686F72 		.ascii	"short int\000"
 1752      7420696E 
 1752      7400
 1753              	.LASF34:
 1754 02dd 705F7374 		.ascii	"p_state\000"
 1754      61746500 
 1755              	.LASF37:
 1756 02e5 705F7072 		.ascii	"p_preempt\000"
 1756      65656D70 
 1756      7400
 1757              	.LASF95:
 1758 02ef 63665F6F 		.ascii	"cf_off_time\000"
 1758      66665F74 
 1758      696D6500 
 1759              	.LASF61:
 1760 02fb 725F7072 		.ascii	"r_prio\000"
 1760      696F00
 1761              	.LASF76:
 1762 0302 65776D61 		.ascii	"ewmask\000"
 1762      736B00
 1763              	.LASF27:
 1764 0309 705F6E65 		.ascii	"p_next\000"
 1764      787400
 1765              	.LASF94:
 1766 0310 63665F6F 		.ascii	"cf_off_preempt\000"
 1766      66665F70 
 1766      7265656D 
 1766      707400
 1767              	.LASF35:
 1768 031f 705F666C 		.ascii	"p_flags\000"
 1768      61677300 
 1769              	.LASF26:
 1770 0327 54687265 		.ascii	"Thread\000"
 1770      616400
 1771              	.LASF87:
 1772 032e 63665F6F 		.ascii	"cf_off_newer\000"
 1772      66665F6E 
 1772      65776572 
 1772      00
 1773              	.LASF42:
 1774 033b 705F6570 		.ascii	"p_epending\000"
 1774      656E6469 
 1774      6E6700
 1775              	.LASF16:
 1776 0346 75696E74 		.ascii	"uint32_t\000"
 1776      33325F74 
 1776      00
 1777              	.LASF85:
 1778 034f 63665F6F 		.ascii	"cf_off_prio\000"
 1778      66665F70 
 1778      72696F00 
 1779              	.LASF60:
 1780 035b 725F7175 		.ascii	"r_queue\000"
 1780      65756500 
 1781              	.LASF52:
 1782 0363 56697274 		.ascii	"VirtualTimer\000"
ARM GAS  /tmp/cc1vnRjW.s 			page 35


 1782      75616C54 
 1782      696D6572 
 1782      00
 1783              	.LASF77:
 1784 0370 63686172 		.ascii	"char\000"
 1784      00
 1785              	.LASF5:
 1786 0375 5F5F7569 		.ascii	"__uint16_t\000"
 1786      6E743136 
 1786      5F7400
 1787              	.LASF72:
 1788 0380 6D5F6E65 		.ascii	"m_next\000"
 1788      787400
 1789              	.LASF25:
 1790 0387 73797374 		.ascii	"systime_t\000"
 1790      696D655F 
 1790      7400
 1791              	.LASF44:
 1792 0391 705F7265 		.ascii	"p_realprio\000"
 1792      616C7072 
 1792      696F00
 1793              	.LASF7:
 1794 039c 5F5F696E 		.ascii	"__int32_t\000"
 1794      7433325F 
 1794      7400
 1795              	.LASF38:
 1796 03a6 705F7469 		.ascii	"p_time\000"
 1796      6D6500
 1797              	.LASF105:
 1798 03ad 474E5520 		.ascii	"GNU C11 6.3.1 20170620 -mcpu=arm1176jz-s -mno-thumb"
 1798      43313120 
 1798      362E332E 
 1798      31203230 
 1798      31373036 
 1799 03e0 2D696E74 		.ascii	"-interwork -ggdb -O2 -fomit-frame-pointer -ffunctio"
 1799      6572776F 
 1799      726B202D 
 1799      67676462 
 1799      202D4F32 
 1800 0413 6E2D7365 		.ascii	"n-sections -fdata-sections\000"
 1800      6374696F 
 1800      6E73202D 
 1800      66646174 
 1800      612D7365 
 1801              	.LASF49:
 1802 042e 696E7463 		.ascii	"intctx\000"
 1802      747800
 1803              	.LASF40:
 1804 0435 705F6D73 		.ascii	"p_msgqueue\000"
 1804      67717565 
 1804      756500
 1805              	.LASF57:
 1806 0440 76745F70 		.ascii	"vt_par\000"
 1806      617200
 1807              	.LASF104:
 1808 0447 76746675 		.ascii	"vtfunc\000"
 1808      6E6300
ARM GAS  /tmp/cc1vnRjW.s 			page 36


 1809              	.LASF106:
 1810 044e 2E2E2F2E 		.ascii	"../../os/kernel/src/chvt.c\000"
 1810      2E2F6F73 
 1810      2F6B6572 
 1810      6E656C2F 
 1810      7372632F 
 1811              	.LASF86:
 1812 0469 63665F6F 		.ascii	"cf_off_ctx\000"
 1812      66665F63 
 1812      747800
 1813              	.LASF36:
 1814 0474 705F7265 		.ascii	"p_refs\000"
 1814      667300
 1815              	.LASF101:
 1816 047b 63685654 		.ascii	"chVTResetI\000"
 1816      52657365 
 1816      744900
 1817              	.LASF66:
 1818 0486 52656164 		.ascii	"ReadyList\000"
 1818      794C6973 
 1818      7400
 1819              	.LASF68:
 1820 0490 726C6973 		.ascii	"rlist\000"
 1820      7400
 1821              	.LASF13:
 1822 0496 75696E74 		.ascii	"uint8_t\000"
 1822      385F7400 
 1823              	.LASF75:
 1824 049e 77746F62 		.ascii	"wtobjp\000"
 1824      6A7000
 1825              	.LASF33:
 1826 04a5 705F6E61 		.ascii	"p_name\000"
 1826      6D6500
 1827              	.LASF58:
 1828 04ac 76745F73 		.ascii	"vt_systime\000"
 1828      79737469 
 1828      6D6500
 1829              	.LASF81:
 1830 04b7 63685F76 		.ascii	"ch_version\000"
 1830      65727369 
 1830      6F6E00
 1831              	.LASF100:
 1832 04c2 73746172 		.ascii	"start\000"
 1832      7400
 1833              	.LASF59:
 1834 04c8 56544C69 		.ascii	"VTList\000"
 1834      737400
 1835              	.LASF71:
 1836 04cf 6D5F6F77 		.ascii	"m_owner\000"
 1836      6E657200 
 1837              	.LASF30:
 1838 04d7 705F6374 		.ascii	"p_ctx\000"
 1838      7800
 1839              	.LASF39:
 1840 04dd 705F7761 		.ascii	"p_waiting\000"
 1840      6974696E 
 1840      6700
ARM GAS  /tmp/cc1vnRjW.s 			page 37


 1841              		.ident	"GCC: (15:6.3.1+svn253039-1build1) 6.3.1 20170620"
ARM GAS  /tmp/cc1vnRjW.s 			page 38


DEFINED SYMBOLS
                            *ABS*:0000000000000000 chvt.c
     /tmp/cc1vnRjW.s:16     .text._vt_init:0000000000000000 $a
     /tmp/cc1vnRjW.s:22     .text._vt_init:0000000000000000 _vt_init
     /tmp/cc1vnRjW.s:47     .text._vt_init:0000000000000020 $d
                            *COM*:0000000000000010 vtlist
     /tmp/cc1vnRjW.s:52     .text.chVTSetI:0000000000000000 $a
     /tmp/cc1vnRjW.s:58     .text.chVTSetI:0000000000000000 chVTSetI
     /tmp/cc1vnRjW.s:114    .text.chVTSetI:000000000000005c $d
     /tmp/cc1vnRjW.s:119    .text.chVTResetI:0000000000000000 $a
     /tmp/cc1vnRjW.s:125    .text.chVTResetI:0000000000000000 chVTResetI
     /tmp/cc1vnRjW.s:157    .text.chVTResetI:0000000000000038 $d
     /tmp/cc1vnRjW.s:162    .text.chTimeIsWithin:0000000000000000 $a
     /tmp/cc1vnRjW.s:168    .text.chTimeIsWithin:0000000000000000 chTimeIsWithin
     /tmp/cc1vnRjW.s:210    .text.chTimeIsWithin:0000000000000044 $d
                     .debug_frame:0000000000000010 $d

NO UNDEFINED SYMBOLS
